#-----------------------------------------------------------
# Vivado v2019.2 (64-bit)
# SW Build 2708876 on Wed Nov  6 21:39:14 MST 2019
# IP Build 2700528 on Thu Nov  7 00:09:20 MST 2019
# Start of session at: Sat Feb 15 08:14:18 2025
# Process ID: 565009
# Current directory: /root/fpgaconvnet-tutorial/tutorial/1_simple_end_to_end/partition_0/solution/impl/ip
# Command line: vivado -notrace -mode batch -source run_ippack.tcl
# Log file: /root/fpgaconvnet-tutorial/tutorial/1_simple_end_to_end/partition_0/solution/impl/ip/vivado.log
# Journal file: /root/fpgaconvnet-tutorial/tutorial/1_simple_end_to_end/partition_0/solution/impl/ip/vivado.jou
#-----------------------------------------------------------
source run_ippack.tcl -notrace
INFO: [IP_Flow 19-234] Refreshing IP repositories
INFO: [IP_Flow 19-1704] No user IP repositories specified
INFO: [IP_Flow 19-2313] Loaded Vivado IP repository '/tools/Xilinx/Vivado/2019.2/data/ip'.
WARNING: [IP_Flow 19-4832] The IP name 'fpgaconvnet_ip_ap_dadd_12_full_dsp_64' you have specified is long. The Windows operating system has path length limitations. It is recommended you use shorter names to reduce the likelihood of issues.
INFO: [IP_Flow 19-1686] Generating 'Synthesis' target for IP 'fpgaconvnet_ip_ap_dadd_12_full_dsp_64'...
INFO: [IP_Flow 19-1686] Generating 'Simulation' target for IP 'fpgaconvnet_ip_ap_dadd_12_full_dsp_64'...
WARNING: [IP_Flow 19-4832] The IP name 'fpgaconvnet_ip_ap_dadddsub_12_full_dsp_64' you have specified is long. The Windows operating system has path length limitations. It is recommended you use shorter names to reduce the likelihood of issues.
INFO: [IP_Flow 19-1686] Generating 'Synthesis' target for IP 'fpgaconvnet_ip_ap_dadddsub_12_full_dsp_64'...
INFO: [IP_Flow 19-1686] Generating 'Simulation' target for IP 'fpgaconvnet_ip_ap_dadddsub_12_full_dsp_64'...
WARNING: [IP_Flow 19-4832] The IP name 'fpgaconvnet_ip_ap_dcmp_2_no_dsp_64' you have specified is long. The Windows operating system has path length limitations. It is recommended you use shorter names to reduce the likelihood of issues.
INFO: [IP_Flow 19-1686] Generating 'Synthesis' target for IP 'fpgaconvnet_ip_ap_dcmp_2_no_dsp_64'...
INFO: [IP_Flow 19-1686] Generating 'Simulation' target for IP 'fpgaconvnet_ip_ap_dcmp_2_no_dsp_64'...
WARNING: [IP_Flow 19-4832] The IP name 'fpgaconvnet_ip_ap_dmul_8_max_dsp_64' you have specified is long. The Windows operating system has path length limitations. It is recommended you use shorter names to reduce the likelihood of issues.
INFO: [IP_Flow 19-1686] Generating 'Synthesis' target for IP 'fpgaconvnet_ip_ap_dmul_8_max_dsp_64'...
INFO: [IP_Flow 19-1686] Generating 'Simulation' target for IP 'fpgaconvnet_ip_ap_dmul_8_max_dsp_64'...
WARNING: [IP_Flow 19-4832] The IP name 'fpgaconvnet_ip_ap_fpext_1_no_dsp_32' you have specified is long. The Windows operating system has path length limitations. It is recommended you use shorter names to reduce the likelihood of issues.
INFO: [IP_Flow 19-1686] Generating 'Synthesis' target for IP 'fpgaconvnet_ip_ap_fpext_1_no_dsp_32'...
INFO: [IP_Flow 19-1686] Generating 'Simulation' target for IP 'fpgaconvnet_ip_ap_fpext_1_no_dsp_32'...
WARNING: [IP_Flow 19-4832] The IP name 'fpgaconvnet_ip_ap_sitodp_6_no_dsp_32' you have specified is long. The Windows operating system has path length limitations. It is recommended you use shorter names to reduce the likelihood of issues.
INFO: [IP_Flow 19-1686] Generating 'Synthesis' target for IP 'fpgaconvnet_ip_ap_sitodp_6_no_dsp_32'...
INFO: [IP_Flow 19-1686] Generating 'Simulation' target for IP 'fpgaconvnet_ip_ap_sitodp_6_no_dsp_32'...
bad lexical cast: source type value could not be interpreted as target
    while executing
"rdi::set_property core_revision 2502150814 {component component_1}"
    invoked from within
"set_property core_revision $Revision $core"
    (file "run_ippack.tcl" line 2384)
INFO: [Common 17-206] Exiting Vivado at Sat Feb 15 08:14:48 2025...
