#-----------------------------------------------------------
# Vivado v2019.2 (64-bit)
# SW Build 2708876 on Wed Nov  6 21:39:14 MST 2019
# IP Build 2700528 on Thu Nov  7 00:09:20 MST 2019
# Start of session at: Sat Feb 15 08:48:20 2025
# Process ID: 583186
# Current directory: /root/fpgaconvnet-tutorial/tutorial/1_simple_end_to_end/partition_0/solution/impl/ip
# Command line: vivado -notrace -mode batch -source run_ippack.tcl
# Log file: /root/fpgaconvnet-tutorial/tutorial/1_simple_end_to_end/partition_0/solution/impl/ip/vivado.log
# Journal file: /root/fpgaconvnet-tutorial/tutorial/1_simple_end_to_end/partition_0/solution/impl/ip/vivado.jou
#-----------------------------------------------------------
source run_ippack.tcl -notrace
INFO: [IP_Flow 19-234] Refreshing IP repositories
INFO: [IP_Flow 19-1704] No user IP repositories specified
INFO: [IP_Flow 19-2313] Loaded Vivado IP repository '/tools/Xilinx/Vivado/2019.2/data/ip'.
WARNING: [IP_Flow 19-4832] The IP name 'fpgaconvnet_ip_ap_dadd_12_full_dsp_64' you have specified is long. The Windows operating system has path length limitations. It is recommended you use shorter names to reduce the likelihood of issues.
INFO: [IP_Flow 19-1686] Generating 'Synthesis' target for IP 'fpgaconvnet_ip_ap_dadd_12_full_dsp_64'...
INFO: [IP_Flow 19-1686] Generating 'Simulation' target for IP 'fpgaconvnet_ip_ap_dadd_12_full_dsp_64'...
WARNING: [IP_Flow 19-4832] The IP name 'fpgaconvnet_ip_ap_dadddsub_12_full_dsp_64' you have specified is long. The Windows operating system has path length limitations. It is recommended you use shorter names to reduce the likelihood of issues.
INFO: [IP_Flow 19-1686] Generating 'Synthesis' target for IP 'fpgaconvnet_ip_ap_dadddsub_12_full_dsp_64'...
INFO: [IP_Flow 19-1686] Generating 'Simulation' target for IP 'fpgaconvnet_ip_ap_dadddsub_12_full_dsp_64'...
WARNING: [IP_Flow 19-4832] The IP name 'fpgaconvnet_ip_ap_dcmp_2_no_dsp_64' you have specified is long. The Windows operating system has path length limitations. It is recommended you use shorter names to reduce the likelihood of issues.
INFO: [Common 17-365] Interrupt caught but 'source' cannot be canceled. Please wait for command to finish.
INFO: [Common 17-681] Processing pending cancel.

    while executing
"create_ip -name floating_point -version $fpo_ver -vendor xilinx.com -library ip -module_name fpgaconvnet_ip_ap_dcmp_2_no_dsp_64"
    (file "subcore/fpgaconvnet_ip_ap_dcmp_2_no_dsp_64_ip.tcl" line 7)
    invoked from within
"source $ipfile"
    ("foreach" body line 5)
    invoked from within
"foreach ipfile $SubcoreFiles {
        set ipname [file root [file tail $ipfile]]
        set ipname [string range $ipname 0 end-3]

        source $i..."
    invoked from within
"if {$SubcoreFiles != ""} {
    set ipdir "hdl/ip"
    file delete -force $ipdir
    file mkdir $ipdir

    set prj "tmp"
    create_project -part $tar..."
    (file "run_ippack.tcl" line 2323)
INFO: [Common 17-206] Exiting Vivado at Sat Feb 15 08:48:41 2025...
