

================================================================
== Vivado HLS Report for 'Conv_0_conv336'
================================================================
* Date:           Sat Feb 15 07:49:26 2025

* Version:        2019.2 (Build 2704478 on Wed Nov 06 22:10:23 MST 2019)
* Project:        partition_0
* Solution:       solution
* Product family: zynq
* Target device:  xc7z020-clg484-1


================================================================
== Performance Estimates
================================================================
+ Timing: 
    * Summary: 
    +--------+---------+----------+------------+
    |  Clock |  Target | Estimated| Uncertainty|
    +--------+---------+----------+------------+
    |ap_clk  | 5.00 ns | 6.562 ns |   0.62 ns  |
    +--------+---------+----------+------------+

+ Latency: 
    * Summary: 
    +---------+---------+----------+----------+-----+-----+---------+
    |  Latency (cycles) |  Latency (absolute) |  Interval | Pipeline|
    |   min   |   max   |    min   |    max   | min | max |   Type  |
    +---------+---------+----------+----------+-----+-----+---------+
    |        ?|        ?|         ?|         ?|    ?|    ?|   none  |
    +---------+---------+----------+----------+-----+-----+---------+

    + Detail: 
        * Instance: 
        +-----------------+-------+---------+---------+----------+----------+-----+-----+----------+
        |                 |       |  Latency (cycles) |  Latency (absolute) |  Interval | Pipeline |
        |     Instance    | Module|   min   |   max   |    min   |    max   | min | max |   Type   |
        +-----------------+-------+---------+---------+----------+----------+-----+-----+----------+
        |grp_conv_fu_150  |conv   |        ?|        ?|         ?|         ?|    ?|    ?| dataflow |
        +-----------------+-------+---------+---------+----------+----------+-----+-----+----------+

        * Loop: 
        N/A



================================================================
== Utilization Estimates
================================================================
* Summary: 
+-----------------+---------+-------+---------+---------+-----+
|       Name      | BRAM_18K| DSP48E|    FF   |   LUT   | URAM|
+-----------------+---------+-------+---------+---------+-----+
|DSP              |        -|      -|        -|        -|    -|
|Expression       |        -|      -|        0|        6|    -|
|FIFO             |        -|      -|        -|        -|    -|
|Instance         |    10656|  15240|  7482086|  2840937|    -|
|Memory           |        -|      -|        -|        -|    -|
|Multiplexer      |        -|      -|        -|      267|    -|
|Register         |        -|      -|        7|        -|    -|
+-----------------+---------+-------+---------+---------+-----+
|Total            |    10656|  15240|  7482093|  2841210|    0|
+-----------------+---------+-------+---------+---------+-----+
|Available        |      280|    220|   106400|    53200|    0|
+-----------------+---------+-------+---------+---------+-----+
|Utilization (%)  |     3805|   6927|     7032|     5340|    0|
+-----------------+---------+-------+---------+---------+-----+

+ Detail: 
    * Instance: 
    +-----------------+-------+---------+-------+---------+---------+-----+
    |     Instance    | Module| BRAM_18K| DSP48E|    FF   |   LUT   | URAM|
    +-----------------+-------+---------+-------+---------+---------+-----+
    |grp_conv_fu_150  |conv   |    10656|  15240|  7482086|  2840937|    0|
    +-----------------+-------+---------+-------+---------+---------+-----+
    |Total            |       |    10656|  15240|  7482086|  2840937|    0|
    +-----------------+-------+---------+-------+---------+---------+-----+

    * DSP48E: 
    N/A

    * Memory: 
    N/A

    * FIFO: 
    N/A

    * Expression: 
    +----------------------------------+----------+-------+---+----+------------+------------+
    |           Variable Name          | Operation| DSP48E| FF| LUT| Bitwidth P0| Bitwidth P1|
    +----------------------------------+----------+-------+---+----+------------+------------+
    |ap_block_state1                   |    or    |      0|  0|   2|           1|           1|
    |ap_sync_grp_conv_fu_150_ap_done   |    or    |      0|  0|   2|           1|           1|
    |ap_sync_grp_conv_fu_150_ap_ready  |    or    |      0|  0|   2|           1|           1|
    +----------------------------------+----------+-------+---+----+------------+------------+
    |Total                             |          |      0|  0|   6|           3|           3|
    +----------------------------------+----------+-------+---+----+------------+------------+

    * Multiplexer: 
    +------------------+----+-----------+-----+-----------+
    |       Name       | LUT| Input Size| Bits| Total Bits|
    +------------------+----+-----------+-----+-----------+
    |ap_NS_fsm         |  15|          3|    1|          3|
    |ap_done           |   9|          2|    1|          2|
    |in_V_V100_read    |   9|          2|    1|          2|
    |in_V_V101_read    |   9|          2|    1|          2|
    |in_V_V102_read    |   9|          2|    1|          2|
    |in_V_V103_read    |   9|          2|    1|          2|
    |in_V_V20104_read  |   9|          2|    1|          2|
    |in_V_V20105_read  |   9|          2|    1|          2|
    |in_V_V20106_read  |   9|          2|    1|          2|
    |in_V_V20107_read  |   9|          2|    1|          2|
    |in_V_V20_read     |   9|          2|    1|          2|
    |in_V_V21108_read  |   9|          2|    1|          2|
    |in_V_V21109_read  |   9|          2|    1|          2|
    |in_V_V21110_read  |   9|          2|    1|          2|
    |in_V_V21111_read  |   9|          2|    1|          2|
    |in_V_V21_read     |   9|          2|    1|          2|
    |in_V_V22112_read  |   9|          2|    1|          2|
    |in_V_V22113_read  |   9|          2|    1|          2|
    |in_V_V22114_read  |   9|          2|    1|          2|
    |in_V_V22115_read  |   9|          2|    1|          2|
    |in_V_V22_read     |   9|          2|    1|          2|
    |in_V_V23116_read  |   9|          2|    1|          2|
    |in_V_V23117_read  |   9|          2|    1|          2|
    |in_V_V23118_read  |   9|          2|    1|          2|
    |in_V_V23119_read  |   9|          2|    1|          2|
    |in_V_V23_read     |   9|          2|    1|          2|
    |in_V_V_read       |   9|          2|    1|          2|
    |out_V_V_write     |   9|          2|    1|          2|
    |real_start        |   9|          2|    1|          2|
    +------------------+----+-----------+-----+-----------+
    |Total             | 267|         59|   29|         59|
    +------------------+----+-----------+-----+-----------+

    * Register: 
    +--------------------------------------+---+----+-----+-----------+
    |                 Name                 | FF| LUT| Bits| Const Bits|
    +--------------------------------------+---+----+-----+-----------+
    |ap_CS_fsm                             |  2|   0|    2|          0|
    |ap_done_reg                           |  1|   0|    1|          0|
    |ap_sync_reg_grp_conv_fu_150_ap_done   |  1|   0|    1|          0|
    |ap_sync_reg_grp_conv_fu_150_ap_ready  |  1|   0|    1|          0|
    |grp_conv_fu_150_ap_start_reg          |  1|   0|    1|          0|
    |start_once_reg                        |  1|   0|    1|          0|
    +--------------------------------------+---+----+-----+-----------+
    |Total                                 |  7|   0|    7|          0|
    +--------------------------------------+---+----+-----+-----------+



================================================================
== Interface
================================================================
* Summary: 
+-----------------------+-----+-----+------------+----------------+--------------+
|       RTL Ports       | Dir | Bits|  Protocol  |  Source Object |    C Type    |
+-----------------------+-----+-----+------------+----------------+--------------+
|ap_clk                 |  in |    1| ap_ctrl_hs | Conv_0_conv336 | return value |
|ap_rst                 |  in |    1| ap_ctrl_hs | Conv_0_conv336 | return value |
|ap_start               |  in |    1| ap_ctrl_hs | Conv_0_conv336 | return value |
|start_full_n           |  in |    1| ap_ctrl_hs | Conv_0_conv336 | return value |
|ap_done                | out |    1| ap_ctrl_hs | Conv_0_conv336 | return value |
|ap_continue            |  in |    1| ap_ctrl_hs | Conv_0_conv336 | return value |
|ap_idle                | out |    1| ap_ctrl_hs | Conv_0_conv336 | return value |
|ap_ready               | out |    1| ap_ctrl_hs | Conv_0_conv336 | return value |
|start_out              | out |    1| ap_ctrl_hs | Conv_0_conv336 | return value |
|start_write            | out |    1| ap_ctrl_hs | Conv_0_conv336 | return value |
|weights_V_address0     | out |    2|  ap_stable |    weights_V   |     array    |
|weights_V_ce0          | out |    1|  ap_stable |    weights_V   |     array    |
|weights_V_q0           |  in |   16|  ap_stable |    weights_V   |     array    |
|weights_V1_address0    | out |    2|  ap_stable |   weights_V1   |     array    |
|weights_V1_ce0         | out |    1|  ap_stable |   weights_V1   |     array    |
|weights_V1_q0          |  in |   16|  ap_stable |   weights_V1   |     array    |
|weights_V2_address0    | out |    2|  ap_stable |   weights_V2   |     array    |
|weights_V2_ce0         | out |    1|  ap_stable |   weights_V2   |     array    |
|weights_V2_q0          |  in |   16|  ap_stable |   weights_V2   |     array    |
|weights_V3_address0    | out |    2|  ap_stable |   weights_V3   |     array    |
|weights_V3_ce0         | out |    1|  ap_stable |   weights_V3   |     array    |
|weights_V3_q0          |  in |   16|  ap_stable |   weights_V3   |     array    |
|weights_V4_address0    | out |    2|  ap_stable |   weights_V4   |     array    |
|weights_V4_ce0         | out |    1|  ap_stable |   weights_V4   |     array    |
|weights_V4_q0          |  in |   16|  ap_stable |   weights_V4   |     array    |
|weights_V15_address0   | out |    2|  ap_stable |   weights_V15  |     array    |
|weights_V15_ce0        | out |    1|  ap_stable |   weights_V15  |     array    |
|weights_V15_q0         |  in |   16|  ap_stable |   weights_V15  |     array    |
|weights_V16_address0   | out |    2|  ap_stable |   weights_V16  |     array    |
|weights_V16_ce0        | out |    1|  ap_stable |   weights_V16  |     array    |
|weights_V16_q0         |  in |   16|  ap_stable |   weights_V16  |     array    |
|weights_V17_address0   | out |    2|  ap_stable |   weights_V17  |     array    |
|weights_V17_ce0        | out |    1|  ap_stable |   weights_V17  |     array    |
|weights_V17_q0         |  in |   16|  ap_stable |   weights_V17  |     array    |
|weights_V18_address0   | out |    2|  ap_stable |   weights_V18  |     array    |
|weights_V18_ce0        | out |    1|  ap_stable |   weights_V18  |     array    |
|weights_V18_q0         |  in |   16|  ap_stable |   weights_V18  |     array    |
|weights_V19_address0   | out |    2|  ap_stable |   weights_V19  |     array    |
|weights_V19_ce0        | out |    1|  ap_stable |   weights_V19  |     array    |
|weights_V19_q0         |  in |   16|  ap_stable |   weights_V19  |     array    |
|weights_V210_address0  | out |    2|  ap_stable |  weights_V210  |     array    |
|weights_V210_ce0       | out |    1|  ap_stable |  weights_V210  |     array    |
|weights_V210_q0        |  in |   16|  ap_stable |  weights_V210  |     array    |
|weights_V211_address0  | out |    2|  ap_stable |  weights_V211  |     array    |
|weights_V211_ce0       | out |    1|  ap_stable |  weights_V211  |     array    |
|weights_V211_q0        |  in |   16|  ap_stable |  weights_V211  |     array    |
|weights_V212_address0  | out |    2|  ap_stable |  weights_V212  |     array    |
|weights_V212_ce0       | out |    1|  ap_stable |  weights_V212  |     array    |
|weights_V212_q0        |  in |   16|  ap_stable |  weights_V212  |     array    |
|weights_V213_address0  | out |    2|  ap_stable |  weights_V213  |     array    |
|weights_V213_ce0       | out |    1|  ap_stable |  weights_V213  |     array    |
|weights_V213_q0        |  in |   16|  ap_stable |  weights_V213  |     array    |
|weights_V214_address0  | out |    2|  ap_stable |  weights_V214  |     array    |
|weights_V214_ce0       | out |    1|  ap_stable |  weights_V214  |     array    |
|weights_V214_q0        |  in |   16|  ap_stable |  weights_V214  |     array    |
|weights_V315_address0  | out |    2|  ap_stable |  weights_V315  |     array    |
|weights_V315_ce0       | out |    1|  ap_stable |  weights_V315  |     array    |
|weights_V315_q0        |  in |   16|  ap_stable |  weights_V315  |     array    |
|weights_V316_address0  | out |    2|  ap_stable |  weights_V316  |     array    |
|weights_V316_ce0       | out |    1|  ap_stable |  weights_V316  |     array    |
|weights_V316_q0        |  in |   16|  ap_stable |  weights_V316  |     array    |
|weights_V317_address0  | out |    2|  ap_stable |  weights_V317  |     array    |
|weights_V317_ce0       | out |    1|  ap_stable |  weights_V317  |     array    |
|weights_V317_q0        |  in |   16|  ap_stable |  weights_V317  |     array    |
|weights_V318_address0  | out |    2|  ap_stable |  weights_V318  |     array    |
|weights_V318_ce0       | out |    1|  ap_stable |  weights_V318  |     array    |
|weights_V318_q0        |  in |   16|  ap_stable |  weights_V318  |     array    |
|weights_V319_address0  | out |    2|  ap_stable |  weights_V319  |     array    |
|weights_V319_ce0       | out |    1|  ap_stable |  weights_V319  |     array    |
|weights_V319_q0        |  in |   16|  ap_stable |  weights_V319  |     array    |
|weights_V420_address0  | out |    2|  ap_stable |  weights_V420  |     array    |
|weights_V420_ce0       | out |    1|  ap_stable |  weights_V420  |     array    |
|weights_V420_q0        |  in |   16|  ap_stable |  weights_V420  |     array    |
|weights_V421_address0  | out |    2|  ap_stable |  weights_V421  |     array    |
|weights_V421_ce0       | out |    1|  ap_stable |  weights_V421  |     array    |
|weights_V421_q0        |  in |   16|  ap_stable |  weights_V421  |     array    |
|weights_V422_address0  | out |    2|  ap_stable |  weights_V422  |     array    |
|weights_V422_ce0       | out |    1|  ap_stable |  weights_V422  |     array    |
|weights_V422_q0        |  in |   16|  ap_stable |  weights_V422  |     array    |
|weights_V423_address0  | out |    2|  ap_stable |  weights_V423  |     array    |
|weights_V423_ce0       | out |    1|  ap_stable |  weights_V423  |     array    |
|weights_V423_q0        |  in |   16|  ap_stable |  weights_V423  |     array    |
|weights_V424_address0  | out |    2|  ap_stable |  weights_V424  |     array    |
|weights_V424_ce0       | out |    1|  ap_stable |  weights_V424  |     array    |
|weights_V424_q0        |  in |   16|  ap_stable |  weights_V424  |     array    |
|in_V_V_dout            |  in |   16|   ap_fifo  |     in_V_V     |    pointer   |
|in_V_V_empty_n         |  in |    1|   ap_fifo  |     in_V_V     |    pointer   |
|in_V_V_read            | out |    1|   ap_fifo  |     in_V_V     |    pointer   |
|in_V_V100_dout         |  in |   16|   ap_fifo  |    in_V_V100   |    pointer   |
|in_V_V100_empty_n      |  in |    1|   ap_fifo  |    in_V_V100   |    pointer   |
|in_V_V100_read         | out |    1|   ap_fifo  |    in_V_V100   |    pointer   |
|in_V_V101_dout         |  in |   16|   ap_fifo  |    in_V_V101   |    pointer   |
|in_V_V101_empty_n      |  in |    1|   ap_fifo  |    in_V_V101   |    pointer   |
|in_V_V101_read         | out |    1|   ap_fifo  |    in_V_V101   |    pointer   |
|in_V_V102_dout         |  in |   16|   ap_fifo  |    in_V_V102   |    pointer   |
|in_V_V102_empty_n      |  in |    1|   ap_fifo  |    in_V_V102   |    pointer   |
|in_V_V102_read         | out |    1|   ap_fifo  |    in_V_V102   |    pointer   |
|in_V_V103_dout         |  in |   16|   ap_fifo  |    in_V_V103   |    pointer   |
|in_V_V103_empty_n      |  in |    1|   ap_fifo  |    in_V_V103   |    pointer   |
|in_V_V103_read         | out |    1|   ap_fifo  |    in_V_V103   |    pointer   |
|in_V_V20_dout          |  in |   16|   ap_fifo  |    in_V_V20    |    pointer   |
|in_V_V20_empty_n       |  in |    1|   ap_fifo  |    in_V_V20    |    pointer   |
|in_V_V20_read          | out |    1|   ap_fifo  |    in_V_V20    |    pointer   |
|in_V_V20104_dout       |  in |   16|   ap_fifo  |   in_V_V20104  |    pointer   |
|in_V_V20104_empty_n    |  in |    1|   ap_fifo  |   in_V_V20104  |    pointer   |
|in_V_V20104_read       | out |    1|   ap_fifo  |   in_V_V20104  |    pointer   |
|in_V_V20105_dout       |  in |   16|   ap_fifo  |   in_V_V20105  |    pointer   |
|in_V_V20105_empty_n    |  in |    1|   ap_fifo  |   in_V_V20105  |    pointer   |
|in_V_V20105_read       | out |    1|   ap_fifo  |   in_V_V20105  |    pointer   |
|in_V_V20106_dout       |  in |   16|   ap_fifo  |   in_V_V20106  |    pointer   |
|in_V_V20106_empty_n    |  in |    1|   ap_fifo  |   in_V_V20106  |    pointer   |
|in_V_V20106_read       | out |    1|   ap_fifo  |   in_V_V20106  |    pointer   |
|in_V_V20107_dout       |  in |   16|   ap_fifo  |   in_V_V20107  |    pointer   |
|in_V_V20107_empty_n    |  in |    1|   ap_fifo  |   in_V_V20107  |    pointer   |
|in_V_V20107_read       | out |    1|   ap_fifo  |   in_V_V20107  |    pointer   |
|in_V_V21_dout          |  in |   16|   ap_fifo  |    in_V_V21    |    pointer   |
|in_V_V21_empty_n       |  in |    1|   ap_fifo  |    in_V_V21    |    pointer   |
|in_V_V21_read          | out |    1|   ap_fifo  |    in_V_V21    |    pointer   |
|in_V_V21108_dout       |  in |   16|   ap_fifo  |   in_V_V21108  |    pointer   |
|in_V_V21108_empty_n    |  in |    1|   ap_fifo  |   in_V_V21108  |    pointer   |
|in_V_V21108_read       | out |    1|   ap_fifo  |   in_V_V21108  |    pointer   |
|in_V_V21109_dout       |  in |   16|   ap_fifo  |   in_V_V21109  |    pointer   |
|in_V_V21109_empty_n    |  in |    1|   ap_fifo  |   in_V_V21109  |    pointer   |
|in_V_V21109_read       | out |    1|   ap_fifo  |   in_V_V21109  |    pointer   |
|in_V_V21110_dout       |  in |   16|   ap_fifo  |   in_V_V21110  |    pointer   |
|in_V_V21110_empty_n    |  in |    1|   ap_fifo  |   in_V_V21110  |    pointer   |
|in_V_V21110_read       | out |    1|   ap_fifo  |   in_V_V21110  |    pointer   |
|in_V_V21111_dout       |  in |   16|   ap_fifo  |   in_V_V21111  |    pointer   |
|in_V_V21111_empty_n    |  in |    1|   ap_fifo  |   in_V_V21111  |    pointer   |
|in_V_V21111_read       | out |    1|   ap_fifo  |   in_V_V21111  |    pointer   |
|in_V_V22_dout          |  in |   16|   ap_fifo  |    in_V_V22    |    pointer   |
|in_V_V22_empty_n       |  in |    1|   ap_fifo  |    in_V_V22    |    pointer   |
|in_V_V22_read          | out |    1|   ap_fifo  |    in_V_V22    |    pointer   |
|in_V_V22112_dout       |  in |   16|   ap_fifo  |   in_V_V22112  |    pointer   |
|in_V_V22112_empty_n    |  in |    1|   ap_fifo  |   in_V_V22112  |    pointer   |
|in_V_V22112_read       | out |    1|   ap_fifo  |   in_V_V22112  |    pointer   |
|in_V_V22113_dout       |  in |   16|   ap_fifo  |   in_V_V22113  |    pointer   |
|in_V_V22113_empty_n    |  in |    1|   ap_fifo  |   in_V_V22113  |    pointer   |
|in_V_V22113_read       | out |    1|   ap_fifo  |   in_V_V22113  |    pointer   |
|in_V_V22114_dout       |  in |   16|   ap_fifo  |   in_V_V22114  |    pointer   |
|in_V_V22114_empty_n    |  in |    1|   ap_fifo  |   in_V_V22114  |    pointer   |
|in_V_V22114_read       | out |    1|   ap_fifo  |   in_V_V22114  |    pointer   |
|in_V_V22115_dout       |  in |   16|   ap_fifo  |   in_V_V22115  |    pointer   |
|in_V_V22115_empty_n    |  in |    1|   ap_fifo  |   in_V_V22115  |    pointer   |
|in_V_V22115_read       | out |    1|   ap_fifo  |   in_V_V22115  |    pointer   |
|in_V_V23_dout          |  in |   16|   ap_fifo  |    in_V_V23    |    pointer   |
|in_V_V23_empty_n       |  in |    1|   ap_fifo  |    in_V_V23    |    pointer   |
|in_V_V23_read          | out |    1|   ap_fifo  |    in_V_V23    |    pointer   |
|in_V_V23116_dout       |  in |   16|   ap_fifo  |   in_V_V23116  |    pointer   |
|in_V_V23116_empty_n    |  in |    1|   ap_fifo  |   in_V_V23116  |    pointer   |
|in_V_V23116_read       | out |    1|   ap_fifo  |   in_V_V23116  |    pointer   |
|in_V_V23117_dout       |  in |   16|   ap_fifo  |   in_V_V23117  |    pointer   |
|in_V_V23117_empty_n    |  in |    1|   ap_fifo  |   in_V_V23117  |    pointer   |
|in_V_V23117_read       | out |    1|   ap_fifo  |   in_V_V23117  |    pointer   |
|in_V_V23118_dout       |  in |   16|   ap_fifo  |   in_V_V23118  |    pointer   |
|in_V_V23118_empty_n    |  in |    1|   ap_fifo  |   in_V_V23118  |    pointer   |
|in_V_V23118_read       | out |    1|   ap_fifo  |   in_V_V23118  |    pointer   |
|in_V_V23119_dout       |  in |   16|   ap_fifo  |   in_V_V23119  |    pointer   |
|in_V_V23119_empty_n    |  in |    1|   ap_fifo  |   in_V_V23119  |    pointer   |
|in_V_V23119_read       | out |    1|   ap_fifo  |   in_V_V23119  |    pointer   |
|out_V_V_din            | out |   30|   ap_fifo  |     out_V_V    |    pointer   |
|out_V_V_full_n         |  in |    1|   ap_fifo  |     out_V_V    |    pointer   |
|out_V_V_write          | out |    1|   ap_fifo  |     out_V_V    |    pointer   |
+-----------------------+-----+-----+------------+----------------+--------------+

