

================================================================
== Vivado HLS Report for 'Conv_0_fork335'
================================================================
* Date:           Sat Feb 15 07:46:54 2025

* Version:        2019.2 (Build 2704478 on Wed Nov 06 22:10:23 MST 2019)
* Project:        partition_0
* Solution:       solution
* Product family: zynq
* Target device:  xc7z020-clg484-1


================================================================
== Performance Estimates
================================================================
+ Timing: 
    * Summary: 
    +--------+---------+----------+------------+
    |  Clock |  Target | Estimated| Uncertainty|
    +--------+---------+----------+------------+
    |ap_clk  | 5.00 ns | 4.375 ns |   0.62 ns  |
    +--------+---------+----------+------------+

+ Latency: 
    * Summary: 
    +---------+---------+----------+----------+-----+-----+---------+
    |  Latency (cycles) |  Latency (absolute) |  Interval | Pipeline|
    |   min   |   max   |    min   |    max   | min | max |   Type  |
    +---------+---------+----------+----------+-----+-----+---------+
    |      576|      577| 2.880 us | 2.885 us |  576|  577|   none  |
    +---------+---------+----------+----------+-----+-----+---------+

    + Detail: 
        * Instance: 
        +-------------------+--------+---------+---------+----------+----------+-----+-----+---------+
        |                   |        |  Latency (cycles) |  Latency (absolute) |  Interval | Pipeline|
        |      Instance     | Module |   min   |   max   |    min   |    max   | min | max |   Type  |
        +-------------------+--------+---------+---------+----------+----------+-----+-----+---------+
        |grp_fork_r_fu_264  |fork_r  |      575|      576| 2.875 us | 2.880 us |  575|  576|   none  |
        +-------------------+--------+---------+---------+----------+----------+-----+-----+---------+

        * Loop: 
        N/A



================================================================
== Utilization Estimates
================================================================
* Summary: 
+-----------------+---------+-------+--------+-------+-----+
|       Name      | BRAM_18K| DSP48E|   FF   |  LUT  | URAM|
+-----------------+---------+-------+--------+-------+-----+
|DSP              |        -|      -|       -|      -|    -|
|Expression       |        -|      -|       0|      2|    -|
|FIFO             |        -|      -|       -|      -|    -|
|Instance         |        -|      -|      12|   1178|    -|
|Memory           |        -|      -|       -|      -|    -|
|Multiplexer      |        -|      -|       -|   1158|    -|
|Register         |        -|      -|       5|      -|    -|
+-----------------+---------+-------+--------+-------+-----+
|Total            |        0|      0|      17|   2338|    0|
+-----------------+---------+-------+--------+-------+-----+
|Available        |      280|    220|  106400|  53200|    0|
+-----------------+---------+-------+--------+-------+-----+
|Utilization (%)  |        0|      0|   ~0   |      4|    0|
+-----------------+---------+-------+--------+-------+-----+

+ Detail: 
    * Instance: 
    +-------------------+--------+---------+-------+----+------+-----+
    |      Instance     | Module | BRAM_18K| DSP48E| FF |  LUT | URAM|
    +-------------------+--------+---------+-------+----+------+-----+
    |grp_fork_r_fu_264  |fork_r  |        0|      0|  12|  1178|    0|
    +-------------------+--------+---------+-------+----+------+-----+
    |Total              |        |        0|      0|  12|  1178|    0|
    +-------------------+--------+---------+-------+----+------+-----+

    * DSP48E: 
    N/A

    * Memory: 
    N/A

    * FIFO: 
    N/A

    * Expression: 
    +-----------------+----------+-------+---+----+------------+------------+
    |  Variable Name  | Operation| DSP48E| FF| LUT| Bitwidth P0| Bitwidth P1|
    +-----------------+----------+-------+---+----+------------+------------+
    |ap_block_state1  |    or    |      0|  0|   2|           1|           1|
    +-----------------+----------+-------+---+----+------------+------------+
    |Total            |          |      0|  0|   2|           1|           1|
    +-----------------+----------+-------+---+----+------------+------------+

    * Multiplexer: 
    +--------------------+----+-----------+-----+-----------+
    |        Name        | LUT| Input Size| Bits| Total Bits|
    +--------------------+----+-----------+-----+-----------+
    |ap_NS_fsm           |  15|          3|    1|          3|
    |ap_done             |   9|          2|    1|          2|
    |in_V_V15_read       |   9|          2|    1|          2|
    |in_V_V16_read       |   9|          2|    1|          2|
    |in_V_V17_read       |   9|          2|    1|          2|
    |in_V_V18_read       |   9|          2|    1|          2|
    |in_V_V19_read       |   9|          2|    1|          2|
    |in_V_V1_read        |   9|          2|    1|          2|
    |in_V_V210_read      |   9|          2|    1|          2|
    |in_V_V211_read      |   9|          2|    1|          2|
    |in_V_V212_read      |   9|          2|    1|          2|
    |in_V_V213_read      |   9|          2|    1|          2|
    |in_V_V214_read      |   9|          2|    1|          2|
    |in_V_V2_read        |   9|          2|    1|          2|
    |in_V_V315_read      |   9|          2|    1|          2|
    |in_V_V316_read      |   9|          2|    1|          2|
    |in_V_V317_read      |   9|          2|    1|          2|
    |in_V_V318_read      |   9|          2|    1|          2|
    |in_V_V319_read      |   9|          2|    1|          2|
    |in_V_V3_read        |   9|          2|    1|          2|
    |in_V_V420_read      |   9|          2|    1|          2|
    |in_V_V421_read      |   9|          2|    1|          2|
    |in_V_V422_read      |   9|          2|    1|          2|
    |in_V_V423_read      |   9|          2|    1|          2|
    |in_V_V424_read      |   9|          2|    1|          2|
    |in_V_V4_read        |   9|          2|    1|          2|
    |in_V_V_read         |   9|          2|    1|          2|
    |out_V_V1_write      |   9|          2|    1|          2|
    |out_V_V255_write    |   9|          2|    1|          2|
    |out_V_V256_write    |   9|          2|    1|          2|
    |out_V_V257_write    |   9|          2|    1|          2|
    |out_V_V258_write    |   9|          2|    1|          2|
    |out_V_V25_write     |   9|          2|    1|          2|
    |out_V_V2610_write   |   9|          2|    1|          2|
    |out_V_V2611_write   |   9|          2|    1|          2|
    |out_V_V2612_write   |   9|          2|    1|          2|
    |out_V_V269_write    |   9|          2|    1|          2|
    |out_V_V26_write     |   9|          2|    1|          2|
    |out_V_V2713_write   |   9|          2|    1|          2|
    |out_V_V2714_write   |   9|          2|    1|          2|
    |out_V_V2715_write   |   9|          2|    1|          2|
    |out_V_V2716_write   |   9|          2|    1|          2|
    |out_V_V27_write     |   9|          2|    1|          2|
    |out_V_V2817_write   |   9|          2|    1|          2|
    |out_V_V2818_write   |   9|          2|    1|          2|
    |out_V_V2819_write   |   9|          2|    1|          2|
    |out_V_V2820_write   |   9|          2|    1|          2|
    |out_V_V28_write     |   9|          2|    1|          2|
    |out_V_V2_write      |   9|          2|    1|          2|
    |out_V_V3_write      |   9|          2|    1|          2|
    |out_V_V4_write      |   9|          2|    1|          2|
    |out_V_V521_write    |   9|          2|    1|          2|
    |out_V_V522_write    |   9|          2|    1|          2|
    |out_V_V523_write    |   9|          2|    1|          2|
    |out_V_V524_write    |   9|          2|    1|          2|
    |out_V_V52925_write  |   9|          2|    1|          2|
    |out_V_V52926_write  |   9|          2|    1|          2|
    |out_V_V52927_write  |   9|          2|    1|          2|
    |out_V_V52928_write  |   9|          2|    1|          2|
    |out_V_V529_write    |   9|          2|    1|          2|
    |out_V_V53029_write  |   9|          2|    1|          2|
    |out_V_V53030_write  |   9|          2|    1|          2|
    |out_V_V53031_write  |   9|          2|    1|          2|
    |out_V_V53032_write  |   9|          2|    1|          2|
    |out_V_V530_write    |   9|          2|    1|          2|
    |out_V_V53133_write  |   9|          2|    1|          2|
    |out_V_V53134_write  |   9|          2|    1|          2|
    |out_V_V53135_write  |   9|          2|    1|          2|
    |out_V_V53136_write  |   9|          2|    1|          2|
    |out_V_V531_write    |   9|          2|    1|          2|
    |out_V_V53237_write  |   9|          2|    1|          2|
    |out_V_V53238_write  |   9|          2|    1|          2|
    |out_V_V53239_write  |   9|          2|    1|          2|
    |out_V_V53240_write  |   9|          2|    1|          2|
    |out_V_V532_write    |   9|          2|    1|          2|
    |out_V_V5_write      |   9|          2|    1|          2|
    |out_V_V63345_write  |   9|          2|    1|          2|
    |out_V_V63346_write  |   9|          2|    1|          2|
    |out_V_V63347_write  |   9|          2|    1|          2|
    |out_V_V63348_write  |   9|          2|    1|          2|
    |out_V_V633_write    |   9|          2|    1|          2|
    |out_V_V63449_write  |   9|          2|    1|          2|
    |out_V_V63450_write  |   9|          2|    1|          2|
    |out_V_V63451_write  |   9|          2|    1|          2|
    |out_V_V63452_write  |   9|          2|    1|          2|
    |out_V_V634_write    |   9|          2|    1|          2|
    |out_V_V63553_write  |   9|          2|    1|          2|
    |out_V_V63554_write  |   9|          2|    1|          2|
    |out_V_V63555_write  |   9|          2|    1|          2|
    |out_V_V63556_write  |   9|          2|    1|          2|
    |out_V_V635_write    |   9|          2|    1|          2|
    |out_V_V63657_write  |   9|          2|    1|          2|
    |out_V_V63658_write  |   9|          2|    1|          2|
    |out_V_V63659_write  |   9|          2|    1|          2|
    |out_V_V63660_write  |   9|          2|    1|          2|
    |out_V_V636_write    |   9|          2|    1|          2|
    |out_V_V641_write    |   9|          2|    1|          2|
    |out_V_V642_write    |   9|          2|    1|          2|
    |out_V_V643_write    |   9|          2|    1|          2|
    |out_V_V644_write    |   9|          2|    1|          2|
    |out_V_V6_write      |   9|          2|    1|          2|
    |out_V_V73765_write  |   9|          2|    1|          2|
    |out_V_V73766_write  |   9|          2|    1|          2|
    |out_V_V73767_write  |   9|          2|    1|          2|
    |out_V_V73768_write  |   9|          2|    1|          2|
    |out_V_V737_write    |   9|          2|    1|          2|
    |out_V_V73869_write  |   9|          2|    1|          2|
    |out_V_V73870_write  |   9|          2|    1|          2|
    |out_V_V73871_write  |   9|          2|    1|          2|
    |out_V_V73872_write  |   9|          2|    1|          2|
    |out_V_V738_write    |   9|          2|    1|          2|
    |out_V_V73973_write  |   9|          2|    1|          2|
    |out_V_V73974_write  |   9|          2|    1|          2|
    |out_V_V73975_write  |   9|          2|    1|          2|
    |out_V_V73976_write  |   9|          2|    1|          2|
    |out_V_V739_write    |   9|          2|    1|          2|
    |out_V_V74077_write  |   9|          2|    1|          2|
    |out_V_V74078_write  |   9|          2|    1|          2|
    |out_V_V74079_write  |   9|          2|    1|          2|
    |out_V_V74080_write  |   9|          2|    1|          2|
    |out_V_V740_write    |   9|          2|    1|          2|
    |out_V_V761_write    |   9|          2|    1|          2|
    |out_V_V762_write    |   9|          2|    1|          2|
    |out_V_V763_write    |   9|          2|    1|          2|
    |out_V_V764_write    |   9|          2|    1|          2|
    |out_V_V7_write      |   9|          2|    1|          2|
    |out_V_V_write       |   9|          2|    1|          2|
    |real_start          |   9|          2|    1|          2|
    +--------------------+----+-----------+-----+-----------+
    |Total               |1158|        257|  128|        257|
    +--------------------+----+-----------+-----+-----------+

    * Register: 
    +--------------------------------+---+----+-----+-----------+
    |              Name              | FF| LUT| Bits| Const Bits|
    +--------------------------------+---+----+-----+-----------+
    |ap_CS_fsm                       |  2|   0|    2|          0|
    |ap_done_reg                     |  1|   0|    1|          0|
    |grp_fork_r_fu_264_ap_start_reg  |  1|   0|    1|          0|
    |start_once_reg                  |  1|   0|    1|          0|
    +--------------------------------+---+----+-----+-----------+
    |Total                           |  5|   0|    5|          0|
    +--------------------------------+---+----+-----+-----------+



================================================================
== Interface
================================================================
* Summary: 
+---------------------+-----+-----+------------+----------------+--------------+
|      RTL Ports      | Dir | Bits|  Protocol  |  Source Object |    C Type    |
+---------------------+-----+-----+------------+----------------+--------------+
|ap_clk               |  in |    1| ap_ctrl_hs | Conv_0_fork335 | return value |
|ap_rst               |  in |    1| ap_ctrl_hs | Conv_0_fork335 | return value |
|ap_start             |  in |    1| ap_ctrl_hs | Conv_0_fork335 | return value |
|start_full_n         |  in |    1| ap_ctrl_hs | Conv_0_fork335 | return value |
|ap_done              | out |    1| ap_ctrl_hs | Conv_0_fork335 | return value |
|ap_continue          |  in |    1| ap_ctrl_hs | Conv_0_fork335 | return value |
|ap_idle              | out |    1| ap_ctrl_hs | Conv_0_fork335 | return value |
|ap_ready             | out |    1| ap_ctrl_hs | Conv_0_fork335 | return value |
|start_out            | out |    1| ap_ctrl_hs | Conv_0_fork335 | return value |
|start_write          | out |    1| ap_ctrl_hs | Conv_0_fork335 | return value |
|in_V_V_dout          |  in |   16|   ap_fifo  |     in_V_V     |    pointer   |
|in_V_V_empty_n       |  in |    1|   ap_fifo  |     in_V_V     |    pointer   |
|in_V_V_read          | out |    1|   ap_fifo  |     in_V_V     |    pointer   |
|in_V_V1_dout         |  in |   16|   ap_fifo  |     in_V_V1    |    pointer   |
|in_V_V1_empty_n      |  in |    1|   ap_fifo  |     in_V_V1    |    pointer   |
|in_V_V1_read         | out |    1|   ap_fifo  |     in_V_V1    |    pointer   |
|in_V_V2_dout         |  in |   16|   ap_fifo  |     in_V_V2    |    pointer   |
|in_V_V2_empty_n      |  in |    1|   ap_fifo  |     in_V_V2    |    pointer   |
|in_V_V2_read         | out |    1|   ap_fifo  |     in_V_V2    |    pointer   |
|in_V_V3_dout         |  in |   16|   ap_fifo  |     in_V_V3    |    pointer   |
|in_V_V3_empty_n      |  in |    1|   ap_fifo  |     in_V_V3    |    pointer   |
|in_V_V3_read         | out |    1|   ap_fifo  |     in_V_V3    |    pointer   |
|in_V_V4_dout         |  in |   16|   ap_fifo  |     in_V_V4    |    pointer   |
|in_V_V4_empty_n      |  in |    1|   ap_fifo  |     in_V_V4    |    pointer   |
|in_V_V4_read         | out |    1|   ap_fifo  |     in_V_V4    |    pointer   |
|in_V_V15_dout        |  in |   16|   ap_fifo  |    in_V_V15    |    pointer   |
|in_V_V15_empty_n     |  in |    1|   ap_fifo  |    in_V_V15    |    pointer   |
|in_V_V15_read        | out |    1|   ap_fifo  |    in_V_V15    |    pointer   |
|in_V_V16_dout        |  in |   16|   ap_fifo  |    in_V_V16    |    pointer   |
|in_V_V16_empty_n     |  in |    1|   ap_fifo  |    in_V_V16    |    pointer   |
|in_V_V16_read        | out |    1|   ap_fifo  |    in_V_V16    |    pointer   |
|in_V_V17_dout        |  in |   16|   ap_fifo  |    in_V_V17    |    pointer   |
|in_V_V17_empty_n     |  in |    1|   ap_fifo  |    in_V_V17    |    pointer   |
|in_V_V17_read        | out |    1|   ap_fifo  |    in_V_V17    |    pointer   |
|in_V_V18_dout        |  in |   16|   ap_fifo  |    in_V_V18    |    pointer   |
|in_V_V18_empty_n     |  in |    1|   ap_fifo  |    in_V_V18    |    pointer   |
|in_V_V18_read        | out |    1|   ap_fifo  |    in_V_V18    |    pointer   |
|in_V_V19_dout        |  in |   16|   ap_fifo  |    in_V_V19    |    pointer   |
|in_V_V19_empty_n     |  in |    1|   ap_fifo  |    in_V_V19    |    pointer   |
|in_V_V19_read        | out |    1|   ap_fifo  |    in_V_V19    |    pointer   |
|in_V_V210_dout       |  in |   16|   ap_fifo  |    in_V_V210   |    pointer   |
|in_V_V210_empty_n    |  in |    1|   ap_fifo  |    in_V_V210   |    pointer   |
|in_V_V210_read       | out |    1|   ap_fifo  |    in_V_V210   |    pointer   |
|in_V_V211_dout       |  in |   16|   ap_fifo  |    in_V_V211   |    pointer   |
|in_V_V211_empty_n    |  in |    1|   ap_fifo  |    in_V_V211   |    pointer   |
|in_V_V211_read       | out |    1|   ap_fifo  |    in_V_V211   |    pointer   |
|in_V_V212_dout       |  in |   16|   ap_fifo  |    in_V_V212   |    pointer   |
|in_V_V212_empty_n    |  in |    1|   ap_fifo  |    in_V_V212   |    pointer   |
|in_V_V212_read       | out |    1|   ap_fifo  |    in_V_V212   |    pointer   |
|in_V_V213_dout       |  in |   16|   ap_fifo  |    in_V_V213   |    pointer   |
|in_V_V213_empty_n    |  in |    1|   ap_fifo  |    in_V_V213   |    pointer   |
|in_V_V213_read       | out |    1|   ap_fifo  |    in_V_V213   |    pointer   |
|in_V_V214_dout       |  in |   16|   ap_fifo  |    in_V_V214   |    pointer   |
|in_V_V214_empty_n    |  in |    1|   ap_fifo  |    in_V_V214   |    pointer   |
|in_V_V214_read       | out |    1|   ap_fifo  |    in_V_V214   |    pointer   |
|in_V_V315_dout       |  in |   16|   ap_fifo  |    in_V_V315   |    pointer   |
|in_V_V315_empty_n    |  in |    1|   ap_fifo  |    in_V_V315   |    pointer   |
|in_V_V315_read       | out |    1|   ap_fifo  |    in_V_V315   |    pointer   |
|in_V_V316_dout       |  in |   16|   ap_fifo  |    in_V_V316   |    pointer   |
|in_V_V316_empty_n    |  in |    1|   ap_fifo  |    in_V_V316   |    pointer   |
|in_V_V316_read       | out |    1|   ap_fifo  |    in_V_V316   |    pointer   |
|in_V_V317_dout       |  in |   16|   ap_fifo  |    in_V_V317   |    pointer   |
|in_V_V317_empty_n    |  in |    1|   ap_fifo  |    in_V_V317   |    pointer   |
|in_V_V317_read       | out |    1|   ap_fifo  |    in_V_V317   |    pointer   |
|in_V_V318_dout       |  in |   16|   ap_fifo  |    in_V_V318   |    pointer   |
|in_V_V318_empty_n    |  in |    1|   ap_fifo  |    in_V_V318   |    pointer   |
|in_V_V318_read       | out |    1|   ap_fifo  |    in_V_V318   |    pointer   |
|in_V_V319_dout       |  in |   16|   ap_fifo  |    in_V_V319   |    pointer   |
|in_V_V319_empty_n    |  in |    1|   ap_fifo  |    in_V_V319   |    pointer   |
|in_V_V319_read       | out |    1|   ap_fifo  |    in_V_V319   |    pointer   |
|in_V_V420_dout       |  in |   16|   ap_fifo  |    in_V_V420   |    pointer   |
|in_V_V420_empty_n    |  in |    1|   ap_fifo  |    in_V_V420   |    pointer   |
|in_V_V420_read       | out |    1|   ap_fifo  |    in_V_V420   |    pointer   |
|in_V_V421_dout       |  in |   16|   ap_fifo  |    in_V_V421   |    pointer   |
|in_V_V421_empty_n    |  in |    1|   ap_fifo  |    in_V_V421   |    pointer   |
|in_V_V421_read       | out |    1|   ap_fifo  |    in_V_V421   |    pointer   |
|in_V_V422_dout       |  in |   16|   ap_fifo  |    in_V_V422   |    pointer   |
|in_V_V422_empty_n    |  in |    1|   ap_fifo  |    in_V_V422   |    pointer   |
|in_V_V422_read       | out |    1|   ap_fifo  |    in_V_V422   |    pointer   |
|in_V_V423_dout       |  in |   16|   ap_fifo  |    in_V_V423   |    pointer   |
|in_V_V423_empty_n    |  in |    1|   ap_fifo  |    in_V_V423   |    pointer   |
|in_V_V423_read       | out |    1|   ap_fifo  |    in_V_V423   |    pointer   |
|in_V_V424_dout       |  in |   16|   ap_fifo  |    in_V_V424   |    pointer   |
|in_V_V424_empty_n    |  in |    1|   ap_fifo  |    in_V_V424   |    pointer   |
|in_V_V424_read       | out |    1|   ap_fifo  |    in_V_V424   |    pointer   |
|out_V_V_din          | out |   16|   ap_fifo  |     out_V_V    |    pointer   |
|out_V_V_full_n       |  in |    1|   ap_fifo  |     out_V_V    |    pointer   |
|out_V_V_write        | out |    1|   ap_fifo  |     out_V_V    |    pointer   |
|out_V_V1_din         | out |   16|   ap_fifo  |    out_V_V1    |    pointer   |
|out_V_V1_full_n      |  in |    1|   ap_fifo  |    out_V_V1    |    pointer   |
|out_V_V1_write       | out |    1|   ap_fifo  |    out_V_V1    |    pointer   |
|out_V_V2_din         | out |   16|   ap_fifo  |    out_V_V2    |    pointer   |
|out_V_V2_full_n      |  in |    1|   ap_fifo  |    out_V_V2    |    pointer   |
|out_V_V2_write       | out |    1|   ap_fifo  |    out_V_V2    |    pointer   |
|out_V_V3_din         | out |   16|   ap_fifo  |    out_V_V3    |    pointer   |
|out_V_V3_full_n      |  in |    1|   ap_fifo  |    out_V_V3    |    pointer   |
|out_V_V3_write       | out |    1|   ap_fifo  |    out_V_V3    |    pointer   |
|out_V_V4_din         | out |   16|   ap_fifo  |    out_V_V4    |    pointer   |
|out_V_V4_full_n      |  in |    1|   ap_fifo  |    out_V_V4    |    pointer   |
|out_V_V4_write       | out |    1|   ap_fifo  |    out_V_V4    |    pointer   |
|out_V_V25_din        | out |   16|   ap_fifo  |    out_V_V25   |    pointer   |
|out_V_V25_full_n     |  in |    1|   ap_fifo  |    out_V_V25   |    pointer   |
|out_V_V25_write      | out |    1|   ap_fifo  |    out_V_V25   |    pointer   |
|out_V_V255_din       | out |   16|   ap_fifo  |   out_V_V255   |    pointer   |
|out_V_V255_full_n    |  in |    1|   ap_fifo  |   out_V_V255   |    pointer   |
|out_V_V255_write     | out |    1|   ap_fifo  |   out_V_V255   |    pointer   |
|out_V_V256_din       | out |   16|   ap_fifo  |   out_V_V256   |    pointer   |
|out_V_V256_full_n    |  in |    1|   ap_fifo  |   out_V_V256   |    pointer   |
|out_V_V256_write     | out |    1|   ap_fifo  |   out_V_V256   |    pointer   |
|out_V_V257_din       | out |   16|   ap_fifo  |   out_V_V257   |    pointer   |
|out_V_V257_full_n    |  in |    1|   ap_fifo  |   out_V_V257   |    pointer   |
|out_V_V257_write     | out |    1|   ap_fifo  |   out_V_V257   |    pointer   |
|out_V_V258_din       | out |   16|   ap_fifo  |   out_V_V258   |    pointer   |
|out_V_V258_full_n    |  in |    1|   ap_fifo  |   out_V_V258   |    pointer   |
|out_V_V258_write     | out |    1|   ap_fifo  |   out_V_V258   |    pointer   |
|out_V_V26_din        | out |   16|   ap_fifo  |    out_V_V26   |    pointer   |
|out_V_V26_full_n     |  in |    1|   ap_fifo  |    out_V_V26   |    pointer   |
|out_V_V26_write      | out |    1|   ap_fifo  |    out_V_V26   |    pointer   |
|out_V_V269_din       | out |   16|   ap_fifo  |   out_V_V269   |    pointer   |
|out_V_V269_full_n    |  in |    1|   ap_fifo  |   out_V_V269   |    pointer   |
|out_V_V269_write     | out |    1|   ap_fifo  |   out_V_V269   |    pointer   |
|out_V_V2610_din      | out |   16|   ap_fifo  |   out_V_V2610  |    pointer   |
|out_V_V2610_full_n   |  in |    1|   ap_fifo  |   out_V_V2610  |    pointer   |
|out_V_V2610_write    | out |    1|   ap_fifo  |   out_V_V2610  |    pointer   |
|out_V_V2611_din      | out |   16|   ap_fifo  |   out_V_V2611  |    pointer   |
|out_V_V2611_full_n   |  in |    1|   ap_fifo  |   out_V_V2611  |    pointer   |
|out_V_V2611_write    | out |    1|   ap_fifo  |   out_V_V2611  |    pointer   |
|out_V_V2612_din      | out |   16|   ap_fifo  |   out_V_V2612  |    pointer   |
|out_V_V2612_full_n   |  in |    1|   ap_fifo  |   out_V_V2612  |    pointer   |
|out_V_V2612_write    | out |    1|   ap_fifo  |   out_V_V2612  |    pointer   |
|out_V_V27_din        | out |   16|   ap_fifo  |    out_V_V27   |    pointer   |
|out_V_V27_full_n     |  in |    1|   ap_fifo  |    out_V_V27   |    pointer   |
|out_V_V27_write      | out |    1|   ap_fifo  |    out_V_V27   |    pointer   |
|out_V_V2713_din      | out |   16|   ap_fifo  |   out_V_V2713  |    pointer   |
|out_V_V2713_full_n   |  in |    1|   ap_fifo  |   out_V_V2713  |    pointer   |
|out_V_V2713_write    | out |    1|   ap_fifo  |   out_V_V2713  |    pointer   |
|out_V_V2714_din      | out |   16|   ap_fifo  |   out_V_V2714  |    pointer   |
|out_V_V2714_full_n   |  in |    1|   ap_fifo  |   out_V_V2714  |    pointer   |
|out_V_V2714_write    | out |    1|   ap_fifo  |   out_V_V2714  |    pointer   |
|out_V_V2715_din      | out |   16|   ap_fifo  |   out_V_V2715  |    pointer   |
|out_V_V2715_full_n   |  in |    1|   ap_fifo  |   out_V_V2715  |    pointer   |
|out_V_V2715_write    | out |    1|   ap_fifo  |   out_V_V2715  |    pointer   |
|out_V_V2716_din      | out |   16|   ap_fifo  |   out_V_V2716  |    pointer   |
|out_V_V2716_full_n   |  in |    1|   ap_fifo  |   out_V_V2716  |    pointer   |
|out_V_V2716_write    | out |    1|   ap_fifo  |   out_V_V2716  |    pointer   |
|out_V_V28_din        | out |   16|   ap_fifo  |    out_V_V28   |    pointer   |
|out_V_V28_full_n     |  in |    1|   ap_fifo  |    out_V_V28   |    pointer   |
|out_V_V28_write      | out |    1|   ap_fifo  |    out_V_V28   |    pointer   |
|out_V_V2817_din      | out |   16|   ap_fifo  |   out_V_V2817  |    pointer   |
|out_V_V2817_full_n   |  in |    1|   ap_fifo  |   out_V_V2817  |    pointer   |
|out_V_V2817_write    | out |    1|   ap_fifo  |   out_V_V2817  |    pointer   |
|out_V_V2818_din      | out |   16|   ap_fifo  |   out_V_V2818  |    pointer   |
|out_V_V2818_full_n   |  in |    1|   ap_fifo  |   out_V_V2818  |    pointer   |
|out_V_V2818_write    | out |    1|   ap_fifo  |   out_V_V2818  |    pointer   |
|out_V_V2819_din      | out |   16|   ap_fifo  |   out_V_V2819  |    pointer   |
|out_V_V2819_full_n   |  in |    1|   ap_fifo  |   out_V_V2819  |    pointer   |
|out_V_V2819_write    | out |    1|   ap_fifo  |   out_V_V2819  |    pointer   |
|out_V_V2820_din      | out |   16|   ap_fifo  |   out_V_V2820  |    pointer   |
|out_V_V2820_full_n   |  in |    1|   ap_fifo  |   out_V_V2820  |    pointer   |
|out_V_V2820_write    | out |    1|   ap_fifo  |   out_V_V2820  |    pointer   |
|out_V_V5_din         | out |   16|   ap_fifo  |    out_V_V5    |    pointer   |
|out_V_V5_full_n      |  in |    1|   ap_fifo  |    out_V_V5    |    pointer   |
|out_V_V5_write       | out |    1|   ap_fifo  |    out_V_V5    |    pointer   |
|out_V_V521_din       | out |   16|   ap_fifo  |   out_V_V521   |    pointer   |
|out_V_V521_full_n    |  in |    1|   ap_fifo  |   out_V_V521   |    pointer   |
|out_V_V521_write     | out |    1|   ap_fifo  |   out_V_V521   |    pointer   |
|out_V_V522_din       | out |   16|   ap_fifo  |   out_V_V522   |    pointer   |
|out_V_V522_full_n    |  in |    1|   ap_fifo  |   out_V_V522   |    pointer   |
|out_V_V522_write     | out |    1|   ap_fifo  |   out_V_V522   |    pointer   |
|out_V_V523_din       | out |   16|   ap_fifo  |   out_V_V523   |    pointer   |
|out_V_V523_full_n    |  in |    1|   ap_fifo  |   out_V_V523   |    pointer   |
|out_V_V523_write     | out |    1|   ap_fifo  |   out_V_V523   |    pointer   |
|out_V_V524_din       | out |   16|   ap_fifo  |   out_V_V524   |    pointer   |
|out_V_V524_full_n    |  in |    1|   ap_fifo  |   out_V_V524   |    pointer   |
|out_V_V524_write     | out |    1|   ap_fifo  |   out_V_V524   |    pointer   |
|out_V_V529_din       | out |   16|   ap_fifo  |   out_V_V529   |    pointer   |
|out_V_V529_full_n    |  in |    1|   ap_fifo  |   out_V_V529   |    pointer   |
|out_V_V529_write     | out |    1|   ap_fifo  |   out_V_V529   |    pointer   |
|out_V_V52925_din     | out |   16|   ap_fifo  |  out_V_V52925  |    pointer   |
|out_V_V52925_full_n  |  in |    1|   ap_fifo  |  out_V_V52925  |    pointer   |
|out_V_V52925_write   | out |    1|   ap_fifo  |  out_V_V52925  |    pointer   |
|out_V_V52926_din     | out |   16|   ap_fifo  |  out_V_V52926  |    pointer   |
|out_V_V52926_full_n  |  in |    1|   ap_fifo  |  out_V_V52926  |    pointer   |
|out_V_V52926_write   | out |    1|   ap_fifo  |  out_V_V52926  |    pointer   |
|out_V_V52927_din     | out |   16|   ap_fifo  |  out_V_V52927  |    pointer   |
|out_V_V52927_full_n  |  in |    1|   ap_fifo  |  out_V_V52927  |    pointer   |
|out_V_V52927_write   | out |    1|   ap_fifo  |  out_V_V52927  |    pointer   |
|out_V_V52928_din     | out |   16|   ap_fifo  |  out_V_V52928  |    pointer   |
|out_V_V52928_full_n  |  in |    1|   ap_fifo  |  out_V_V52928  |    pointer   |
|out_V_V52928_write   | out |    1|   ap_fifo  |  out_V_V52928  |    pointer   |
|out_V_V530_din       | out |   16|   ap_fifo  |   out_V_V530   |    pointer   |
|out_V_V530_full_n    |  in |    1|   ap_fifo  |   out_V_V530   |    pointer   |
|out_V_V530_write     | out |    1|   ap_fifo  |   out_V_V530   |    pointer   |
|out_V_V53029_din     | out |   16|   ap_fifo  |  out_V_V53029  |    pointer   |
|out_V_V53029_full_n  |  in |    1|   ap_fifo  |  out_V_V53029  |    pointer   |
|out_V_V53029_write   | out |    1|   ap_fifo  |  out_V_V53029  |    pointer   |
|out_V_V53030_din     | out |   16|   ap_fifo  |  out_V_V53030  |    pointer   |
|out_V_V53030_full_n  |  in |    1|   ap_fifo  |  out_V_V53030  |    pointer   |
|out_V_V53030_write   | out |    1|   ap_fifo  |  out_V_V53030  |    pointer   |
|out_V_V53031_din     | out |   16|   ap_fifo  |  out_V_V53031  |    pointer   |
|out_V_V53031_full_n  |  in |    1|   ap_fifo  |  out_V_V53031  |    pointer   |
|out_V_V53031_write   | out |    1|   ap_fifo  |  out_V_V53031  |    pointer   |
|out_V_V53032_din     | out |   16|   ap_fifo  |  out_V_V53032  |    pointer   |
|out_V_V53032_full_n  |  in |    1|   ap_fifo  |  out_V_V53032  |    pointer   |
|out_V_V53032_write   | out |    1|   ap_fifo  |  out_V_V53032  |    pointer   |
|out_V_V531_din       | out |   16|   ap_fifo  |   out_V_V531   |    pointer   |
|out_V_V531_full_n    |  in |    1|   ap_fifo  |   out_V_V531   |    pointer   |
|out_V_V531_write     | out |    1|   ap_fifo  |   out_V_V531   |    pointer   |
|out_V_V53133_din     | out |   16|   ap_fifo  |  out_V_V53133  |    pointer   |
|out_V_V53133_full_n  |  in |    1|   ap_fifo  |  out_V_V53133  |    pointer   |
|out_V_V53133_write   | out |    1|   ap_fifo  |  out_V_V53133  |    pointer   |
|out_V_V53134_din     | out |   16|   ap_fifo  |  out_V_V53134  |    pointer   |
|out_V_V53134_full_n  |  in |    1|   ap_fifo  |  out_V_V53134  |    pointer   |
|out_V_V53134_write   | out |    1|   ap_fifo  |  out_V_V53134  |    pointer   |
|out_V_V53135_din     | out |   16|   ap_fifo  |  out_V_V53135  |    pointer   |
|out_V_V53135_full_n  |  in |    1|   ap_fifo  |  out_V_V53135  |    pointer   |
|out_V_V53135_write   | out |    1|   ap_fifo  |  out_V_V53135  |    pointer   |
|out_V_V53136_din     | out |   16|   ap_fifo  |  out_V_V53136  |    pointer   |
|out_V_V53136_full_n  |  in |    1|   ap_fifo  |  out_V_V53136  |    pointer   |
|out_V_V53136_write   | out |    1|   ap_fifo  |  out_V_V53136  |    pointer   |
|out_V_V532_din       | out |   16|   ap_fifo  |   out_V_V532   |    pointer   |
|out_V_V532_full_n    |  in |    1|   ap_fifo  |   out_V_V532   |    pointer   |
|out_V_V532_write     | out |    1|   ap_fifo  |   out_V_V532   |    pointer   |
|out_V_V53237_din     | out |   16|   ap_fifo  |  out_V_V53237  |    pointer   |
|out_V_V53237_full_n  |  in |    1|   ap_fifo  |  out_V_V53237  |    pointer   |
|out_V_V53237_write   | out |    1|   ap_fifo  |  out_V_V53237  |    pointer   |
|out_V_V53238_din     | out |   16|   ap_fifo  |  out_V_V53238  |    pointer   |
|out_V_V53238_full_n  |  in |    1|   ap_fifo  |  out_V_V53238  |    pointer   |
|out_V_V53238_write   | out |    1|   ap_fifo  |  out_V_V53238  |    pointer   |
|out_V_V53239_din     | out |   16|   ap_fifo  |  out_V_V53239  |    pointer   |
|out_V_V53239_full_n  |  in |    1|   ap_fifo  |  out_V_V53239  |    pointer   |
|out_V_V53239_write   | out |    1|   ap_fifo  |  out_V_V53239  |    pointer   |
|out_V_V53240_din     | out |   16|   ap_fifo  |  out_V_V53240  |    pointer   |
|out_V_V53240_full_n  |  in |    1|   ap_fifo  |  out_V_V53240  |    pointer   |
|out_V_V53240_write   | out |    1|   ap_fifo  |  out_V_V53240  |    pointer   |
|out_V_V6_din         | out |   16|   ap_fifo  |    out_V_V6    |    pointer   |
|out_V_V6_full_n      |  in |    1|   ap_fifo  |    out_V_V6    |    pointer   |
|out_V_V6_write       | out |    1|   ap_fifo  |    out_V_V6    |    pointer   |
|out_V_V641_din       | out |   16|   ap_fifo  |   out_V_V641   |    pointer   |
|out_V_V641_full_n    |  in |    1|   ap_fifo  |   out_V_V641   |    pointer   |
|out_V_V641_write     | out |    1|   ap_fifo  |   out_V_V641   |    pointer   |
|out_V_V642_din       | out |   16|   ap_fifo  |   out_V_V642   |    pointer   |
|out_V_V642_full_n    |  in |    1|   ap_fifo  |   out_V_V642   |    pointer   |
|out_V_V642_write     | out |    1|   ap_fifo  |   out_V_V642   |    pointer   |
|out_V_V643_din       | out |   16|   ap_fifo  |   out_V_V643   |    pointer   |
|out_V_V643_full_n    |  in |    1|   ap_fifo  |   out_V_V643   |    pointer   |
|out_V_V643_write     | out |    1|   ap_fifo  |   out_V_V643   |    pointer   |
|out_V_V644_din       | out |   16|   ap_fifo  |   out_V_V644   |    pointer   |
|out_V_V644_full_n    |  in |    1|   ap_fifo  |   out_V_V644   |    pointer   |
|out_V_V644_write     | out |    1|   ap_fifo  |   out_V_V644   |    pointer   |
|out_V_V633_din       | out |   16|   ap_fifo  |   out_V_V633   |    pointer   |
|out_V_V633_full_n    |  in |    1|   ap_fifo  |   out_V_V633   |    pointer   |
|out_V_V633_write     | out |    1|   ap_fifo  |   out_V_V633   |    pointer   |
|out_V_V63345_din     | out |   16|   ap_fifo  |  out_V_V63345  |    pointer   |
|out_V_V63345_full_n  |  in |    1|   ap_fifo  |  out_V_V63345  |    pointer   |
|out_V_V63345_write   | out |    1|   ap_fifo  |  out_V_V63345  |    pointer   |
|out_V_V63346_din     | out |   16|   ap_fifo  |  out_V_V63346  |    pointer   |
|out_V_V63346_full_n  |  in |    1|   ap_fifo  |  out_V_V63346  |    pointer   |
|out_V_V63346_write   | out |    1|   ap_fifo  |  out_V_V63346  |    pointer   |
|out_V_V63347_din     | out |   16|   ap_fifo  |  out_V_V63347  |    pointer   |
|out_V_V63347_full_n  |  in |    1|   ap_fifo  |  out_V_V63347  |    pointer   |
|out_V_V63347_write   | out |    1|   ap_fifo  |  out_V_V63347  |    pointer   |
|out_V_V63348_din     | out |   16|   ap_fifo  |  out_V_V63348  |    pointer   |
|out_V_V63348_full_n  |  in |    1|   ap_fifo  |  out_V_V63348  |    pointer   |
|out_V_V63348_write   | out |    1|   ap_fifo  |  out_V_V63348  |    pointer   |
|out_V_V634_din       | out |   16|   ap_fifo  |   out_V_V634   |    pointer   |
|out_V_V634_full_n    |  in |    1|   ap_fifo  |   out_V_V634   |    pointer   |
|out_V_V634_write     | out |    1|   ap_fifo  |   out_V_V634   |    pointer   |
|out_V_V63449_din     | out |   16|   ap_fifo  |  out_V_V63449  |    pointer   |
|out_V_V63449_full_n  |  in |    1|   ap_fifo  |  out_V_V63449  |    pointer   |
|out_V_V63449_write   | out |    1|   ap_fifo  |  out_V_V63449  |    pointer   |
|out_V_V63450_din     | out |   16|   ap_fifo  |  out_V_V63450  |    pointer   |
|out_V_V63450_full_n  |  in |    1|   ap_fifo  |  out_V_V63450  |    pointer   |
|out_V_V63450_write   | out |    1|   ap_fifo  |  out_V_V63450  |    pointer   |
|out_V_V63451_din     | out |   16|   ap_fifo  |  out_V_V63451  |    pointer   |
|out_V_V63451_full_n  |  in |    1|   ap_fifo  |  out_V_V63451  |    pointer   |
|out_V_V63451_write   | out |    1|   ap_fifo  |  out_V_V63451  |    pointer   |
|out_V_V63452_din     | out |   16|   ap_fifo  |  out_V_V63452  |    pointer   |
|out_V_V63452_full_n  |  in |    1|   ap_fifo  |  out_V_V63452  |    pointer   |
|out_V_V63452_write   | out |    1|   ap_fifo  |  out_V_V63452  |    pointer   |
|out_V_V635_din       | out |   16|   ap_fifo  |   out_V_V635   |    pointer   |
|out_V_V635_full_n    |  in |    1|   ap_fifo  |   out_V_V635   |    pointer   |
|out_V_V635_write     | out |    1|   ap_fifo  |   out_V_V635   |    pointer   |
|out_V_V63553_din     | out |   16|   ap_fifo  |  out_V_V63553  |    pointer   |
|out_V_V63553_full_n  |  in |    1|   ap_fifo  |  out_V_V63553  |    pointer   |
|out_V_V63553_write   | out |    1|   ap_fifo  |  out_V_V63553  |    pointer   |
|out_V_V63554_din     | out |   16|   ap_fifo  |  out_V_V63554  |    pointer   |
|out_V_V63554_full_n  |  in |    1|   ap_fifo  |  out_V_V63554  |    pointer   |
|out_V_V63554_write   | out |    1|   ap_fifo  |  out_V_V63554  |    pointer   |
|out_V_V63555_din     | out |   16|   ap_fifo  |  out_V_V63555  |    pointer   |
|out_V_V63555_full_n  |  in |    1|   ap_fifo  |  out_V_V63555  |    pointer   |
|out_V_V63555_write   | out |    1|   ap_fifo  |  out_V_V63555  |    pointer   |
|out_V_V63556_din     | out |   16|   ap_fifo  |  out_V_V63556  |    pointer   |
|out_V_V63556_full_n  |  in |    1|   ap_fifo  |  out_V_V63556  |    pointer   |
|out_V_V63556_write   | out |    1|   ap_fifo  |  out_V_V63556  |    pointer   |
|out_V_V636_din       | out |   16|   ap_fifo  |   out_V_V636   |    pointer   |
|out_V_V636_full_n    |  in |    1|   ap_fifo  |   out_V_V636   |    pointer   |
|out_V_V636_write     | out |    1|   ap_fifo  |   out_V_V636   |    pointer   |
|out_V_V63657_din     | out |   16|   ap_fifo  |  out_V_V63657  |    pointer   |
|out_V_V63657_full_n  |  in |    1|   ap_fifo  |  out_V_V63657  |    pointer   |
|out_V_V63657_write   | out |    1|   ap_fifo  |  out_V_V63657  |    pointer   |
|out_V_V63658_din     | out |   16|   ap_fifo  |  out_V_V63658  |    pointer   |
|out_V_V63658_full_n  |  in |    1|   ap_fifo  |  out_V_V63658  |    pointer   |
|out_V_V63658_write   | out |    1|   ap_fifo  |  out_V_V63658  |    pointer   |
|out_V_V63659_din     | out |   16|   ap_fifo  |  out_V_V63659  |    pointer   |
|out_V_V63659_full_n  |  in |    1|   ap_fifo  |  out_V_V63659  |    pointer   |
|out_V_V63659_write   | out |    1|   ap_fifo  |  out_V_V63659  |    pointer   |
|out_V_V63660_din     | out |   16|   ap_fifo  |  out_V_V63660  |    pointer   |
|out_V_V63660_full_n  |  in |    1|   ap_fifo  |  out_V_V63660  |    pointer   |
|out_V_V63660_write   | out |    1|   ap_fifo  |  out_V_V63660  |    pointer   |
|out_V_V7_din         | out |   16|   ap_fifo  |    out_V_V7    |    pointer   |
|out_V_V7_full_n      |  in |    1|   ap_fifo  |    out_V_V7    |    pointer   |
|out_V_V7_write       | out |    1|   ap_fifo  |    out_V_V7    |    pointer   |
|out_V_V761_din       | out |   16|   ap_fifo  |   out_V_V761   |    pointer   |
|out_V_V761_full_n    |  in |    1|   ap_fifo  |   out_V_V761   |    pointer   |
|out_V_V761_write     | out |    1|   ap_fifo  |   out_V_V761   |    pointer   |
|out_V_V762_din       | out |   16|   ap_fifo  |   out_V_V762   |    pointer   |
|out_V_V762_full_n    |  in |    1|   ap_fifo  |   out_V_V762   |    pointer   |
|out_V_V762_write     | out |    1|   ap_fifo  |   out_V_V762   |    pointer   |
|out_V_V763_din       | out |   16|   ap_fifo  |   out_V_V763   |    pointer   |
|out_V_V763_full_n    |  in |    1|   ap_fifo  |   out_V_V763   |    pointer   |
|out_V_V763_write     | out |    1|   ap_fifo  |   out_V_V763   |    pointer   |
|out_V_V764_din       | out |   16|   ap_fifo  |   out_V_V764   |    pointer   |
|out_V_V764_full_n    |  in |    1|   ap_fifo  |   out_V_V764   |    pointer   |
|out_V_V764_write     | out |    1|   ap_fifo  |   out_V_V764   |    pointer   |
|out_V_V737_din       | out |   16|   ap_fifo  |   out_V_V737   |    pointer   |
|out_V_V737_full_n    |  in |    1|   ap_fifo  |   out_V_V737   |    pointer   |
|out_V_V737_write     | out |    1|   ap_fifo  |   out_V_V737   |    pointer   |
|out_V_V73765_din     | out |   16|   ap_fifo  |  out_V_V73765  |    pointer   |
|out_V_V73765_full_n  |  in |    1|   ap_fifo  |  out_V_V73765  |    pointer   |
|out_V_V73765_write   | out |    1|   ap_fifo  |  out_V_V73765  |    pointer   |
|out_V_V73766_din     | out |   16|   ap_fifo  |  out_V_V73766  |    pointer   |
|out_V_V73766_full_n  |  in |    1|   ap_fifo  |  out_V_V73766  |    pointer   |
|out_V_V73766_write   | out |    1|   ap_fifo  |  out_V_V73766  |    pointer   |
|out_V_V73767_din     | out |   16|   ap_fifo  |  out_V_V73767  |    pointer   |
|out_V_V73767_full_n  |  in |    1|   ap_fifo  |  out_V_V73767  |    pointer   |
|out_V_V73767_write   | out |    1|   ap_fifo  |  out_V_V73767  |    pointer   |
|out_V_V73768_din     | out |   16|   ap_fifo  |  out_V_V73768  |    pointer   |
|out_V_V73768_full_n  |  in |    1|   ap_fifo  |  out_V_V73768  |    pointer   |
|out_V_V73768_write   | out |    1|   ap_fifo  |  out_V_V73768  |    pointer   |
|out_V_V738_din       | out |   16|   ap_fifo  |   out_V_V738   |    pointer   |
|out_V_V738_full_n    |  in |    1|   ap_fifo  |   out_V_V738   |    pointer   |
|out_V_V738_write     | out |    1|   ap_fifo  |   out_V_V738   |    pointer   |
|out_V_V73869_din     | out |   16|   ap_fifo  |  out_V_V73869  |    pointer   |
|out_V_V73869_full_n  |  in |    1|   ap_fifo  |  out_V_V73869  |    pointer   |
|out_V_V73869_write   | out |    1|   ap_fifo  |  out_V_V73869  |    pointer   |
|out_V_V73870_din     | out |   16|   ap_fifo  |  out_V_V73870  |    pointer   |
|out_V_V73870_full_n  |  in |    1|   ap_fifo  |  out_V_V73870  |    pointer   |
|out_V_V73870_write   | out |    1|   ap_fifo  |  out_V_V73870  |    pointer   |
|out_V_V73871_din     | out |   16|   ap_fifo  |  out_V_V73871  |    pointer   |
|out_V_V73871_full_n  |  in |    1|   ap_fifo  |  out_V_V73871  |    pointer   |
|out_V_V73871_write   | out |    1|   ap_fifo  |  out_V_V73871  |    pointer   |
|out_V_V73872_din     | out |   16|   ap_fifo  |  out_V_V73872  |    pointer   |
|out_V_V73872_full_n  |  in |    1|   ap_fifo  |  out_V_V73872  |    pointer   |
|out_V_V73872_write   | out |    1|   ap_fifo  |  out_V_V73872  |    pointer   |
|out_V_V739_din       | out |   16|   ap_fifo  |   out_V_V739   |    pointer   |
|out_V_V739_full_n    |  in |    1|   ap_fifo  |   out_V_V739   |    pointer   |
|out_V_V739_write     | out |    1|   ap_fifo  |   out_V_V739   |    pointer   |
|out_V_V73973_din     | out |   16|   ap_fifo  |  out_V_V73973  |    pointer   |
|out_V_V73973_full_n  |  in |    1|   ap_fifo  |  out_V_V73973  |    pointer   |
|out_V_V73973_write   | out |    1|   ap_fifo  |  out_V_V73973  |    pointer   |
|out_V_V73974_din     | out |   16|   ap_fifo  |  out_V_V73974  |    pointer   |
|out_V_V73974_full_n  |  in |    1|   ap_fifo  |  out_V_V73974  |    pointer   |
|out_V_V73974_write   | out |    1|   ap_fifo  |  out_V_V73974  |    pointer   |
|out_V_V73975_din     | out |   16|   ap_fifo  |  out_V_V73975  |    pointer   |
|out_V_V73975_full_n  |  in |    1|   ap_fifo  |  out_V_V73975  |    pointer   |
|out_V_V73975_write   | out |    1|   ap_fifo  |  out_V_V73975  |    pointer   |
|out_V_V73976_din     | out |   16|   ap_fifo  |  out_V_V73976  |    pointer   |
|out_V_V73976_full_n  |  in |    1|   ap_fifo  |  out_V_V73976  |    pointer   |
|out_V_V73976_write   | out |    1|   ap_fifo  |  out_V_V73976  |    pointer   |
|out_V_V740_din       | out |   16|   ap_fifo  |   out_V_V740   |    pointer   |
|out_V_V740_full_n    |  in |    1|   ap_fifo  |   out_V_V740   |    pointer   |
|out_V_V740_write     | out |    1|   ap_fifo  |   out_V_V740   |    pointer   |
|out_V_V74077_din     | out |   16|   ap_fifo  |  out_V_V74077  |    pointer   |
|out_V_V74077_full_n  |  in |    1|   ap_fifo  |  out_V_V74077  |    pointer   |
|out_V_V74077_write   | out |    1|   ap_fifo  |  out_V_V74077  |    pointer   |
|out_V_V74078_din     | out |   16|   ap_fifo  |  out_V_V74078  |    pointer   |
|out_V_V74078_full_n  |  in |    1|   ap_fifo  |  out_V_V74078  |    pointer   |
|out_V_V74078_write   | out |    1|   ap_fifo  |  out_V_V74078  |    pointer   |
|out_V_V74079_din     | out |   16|   ap_fifo  |  out_V_V74079  |    pointer   |
|out_V_V74079_full_n  |  in |    1|   ap_fifo  |  out_V_V74079  |    pointer   |
|out_V_V74079_write   | out |    1|   ap_fifo  |  out_V_V74079  |    pointer   |
|out_V_V74080_din     | out |   16|   ap_fifo  |  out_V_V74080  |    pointer   |
|out_V_V74080_full_n  |  in |    1|   ap_fifo  |  out_V_V74080  |    pointer   |
|out_V_V74080_write   | out |    1|   ap_fifo  |  out_V_V74080  |    pointer   |
+---------------------+-----+-----+------------+----------------+--------------+

