

================================================================
== Vivado HLS Report for 'Conv_0_conv337'
================================================================
* Date:           Sat Feb 15 07:51:24 2025

* Version:        2019.2 (Build 2704478 on Wed Nov 06 22:10:23 MST 2019)
* Project:        partition_0
* Solution:       solution
* Product family: zynq
* Target device:  xc7z020-clg484-1


================================================================
== Performance Estimates
================================================================
+ Timing: 
    * Summary: 
    +--------+---------+----------+------------+
    |  Clock |  Target | Estimated| Uncertainty|
    +--------+---------+----------+------------+
    |ap_clk  | 5.00 ns | 6.562 ns |   0.62 ns  |
    +--------+---------+----------+------------+

+ Latency: 
    * Summary: 
    +---------+---------+----------+----------+-----+-----+---------+
    |  Latency (cycles) |  Latency (absolute) |  Interval | Pipeline|
    |   min   |   max   |    min   |    max   | min | max |   Type  |
    +---------+---------+----------+----------+-----+-----+---------+
    |        ?|        ?|         ?|         ?|    ?|    ?|   none  |
    +---------+---------+----------+----------+-----+-----+---------+

    + Detail: 
        * Instance: 
        +--------------------+---------+---------+---------+----------+----------+-----+-----+----------+
        |                    |         |  Latency (cycles) |  Latency (absolute) |  Interval | Pipeline |
        |      Instance      |  Module |   min   |   max   |    min   |    max   | min | max |   Type   |
        +--------------------+---------+---------+---------+----------+----------+-----+-----+----------+
        |grp_conv509_fu_150  |conv509  |        ?|        ?|         ?|         ?|    ?|    ?| dataflow |
        +--------------------+---------+---------+---------+----------+----------+-----+-----+----------+

        * Loop: 
        N/A



================================================================
== Utilization Estimates
================================================================
* Summary: 
+-----------------+---------+-------+---------+---------+-----+
|       Name      | BRAM_18K| DSP48E|    FF   |   LUT   | URAM|
+-----------------+---------+-------+---------+---------+-----+
|DSP              |        -|      -|        -|        -|    -|
|Expression       |        -|      -|        0|        6|    -|
|FIFO             |        -|      -|        -|        -|    -|
|Instance         |    10656|  15240|  7482086|  2840937|    -|
|Memory           |        -|      -|        -|        -|    -|
|Multiplexer      |        -|      -|        -|      258|    -|
|Register         |        -|      -|        6|        -|    -|
+-----------------+---------+-------+---------+---------+-----+
|Total            |    10656|  15240|  7482092|  2841201|    0|
+-----------------+---------+-------+---------+---------+-----+
|Available        |      280|    220|   106400|    53200|    0|
+-----------------+---------+-------+---------+---------+-----+
|Utilization (%)  |     3805|   6927|     7032|     5340|    0|
+-----------------+---------+-------+---------+---------+-----+

+ Detail: 
    * Instance: 
    +--------------------+---------+---------+-------+---------+---------+-----+
    |      Instance      |  Module | BRAM_18K| DSP48E|    FF   |   LUT   | URAM|
    +--------------------+---------+---------+-------+---------+---------+-----+
    |grp_conv509_fu_150  |conv509  |    10656|  15240|  7482086|  2840937|    0|
    +--------------------+---------+---------+-------+---------+---------+-----+
    |Total               |         |    10656|  15240|  7482086|  2840937|    0|
    +--------------------+---------+---------+-------+---------+---------+-----+

    * DSP48E: 
    N/A

    * Memory: 
    N/A

    * FIFO: 
    N/A

    * Expression: 
    +-------------------------------------+----------+-------+---+----+------------+------------+
    |            Variable Name            | Operation| DSP48E| FF| LUT| Bitwidth P0| Bitwidth P1|
    +-------------------------------------+----------+-------+---+----+------------+------------+
    |ap_block_state1                      |    or    |      0|  0|   2|           1|           1|
    |ap_sync_grp_conv509_fu_150_ap_done   |    or    |      0|  0|   2|           1|           1|
    |ap_sync_grp_conv509_fu_150_ap_ready  |    or    |      0|  0|   2|           1|           1|
    +-------------------------------------+----------+-------+---+----+------------+------------+
    |Total                                |          |      0|  0|   6|           3|           3|
    +-------------------------------------+----------+-------+---+----+------------+------------+

    * Multiplexer: 
    +-------------------+----+-----------+-----+-----------+
    |        Name       | LUT| Input Size| Bits| Total Bits|
    +-------------------+----+-----------+-----+-----------+
    |ap_NS_fsm          |  15|          3|    1|          3|
    |ap_done            |   9|          2|    1|          2|
    |in_V_V4120_read    |   9|          2|    1|          2|
    |in_V_V4121_read    |   9|          2|    1|          2|
    |in_V_V4122_read    |   9|          2|    1|          2|
    |in_V_V4123_read    |   9|          2|    1|          2|
    |in_V_V424124_read  |   9|          2|    1|          2|
    |in_V_V424125_read  |   9|          2|    1|          2|
    |in_V_V424126_read  |   9|          2|    1|          2|
    |in_V_V424127_read  |   9|          2|    1|          2|
    |in_V_V424_read     |   9|          2|    1|          2|
    |in_V_V425128_read  |   9|          2|    1|          2|
    |in_V_V425129_read  |   9|          2|    1|          2|
    |in_V_V425130_read  |   9|          2|    1|          2|
    |in_V_V425131_read  |   9|          2|    1|          2|
    |in_V_V425_read     |   9|          2|    1|          2|
    |in_V_V426132_read  |   9|          2|    1|          2|
    |in_V_V426133_read  |   9|          2|    1|          2|
    |in_V_V426134_read  |   9|          2|    1|          2|
    |in_V_V426135_read  |   9|          2|    1|          2|
    |in_V_V426_read     |   9|          2|    1|          2|
    |in_V_V427136_read  |   9|          2|    1|          2|
    |in_V_V427137_read  |   9|          2|    1|          2|
    |in_V_V427138_read  |   9|          2|    1|          2|
    |in_V_V427139_read  |   9|          2|    1|          2|
    |in_V_V427_read     |   9|          2|    1|          2|
    |in_V_V4_read       |   9|          2|    1|          2|
    |out_V_V7_write     |   9|          2|    1|          2|
    +-------------------+----+-----------+-----+-----------+
    |Total              | 258|         57|   28|         57|
    +-------------------+----+-----------+-----+-----------+

    * Register: 
    +-----------------------------------------+---+----+-----+-----------+
    |                   Name                  | FF| LUT| Bits| Const Bits|
    +-----------------------------------------+---+----+-----+-----------+
    |ap_CS_fsm                                |  2|   0|    2|          0|
    |ap_done_reg                              |  1|   0|    1|          0|
    |ap_sync_reg_grp_conv509_fu_150_ap_done   |  1|   0|    1|          0|
    |ap_sync_reg_grp_conv509_fu_150_ap_ready  |  1|   0|    1|          0|
    |grp_conv509_fu_150_ap_start_reg          |  1|   0|    1|          0|
    +-----------------------------------------+---+----+-----+-----------+
    |Total                                    |  6|   0|    6|          0|
    +-----------------------------------------+---+----+-----+-----------+



================================================================
== Interface
================================================================
* Summary: 
+------------------------+-----+-----+------------+----------------+--------------+
|        RTL Ports       | Dir | Bits|  Protocol  |  Source Object |    C Type    |
+------------------------+-----+-----+------------+----------------+--------------+
|ap_clk                  |  in |    1| ap_ctrl_hs | Conv_0_conv337 | return value |
|ap_rst                  |  in |    1| ap_ctrl_hs | Conv_0_conv337 | return value |
|ap_start                |  in |    1| ap_ctrl_hs | Conv_0_conv337 | return value |
|ap_done                 | out |    1| ap_ctrl_hs | Conv_0_conv337 | return value |
|ap_continue             |  in |    1| ap_ctrl_hs | Conv_0_conv337 | return value |
|ap_idle                 | out |    1| ap_ctrl_hs | Conv_0_conv337 | return value |
|ap_ready                | out |    1| ap_ctrl_hs | Conv_0_conv337 | return value |
|weights_V1525_address0  | out |    2|  ap_stable |  weights_V1525 |     array    |
|weights_V1525_ce0       | out |    1|  ap_stable |  weights_V1525 |     array    |
|weights_V1525_q0        |  in |   16|  ap_stable |  weights_V1525 |     array    |
|weights_V1526_address0  | out |    2|  ap_stable |  weights_V1526 |     array    |
|weights_V1526_ce0       | out |    1|  ap_stable |  weights_V1526 |     array    |
|weights_V1526_q0        |  in |   16|  ap_stable |  weights_V1526 |     array    |
|weights_V1527_address0  | out |    2|  ap_stable |  weights_V1527 |     array    |
|weights_V1527_ce0       | out |    1|  ap_stable |  weights_V1527 |     array    |
|weights_V1527_q0        |  in |   16|  ap_stable |  weights_V1527 |     array    |
|weights_V1528_address0  | out |    2|  ap_stable |  weights_V1528 |     array    |
|weights_V1528_ce0       | out |    1|  ap_stable |  weights_V1528 |     array    |
|weights_V1528_q0        |  in |   16|  ap_stable |  weights_V1528 |     array    |
|weights_V1529_address0  | out |    2|  ap_stable |  weights_V1529 |     array    |
|weights_V1529_ce0       | out |    1|  ap_stable |  weights_V1529 |     array    |
|weights_V1529_q0        |  in |   16|  ap_stable |  weights_V1529 |     array    |
|weights_V1630_address0  | out |    2|  ap_stable |  weights_V1630 |     array    |
|weights_V1630_ce0       | out |    1|  ap_stable |  weights_V1630 |     array    |
|weights_V1630_q0        |  in |   16|  ap_stable |  weights_V1630 |     array    |
|weights_V1631_address0  | out |    2|  ap_stable |  weights_V1631 |     array    |
|weights_V1631_ce0       | out |    1|  ap_stable |  weights_V1631 |     array    |
|weights_V1631_q0        |  in |   16|  ap_stable |  weights_V1631 |     array    |
|weights_V1632_address0  | out |    2|  ap_stable |  weights_V1632 |     array    |
|weights_V1632_ce0       | out |    1|  ap_stable |  weights_V1632 |     array    |
|weights_V1632_q0        |  in |   16|  ap_stable |  weights_V1632 |     array    |
|weights_V1633_address0  | out |    2|  ap_stable |  weights_V1633 |     array    |
|weights_V1633_ce0       | out |    1|  ap_stable |  weights_V1633 |     array    |
|weights_V1633_q0        |  in |   16|  ap_stable |  weights_V1633 |     array    |
|weights_V1634_address0  | out |    2|  ap_stable |  weights_V1634 |     array    |
|weights_V1634_ce0       | out |    1|  ap_stable |  weights_V1634 |     array    |
|weights_V1634_q0        |  in |   16|  ap_stable |  weights_V1634 |     array    |
|weights_V1735_address0  | out |    2|  ap_stable |  weights_V1735 |     array    |
|weights_V1735_ce0       | out |    1|  ap_stable |  weights_V1735 |     array    |
|weights_V1735_q0        |  in |   16|  ap_stable |  weights_V1735 |     array    |
|weights_V1736_address0  | out |    2|  ap_stable |  weights_V1736 |     array    |
|weights_V1736_ce0       | out |    1|  ap_stable |  weights_V1736 |     array    |
|weights_V1736_q0        |  in |   16|  ap_stable |  weights_V1736 |     array    |
|weights_V1737_address0  | out |    2|  ap_stable |  weights_V1737 |     array    |
|weights_V1737_ce0       | out |    1|  ap_stable |  weights_V1737 |     array    |
|weights_V1737_q0        |  in |   16|  ap_stable |  weights_V1737 |     array    |
|weights_V1738_address0  | out |    2|  ap_stable |  weights_V1738 |     array    |
|weights_V1738_ce0       | out |    1|  ap_stable |  weights_V1738 |     array    |
|weights_V1738_q0        |  in |   16|  ap_stable |  weights_V1738 |     array    |
|weights_V1739_address0  | out |    2|  ap_stable |  weights_V1739 |     array    |
|weights_V1739_ce0       | out |    1|  ap_stable |  weights_V1739 |     array    |
|weights_V1739_q0        |  in |   16|  ap_stable |  weights_V1739 |     array    |
|weights_V1840_address0  | out |    2|  ap_stable |  weights_V1840 |     array    |
|weights_V1840_ce0       | out |    1|  ap_stable |  weights_V1840 |     array    |
|weights_V1840_q0        |  in |   16|  ap_stable |  weights_V1840 |     array    |
|weights_V1841_address0  | out |    2|  ap_stable |  weights_V1841 |     array    |
|weights_V1841_ce0       | out |    1|  ap_stable |  weights_V1841 |     array    |
|weights_V1841_q0        |  in |   16|  ap_stable |  weights_V1841 |     array    |
|weights_V1842_address0  | out |    2|  ap_stable |  weights_V1842 |     array    |
|weights_V1842_ce0       | out |    1|  ap_stable |  weights_V1842 |     array    |
|weights_V1842_q0        |  in |   16|  ap_stable |  weights_V1842 |     array    |
|weights_V1843_address0  | out |    2|  ap_stable |  weights_V1843 |     array    |
|weights_V1843_ce0       | out |    1|  ap_stable |  weights_V1843 |     array    |
|weights_V1843_q0        |  in |   16|  ap_stable |  weights_V1843 |     array    |
|weights_V1844_address0  | out |    2|  ap_stable |  weights_V1844 |     array    |
|weights_V1844_ce0       | out |    1|  ap_stable |  weights_V1844 |     array    |
|weights_V1844_q0        |  in |   16|  ap_stable |  weights_V1844 |     array    |
|weights_V1945_address0  | out |    2|  ap_stable |  weights_V1945 |     array    |
|weights_V1945_ce0       | out |    1|  ap_stable |  weights_V1945 |     array    |
|weights_V1945_q0        |  in |   16|  ap_stable |  weights_V1945 |     array    |
|weights_V1946_address0  | out |    2|  ap_stable |  weights_V1946 |     array    |
|weights_V1946_ce0       | out |    1|  ap_stable |  weights_V1946 |     array    |
|weights_V1946_q0        |  in |   16|  ap_stable |  weights_V1946 |     array    |
|weights_V1947_address0  | out |    2|  ap_stable |  weights_V1947 |     array    |
|weights_V1947_ce0       | out |    1|  ap_stable |  weights_V1947 |     array    |
|weights_V1947_q0        |  in |   16|  ap_stable |  weights_V1947 |     array    |
|weights_V1948_address0  | out |    2|  ap_stable |  weights_V1948 |     array    |
|weights_V1948_ce0       | out |    1|  ap_stable |  weights_V1948 |     array    |
|weights_V1948_q0        |  in |   16|  ap_stable |  weights_V1948 |     array    |
|weights_V1949_address0  | out |    2|  ap_stable |  weights_V1949 |     array    |
|weights_V1949_ce0       | out |    1|  ap_stable |  weights_V1949 |     array    |
|weights_V1949_q0        |  in |   16|  ap_stable |  weights_V1949 |     array    |
|in_V_V4_dout            |  in |   16|   ap_fifo  |     in_V_V4    |    pointer   |
|in_V_V4_empty_n         |  in |    1|   ap_fifo  |     in_V_V4    |    pointer   |
|in_V_V4_read            | out |    1|   ap_fifo  |     in_V_V4    |    pointer   |
|in_V_V4120_dout         |  in |   16|   ap_fifo  |   in_V_V4120   |    pointer   |
|in_V_V4120_empty_n      |  in |    1|   ap_fifo  |   in_V_V4120   |    pointer   |
|in_V_V4120_read         | out |    1|   ap_fifo  |   in_V_V4120   |    pointer   |
|in_V_V4121_dout         |  in |   16|   ap_fifo  |   in_V_V4121   |    pointer   |
|in_V_V4121_empty_n      |  in |    1|   ap_fifo  |   in_V_V4121   |    pointer   |
|in_V_V4121_read         | out |    1|   ap_fifo  |   in_V_V4121   |    pointer   |
|in_V_V4122_dout         |  in |   16|   ap_fifo  |   in_V_V4122   |    pointer   |
|in_V_V4122_empty_n      |  in |    1|   ap_fifo  |   in_V_V4122   |    pointer   |
|in_V_V4122_read         | out |    1|   ap_fifo  |   in_V_V4122   |    pointer   |
|in_V_V4123_dout         |  in |   16|   ap_fifo  |   in_V_V4123   |    pointer   |
|in_V_V4123_empty_n      |  in |    1|   ap_fifo  |   in_V_V4123   |    pointer   |
|in_V_V4123_read         | out |    1|   ap_fifo  |   in_V_V4123   |    pointer   |
|in_V_V424_dout          |  in |   16|   ap_fifo  |    in_V_V424   |    pointer   |
|in_V_V424_empty_n       |  in |    1|   ap_fifo  |    in_V_V424   |    pointer   |
|in_V_V424_read          | out |    1|   ap_fifo  |    in_V_V424   |    pointer   |
|in_V_V424124_dout       |  in |   16|   ap_fifo  |  in_V_V424124  |    pointer   |
|in_V_V424124_empty_n    |  in |    1|   ap_fifo  |  in_V_V424124  |    pointer   |
|in_V_V424124_read       | out |    1|   ap_fifo  |  in_V_V424124  |    pointer   |
|in_V_V424125_dout       |  in |   16|   ap_fifo  |  in_V_V424125  |    pointer   |
|in_V_V424125_empty_n    |  in |    1|   ap_fifo  |  in_V_V424125  |    pointer   |
|in_V_V424125_read       | out |    1|   ap_fifo  |  in_V_V424125  |    pointer   |
|in_V_V424126_dout       |  in |   16|   ap_fifo  |  in_V_V424126  |    pointer   |
|in_V_V424126_empty_n    |  in |    1|   ap_fifo  |  in_V_V424126  |    pointer   |
|in_V_V424126_read       | out |    1|   ap_fifo  |  in_V_V424126  |    pointer   |
|in_V_V424127_dout       |  in |   16|   ap_fifo  |  in_V_V424127  |    pointer   |
|in_V_V424127_empty_n    |  in |    1|   ap_fifo  |  in_V_V424127  |    pointer   |
|in_V_V424127_read       | out |    1|   ap_fifo  |  in_V_V424127  |    pointer   |
|in_V_V425_dout          |  in |   16|   ap_fifo  |    in_V_V425   |    pointer   |
|in_V_V425_empty_n       |  in |    1|   ap_fifo  |    in_V_V425   |    pointer   |
|in_V_V425_read          | out |    1|   ap_fifo  |    in_V_V425   |    pointer   |
|in_V_V425128_dout       |  in |   16|   ap_fifo  |  in_V_V425128  |    pointer   |
|in_V_V425128_empty_n    |  in |    1|   ap_fifo  |  in_V_V425128  |    pointer   |
|in_V_V425128_read       | out |    1|   ap_fifo  |  in_V_V425128  |    pointer   |
|in_V_V425129_dout       |  in |   16|   ap_fifo  |  in_V_V425129  |    pointer   |
|in_V_V425129_empty_n    |  in |    1|   ap_fifo  |  in_V_V425129  |    pointer   |
|in_V_V425129_read       | out |    1|   ap_fifo  |  in_V_V425129  |    pointer   |
|in_V_V425130_dout       |  in |   16|   ap_fifo  |  in_V_V425130  |    pointer   |
|in_V_V425130_empty_n    |  in |    1|   ap_fifo  |  in_V_V425130  |    pointer   |
|in_V_V425130_read       | out |    1|   ap_fifo  |  in_V_V425130  |    pointer   |
|in_V_V425131_dout       |  in |   16|   ap_fifo  |  in_V_V425131  |    pointer   |
|in_V_V425131_empty_n    |  in |    1|   ap_fifo  |  in_V_V425131  |    pointer   |
|in_V_V425131_read       | out |    1|   ap_fifo  |  in_V_V425131  |    pointer   |
|in_V_V426_dout          |  in |   16|   ap_fifo  |    in_V_V426   |    pointer   |
|in_V_V426_empty_n       |  in |    1|   ap_fifo  |    in_V_V426   |    pointer   |
|in_V_V426_read          | out |    1|   ap_fifo  |    in_V_V426   |    pointer   |
|in_V_V426132_dout       |  in |   16|   ap_fifo  |  in_V_V426132  |    pointer   |
|in_V_V426132_empty_n    |  in |    1|   ap_fifo  |  in_V_V426132  |    pointer   |
|in_V_V426132_read       | out |    1|   ap_fifo  |  in_V_V426132  |    pointer   |
|in_V_V426133_dout       |  in |   16|   ap_fifo  |  in_V_V426133  |    pointer   |
|in_V_V426133_empty_n    |  in |    1|   ap_fifo  |  in_V_V426133  |    pointer   |
|in_V_V426133_read       | out |    1|   ap_fifo  |  in_V_V426133  |    pointer   |
|in_V_V426134_dout       |  in |   16|   ap_fifo  |  in_V_V426134  |    pointer   |
|in_V_V426134_empty_n    |  in |    1|   ap_fifo  |  in_V_V426134  |    pointer   |
|in_V_V426134_read       | out |    1|   ap_fifo  |  in_V_V426134  |    pointer   |
|in_V_V426135_dout       |  in |   16|   ap_fifo  |  in_V_V426135  |    pointer   |
|in_V_V426135_empty_n    |  in |    1|   ap_fifo  |  in_V_V426135  |    pointer   |
|in_V_V426135_read       | out |    1|   ap_fifo  |  in_V_V426135  |    pointer   |
|in_V_V427_dout          |  in |   16|   ap_fifo  |    in_V_V427   |    pointer   |
|in_V_V427_empty_n       |  in |    1|   ap_fifo  |    in_V_V427   |    pointer   |
|in_V_V427_read          | out |    1|   ap_fifo  |    in_V_V427   |    pointer   |
|in_V_V427136_dout       |  in |   16|   ap_fifo  |  in_V_V427136  |    pointer   |
|in_V_V427136_empty_n    |  in |    1|   ap_fifo  |  in_V_V427136  |    pointer   |
|in_V_V427136_read       | out |    1|   ap_fifo  |  in_V_V427136  |    pointer   |
|in_V_V427137_dout       |  in |   16|   ap_fifo  |  in_V_V427137  |    pointer   |
|in_V_V427137_empty_n    |  in |    1|   ap_fifo  |  in_V_V427137  |    pointer   |
|in_V_V427137_read       | out |    1|   ap_fifo  |  in_V_V427137  |    pointer   |
|in_V_V427138_dout       |  in |   16|   ap_fifo  |  in_V_V427138  |    pointer   |
|in_V_V427138_empty_n    |  in |    1|   ap_fifo  |  in_V_V427138  |    pointer   |
|in_V_V427138_read       | out |    1|   ap_fifo  |  in_V_V427138  |    pointer   |
|in_V_V427139_dout       |  in |   16|   ap_fifo  |  in_V_V427139  |    pointer   |
|in_V_V427139_empty_n    |  in |    1|   ap_fifo  |  in_V_V427139  |    pointer   |
|in_V_V427139_read       | out |    1|   ap_fifo  |  in_V_V427139  |    pointer   |
|out_V_V7_din            | out |   30|   ap_fifo  |    out_V_V7    |    pointer   |
|out_V_V7_full_n         |  in |    1|   ap_fifo  |    out_V_V7    |    pointer   |
|out_V_V7_write          | out |    1|   ap_fifo  |    out_V_V7    |    pointer   |
+------------------------+-----+-----+------------+----------------+--------------+

