

================================================================
== Vivado HLS Report for 'Conv_0_conv338'
================================================================
* Date:           Sat Feb 15 07:53:35 2025

* Version:        2019.2 (Build 2704478 on Wed Nov 06 22:10:23 MST 2019)
* Project:        partition_0
* Solution:       solution
* Product family: zynq
* Target device:  xc7z020-clg484-1


================================================================
== Performance Estimates
================================================================
+ Timing: 
    * Summary: 
    +--------+---------+----------+------------+
    |  Clock |  Target | Estimated| Uncertainty|
    +--------+---------+----------+------------+
    |ap_clk  | 5.00 ns | 6.562 ns |   0.62 ns  |
    +--------+---------+----------+------------+

+ Latency: 
    * Summary: 
    +---------+---------+----------+----------+-----+-----+---------+
    |  Latency (cycles) |  Latency (absolute) |  Interval | Pipeline|
    |   min   |   max   |    min   |    max   | min | max |   Type  |
    +---------+---------+----------+----------+-----+-----+---------+
    |        ?|        ?|         ?|         ?|    ?|    ?|   none  |
    +---------+---------+----------+----------+-----+-----+---------+

    + Detail: 
        * Instance: 
        +--------------------+---------+---------+---------+----------+----------+-----+-----+----------+
        |                    |         |  Latency (cycles) |  Latency (absolute) |  Interval | Pipeline |
        |      Instance      |  Module |   min   |   max   |    min   |    max   | min | max |   Type   |
        +--------------------+---------+---------+---------+----------+----------+-----+-----+----------+
        |grp_conv507_fu_150  |conv507  |        ?|        ?|         ?|         ?|    ?|    ?| dataflow |
        +--------------------+---------+---------+---------+----------+----------+-----+-----+----------+

        * Loop: 
        N/A



================================================================
== Utilization Estimates
================================================================
* Summary: 
+-----------------+---------+-------+---------+---------+-----+
|       Name      | BRAM_18K| DSP48E|    FF   |   LUT   | URAM|
+-----------------+---------+-------+---------+---------+-----+
|DSP              |        -|      -|        -|        -|    -|
|Expression       |        -|      -|        0|        6|    -|
|FIFO             |        -|      -|        -|        -|    -|
|Instance         |    10656|  15240|  7482086|  2840937|    -|
|Memory           |        -|      -|        -|        -|    -|
|Multiplexer      |        -|      -|        -|      258|    -|
|Register         |        -|      -|        6|        -|    -|
+-----------------+---------+-------+---------+---------+-----+
|Total            |    10656|  15240|  7482092|  2841201|    0|
+-----------------+---------+-------+---------+---------+-----+
|Available        |      280|    220|   106400|    53200|    0|
+-----------------+---------+-------+---------+---------+-----+
|Utilization (%)  |     3805|   6927|     7032|     5340|    0|
+-----------------+---------+-------+---------+---------+-----+

+ Detail: 
    * Instance: 
    +--------------------+---------+---------+-------+---------+---------+-----+
    |      Instance      |  Module | BRAM_18K| DSP48E|    FF   |   LUT   | URAM|
    +--------------------+---------+---------+-------+---------+---------+-----+
    |grp_conv507_fu_150  |conv507  |    10656|  15240|  7482086|  2840937|    0|
    +--------------------+---------+---------+-------+---------+---------+-----+
    |Total               |         |    10656|  15240|  7482086|  2840937|    0|
    +--------------------+---------+---------+-------+---------+---------+-----+

    * DSP48E: 
    N/A

    * Memory: 
    N/A

    * FIFO: 
    N/A

    * Expression: 
    +-------------------------------------+----------+-------+---+----+------------+------------+
    |            Variable Name            | Operation| DSP48E| FF| LUT| Bitwidth P0| Bitwidth P1|
    +-------------------------------------+----------+-------+---+----+------------+------------+
    |ap_block_state1                      |    or    |      0|  0|   2|           1|           1|
    |ap_sync_grp_conv507_fu_150_ap_done   |    or    |      0|  0|   2|           1|           1|
    |ap_sync_grp_conv507_fu_150_ap_ready  |    or    |      0|  0|   2|           1|           1|
    +-------------------------------------+----------+-------+---+----+------------+------------+
    |Total                                |          |      0|  0|   6|           3|           3|
    +-------------------------------------+----------+-------+---+----+------------+------------+

    * Multiplexer: 
    +-------------------+----+-----------+-----+-----------+
    |        Name       | LUT| Input Size| Bits| Total Bits|
    +-------------------+----+-----------+-----+-----------+
    |ap_NS_fsm          |  15|          3|    1|          3|
    |ap_done            |   9|          2|    1|          2|
    |in_V_V5140_read    |   9|          2|    1|          2|
    |in_V_V5141_read    |   9|          2|    1|          2|
    |in_V_V5142_read    |   9|          2|    1|          2|
    |in_V_V5143_read    |   9|          2|    1|          2|
    |in_V_V528144_read  |   9|          2|    1|          2|
    |in_V_V528145_read  |   9|          2|    1|          2|
    |in_V_V528146_read  |   9|          2|    1|          2|
    |in_V_V528147_read  |   9|          2|    1|          2|
    |in_V_V528_read     |   9|          2|    1|          2|
    |in_V_V529148_read  |   9|          2|    1|          2|
    |in_V_V529149_read  |   9|          2|    1|          2|
    |in_V_V529150_read  |   9|          2|    1|          2|
    |in_V_V529151_read  |   9|          2|    1|          2|
    |in_V_V529_read     |   9|          2|    1|          2|
    |in_V_V530152_read  |   9|          2|    1|          2|
    |in_V_V530153_read  |   9|          2|    1|          2|
    |in_V_V530154_read  |   9|          2|    1|          2|
    |in_V_V530155_read  |   9|          2|    1|          2|
    |in_V_V530_read     |   9|          2|    1|          2|
    |in_V_V531156_read  |   9|          2|    1|          2|
    |in_V_V531157_read  |   9|          2|    1|          2|
    |in_V_V531158_read  |   9|          2|    1|          2|
    |in_V_V531159_read  |   9|          2|    1|          2|
    |in_V_V531_read     |   9|          2|    1|          2|
    |in_V_V5_read       |   9|          2|    1|          2|
    |out_V_V8_write     |   9|          2|    1|          2|
    +-------------------+----+-----------+-----+-----------+
    |Total              | 258|         57|   28|         57|
    +-------------------+----+-----------+-----+-----------+

    * Register: 
    +-----------------------------------------+---+----+-----+-----------+
    |                   Name                  | FF| LUT| Bits| Const Bits|
    +-----------------------------------------+---+----+-----+-----------+
    |ap_CS_fsm                                |  2|   0|    2|          0|
    |ap_done_reg                              |  1|   0|    1|          0|
    |ap_sync_reg_grp_conv507_fu_150_ap_done   |  1|   0|    1|          0|
    |ap_sync_reg_grp_conv507_fu_150_ap_ready  |  1|   0|    1|          0|
    |grp_conv507_fu_150_ap_start_reg          |  1|   0|    1|          0|
    +-----------------------------------------+---+----+-----+-----------+
    |Total                                    |  6|   0|    6|          0|
    +-----------------------------------------+---+----+-----+-----------+



================================================================
== Interface
================================================================
* Summary: 
+-------------------------+-----+-----+------------+----------------+--------------+
|        RTL Ports        | Dir | Bits|  Protocol  |  Source Object |    C Type    |
+-------------------------+-----+-----+------------+----------------+--------------+
|ap_clk                   |  in |    1| ap_ctrl_hs | Conv_0_conv338 | return value |
|ap_rst                   |  in |    1| ap_ctrl_hs | Conv_0_conv338 | return value |
|ap_start                 |  in |    1| ap_ctrl_hs | Conv_0_conv338 | return value |
|ap_done                  | out |    1| ap_ctrl_hs | Conv_0_conv338 | return value |
|ap_continue              |  in |    1| ap_ctrl_hs | Conv_0_conv338 | return value |
|ap_idle                  | out |    1| ap_ctrl_hs | Conv_0_conv338 | return value |
|ap_ready                 | out |    1| ap_ctrl_hs | Conv_0_conv338 | return value |
|weights_V21050_address0  | out |    2|  ap_stable | weights_V21050 |     array    |
|weights_V21050_ce0       | out |    1|  ap_stable | weights_V21050 |     array    |
|weights_V21050_q0        |  in |   16|  ap_stable | weights_V21050 |     array    |
|weights_V21051_address0  | out |    2|  ap_stable | weights_V21051 |     array    |
|weights_V21051_ce0       | out |    1|  ap_stable | weights_V21051 |     array    |
|weights_V21051_q0        |  in |   16|  ap_stable | weights_V21051 |     array    |
|weights_V21052_address0  | out |    2|  ap_stable | weights_V21052 |     array    |
|weights_V21052_ce0       | out |    1|  ap_stable | weights_V21052 |     array    |
|weights_V21052_q0        |  in |   16|  ap_stable | weights_V21052 |     array    |
|weights_V21053_address0  | out |    2|  ap_stable | weights_V21053 |     array    |
|weights_V21053_ce0       | out |    1|  ap_stable | weights_V21053 |     array    |
|weights_V21053_q0        |  in |   16|  ap_stable | weights_V21053 |     array    |
|weights_V21054_address0  | out |    2|  ap_stable | weights_V21054 |     array    |
|weights_V21054_ce0       | out |    1|  ap_stable | weights_V21054 |     array    |
|weights_V21054_q0        |  in |   16|  ap_stable | weights_V21054 |     array    |
|weights_V21155_address0  | out |    2|  ap_stable | weights_V21155 |     array    |
|weights_V21155_ce0       | out |    1|  ap_stable | weights_V21155 |     array    |
|weights_V21155_q0        |  in |   16|  ap_stable | weights_V21155 |     array    |
|weights_V21156_address0  | out |    2|  ap_stable | weights_V21156 |     array    |
|weights_V21156_ce0       | out |    1|  ap_stable | weights_V21156 |     array    |
|weights_V21156_q0        |  in |   16|  ap_stable | weights_V21156 |     array    |
|weights_V21157_address0  | out |    2|  ap_stable | weights_V21157 |     array    |
|weights_V21157_ce0       | out |    1|  ap_stable | weights_V21157 |     array    |
|weights_V21157_q0        |  in |   16|  ap_stable | weights_V21157 |     array    |
|weights_V21158_address0  | out |    2|  ap_stable | weights_V21158 |     array    |
|weights_V21158_ce0       | out |    1|  ap_stable | weights_V21158 |     array    |
|weights_V21158_q0        |  in |   16|  ap_stable | weights_V21158 |     array    |
|weights_V21159_address0  | out |    2|  ap_stable | weights_V21159 |     array    |
|weights_V21159_ce0       | out |    1|  ap_stable | weights_V21159 |     array    |
|weights_V21159_q0        |  in |   16|  ap_stable | weights_V21159 |     array    |
|weights_V21260_address0  | out |    2|  ap_stable | weights_V21260 |     array    |
|weights_V21260_ce0       | out |    1|  ap_stable | weights_V21260 |     array    |
|weights_V21260_q0        |  in |   16|  ap_stable | weights_V21260 |     array    |
|weights_V21261_address0  | out |    2|  ap_stable | weights_V21261 |     array    |
|weights_V21261_ce0       | out |    1|  ap_stable | weights_V21261 |     array    |
|weights_V21261_q0        |  in |   16|  ap_stable | weights_V21261 |     array    |
|weights_V21262_address0  | out |    2|  ap_stable | weights_V21262 |     array    |
|weights_V21262_ce0       | out |    1|  ap_stable | weights_V21262 |     array    |
|weights_V21262_q0        |  in |   16|  ap_stable | weights_V21262 |     array    |
|weights_V21263_address0  | out |    2|  ap_stable | weights_V21263 |     array    |
|weights_V21263_ce0       | out |    1|  ap_stable | weights_V21263 |     array    |
|weights_V21263_q0        |  in |   16|  ap_stable | weights_V21263 |     array    |
|weights_V21264_address0  | out |    2|  ap_stable | weights_V21264 |     array    |
|weights_V21264_ce0       | out |    1|  ap_stable | weights_V21264 |     array    |
|weights_V21264_q0        |  in |   16|  ap_stable | weights_V21264 |     array    |
|weights_V21365_address0  | out |    2|  ap_stable | weights_V21365 |     array    |
|weights_V21365_ce0       | out |    1|  ap_stable | weights_V21365 |     array    |
|weights_V21365_q0        |  in |   16|  ap_stable | weights_V21365 |     array    |
|weights_V21366_address0  | out |    2|  ap_stable | weights_V21366 |     array    |
|weights_V21366_ce0       | out |    1|  ap_stable | weights_V21366 |     array    |
|weights_V21366_q0        |  in |   16|  ap_stable | weights_V21366 |     array    |
|weights_V21367_address0  | out |    2|  ap_stable | weights_V21367 |     array    |
|weights_V21367_ce0       | out |    1|  ap_stable | weights_V21367 |     array    |
|weights_V21367_q0        |  in |   16|  ap_stable | weights_V21367 |     array    |
|weights_V21368_address0  | out |    2|  ap_stable | weights_V21368 |     array    |
|weights_V21368_ce0       | out |    1|  ap_stable | weights_V21368 |     array    |
|weights_V21368_q0        |  in |   16|  ap_stable | weights_V21368 |     array    |
|weights_V21369_address0  | out |    2|  ap_stable | weights_V21369 |     array    |
|weights_V21369_ce0       | out |    1|  ap_stable | weights_V21369 |     array    |
|weights_V21369_q0        |  in |   16|  ap_stable | weights_V21369 |     array    |
|weights_V21470_address0  | out |    2|  ap_stable | weights_V21470 |     array    |
|weights_V21470_ce0       | out |    1|  ap_stable | weights_V21470 |     array    |
|weights_V21470_q0        |  in |   16|  ap_stable | weights_V21470 |     array    |
|weights_V21471_address0  | out |    2|  ap_stable | weights_V21471 |     array    |
|weights_V21471_ce0       | out |    1|  ap_stable | weights_V21471 |     array    |
|weights_V21471_q0        |  in |   16|  ap_stable | weights_V21471 |     array    |
|weights_V21472_address0  | out |    2|  ap_stable | weights_V21472 |     array    |
|weights_V21472_ce0       | out |    1|  ap_stable | weights_V21472 |     array    |
|weights_V21472_q0        |  in |   16|  ap_stable | weights_V21472 |     array    |
|weights_V21473_address0  | out |    2|  ap_stable | weights_V21473 |     array    |
|weights_V21473_ce0       | out |    1|  ap_stable | weights_V21473 |     array    |
|weights_V21473_q0        |  in |   16|  ap_stable | weights_V21473 |     array    |
|weights_V21474_address0  | out |    2|  ap_stable | weights_V21474 |     array    |
|weights_V21474_ce0       | out |    1|  ap_stable | weights_V21474 |     array    |
|weights_V21474_q0        |  in |   16|  ap_stable | weights_V21474 |     array    |
|in_V_V5_dout             |  in |   16|   ap_fifo  |     in_V_V5    |    pointer   |
|in_V_V5_empty_n          |  in |    1|   ap_fifo  |     in_V_V5    |    pointer   |
|in_V_V5_read             | out |    1|   ap_fifo  |     in_V_V5    |    pointer   |
|in_V_V5140_dout          |  in |   16|   ap_fifo  |   in_V_V5140   |    pointer   |
|in_V_V5140_empty_n       |  in |    1|   ap_fifo  |   in_V_V5140   |    pointer   |
|in_V_V5140_read          | out |    1|   ap_fifo  |   in_V_V5140   |    pointer   |
|in_V_V5141_dout          |  in |   16|   ap_fifo  |   in_V_V5141   |    pointer   |
|in_V_V5141_empty_n       |  in |    1|   ap_fifo  |   in_V_V5141   |    pointer   |
|in_V_V5141_read          | out |    1|   ap_fifo  |   in_V_V5141   |    pointer   |
|in_V_V5142_dout          |  in |   16|   ap_fifo  |   in_V_V5142   |    pointer   |
|in_V_V5142_empty_n       |  in |    1|   ap_fifo  |   in_V_V5142   |    pointer   |
|in_V_V5142_read          | out |    1|   ap_fifo  |   in_V_V5142   |    pointer   |
|in_V_V5143_dout          |  in |   16|   ap_fifo  |   in_V_V5143   |    pointer   |
|in_V_V5143_empty_n       |  in |    1|   ap_fifo  |   in_V_V5143   |    pointer   |
|in_V_V5143_read          | out |    1|   ap_fifo  |   in_V_V5143   |    pointer   |
|in_V_V528_dout           |  in |   16|   ap_fifo  |    in_V_V528   |    pointer   |
|in_V_V528_empty_n        |  in |    1|   ap_fifo  |    in_V_V528   |    pointer   |
|in_V_V528_read           | out |    1|   ap_fifo  |    in_V_V528   |    pointer   |
|in_V_V528144_dout        |  in |   16|   ap_fifo  |  in_V_V528144  |    pointer   |
|in_V_V528144_empty_n     |  in |    1|   ap_fifo  |  in_V_V528144  |    pointer   |
|in_V_V528144_read        | out |    1|   ap_fifo  |  in_V_V528144  |    pointer   |
|in_V_V528145_dout        |  in |   16|   ap_fifo  |  in_V_V528145  |    pointer   |
|in_V_V528145_empty_n     |  in |    1|   ap_fifo  |  in_V_V528145  |    pointer   |
|in_V_V528145_read        | out |    1|   ap_fifo  |  in_V_V528145  |    pointer   |
|in_V_V528146_dout        |  in |   16|   ap_fifo  |  in_V_V528146  |    pointer   |
|in_V_V528146_empty_n     |  in |    1|   ap_fifo  |  in_V_V528146  |    pointer   |
|in_V_V528146_read        | out |    1|   ap_fifo  |  in_V_V528146  |    pointer   |
|in_V_V528147_dout        |  in |   16|   ap_fifo  |  in_V_V528147  |    pointer   |
|in_V_V528147_empty_n     |  in |    1|   ap_fifo  |  in_V_V528147  |    pointer   |
|in_V_V528147_read        | out |    1|   ap_fifo  |  in_V_V528147  |    pointer   |
|in_V_V529_dout           |  in |   16|   ap_fifo  |    in_V_V529   |    pointer   |
|in_V_V529_empty_n        |  in |    1|   ap_fifo  |    in_V_V529   |    pointer   |
|in_V_V529_read           | out |    1|   ap_fifo  |    in_V_V529   |    pointer   |
|in_V_V529148_dout        |  in |   16|   ap_fifo  |  in_V_V529148  |    pointer   |
|in_V_V529148_empty_n     |  in |    1|   ap_fifo  |  in_V_V529148  |    pointer   |
|in_V_V529148_read        | out |    1|   ap_fifo  |  in_V_V529148  |    pointer   |
|in_V_V529149_dout        |  in |   16|   ap_fifo  |  in_V_V529149  |    pointer   |
|in_V_V529149_empty_n     |  in |    1|   ap_fifo  |  in_V_V529149  |    pointer   |
|in_V_V529149_read        | out |    1|   ap_fifo  |  in_V_V529149  |    pointer   |
|in_V_V529150_dout        |  in |   16|   ap_fifo  |  in_V_V529150  |    pointer   |
|in_V_V529150_empty_n     |  in |    1|   ap_fifo  |  in_V_V529150  |    pointer   |
|in_V_V529150_read        | out |    1|   ap_fifo  |  in_V_V529150  |    pointer   |
|in_V_V529151_dout        |  in |   16|   ap_fifo  |  in_V_V529151  |    pointer   |
|in_V_V529151_empty_n     |  in |    1|   ap_fifo  |  in_V_V529151  |    pointer   |
|in_V_V529151_read        | out |    1|   ap_fifo  |  in_V_V529151  |    pointer   |
|in_V_V530_dout           |  in |   16|   ap_fifo  |    in_V_V530   |    pointer   |
|in_V_V530_empty_n        |  in |    1|   ap_fifo  |    in_V_V530   |    pointer   |
|in_V_V530_read           | out |    1|   ap_fifo  |    in_V_V530   |    pointer   |
|in_V_V530152_dout        |  in |   16|   ap_fifo  |  in_V_V530152  |    pointer   |
|in_V_V530152_empty_n     |  in |    1|   ap_fifo  |  in_V_V530152  |    pointer   |
|in_V_V530152_read        | out |    1|   ap_fifo  |  in_V_V530152  |    pointer   |
|in_V_V530153_dout        |  in |   16|   ap_fifo  |  in_V_V530153  |    pointer   |
|in_V_V530153_empty_n     |  in |    1|   ap_fifo  |  in_V_V530153  |    pointer   |
|in_V_V530153_read        | out |    1|   ap_fifo  |  in_V_V530153  |    pointer   |
|in_V_V530154_dout        |  in |   16|   ap_fifo  |  in_V_V530154  |    pointer   |
|in_V_V530154_empty_n     |  in |    1|   ap_fifo  |  in_V_V530154  |    pointer   |
|in_V_V530154_read        | out |    1|   ap_fifo  |  in_V_V530154  |    pointer   |
|in_V_V530155_dout        |  in |   16|   ap_fifo  |  in_V_V530155  |    pointer   |
|in_V_V530155_empty_n     |  in |    1|   ap_fifo  |  in_V_V530155  |    pointer   |
|in_V_V530155_read        | out |    1|   ap_fifo  |  in_V_V530155  |    pointer   |
|in_V_V531_dout           |  in |   16|   ap_fifo  |    in_V_V531   |    pointer   |
|in_V_V531_empty_n        |  in |    1|   ap_fifo  |    in_V_V531   |    pointer   |
|in_V_V531_read           | out |    1|   ap_fifo  |    in_V_V531   |    pointer   |
|in_V_V531156_dout        |  in |   16|   ap_fifo  |  in_V_V531156  |    pointer   |
|in_V_V531156_empty_n     |  in |    1|   ap_fifo  |  in_V_V531156  |    pointer   |
|in_V_V531156_read        | out |    1|   ap_fifo  |  in_V_V531156  |    pointer   |
|in_V_V531157_dout        |  in |   16|   ap_fifo  |  in_V_V531157  |    pointer   |
|in_V_V531157_empty_n     |  in |    1|   ap_fifo  |  in_V_V531157  |    pointer   |
|in_V_V531157_read        | out |    1|   ap_fifo  |  in_V_V531157  |    pointer   |
|in_V_V531158_dout        |  in |   16|   ap_fifo  |  in_V_V531158  |    pointer   |
|in_V_V531158_empty_n     |  in |    1|   ap_fifo  |  in_V_V531158  |    pointer   |
|in_V_V531158_read        | out |    1|   ap_fifo  |  in_V_V531158  |    pointer   |
|in_V_V531159_dout        |  in |   16|   ap_fifo  |  in_V_V531159  |    pointer   |
|in_V_V531159_empty_n     |  in |    1|   ap_fifo  |  in_V_V531159  |    pointer   |
|in_V_V531159_read        | out |    1|   ap_fifo  |  in_V_V531159  |    pointer   |
|out_V_V8_din             | out |   30|   ap_fifo  |    out_V_V8    |    pointer   |
|out_V_V8_full_n          |  in |    1|   ap_fifo  |    out_V_V8    |    pointer   |
|out_V_V8_write           | out |    1|   ap_fifo  |    out_V_V8    |    pointer   |
+-------------------------+-----+-----+------------+----------------+--------------+

