

================================================================
== Vivado HLS Report for 'Conv_0_conv339'
================================================================
* Date:           Sat Feb 15 07:55:33 2025

* Version:        2019.2 (Build 2704478 on Wed Nov 06 22:10:23 MST 2019)
* Project:        partition_0
* Solution:       solution
* Product family: zynq
* Target device:  xc7z020-clg484-1


================================================================
== Performance Estimates
================================================================
+ Timing: 
    * Summary: 
    +--------+---------+----------+------------+
    |  Clock |  Target | Estimated| Uncertainty|
    +--------+---------+----------+------------+
    |ap_clk  | 5.00 ns | 6.562 ns |   0.62 ns  |
    +--------+---------+----------+------------+

+ Latency: 
    * Summary: 
    +---------+---------+----------+----------+-----+-----+---------+
    |  Latency (cycles) |  Latency (absolute) |  Interval | Pipeline|
    |   min   |   max   |    min   |    max   | min | max |   Type  |
    +---------+---------+----------+----------+-----+-----+---------+
    |        ?|        ?|         ?|         ?|    ?|    ?|   none  |
    +---------+---------+----------+----------+-----+-----+---------+

    + Detail: 
        * Instance: 
        +--------------------+---------+---------+---------+----------+----------+-----+-----+----------+
        |                    |         |  Latency (cycles) |  Latency (absolute) |  Interval | Pipeline |
        |      Instance      |  Module |   min   |   max   |    min   |    max   | min | max |   Type   |
        +--------------------+---------+---------+---------+----------+----------+-----+-----+----------+
        |grp_conv505_fu_150  |conv505  |        ?|        ?|         ?|         ?|    ?|    ?| dataflow |
        +--------------------+---------+---------+---------+----------+----------+-----+-----+----------+

        * Loop: 
        N/A



================================================================
== Utilization Estimates
================================================================
* Summary: 
+-----------------+---------+-------+---------+---------+-----+
|       Name      | BRAM_18K| DSP48E|    FF   |   LUT   | URAM|
+-----------------+---------+-------+---------+---------+-----+
|DSP              |        -|      -|        -|        -|    -|
|Expression       |        -|      -|        0|        6|    -|
|FIFO             |        -|      -|        -|        -|    -|
|Instance         |    10656|  15240|  7482086|  2840937|    -|
|Memory           |        -|      -|        -|        -|    -|
|Multiplexer      |        -|      -|        -|      258|    -|
|Register         |        -|      -|        6|        -|    -|
+-----------------+---------+-------+---------+---------+-----+
|Total            |    10656|  15240|  7482092|  2841201|    0|
+-----------------+---------+-------+---------+---------+-----+
|Available        |      280|    220|   106400|    53200|    0|
+-----------------+---------+-------+---------+---------+-----+
|Utilization (%)  |     3805|   6927|     7032|     5340|    0|
+-----------------+---------+-------+---------+---------+-----+

+ Detail: 
    * Instance: 
    +--------------------+---------+---------+-------+---------+---------+-----+
    |      Instance      |  Module | BRAM_18K| DSP48E|    FF   |   LUT   | URAM|
    +--------------------+---------+---------+-------+---------+---------+-----+
    |grp_conv505_fu_150  |conv505  |    10656|  15240|  7482086|  2840937|    0|
    +--------------------+---------+---------+-------+---------+---------+-----+
    |Total               |         |    10656|  15240|  7482086|  2840937|    0|
    +--------------------+---------+---------+-------+---------+---------+-----+

    * DSP48E: 
    N/A

    * Memory: 
    N/A

    * FIFO: 
    N/A

    * Expression: 
    +-------------------------------------+----------+-------+---+----+------------+------------+
    |            Variable Name            | Operation| DSP48E| FF| LUT| Bitwidth P0| Bitwidth P1|
    +-------------------------------------+----------+-------+---+----+------------+------------+
    |ap_block_state1                      |    or    |      0|  0|   2|           1|           1|
    |ap_sync_grp_conv505_fu_150_ap_done   |    or    |      0|  0|   2|           1|           1|
    |ap_sync_grp_conv505_fu_150_ap_ready  |    or    |      0|  0|   2|           1|           1|
    +-------------------------------------+----------+-------+---+----+------------+------------+
    |Total                                |          |      0|  0|   6|           3|           3|
    +-------------------------------------+----------+-------+---+----+------------+------------+

    * Multiplexer: 
    +-------------------+----+-----------+-----+-----------+
    |        Name       | LUT| Input Size| Bits| Total Bits|
    +-------------------+----+-----------+-----+-----------+
    |ap_NS_fsm          |  15|          3|    1|          3|
    |ap_done            |   9|          2|    1|          2|
    |in_V_V6160_read    |   9|          2|    1|          2|
    |in_V_V6161_read    |   9|          2|    1|          2|
    |in_V_V6162_read    |   9|          2|    1|          2|
    |in_V_V6163_read    |   9|          2|    1|          2|
    |in_V_V632164_read  |   9|          2|    1|          2|
    |in_V_V632165_read  |   9|          2|    1|          2|
    |in_V_V632166_read  |   9|          2|    1|          2|
    |in_V_V632167_read  |   9|          2|    1|          2|
    |in_V_V632_read     |   9|          2|    1|          2|
    |in_V_V633168_read  |   9|          2|    1|          2|
    |in_V_V633169_read  |   9|          2|    1|          2|
    |in_V_V633170_read  |   9|          2|    1|          2|
    |in_V_V633171_read  |   9|          2|    1|          2|
    |in_V_V633_read     |   9|          2|    1|          2|
    |in_V_V634172_read  |   9|          2|    1|          2|
    |in_V_V634173_read  |   9|          2|    1|          2|
    |in_V_V634174_read  |   9|          2|    1|          2|
    |in_V_V634175_read  |   9|          2|    1|          2|
    |in_V_V634_read     |   9|          2|    1|          2|
    |in_V_V635176_read  |   9|          2|    1|          2|
    |in_V_V635177_read  |   9|          2|    1|          2|
    |in_V_V635178_read  |   9|          2|    1|          2|
    |in_V_V635179_read  |   9|          2|    1|          2|
    |in_V_V635_read     |   9|          2|    1|          2|
    |in_V_V6_read       |   9|          2|    1|          2|
    |out_V_V9_write     |   9|          2|    1|          2|
    +-------------------+----+-----------+-----+-----------+
    |Total              | 258|         57|   28|         57|
    +-------------------+----+-----------+-----+-----------+

    * Register: 
    +-----------------------------------------+---+----+-----+-----------+
    |                   Name                  | FF| LUT| Bits| Const Bits|
    +-----------------------------------------+---+----+-----+-----------+
    |ap_CS_fsm                                |  2|   0|    2|          0|
    |ap_done_reg                              |  1|   0|    1|          0|
    |ap_sync_reg_grp_conv505_fu_150_ap_done   |  1|   0|    1|          0|
    |ap_sync_reg_grp_conv505_fu_150_ap_ready  |  1|   0|    1|          0|
    |grp_conv505_fu_150_ap_start_reg          |  1|   0|    1|          0|
    +-----------------------------------------+---+----+-----+-----------+
    |Total                                    |  6|   0|    6|          0|
    +-----------------------------------------+---+----+-----+-----------+



================================================================
== Interface
================================================================
* Summary: 
+-------------------------+-----+-----+------------+----------------+--------------+
|        RTL Ports        | Dir | Bits|  Protocol  |  Source Object |    C Type    |
+-------------------------+-----+-----+------------+----------------+--------------+
|ap_clk                   |  in |    1| ap_ctrl_hs | Conv_0_conv339 | return value |
|ap_rst                   |  in |    1| ap_ctrl_hs | Conv_0_conv339 | return value |
|ap_start                 |  in |    1| ap_ctrl_hs | Conv_0_conv339 | return value |
|ap_done                  | out |    1| ap_ctrl_hs | Conv_0_conv339 | return value |
|ap_continue              |  in |    1| ap_ctrl_hs | Conv_0_conv339 | return value |
|ap_idle                  | out |    1| ap_ctrl_hs | Conv_0_conv339 | return value |
|ap_ready                 | out |    1| ap_ctrl_hs | Conv_0_conv339 | return value |
|weights_V31575_address0  | out |    2|  ap_stable | weights_V31575 |     array    |
|weights_V31575_ce0       | out |    1|  ap_stable | weights_V31575 |     array    |
|weights_V31575_q0        |  in |   16|  ap_stable | weights_V31575 |     array    |
|weights_V31576_address0  | out |    2|  ap_stable | weights_V31576 |     array    |
|weights_V31576_ce0       | out |    1|  ap_stable | weights_V31576 |     array    |
|weights_V31576_q0        |  in |   16|  ap_stable | weights_V31576 |     array    |
|weights_V31577_address0  | out |    2|  ap_stable | weights_V31577 |     array    |
|weights_V31577_ce0       | out |    1|  ap_stable | weights_V31577 |     array    |
|weights_V31577_q0        |  in |   16|  ap_stable | weights_V31577 |     array    |
|weights_V31578_address0  | out |    2|  ap_stable | weights_V31578 |     array    |
|weights_V31578_ce0       | out |    1|  ap_stable | weights_V31578 |     array    |
|weights_V31578_q0        |  in |   16|  ap_stable | weights_V31578 |     array    |
|weights_V31579_address0  | out |    2|  ap_stable | weights_V31579 |     array    |
|weights_V31579_ce0       | out |    1|  ap_stable | weights_V31579 |     array    |
|weights_V31579_q0        |  in |   16|  ap_stable | weights_V31579 |     array    |
|weights_V31680_address0  | out |    2|  ap_stable | weights_V31680 |     array    |
|weights_V31680_ce0       | out |    1|  ap_stable | weights_V31680 |     array    |
|weights_V31680_q0        |  in |   16|  ap_stable | weights_V31680 |     array    |
|weights_V31681_address0  | out |    2|  ap_stable | weights_V31681 |     array    |
|weights_V31681_ce0       | out |    1|  ap_stable | weights_V31681 |     array    |
|weights_V31681_q0        |  in |   16|  ap_stable | weights_V31681 |     array    |
|weights_V31682_address0  | out |    2|  ap_stable | weights_V31682 |     array    |
|weights_V31682_ce0       | out |    1|  ap_stable | weights_V31682 |     array    |
|weights_V31682_q0        |  in |   16|  ap_stable | weights_V31682 |     array    |
|weights_V31683_address0  | out |    2|  ap_stable | weights_V31683 |     array    |
|weights_V31683_ce0       | out |    1|  ap_stable | weights_V31683 |     array    |
|weights_V31683_q0        |  in |   16|  ap_stable | weights_V31683 |     array    |
|weights_V31684_address0  | out |    2|  ap_stable | weights_V31684 |     array    |
|weights_V31684_ce0       | out |    1|  ap_stable | weights_V31684 |     array    |
|weights_V31684_q0        |  in |   16|  ap_stable | weights_V31684 |     array    |
|weights_V31785_address0  | out |    2|  ap_stable | weights_V31785 |     array    |
|weights_V31785_ce0       | out |    1|  ap_stable | weights_V31785 |     array    |
|weights_V31785_q0        |  in |   16|  ap_stable | weights_V31785 |     array    |
|weights_V31786_address0  | out |    2|  ap_stable | weights_V31786 |     array    |
|weights_V31786_ce0       | out |    1|  ap_stable | weights_V31786 |     array    |
|weights_V31786_q0        |  in |   16|  ap_stable | weights_V31786 |     array    |
|weights_V31787_address0  | out |    2|  ap_stable | weights_V31787 |     array    |
|weights_V31787_ce0       | out |    1|  ap_stable | weights_V31787 |     array    |
|weights_V31787_q0        |  in |   16|  ap_stable | weights_V31787 |     array    |
|weights_V31788_address0  | out |    2|  ap_stable | weights_V31788 |     array    |
|weights_V31788_ce0       | out |    1|  ap_stable | weights_V31788 |     array    |
|weights_V31788_q0        |  in |   16|  ap_stable | weights_V31788 |     array    |
|weights_V31789_address0  | out |    2|  ap_stable | weights_V31789 |     array    |
|weights_V31789_ce0       | out |    1|  ap_stable | weights_V31789 |     array    |
|weights_V31789_q0        |  in |   16|  ap_stable | weights_V31789 |     array    |
|weights_V31890_address0  | out |    2|  ap_stable | weights_V31890 |     array    |
|weights_V31890_ce0       | out |    1|  ap_stable | weights_V31890 |     array    |
|weights_V31890_q0        |  in |   16|  ap_stable | weights_V31890 |     array    |
|weights_V31891_address0  | out |    2|  ap_stable | weights_V31891 |     array    |
|weights_V31891_ce0       | out |    1|  ap_stable | weights_V31891 |     array    |
|weights_V31891_q0        |  in |   16|  ap_stable | weights_V31891 |     array    |
|weights_V31892_address0  | out |    2|  ap_stable | weights_V31892 |     array    |
|weights_V31892_ce0       | out |    1|  ap_stable | weights_V31892 |     array    |
|weights_V31892_q0        |  in |   16|  ap_stable | weights_V31892 |     array    |
|weights_V31893_address0  | out |    2|  ap_stable | weights_V31893 |     array    |
|weights_V31893_ce0       | out |    1|  ap_stable | weights_V31893 |     array    |
|weights_V31893_q0        |  in |   16|  ap_stable | weights_V31893 |     array    |
|weights_V31894_address0  | out |    2|  ap_stable | weights_V31894 |     array    |
|weights_V31894_ce0       | out |    1|  ap_stable | weights_V31894 |     array    |
|weights_V31894_q0        |  in |   16|  ap_stable | weights_V31894 |     array    |
|weights_V31995_address0  | out |    2|  ap_stable | weights_V31995 |     array    |
|weights_V31995_ce0       | out |    1|  ap_stable | weights_V31995 |     array    |
|weights_V31995_q0        |  in |   16|  ap_stable | weights_V31995 |     array    |
|weights_V31996_address0  | out |    2|  ap_stable | weights_V31996 |     array    |
|weights_V31996_ce0       | out |    1|  ap_stable | weights_V31996 |     array    |
|weights_V31996_q0        |  in |   16|  ap_stable | weights_V31996 |     array    |
|weights_V31997_address0  | out |    2|  ap_stable | weights_V31997 |     array    |
|weights_V31997_ce0       | out |    1|  ap_stable | weights_V31997 |     array    |
|weights_V31997_q0        |  in |   16|  ap_stable | weights_V31997 |     array    |
|weights_V31998_address0  | out |    2|  ap_stable | weights_V31998 |     array    |
|weights_V31998_ce0       | out |    1|  ap_stable | weights_V31998 |     array    |
|weights_V31998_q0        |  in |   16|  ap_stable | weights_V31998 |     array    |
|weights_V31999_address0  | out |    2|  ap_stable | weights_V31999 |     array    |
|weights_V31999_ce0       | out |    1|  ap_stable | weights_V31999 |     array    |
|weights_V31999_q0        |  in |   16|  ap_stable | weights_V31999 |     array    |
|in_V_V6_dout             |  in |   16|   ap_fifo  |     in_V_V6    |    pointer   |
|in_V_V6_empty_n          |  in |    1|   ap_fifo  |     in_V_V6    |    pointer   |
|in_V_V6_read             | out |    1|   ap_fifo  |     in_V_V6    |    pointer   |
|in_V_V6160_dout          |  in |   16|   ap_fifo  |   in_V_V6160   |    pointer   |
|in_V_V6160_empty_n       |  in |    1|   ap_fifo  |   in_V_V6160   |    pointer   |
|in_V_V6160_read          | out |    1|   ap_fifo  |   in_V_V6160   |    pointer   |
|in_V_V6161_dout          |  in |   16|   ap_fifo  |   in_V_V6161   |    pointer   |
|in_V_V6161_empty_n       |  in |    1|   ap_fifo  |   in_V_V6161   |    pointer   |
|in_V_V6161_read          | out |    1|   ap_fifo  |   in_V_V6161   |    pointer   |
|in_V_V6162_dout          |  in |   16|   ap_fifo  |   in_V_V6162   |    pointer   |
|in_V_V6162_empty_n       |  in |    1|   ap_fifo  |   in_V_V6162   |    pointer   |
|in_V_V6162_read          | out |    1|   ap_fifo  |   in_V_V6162   |    pointer   |
|in_V_V6163_dout          |  in |   16|   ap_fifo  |   in_V_V6163   |    pointer   |
|in_V_V6163_empty_n       |  in |    1|   ap_fifo  |   in_V_V6163   |    pointer   |
|in_V_V6163_read          | out |    1|   ap_fifo  |   in_V_V6163   |    pointer   |
|in_V_V632_dout           |  in |   16|   ap_fifo  |    in_V_V632   |    pointer   |
|in_V_V632_empty_n        |  in |    1|   ap_fifo  |    in_V_V632   |    pointer   |
|in_V_V632_read           | out |    1|   ap_fifo  |    in_V_V632   |    pointer   |
|in_V_V632164_dout        |  in |   16|   ap_fifo  |  in_V_V632164  |    pointer   |
|in_V_V632164_empty_n     |  in |    1|   ap_fifo  |  in_V_V632164  |    pointer   |
|in_V_V632164_read        | out |    1|   ap_fifo  |  in_V_V632164  |    pointer   |
|in_V_V632165_dout        |  in |   16|   ap_fifo  |  in_V_V632165  |    pointer   |
|in_V_V632165_empty_n     |  in |    1|   ap_fifo  |  in_V_V632165  |    pointer   |
|in_V_V632165_read        | out |    1|   ap_fifo  |  in_V_V632165  |    pointer   |
|in_V_V632166_dout        |  in |   16|   ap_fifo  |  in_V_V632166  |    pointer   |
|in_V_V632166_empty_n     |  in |    1|   ap_fifo  |  in_V_V632166  |    pointer   |
|in_V_V632166_read        | out |    1|   ap_fifo  |  in_V_V632166  |    pointer   |
|in_V_V632167_dout        |  in |   16|   ap_fifo  |  in_V_V632167  |    pointer   |
|in_V_V632167_empty_n     |  in |    1|   ap_fifo  |  in_V_V632167  |    pointer   |
|in_V_V632167_read        | out |    1|   ap_fifo  |  in_V_V632167  |    pointer   |
|in_V_V633_dout           |  in |   16|   ap_fifo  |    in_V_V633   |    pointer   |
|in_V_V633_empty_n        |  in |    1|   ap_fifo  |    in_V_V633   |    pointer   |
|in_V_V633_read           | out |    1|   ap_fifo  |    in_V_V633   |    pointer   |
|in_V_V633168_dout        |  in |   16|   ap_fifo  |  in_V_V633168  |    pointer   |
|in_V_V633168_empty_n     |  in |    1|   ap_fifo  |  in_V_V633168  |    pointer   |
|in_V_V633168_read        | out |    1|   ap_fifo  |  in_V_V633168  |    pointer   |
|in_V_V633169_dout        |  in |   16|   ap_fifo  |  in_V_V633169  |    pointer   |
|in_V_V633169_empty_n     |  in |    1|   ap_fifo  |  in_V_V633169  |    pointer   |
|in_V_V633169_read        | out |    1|   ap_fifo  |  in_V_V633169  |    pointer   |
|in_V_V633170_dout        |  in |   16|   ap_fifo  |  in_V_V633170  |    pointer   |
|in_V_V633170_empty_n     |  in |    1|   ap_fifo  |  in_V_V633170  |    pointer   |
|in_V_V633170_read        | out |    1|   ap_fifo  |  in_V_V633170  |    pointer   |
|in_V_V633171_dout        |  in |   16|   ap_fifo  |  in_V_V633171  |    pointer   |
|in_V_V633171_empty_n     |  in |    1|   ap_fifo  |  in_V_V633171  |    pointer   |
|in_V_V633171_read        | out |    1|   ap_fifo  |  in_V_V633171  |    pointer   |
|in_V_V634_dout           |  in |   16|   ap_fifo  |    in_V_V634   |    pointer   |
|in_V_V634_empty_n        |  in |    1|   ap_fifo  |    in_V_V634   |    pointer   |
|in_V_V634_read           | out |    1|   ap_fifo  |    in_V_V634   |    pointer   |
|in_V_V634172_dout        |  in |   16|   ap_fifo  |  in_V_V634172  |    pointer   |
|in_V_V634172_empty_n     |  in |    1|   ap_fifo  |  in_V_V634172  |    pointer   |
|in_V_V634172_read        | out |    1|   ap_fifo  |  in_V_V634172  |    pointer   |
|in_V_V634173_dout        |  in |   16|   ap_fifo  |  in_V_V634173  |    pointer   |
|in_V_V634173_empty_n     |  in |    1|   ap_fifo  |  in_V_V634173  |    pointer   |
|in_V_V634173_read        | out |    1|   ap_fifo  |  in_V_V634173  |    pointer   |
|in_V_V634174_dout        |  in |   16|   ap_fifo  |  in_V_V634174  |    pointer   |
|in_V_V634174_empty_n     |  in |    1|   ap_fifo  |  in_V_V634174  |    pointer   |
|in_V_V634174_read        | out |    1|   ap_fifo  |  in_V_V634174  |    pointer   |
|in_V_V634175_dout        |  in |   16|   ap_fifo  |  in_V_V634175  |    pointer   |
|in_V_V634175_empty_n     |  in |    1|   ap_fifo  |  in_V_V634175  |    pointer   |
|in_V_V634175_read        | out |    1|   ap_fifo  |  in_V_V634175  |    pointer   |
|in_V_V635_dout           |  in |   16|   ap_fifo  |    in_V_V635   |    pointer   |
|in_V_V635_empty_n        |  in |    1|   ap_fifo  |    in_V_V635   |    pointer   |
|in_V_V635_read           | out |    1|   ap_fifo  |    in_V_V635   |    pointer   |
|in_V_V635176_dout        |  in |   16|   ap_fifo  |  in_V_V635176  |    pointer   |
|in_V_V635176_empty_n     |  in |    1|   ap_fifo  |  in_V_V635176  |    pointer   |
|in_V_V635176_read        | out |    1|   ap_fifo  |  in_V_V635176  |    pointer   |
|in_V_V635177_dout        |  in |   16|   ap_fifo  |  in_V_V635177  |    pointer   |
|in_V_V635177_empty_n     |  in |    1|   ap_fifo  |  in_V_V635177  |    pointer   |
|in_V_V635177_read        | out |    1|   ap_fifo  |  in_V_V635177  |    pointer   |
|in_V_V635178_dout        |  in |   16|   ap_fifo  |  in_V_V635178  |    pointer   |
|in_V_V635178_empty_n     |  in |    1|   ap_fifo  |  in_V_V635178  |    pointer   |
|in_V_V635178_read        | out |    1|   ap_fifo  |  in_V_V635178  |    pointer   |
|in_V_V635179_dout        |  in |   16|   ap_fifo  |  in_V_V635179  |    pointer   |
|in_V_V635179_empty_n     |  in |    1|   ap_fifo  |  in_V_V635179  |    pointer   |
|in_V_V635179_read        | out |    1|   ap_fifo  |  in_V_V635179  |    pointer   |
|out_V_V9_din             | out |   30|   ap_fifo  |    out_V_V9    |    pointer   |
|out_V_V9_full_n          |  in |    1|   ap_fifo  |    out_V_V9    |    pointer   |
|out_V_V9_write           | out |    1|   ap_fifo  |    out_V_V9    |    pointer   |
+-------------------------+-----+-----+------------+----------------+--------------+

