

================================================================
== Vivado HLS Report for 'conv_intr510'
================================================================
* Date:           Sat Feb 15 07:50:22 2025

* Version:        2019.2 (Build 2704478 on Wed Nov 06 22:10:23 MST 2019)
* Project:        partition_0
* Solution:       solution
* Product family: zynq
* Target device:  xc7z020-clg484-1


================================================================
== Performance Estimates
================================================================
+ Timing: 
    * Summary: 
    +--------+---------+----------+------------+
    |  Clock |  Target | Estimated| Uncertainty|
    +--------+---------+----------+------------+
    |ap_clk  | 5.00 ns | 2.322 ns |   0.62 ns  |
    +--------+---------+----------+------------+

+ Latency: 
    * Summary: 
    +---------+---------+-----------+-----------+------+------+---------------------------------------------+
    |  Latency (cycles) |   Latency (absolute)  |   Interval  |                   Pipeline                  |
    |   min   |   max   |    min    |    max    |  min |  max |                     Type                    |
    +---------+---------+-----------+-----------+------+------+---------------------------------------------+
    |     2305|     2306| 11.525 us | 11.530 us |  2304|  2304| loop rewind(delay=0 initiation interval(s)) |
    +---------+---------+-----------+-----------+------+------+---------------------------------------------+

    + Detail: 
        * Instance: 
        N/A

        * Loop: 
        +-----------------------------+---------+---------+----------+-----------+-----------+------+----------+
        |                             |  Latency (cycles) | Iteration|  Initiation Interval  | Trip |          |
        |          Loop Name          |   min   |   max   |  Latency |  achieved |   target  | Count| Pipelined|
        +-----------------------------+---------+---------+----------+-----------+-----------+------+----------+
        |- pixel_channel_filter_loop  |     2305|     2305|         3|          1|          1|  2304|    yes   |
        +-----------------------------+---------+---------+----------+-----------+-----------+------+----------+



================================================================
== Utilization Estimates
================================================================
* Summary: 
+-----------------+---------+-------+--------+-------+-----+
|       Name      | BRAM_18K| DSP48E|   FF   |  LUT  | URAM|
+-----------------+---------+-------+--------+-------+-----+
|DSP              |        -|      -|       -|      -|    -|
|Expression       |        -|      -|       0|     57|    -|
|FIFO             |        -|      -|       -|      -|    -|
|Instance         |        -|      -|       -|      -|    -|
|Memory           |        -|      -|       -|      -|    -|
|Multiplexer      |        -|      -|       -|   1164|    -|
|Register         |        -|      -|    1446|      -|    -|
+-----------------+---------+-------+--------+-------+-----+
|Total            |        0|      0|    1446|   1221|    0|
+-----------------+---------+-------+--------+-------+-----+
|Available        |      280|    220|  106400|  53200|    0|
+-----------------+---------+-------+--------+-------+-----+
|Utilization (%)  |        0|      0|       1|      2|    0|
+-----------------+---------+-------+--------+-------+-----+

+ Detail: 
    * Instance: 
    N/A

    * DSP48E: 
    N/A

    * Memory: 
    N/A

    * FIFO: 
    N/A

    * Expression: 
    +----------------------------------+----------+-------+---+----+------------+------------+
    |           Variable Name          | Operation| DSP48E| FF| LUT| Bitwidth P0| Bitwidth P1|
    +----------------------------------+----------+-------+---+----+------------+------------+
    |i_fu_1448_p2                      |     +    |      0|  0|  12|          12|           1|
    |weight_index_fu_1454_p2           |     +    |      0|  0|  10|           2|           1|
    |ap_condition_1073                 |    and   |      0|  0|   2|           1|           1|
    |ap_condition_777                  |    and   |      0|  0|   2|           1|           1|
    |icmp_ln113_fu_1460_p2             |   icmp   |      0|  0|  13|          12|          12|
    |icmp_ln128_fu_1400_p2             |   icmp   |      0|  0|   8|           2|           1|
    |ap_block_pp0_stage0_01001         |    or    |      0|  0|   2|           1|           1|
    |ap_block_state1                   |    or    |      0|  0|   2|           1|           1|
    |ap_block_state2_pp0_stage0_iter0  |    or    |      0|  0|   2|           1|           1|
    |ap_block_state3_pp0_stage0_iter2  |    or    |      0|  0|   2|           1|           1|
    |ap_enable_pp0                     |    xor   |      0|  0|   2|           1|           2|
    +----------------------------------+----------+-------+---+----+------------+------------+
    |Total                             |          |      0|  0|  57|          35|          23|
    +----------------------------------+----------+-------+---+----+------------+------------+

    * Multiplexer: 
    +------------------------------------------+----+-----------+-----+-----------+
    |                   Name                   | LUT| Input Size| Bits| Total Bits|
    +------------------------------------------+----+-----------+-----+-----------+
    |ap_NS_fsm                                 |  15|          3|    1|          3|
    |ap_done                                   |   9|          2|    1|          2|
    |ap_enable_reg_pp0_iter1                   |   9|          2|    1|          2|
    |ap_enable_reg_pp0_iter2                   |   9|          2|    1|          2|
    |ap_phi_mux_i_0450_phi_fu_1311_p6          |  15|          3|   12|         36|
    |ap_phi_mux_loops_0_0_0449_phi_fu_1325_p6  |  15|          3|    2|          6|
    |i_0450_reg_1307                           |   9|          2|   12|         24|
    |in_V_V15_blk_n                            |   9|          2|    1|          2|
    |in_V_V16_blk_n                            |   9|          2|    1|          2|
    |in_V_V17_blk_n                            |   9|          2|    1|          2|
    |in_V_V18_blk_n                            |   9|          2|    1|          2|
    |in_V_V19_blk_n                            |   9|          2|    1|          2|
    |in_V_V1_blk_n                             |   9|          2|    1|          2|
    |in_V_V210_blk_n                           |   9|          2|    1|          2|
    |in_V_V211_blk_n                           |   9|          2|    1|          2|
    |in_V_V212_blk_n                           |   9|          2|    1|          2|
    |in_V_V213_blk_n                           |   9|          2|    1|          2|
    |in_V_V214_blk_n                           |   9|          2|    1|          2|
    |in_V_V2_blk_n                             |   9|          2|    1|          2|
    |in_V_V315_blk_n                           |   9|          2|    1|          2|
    |in_V_V316_blk_n                           |   9|          2|    1|          2|
    |in_V_V317_blk_n                           |   9|          2|    1|          2|
    |in_V_V318_blk_n                           |   9|          2|    1|          2|
    |in_V_V319_blk_n                           |   9|          2|    1|          2|
    |in_V_V3_blk_n                             |   9|          2|    1|          2|
    |in_V_V420_blk_n                           |   9|          2|    1|          2|
    |in_V_V421_blk_n                           |   9|          2|    1|          2|
    |in_V_V422_blk_n                           |   9|          2|    1|          2|
    |in_V_V423_blk_n                           |   9|          2|    1|          2|
    |in_V_V424_blk_n                           |   9|          2|    1|          2|
    |in_V_V4_blk_n                             |   9|          2|    1|          2|
    |in_V_V_blk_n                              |   9|          2|    1|          2|
    |loops_0_0_0449_reg_1321                   |   9|          2|    2|          4|
    |real_start                                |   9|          2|    1|          2|
    |weight_stream_0_V_V_blk_n                 |   9|          2|    1|          2|
    |weight_stream_10_V_V_blk_n                |   9|          2|    1|          2|
    |weight_stream_11_V_V_blk_n                |   9|          2|    1|          2|
    |weight_stream_12_V_V_blk_n                |   9|          2|    1|          2|
    |weight_stream_13_V_V_blk_n                |   9|          2|    1|          2|
    |weight_stream_14_V_V_blk_n                |   9|          2|    1|          2|
    |weight_stream_15_V_V_blk_n                |   9|          2|    1|          2|
    |weight_stream_16_V_V_blk_n                |   9|          2|    1|          2|
    |weight_stream_17_V_V_blk_n                |   9|          2|    1|          2|
    |weight_stream_18_V_V_blk_n                |   9|          2|    1|          2|
    |weight_stream_19_V_V_blk_n                |   9|          2|    1|          2|
    |weight_stream_1_V_V_blk_n                 |   9|          2|    1|          2|
    |weight_stream_20_V_V_blk_n                |   9|          2|    1|          2|
    |weight_stream_21_V_V_blk_n                |   9|          2|    1|          2|
    |weight_stream_22_V_V_blk_n                |   9|          2|    1|          2|
    |weight_stream_23_V_V_blk_n                |   9|          2|    1|          2|
    |weight_stream_24_V_V_blk_n                |   9|          2|    1|          2|
    |weight_stream_2_V_V_blk_n                 |   9|          2|    1|          2|
    |weight_stream_3_V_V_blk_n                 |   9|          2|    1|          2|
    |weight_stream_4_V_V_blk_n                 |   9|          2|    1|          2|
    |weight_stream_5_V_V_blk_n                 |   9|          2|    1|          2|
    |weight_stream_6_V_V_blk_n                 |   9|          2|    1|          2|
    |weight_stream_7_V_V_blk_n                 |   9|          2|    1|          2|
    |weight_stream_8_V_V_blk_n                 |   9|          2|    1|          2|
    |weight_stream_9_V_V_blk_n                 |   9|          2|    1|          2|
    |weights_0_0_V_address0                    |  15|          3|    2|          6|
    |weights_0_1_V_address0                    |  15|          3|    2|          6|
    |weights_0_3_V_address0                    |  15|          3|    2|          6|
    |weights_1_0_V_address0                    |  15|          3|    2|          6|
    |weights_1_2_V_address0                    |  15|          3|    2|          6|
    |weights_1_4_V_address0                    |  15|          3|    2|          6|
    |weights_2_1_V_address0                    |  15|          3|    2|          6|
    |weights_2_3_V_address0                    |  15|          3|    2|          6|
    |weights_3_0_V_address0                    |  15|          3|    2|          6|
    |weights_3_2_V_address0                    |  15|          3|    2|          6|
    |weights_3_4_V_address0                    |  15|          3|    2|          6|
    |weights_4_1_V_address0                    |  15|          3|    2|          6|
    |weights_4_3_V_address0                    |  15|          3|    2|          6|
    |window_stream_0_V_V_blk_n                 |   9|          2|    1|          2|
    |window_stream_0_V_V_din                   |  15|          3|   16|         48|
    |window_stream_10_V_V_blk_n                |   9|          2|    1|          2|
    |window_stream_11_V_V_blk_n                |   9|          2|    1|          2|
    |window_stream_11_V_V_din                  |  15|          3|   16|         48|
    |window_stream_12_V_V_blk_n                |   9|          2|    1|          2|
    |window_stream_13_V_V_blk_n                |   9|          2|    1|          2|
    |window_stream_13_V_V_din                  |  15|          3|   16|         48|
    |window_stream_14_V_V_blk_n                |   9|          2|    1|          2|
    |window_stream_15_V_V_blk_n                |   9|          2|    1|          2|
    |window_stream_15_V_V_din                  |  15|          3|   16|         48|
    |window_stream_16_V_V_blk_n                |   9|          2|    1|          2|
    |window_stream_17_V_V_blk_n                |   9|          2|    1|          2|
    |window_stream_17_V_V_din                  |  15|          3|   16|         48|
    |window_stream_18_V_V_blk_n                |   9|          2|    1|          2|
    |window_stream_19_V_V_blk_n                |   9|          2|    1|          2|
    |window_stream_19_V_V_din                  |  15|          3|   16|         48|
    |window_stream_1_V_V_blk_n                 |   9|          2|    1|          2|
    |window_stream_1_V_V_din                   |  15|          3|   16|         48|
    |window_stream_20_V_V_blk_n                |   9|          2|    1|          2|
    |window_stream_21_V_V_blk_n                |   9|          2|    1|          2|
    |window_stream_21_V_V_din                  |  15|          3|   16|         48|
    |window_stream_22_V_V_blk_n                |   9|          2|    1|          2|
    |window_stream_23_V_V_blk_n                |   9|          2|    1|          2|
    |window_stream_23_V_V_din                  |  15|          3|   16|         48|
    |window_stream_24_V_V_blk_n                |   9|          2|    1|          2|
    |window_stream_2_V_V_blk_n                 |   9|          2|    1|          2|
    |window_stream_3_V_V_blk_n                 |   9|          2|    1|          2|
    |window_stream_3_V_V_din                   |  15|          3|   16|         48|
    |window_stream_4_V_V_blk_n                 |   9|          2|    1|          2|
    |window_stream_5_V_V_blk_n                 |   9|          2|    1|          2|
    |window_stream_5_V_V_din                   |  15|          3|   16|         48|
    |window_stream_6_V_V_blk_n                 |   9|          2|    1|          2|
    |window_stream_7_V_V_blk_n                 |   9|          2|    1|          2|
    |window_stream_7_V_V_din                   |  15|          3|   16|         48|
    |window_stream_8_V_V_blk_n                 |   9|          2|    1|          2|
    |window_stream_9_V_V_blk_n                 |   9|          2|    1|          2|
    |window_stream_9_V_V_din                   |  15|          3|   16|         48|
    +------------------------------------------+----+-----------+-----+-----------+
    |Total                                     |1164|        249|  342|        933|
    +------------------------------------------+----+-----------+-----+-----------+

    * Register: 
    +-----------------------------------+----+----+-----+-----------+
    |                Name               | FF | LUT| Bits| Const Bits|
    +-----------------------------------+----+----+-----+-----------+
    |ap_CS_fsm                          |   2|   0|    2|          0|
    |ap_done_reg                        |   1|   0|    1|          0|
    |ap_enable_reg_pp0_iter1            |   1|   0|    1|          0|
    |ap_enable_reg_pp0_iter2            |   1|   0|    1|          0|
    |i_0450_reg_1307                    |  12|   0|   12|          0|
    |i_reg_1822                         |  12|   0|   12|          0|
    |icmp_ln113_reg_2160                |   1|   0|    1|          0|
    |icmp_ln113_reg_2160_pp0_iter1_reg  |   1|   0|    1|          0|
    |icmp_ln128_reg_1818                |   1|   0|    1|          0|
    |icmp_ln128_reg_1818_pp0_iter1_reg  |   1|   0|    1|          0|
    |loops_0_0_0449_reg_1321            |   2|   0|    2|          0|
    |reg_1335                           |  16|   0|   16|          0|
    |reg_1340                           |  16|   0|   16|          0|
    |reg_1345                           |  16|   0|   16|          0|
    |reg_1350                           |  16|   0|   16|          0|
    |reg_1355                           |  16|   0|   16|          0|
    |reg_1360                           |  16|   0|   16|          0|
    |reg_1365                           |  16|   0|   16|          0|
    |reg_1370                           |  16|   0|   16|          0|
    |reg_1375                           |  16|   0|   16|          0|
    |reg_1380                           |  16|   0|   16|          0|
    |reg_1385                           |  16|   0|   16|          0|
    |reg_1390                           |  16|   0|   16|          0|
    |reg_1395                           |  16|   0|   16|          0|
    |start_once_reg                     |   1|   0|    1|          0|
    |tmp_V_284_reg_1848                 |  16|   0|   16|          0|
    |tmp_V_284_reg_1848_pp0_iter1_reg   |  16|   0|   16|          0|
    |tmp_V_292_reg_2164                 |  16|   0|   16|          0|
    |tmp_V_294_reg_1874                 |  16|   0|   16|          0|
    |tmp_V_294_reg_1874_pp0_iter1_reg   |  16|   0|   16|          0|
    |tmp_V_300_reg_2169                 |  16|   0|   16|          0|
    |tmp_V_302_reg_1900                 |  16|   0|   16|          0|
    |tmp_V_302_reg_1900_pp0_iter1_reg   |  16|   0|   16|          0|
    |tmp_V_308_reg_2174                 |  16|   0|   16|          0|
    |tmp_V_310_reg_1926                 |  16|   0|   16|          0|
    |tmp_V_310_reg_1926_pp0_iter1_reg   |  16|   0|   16|          0|
    |tmp_V_316_reg_2179                 |  16|   0|   16|          0|
    |tmp_V_318_reg_1952                 |  16|   0|   16|          0|
    |tmp_V_318_reg_1952_pp0_iter1_reg   |  16|   0|   16|          0|
    |tmp_V_324_reg_2184                 |  16|   0|   16|          0|
    |tmp_V_326_reg_1978                 |  16|   0|   16|          0|
    |tmp_V_326_reg_1978_pp0_iter1_reg   |  16|   0|   16|          0|
    |tmp_V_332_reg_2189                 |  16|   0|   16|          0|
    |tmp_V_334_reg_2004                 |  16|   0|   16|          0|
    |tmp_V_334_reg_2004_pp0_iter1_reg   |  16|   0|   16|          0|
    |tmp_V_340_reg_2194                 |  16|   0|   16|          0|
    |tmp_V_342_reg_2030                 |  16|   0|   16|          0|
    |tmp_V_342_reg_2030_pp0_iter1_reg   |  16|   0|   16|          0|
    |tmp_V_348_reg_2199                 |  16|   0|   16|          0|
    |tmp_V_350_reg_2056                 |  16|   0|   16|          0|
    |tmp_V_350_reg_2056_pp0_iter1_reg   |  16|   0|   16|          0|
    |tmp_V_356_reg_2204                 |  16|   0|   16|          0|
    |tmp_V_358_reg_2082                 |  16|   0|   16|          0|
    |tmp_V_358_reg_2082_pp0_iter1_reg   |  16|   0|   16|          0|
    |tmp_V_364_reg_2209                 |  16|   0|   16|          0|
    |tmp_V_366_reg_2108                 |  16|   0|   16|          0|
    |tmp_V_366_reg_2108_pp0_iter1_reg   |  16|   0|   16|          0|
    |tmp_V_372_reg_2214                 |  16|   0|   16|          0|
    |tmp_V_374_reg_2134                 |  16|   0|   16|          0|
    |tmp_V_374_reg_2134_pp0_iter1_reg   |  16|   0|   16|          0|
    |tmp_V_380_reg_2219                 |  16|   0|   16|          0|
    |tmp_V_381_reg_2145                 |  16|   0|   16|          0|
    |tmp_V_382_reg_2119                 |  16|   0|   16|          0|
    |tmp_V_383_reg_2093                 |  16|   0|   16|          0|
    |tmp_V_384_reg_2067                 |  16|   0|   16|          0|
    |tmp_V_385_reg_2041                 |  16|   0|   16|          0|
    |tmp_V_386_reg_2015                 |  16|   0|   16|          0|
    |tmp_V_387_reg_1989                 |  16|   0|   16|          0|
    |tmp_V_388_reg_1963                 |  16|   0|   16|          0|
    |tmp_V_389_reg_1937                 |  16|   0|   16|          0|
    |tmp_V_390_reg_1911                 |  16|   0|   16|          0|
    |tmp_V_391_reg_1885                 |  16|   0|   16|          0|
    |tmp_V_392_reg_1859                 |  16|   0|   16|          0|
    |tmp_V_reg_1837                     |  16|   0|   16|          0|
    |tmp_V_reg_1837_pp0_iter1_reg       |  16|   0|   16|          0|
    |weight_index_reg_2155              |   2|   0|    2|          0|
    |window_cache_0_0_V_fu_262          |  16|   0|   16|          0|
    |window_cache_0_1_V_fu_266          |  16|   0|   16|          0|
    |window_cache_0_2_V_fu_270          |  16|   0|   16|          0|
    |window_cache_0_3_V_fu_274          |  16|   0|   16|          0|
    |window_cache_0_4_V_fu_278          |  16|   0|   16|          0|
    |window_cache_1_0_V_fu_282          |  16|   0|   16|          0|
    |window_cache_1_1_V_fu_286          |  16|   0|   16|          0|
    |window_cache_1_2_V_fu_290          |  16|   0|   16|          0|
    |window_cache_1_3_V_fu_294          |  16|   0|   16|          0|
    |window_cache_1_4_V_fu_298          |  16|   0|   16|          0|
    |window_cache_2_0_V_fu_302          |  16|   0|   16|          0|
    |window_cache_2_1_V_fu_306          |  16|   0|   16|          0|
    |window_cache_2_2_V_fu_310          |  16|   0|   16|          0|
    |window_cache_2_3_V_fu_314          |  16|   0|   16|          0|
    |window_cache_2_4_V_fu_318          |  16|   0|   16|          0|
    |window_cache_3_0_V_fu_322          |  16|   0|   16|          0|
    |window_cache_3_1_V_fu_326          |  16|   0|   16|          0|
    |window_cache_3_2_V_fu_330          |  16|   0|   16|          0|
    |window_cache_3_3_V_fu_334          |  16|   0|   16|          0|
    |window_cache_3_4_V_fu_338          |  16|   0|   16|          0|
    |window_cache_4_0_V_fu_342          |  16|   0|   16|          0|
    |window_cache_4_1_V_fu_346          |  16|   0|   16|          0|
    |window_cache_4_2_V_fu_350          |  16|   0|   16|          0|
    |window_cache_4_3_V_fu_354          |  16|   0|   16|          0|
    |window_cache_4_4_V_fu_358          |  16|   0|   16|          0|
    +-----------------------------------+----+----+-----+-----------+
    |Total                              |1446|   0| 1446|          0|
    +-----------------------------------+----+----+-----+-----------+



================================================================
== Interface
================================================================
* Summary: 
+-----------------------------+-----+-----+------------+----------------------+--------------+
|          RTL Ports          | Dir | Bits|  Protocol  |     Source Object    |    C Type    |
+-----------------------------+-----+-----+------------+----------------------+--------------+
|ap_clk                       |  in |    1| ap_ctrl_hs |     conv_intr510     | return value |
|ap_rst                       |  in |    1| ap_ctrl_hs |     conv_intr510     | return value |
|ap_start                     |  in |    1| ap_ctrl_hs |     conv_intr510     | return value |
|start_full_n                 |  in |    1| ap_ctrl_hs |     conv_intr510     | return value |
|ap_done                      | out |    1| ap_ctrl_hs |     conv_intr510     | return value |
|ap_continue                  |  in |    1| ap_ctrl_hs |     conv_intr510     | return value |
|ap_idle                      | out |    1| ap_ctrl_hs |     conv_intr510     | return value |
|ap_ready                     | out |    1| ap_ctrl_hs |     conv_intr510     | return value |
|start_out                    | out |    1| ap_ctrl_hs |     conv_intr510     | return value |
|start_write                  | out |    1| ap_ctrl_hs |     conv_intr510     | return value |
|in_V_V_dout                  |  in |   16|   ap_fifo  |        in_V_V        |    pointer   |
|in_V_V_empty_n               |  in |    1|   ap_fifo  |        in_V_V        |    pointer   |
|in_V_V_read                  | out |    1|   ap_fifo  |        in_V_V        |    pointer   |
|in_V_V15_dout                |  in |   16|   ap_fifo  |       in_V_V15       |    pointer   |
|in_V_V15_empty_n             |  in |    1|   ap_fifo  |       in_V_V15       |    pointer   |
|in_V_V15_read                | out |    1|   ap_fifo  |       in_V_V15       |    pointer   |
|in_V_V210_dout               |  in |   16|   ap_fifo  |       in_V_V210      |    pointer   |
|in_V_V210_empty_n            |  in |    1|   ap_fifo  |       in_V_V210      |    pointer   |
|in_V_V210_read               | out |    1|   ap_fifo  |       in_V_V210      |    pointer   |
|in_V_V315_dout               |  in |   16|   ap_fifo  |       in_V_V315      |    pointer   |
|in_V_V315_empty_n            |  in |    1|   ap_fifo  |       in_V_V315      |    pointer   |
|in_V_V315_read               | out |    1|   ap_fifo  |       in_V_V315      |    pointer   |
|in_V_V420_dout               |  in |   16|   ap_fifo  |       in_V_V420      |    pointer   |
|in_V_V420_empty_n            |  in |    1|   ap_fifo  |       in_V_V420      |    pointer   |
|in_V_V420_read               | out |    1|   ap_fifo  |       in_V_V420      |    pointer   |
|in_V_V1_dout                 |  in |   16|   ap_fifo  |        in_V_V1       |    pointer   |
|in_V_V1_empty_n              |  in |    1|   ap_fifo  |        in_V_V1       |    pointer   |
|in_V_V1_read                 | out |    1|   ap_fifo  |        in_V_V1       |    pointer   |
|in_V_V16_dout                |  in |   16|   ap_fifo  |       in_V_V16       |    pointer   |
|in_V_V16_empty_n             |  in |    1|   ap_fifo  |       in_V_V16       |    pointer   |
|in_V_V16_read                | out |    1|   ap_fifo  |       in_V_V16       |    pointer   |
|in_V_V211_dout               |  in |   16|   ap_fifo  |       in_V_V211      |    pointer   |
|in_V_V211_empty_n            |  in |    1|   ap_fifo  |       in_V_V211      |    pointer   |
|in_V_V211_read               | out |    1|   ap_fifo  |       in_V_V211      |    pointer   |
|in_V_V316_dout               |  in |   16|   ap_fifo  |       in_V_V316      |    pointer   |
|in_V_V316_empty_n            |  in |    1|   ap_fifo  |       in_V_V316      |    pointer   |
|in_V_V316_read               | out |    1|   ap_fifo  |       in_V_V316      |    pointer   |
|in_V_V421_dout               |  in |   16|   ap_fifo  |       in_V_V421      |    pointer   |
|in_V_V421_empty_n            |  in |    1|   ap_fifo  |       in_V_V421      |    pointer   |
|in_V_V421_read               | out |    1|   ap_fifo  |       in_V_V421      |    pointer   |
|in_V_V2_dout                 |  in |   16|   ap_fifo  |        in_V_V2       |    pointer   |
|in_V_V2_empty_n              |  in |    1|   ap_fifo  |        in_V_V2       |    pointer   |
|in_V_V2_read                 | out |    1|   ap_fifo  |        in_V_V2       |    pointer   |
|in_V_V17_dout                |  in |   16|   ap_fifo  |       in_V_V17       |    pointer   |
|in_V_V17_empty_n             |  in |    1|   ap_fifo  |       in_V_V17       |    pointer   |
|in_V_V17_read                | out |    1|   ap_fifo  |       in_V_V17       |    pointer   |
|in_V_V212_dout               |  in |   16|   ap_fifo  |       in_V_V212      |    pointer   |
|in_V_V212_empty_n            |  in |    1|   ap_fifo  |       in_V_V212      |    pointer   |
|in_V_V212_read               | out |    1|   ap_fifo  |       in_V_V212      |    pointer   |
|in_V_V317_dout               |  in |   16|   ap_fifo  |       in_V_V317      |    pointer   |
|in_V_V317_empty_n            |  in |    1|   ap_fifo  |       in_V_V317      |    pointer   |
|in_V_V317_read               | out |    1|   ap_fifo  |       in_V_V317      |    pointer   |
|in_V_V422_dout               |  in |   16|   ap_fifo  |       in_V_V422      |    pointer   |
|in_V_V422_empty_n            |  in |    1|   ap_fifo  |       in_V_V422      |    pointer   |
|in_V_V422_read               | out |    1|   ap_fifo  |       in_V_V422      |    pointer   |
|in_V_V3_dout                 |  in |   16|   ap_fifo  |        in_V_V3       |    pointer   |
|in_V_V3_empty_n              |  in |    1|   ap_fifo  |        in_V_V3       |    pointer   |
|in_V_V3_read                 | out |    1|   ap_fifo  |        in_V_V3       |    pointer   |
|in_V_V18_dout                |  in |   16|   ap_fifo  |       in_V_V18       |    pointer   |
|in_V_V18_empty_n             |  in |    1|   ap_fifo  |       in_V_V18       |    pointer   |
|in_V_V18_read                | out |    1|   ap_fifo  |       in_V_V18       |    pointer   |
|in_V_V213_dout               |  in |   16|   ap_fifo  |       in_V_V213      |    pointer   |
|in_V_V213_empty_n            |  in |    1|   ap_fifo  |       in_V_V213      |    pointer   |
|in_V_V213_read               | out |    1|   ap_fifo  |       in_V_V213      |    pointer   |
|in_V_V318_dout               |  in |   16|   ap_fifo  |       in_V_V318      |    pointer   |
|in_V_V318_empty_n            |  in |    1|   ap_fifo  |       in_V_V318      |    pointer   |
|in_V_V318_read               | out |    1|   ap_fifo  |       in_V_V318      |    pointer   |
|in_V_V423_dout               |  in |   16|   ap_fifo  |       in_V_V423      |    pointer   |
|in_V_V423_empty_n            |  in |    1|   ap_fifo  |       in_V_V423      |    pointer   |
|in_V_V423_read               | out |    1|   ap_fifo  |       in_V_V423      |    pointer   |
|in_V_V4_dout                 |  in |   16|   ap_fifo  |        in_V_V4       |    pointer   |
|in_V_V4_empty_n              |  in |    1|   ap_fifo  |        in_V_V4       |    pointer   |
|in_V_V4_read                 | out |    1|   ap_fifo  |        in_V_V4       |    pointer   |
|in_V_V19_dout                |  in |   16|   ap_fifo  |       in_V_V19       |    pointer   |
|in_V_V19_empty_n             |  in |    1|   ap_fifo  |       in_V_V19       |    pointer   |
|in_V_V19_read                | out |    1|   ap_fifo  |       in_V_V19       |    pointer   |
|in_V_V214_dout               |  in |   16|   ap_fifo  |       in_V_V214      |    pointer   |
|in_V_V214_empty_n            |  in |    1|   ap_fifo  |       in_V_V214      |    pointer   |
|in_V_V214_read               | out |    1|   ap_fifo  |       in_V_V214      |    pointer   |
|in_V_V319_dout               |  in |   16|   ap_fifo  |       in_V_V319      |    pointer   |
|in_V_V319_empty_n            |  in |    1|   ap_fifo  |       in_V_V319      |    pointer   |
|in_V_V319_read               | out |    1|   ap_fifo  |       in_V_V319      |    pointer   |
|in_V_V424_dout               |  in |   16|   ap_fifo  |       in_V_V424      |    pointer   |
|in_V_V424_empty_n            |  in |    1|   ap_fifo  |       in_V_V424      |    pointer   |
|in_V_V424_read               | out |    1|   ap_fifo  |       in_V_V424      |    pointer   |
|window_stream_0_V_V_din      | out |   16|   ap_fifo  |  window_stream_0_V_V |    pointer   |
|window_stream_0_V_V_full_n   |  in |    1|   ap_fifo  |  window_stream_0_V_V |    pointer   |
|window_stream_0_V_V_write    | out |    1|   ap_fifo  |  window_stream_0_V_V |    pointer   |
|weight_stream_0_V_V_din      | out |   16|   ap_fifo  |  weight_stream_0_V_V |    pointer   |
|weight_stream_0_V_V_full_n   |  in |    1|   ap_fifo  |  weight_stream_0_V_V |    pointer   |
|weight_stream_0_V_V_write    | out |    1|   ap_fifo  |  weight_stream_0_V_V |    pointer   |
|window_stream_1_V_V_din      | out |   16|   ap_fifo  |  window_stream_1_V_V |    pointer   |
|window_stream_1_V_V_full_n   |  in |    1|   ap_fifo  |  window_stream_1_V_V |    pointer   |
|window_stream_1_V_V_write    | out |    1|   ap_fifo  |  window_stream_1_V_V |    pointer   |
|weight_stream_1_V_V_din      | out |   16|   ap_fifo  |  weight_stream_1_V_V |    pointer   |
|weight_stream_1_V_V_full_n   |  in |    1|   ap_fifo  |  weight_stream_1_V_V |    pointer   |
|weight_stream_1_V_V_write    | out |    1|   ap_fifo  |  weight_stream_1_V_V |    pointer   |
|window_stream_2_V_V_din      | out |   16|   ap_fifo  |  window_stream_2_V_V |    pointer   |
|window_stream_2_V_V_full_n   |  in |    1|   ap_fifo  |  window_stream_2_V_V |    pointer   |
|window_stream_2_V_V_write    | out |    1|   ap_fifo  |  window_stream_2_V_V |    pointer   |
|weight_stream_2_V_V_din      | out |   16|   ap_fifo  |  weight_stream_2_V_V |    pointer   |
|weight_stream_2_V_V_full_n   |  in |    1|   ap_fifo  |  weight_stream_2_V_V |    pointer   |
|weight_stream_2_V_V_write    | out |    1|   ap_fifo  |  weight_stream_2_V_V |    pointer   |
|window_stream_3_V_V_din      | out |   16|   ap_fifo  |  window_stream_3_V_V |    pointer   |
|window_stream_3_V_V_full_n   |  in |    1|   ap_fifo  |  window_stream_3_V_V |    pointer   |
|window_stream_3_V_V_write    | out |    1|   ap_fifo  |  window_stream_3_V_V |    pointer   |
|weight_stream_3_V_V_din      | out |   16|   ap_fifo  |  weight_stream_3_V_V |    pointer   |
|weight_stream_3_V_V_full_n   |  in |    1|   ap_fifo  |  weight_stream_3_V_V |    pointer   |
|weight_stream_3_V_V_write    | out |    1|   ap_fifo  |  weight_stream_3_V_V |    pointer   |
|window_stream_4_V_V_din      | out |   16|   ap_fifo  |  window_stream_4_V_V |    pointer   |
|window_stream_4_V_V_full_n   |  in |    1|   ap_fifo  |  window_stream_4_V_V |    pointer   |
|window_stream_4_V_V_write    | out |    1|   ap_fifo  |  window_stream_4_V_V |    pointer   |
|weight_stream_4_V_V_din      | out |   16|   ap_fifo  |  weight_stream_4_V_V |    pointer   |
|weight_stream_4_V_V_full_n   |  in |    1|   ap_fifo  |  weight_stream_4_V_V |    pointer   |
|weight_stream_4_V_V_write    | out |    1|   ap_fifo  |  weight_stream_4_V_V |    pointer   |
|window_stream_5_V_V_din      | out |   16|   ap_fifo  |  window_stream_5_V_V |    pointer   |
|window_stream_5_V_V_full_n   |  in |    1|   ap_fifo  |  window_stream_5_V_V |    pointer   |
|window_stream_5_V_V_write    | out |    1|   ap_fifo  |  window_stream_5_V_V |    pointer   |
|weight_stream_5_V_V_din      | out |   16|   ap_fifo  |  weight_stream_5_V_V |    pointer   |
|weight_stream_5_V_V_full_n   |  in |    1|   ap_fifo  |  weight_stream_5_V_V |    pointer   |
|weight_stream_5_V_V_write    | out |    1|   ap_fifo  |  weight_stream_5_V_V |    pointer   |
|window_stream_6_V_V_din      | out |   16|   ap_fifo  |  window_stream_6_V_V |    pointer   |
|window_stream_6_V_V_full_n   |  in |    1|   ap_fifo  |  window_stream_6_V_V |    pointer   |
|window_stream_6_V_V_write    | out |    1|   ap_fifo  |  window_stream_6_V_V |    pointer   |
|weight_stream_6_V_V_din      | out |   16|   ap_fifo  |  weight_stream_6_V_V |    pointer   |
|weight_stream_6_V_V_full_n   |  in |    1|   ap_fifo  |  weight_stream_6_V_V |    pointer   |
|weight_stream_6_V_V_write    | out |    1|   ap_fifo  |  weight_stream_6_V_V |    pointer   |
|window_stream_7_V_V_din      | out |   16|   ap_fifo  |  window_stream_7_V_V |    pointer   |
|window_stream_7_V_V_full_n   |  in |    1|   ap_fifo  |  window_stream_7_V_V |    pointer   |
|window_stream_7_V_V_write    | out |    1|   ap_fifo  |  window_stream_7_V_V |    pointer   |
|weight_stream_7_V_V_din      | out |   16|   ap_fifo  |  weight_stream_7_V_V |    pointer   |
|weight_stream_7_V_V_full_n   |  in |    1|   ap_fifo  |  weight_stream_7_V_V |    pointer   |
|weight_stream_7_V_V_write    | out |    1|   ap_fifo  |  weight_stream_7_V_V |    pointer   |
|window_stream_8_V_V_din      | out |   16|   ap_fifo  |  window_stream_8_V_V |    pointer   |
|window_stream_8_V_V_full_n   |  in |    1|   ap_fifo  |  window_stream_8_V_V |    pointer   |
|window_stream_8_V_V_write    | out |    1|   ap_fifo  |  window_stream_8_V_V |    pointer   |
|weight_stream_8_V_V_din      | out |   16|   ap_fifo  |  weight_stream_8_V_V |    pointer   |
|weight_stream_8_V_V_full_n   |  in |    1|   ap_fifo  |  weight_stream_8_V_V |    pointer   |
|weight_stream_8_V_V_write    | out |    1|   ap_fifo  |  weight_stream_8_V_V |    pointer   |
|window_stream_9_V_V_din      | out |   16|   ap_fifo  |  window_stream_9_V_V |    pointer   |
|window_stream_9_V_V_full_n   |  in |    1|   ap_fifo  |  window_stream_9_V_V |    pointer   |
|window_stream_9_V_V_write    | out |    1|   ap_fifo  |  window_stream_9_V_V |    pointer   |
|weight_stream_9_V_V_din      | out |   16|   ap_fifo  |  weight_stream_9_V_V |    pointer   |
|weight_stream_9_V_V_full_n   |  in |    1|   ap_fifo  |  weight_stream_9_V_V |    pointer   |
|weight_stream_9_V_V_write    | out |    1|   ap_fifo  |  weight_stream_9_V_V |    pointer   |
|window_stream_10_V_V_din     | out |   16|   ap_fifo  | window_stream_10_V_V |    pointer   |
|window_stream_10_V_V_full_n  |  in |    1|   ap_fifo  | window_stream_10_V_V |    pointer   |
|window_stream_10_V_V_write   | out |    1|   ap_fifo  | window_stream_10_V_V |    pointer   |
|weight_stream_10_V_V_din     | out |   16|   ap_fifo  | weight_stream_10_V_V |    pointer   |
|weight_stream_10_V_V_full_n  |  in |    1|   ap_fifo  | weight_stream_10_V_V |    pointer   |
|weight_stream_10_V_V_write   | out |    1|   ap_fifo  | weight_stream_10_V_V |    pointer   |
|window_stream_11_V_V_din     | out |   16|   ap_fifo  | window_stream_11_V_V |    pointer   |
|window_stream_11_V_V_full_n  |  in |    1|   ap_fifo  | window_stream_11_V_V |    pointer   |
|window_stream_11_V_V_write   | out |    1|   ap_fifo  | window_stream_11_V_V |    pointer   |
|weight_stream_11_V_V_din     | out |   16|   ap_fifo  | weight_stream_11_V_V |    pointer   |
|weight_stream_11_V_V_full_n  |  in |    1|   ap_fifo  | weight_stream_11_V_V |    pointer   |
|weight_stream_11_V_V_write   | out |    1|   ap_fifo  | weight_stream_11_V_V |    pointer   |
|window_stream_12_V_V_din     | out |   16|   ap_fifo  | window_stream_12_V_V |    pointer   |
|window_stream_12_V_V_full_n  |  in |    1|   ap_fifo  | window_stream_12_V_V |    pointer   |
|window_stream_12_V_V_write   | out |    1|   ap_fifo  | window_stream_12_V_V |    pointer   |
|weight_stream_12_V_V_din     | out |   16|   ap_fifo  | weight_stream_12_V_V |    pointer   |
|weight_stream_12_V_V_full_n  |  in |    1|   ap_fifo  | weight_stream_12_V_V |    pointer   |
|weight_stream_12_V_V_write   | out |    1|   ap_fifo  | weight_stream_12_V_V |    pointer   |
|window_stream_13_V_V_din     | out |   16|   ap_fifo  | window_stream_13_V_V |    pointer   |
|window_stream_13_V_V_full_n  |  in |    1|   ap_fifo  | window_stream_13_V_V |    pointer   |
|window_stream_13_V_V_write   | out |    1|   ap_fifo  | window_stream_13_V_V |    pointer   |
|weight_stream_13_V_V_din     | out |   16|   ap_fifo  | weight_stream_13_V_V |    pointer   |
|weight_stream_13_V_V_full_n  |  in |    1|   ap_fifo  | weight_stream_13_V_V |    pointer   |
|weight_stream_13_V_V_write   | out |    1|   ap_fifo  | weight_stream_13_V_V |    pointer   |
|window_stream_14_V_V_din     | out |   16|   ap_fifo  | window_stream_14_V_V |    pointer   |
|window_stream_14_V_V_full_n  |  in |    1|   ap_fifo  | window_stream_14_V_V |    pointer   |
|window_stream_14_V_V_write   | out |    1|   ap_fifo  | window_stream_14_V_V |    pointer   |
|weight_stream_14_V_V_din     | out |   16|   ap_fifo  | weight_stream_14_V_V |    pointer   |
|weight_stream_14_V_V_full_n  |  in |    1|   ap_fifo  | weight_stream_14_V_V |    pointer   |
|weight_stream_14_V_V_write   | out |    1|   ap_fifo  | weight_stream_14_V_V |    pointer   |
|window_stream_15_V_V_din     | out |   16|   ap_fifo  | window_stream_15_V_V |    pointer   |
|window_stream_15_V_V_full_n  |  in |    1|   ap_fifo  | window_stream_15_V_V |    pointer   |
|window_stream_15_V_V_write   | out |    1|   ap_fifo  | window_stream_15_V_V |    pointer   |
|weight_stream_15_V_V_din     | out |   16|   ap_fifo  | weight_stream_15_V_V |    pointer   |
|weight_stream_15_V_V_full_n  |  in |    1|   ap_fifo  | weight_stream_15_V_V |    pointer   |
|weight_stream_15_V_V_write   | out |    1|   ap_fifo  | weight_stream_15_V_V |    pointer   |
|window_stream_16_V_V_din     | out |   16|   ap_fifo  | window_stream_16_V_V |    pointer   |
|window_stream_16_V_V_full_n  |  in |    1|   ap_fifo  | window_stream_16_V_V |    pointer   |
|window_stream_16_V_V_write   | out |    1|   ap_fifo  | window_stream_16_V_V |    pointer   |
|weight_stream_16_V_V_din     | out |   16|   ap_fifo  | weight_stream_16_V_V |    pointer   |
|weight_stream_16_V_V_full_n  |  in |    1|   ap_fifo  | weight_stream_16_V_V |    pointer   |
|weight_stream_16_V_V_write   | out |    1|   ap_fifo  | weight_stream_16_V_V |    pointer   |
|window_stream_17_V_V_din     | out |   16|   ap_fifo  | window_stream_17_V_V |    pointer   |
|window_stream_17_V_V_full_n  |  in |    1|   ap_fifo  | window_stream_17_V_V |    pointer   |
|window_stream_17_V_V_write   | out |    1|   ap_fifo  | window_stream_17_V_V |    pointer   |
|weight_stream_17_V_V_din     | out |   16|   ap_fifo  | weight_stream_17_V_V |    pointer   |
|weight_stream_17_V_V_full_n  |  in |    1|   ap_fifo  | weight_stream_17_V_V |    pointer   |
|weight_stream_17_V_V_write   | out |    1|   ap_fifo  | weight_stream_17_V_V |    pointer   |
|window_stream_18_V_V_din     | out |   16|   ap_fifo  | window_stream_18_V_V |    pointer   |
|window_stream_18_V_V_full_n  |  in |    1|   ap_fifo  | window_stream_18_V_V |    pointer   |
|window_stream_18_V_V_write   | out |    1|   ap_fifo  | window_stream_18_V_V |    pointer   |
|weight_stream_18_V_V_din     | out |   16|   ap_fifo  | weight_stream_18_V_V |    pointer   |
|weight_stream_18_V_V_full_n  |  in |    1|   ap_fifo  | weight_stream_18_V_V |    pointer   |
|weight_stream_18_V_V_write   | out |    1|   ap_fifo  | weight_stream_18_V_V |    pointer   |
|window_stream_19_V_V_din     | out |   16|   ap_fifo  | window_stream_19_V_V |    pointer   |
|window_stream_19_V_V_full_n  |  in |    1|   ap_fifo  | window_stream_19_V_V |    pointer   |
|window_stream_19_V_V_write   | out |    1|   ap_fifo  | window_stream_19_V_V |    pointer   |
|weight_stream_19_V_V_din     | out |   16|   ap_fifo  | weight_stream_19_V_V |    pointer   |
|weight_stream_19_V_V_full_n  |  in |    1|   ap_fifo  | weight_stream_19_V_V |    pointer   |
|weight_stream_19_V_V_write   | out |    1|   ap_fifo  | weight_stream_19_V_V |    pointer   |
|window_stream_20_V_V_din     | out |   16|   ap_fifo  | window_stream_20_V_V |    pointer   |
|window_stream_20_V_V_full_n  |  in |    1|   ap_fifo  | window_stream_20_V_V |    pointer   |
|window_stream_20_V_V_write   | out |    1|   ap_fifo  | window_stream_20_V_V |    pointer   |
|weight_stream_20_V_V_din     | out |   16|   ap_fifo  | weight_stream_20_V_V |    pointer   |
|weight_stream_20_V_V_full_n  |  in |    1|   ap_fifo  | weight_stream_20_V_V |    pointer   |
|weight_stream_20_V_V_write   | out |    1|   ap_fifo  | weight_stream_20_V_V |    pointer   |
|window_stream_21_V_V_din     | out |   16|   ap_fifo  | window_stream_21_V_V |    pointer   |
|window_stream_21_V_V_full_n  |  in |    1|   ap_fifo  | window_stream_21_V_V |    pointer   |
|window_stream_21_V_V_write   | out |    1|   ap_fifo  | window_stream_21_V_V |    pointer   |
|weight_stream_21_V_V_din     | out |   16|   ap_fifo  | weight_stream_21_V_V |    pointer   |
|weight_stream_21_V_V_full_n  |  in |    1|   ap_fifo  | weight_stream_21_V_V |    pointer   |
|weight_stream_21_V_V_write   | out |    1|   ap_fifo  | weight_stream_21_V_V |    pointer   |
|window_stream_22_V_V_din     | out |   16|   ap_fifo  | window_stream_22_V_V |    pointer   |
|window_stream_22_V_V_full_n  |  in |    1|   ap_fifo  | window_stream_22_V_V |    pointer   |
|window_stream_22_V_V_write   | out |    1|   ap_fifo  | window_stream_22_V_V |    pointer   |
|weight_stream_22_V_V_din     | out |   16|   ap_fifo  | weight_stream_22_V_V |    pointer   |
|weight_stream_22_V_V_full_n  |  in |    1|   ap_fifo  | weight_stream_22_V_V |    pointer   |
|weight_stream_22_V_V_write   | out |    1|   ap_fifo  | weight_stream_22_V_V |    pointer   |
|window_stream_23_V_V_din     | out |   16|   ap_fifo  | window_stream_23_V_V |    pointer   |
|window_stream_23_V_V_full_n  |  in |    1|   ap_fifo  | window_stream_23_V_V |    pointer   |
|window_stream_23_V_V_write   | out |    1|   ap_fifo  | window_stream_23_V_V |    pointer   |
|weight_stream_23_V_V_din     | out |   16|   ap_fifo  | weight_stream_23_V_V |    pointer   |
|weight_stream_23_V_V_full_n  |  in |    1|   ap_fifo  | weight_stream_23_V_V |    pointer   |
|weight_stream_23_V_V_write   | out |    1|   ap_fifo  | weight_stream_23_V_V |    pointer   |
|window_stream_24_V_V_din     | out |   16|   ap_fifo  | window_stream_24_V_V |    pointer   |
|window_stream_24_V_V_full_n  |  in |    1|   ap_fifo  | window_stream_24_V_V |    pointer   |
|window_stream_24_V_V_write   | out |    1|   ap_fifo  | window_stream_24_V_V |    pointer   |
|weight_stream_24_V_V_din     | out |   16|   ap_fifo  | weight_stream_24_V_V |    pointer   |
|weight_stream_24_V_V_full_n  |  in |    1|   ap_fifo  | weight_stream_24_V_V |    pointer   |
|weight_stream_24_V_V_write   | out |    1|   ap_fifo  | weight_stream_24_V_V |    pointer   |
|weights_0_0_V_address0       | out |    2|  ap_stable |     weights_0_0_V    |     array    |
|weights_0_0_V_ce0            | out |    1|  ap_stable |     weights_0_0_V    |     array    |
|weights_0_0_V_q0             |  in |   16|  ap_stable |     weights_0_0_V    |     array    |
|weights_0_1_V_address0       | out |    2|  ap_stable |     weights_0_1_V    |     array    |
|weights_0_1_V_ce0            | out |    1|  ap_stable |     weights_0_1_V    |     array    |
|weights_0_1_V_q0             |  in |   16|  ap_stable |     weights_0_1_V    |     array    |
|weights_0_2_V_address0       | out |    2|  ap_stable |     weights_0_2_V    |     array    |
|weights_0_2_V_ce0            | out |    1|  ap_stable |     weights_0_2_V    |     array    |
|weights_0_2_V_q0             |  in |   16|  ap_stable |     weights_0_2_V    |     array    |
|weights_0_3_V_address0       | out |    2|  ap_stable |     weights_0_3_V    |     array    |
|weights_0_3_V_ce0            | out |    1|  ap_stable |     weights_0_3_V    |     array    |
|weights_0_3_V_q0             |  in |   16|  ap_stable |     weights_0_3_V    |     array    |
|weights_0_4_V_address0       | out |    2|  ap_stable |     weights_0_4_V    |     array    |
|weights_0_4_V_ce0            | out |    1|  ap_stable |     weights_0_4_V    |     array    |
|weights_0_4_V_q0             |  in |   16|  ap_stable |     weights_0_4_V    |     array    |
|weights_1_0_V_address0       | out |    2|  ap_stable |     weights_1_0_V    |     array    |
|weights_1_0_V_ce0            | out |    1|  ap_stable |     weights_1_0_V    |     array    |
|weights_1_0_V_q0             |  in |   16|  ap_stable |     weights_1_0_V    |     array    |
|weights_1_1_V_address0       | out |    2|  ap_stable |     weights_1_1_V    |     array    |
|weights_1_1_V_ce0            | out |    1|  ap_stable |     weights_1_1_V    |     array    |
|weights_1_1_V_q0             |  in |   16|  ap_stable |     weights_1_1_V    |     array    |
|weights_1_2_V_address0       | out |    2|  ap_stable |     weights_1_2_V    |     array    |
|weights_1_2_V_ce0            | out |    1|  ap_stable |     weights_1_2_V    |     array    |
|weights_1_2_V_q0             |  in |   16|  ap_stable |     weights_1_2_V    |     array    |
|weights_1_3_V_address0       | out |    2|  ap_stable |     weights_1_3_V    |     array    |
|weights_1_3_V_ce0            | out |    1|  ap_stable |     weights_1_3_V    |     array    |
|weights_1_3_V_q0             |  in |   16|  ap_stable |     weights_1_3_V    |     array    |
|weights_1_4_V_address0       | out |    2|  ap_stable |     weights_1_4_V    |     array    |
|weights_1_4_V_ce0            | out |    1|  ap_stable |     weights_1_4_V    |     array    |
|weights_1_4_V_q0             |  in |   16|  ap_stable |     weights_1_4_V    |     array    |
|weights_2_0_V_address0       | out |    2|  ap_stable |     weights_2_0_V    |     array    |
|weights_2_0_V_ce0            | out |    1|  ap_stable |     weights_2_0_V    |     array    |
|weights_2_0_V_q0             |  in |   16|  ap_stable |     weights_2_0_V    |     array    |
|weights_2_1_V_address0       | out |    2|  ap_stable |     weights_2_1_V    |     array    |
|weights_2_1_V_ce0            | out |    1|  ap_stable |     weights_2_1_V    |     array    |
|weights_2_1_V_q0             |  in |   16|  ap_stable |     weights_2_1_V    |     array    |
|weights_2_2_V_address0       | out |    2|  ap_stable |     weights_2_2_V    |     array    |
|weights_2_2_V_ce0            | out |    1|  ap_stable |     weights_2_2_V    |     array    |
|weights_2_2_V_q0             |  in |   16|  ap_stable |     weights_2_2_V    |     array    |
|weights_2_3_V_address0       | out |    2|  ap_stable |     weights_2_3_V    |     array    |
|weights_2_3_V_ce0            | out |    1|  ap_stable |     weights_2_3_V    |     array    |
|weights_2_3_V_q0             |  in |   16|  ap_stable |     weights_2_3_V    |     array    |
|weights_2_4_V_address0       | out |    2|  ap_stable |     weights_2_4_V    |     array    |
|weights_2_4_V_ce0            | out |    1|  ap_stable |     weights_2_4_V    |     array    |
|weights_2_4_V_q0             |  in |   16|  ap_stable |     weights_2_4_V    |     array    |
|weights_3_0_V_address0       | out |    2|  ap_stable |     weights_3_0_V    |     array    |
|weights_3_0_V_ce0            | out |    1|  ap_stable |     weights_3_0_V    |     array    |
|weights_3_0_V_q0             |  in |   16|  ap_stable |     weights_3_0_V    |     array    |
|weights_3_1_V_address0       | out |    2|  ap_stable |     weights_3_1_V    |     array    |
|weights_3_1_V_ce0            | out |    1|  ap_stable |     weights_3_1_V    |     array    |
|weights_3_1_V_q0             |  in |   16|  ap_stable |     weights_3_1_V    |     array    |
|weights_3_2_V_address0       | out |    2|  ap_stable |     weights_3_2_V    |     array    |
|weights_3_2_V_ce0            | out |    1|  ap_stable |     weights_3_2_V    |     array    |
|weights_3_2_V_q0             |  in |   16|  ap_stable |     weights_3_2_V    |     array    |
|weights_3_3_V_address0       | out |    2|  ap_stable |     weights_3_3_V    |     array    |
|weights_3_3_V_ce0            | out |    1|  ap_stable |     weights_3_3_V    |     array    |
|weights_3_3_V_q0             |  in |   16|  ap_stable |     weights_3_3_V    |     array    |
|weights_3_4_V_address0       | out |    2|  ap_stable |     weights_3_4_V    |     array    |
|weights_3_4_V_ce0            | out |    1|  ap_stable |     weights_3_4_V    |     array    |
|weights_3_4_V_q0             |  in |   16|  ap_stable |     weights_3_4_V    |     array    |
|weights_4_0_V_address0       | out |    2|  ap_stable |     weights_4_0_V    |     array    |
|weights_4_0_V_ce0            | out |    1|  ap_stable |     weights_4_0_V    |     array    |
|weights_4_0_V_q0             |  in |   16|  ap_stable |     weights_4_0_V    |     array    |
|weights_4_1_V_address0       | out |    2|  ap_stable |     weights_4_1_V    |     array    |
|weights_4_1_V_ce0            | out |    1|  ap_stable |     weights_4_1_V    |     array    |
|weights_4_1_V_q0             |  in |   16|  ap_stable |     weights_4_1_V    |     array    |
|weights_4_2_V_address0       | out |    2|  ap_stable |     weights_4_2_V    |     array    |
|weights_4_2_V_ce0            | out |    1|  ap_stable |     weights_4_2_V    |     array    |
|weights_4_2_V_q0             |  in |   16|  ap_stable |     weights_4_2_V    |     array    |
|weights_4_3_V_address0       | out |    2|  ap_stable |     weights_4_3_V    |     array    |
|weights_4_3_V_ce0            | out |    1|  ap_stable |     weights_4_3_V    |     array    |
|weights_4_3_V_q0             |  in |   16|  ap_stable |     weights_4_3_V    |     array    |
|weights_4_4_V_address0       | out |    2|  ap_stable |     weights_4_4_V    |     array    |
|weights_4_4_V_ce0            | out |    1|  ap_stable |     weights_4_4_V    |     array    |
|weights_4_4_V_q0             |  in |   16|  ap_stable |     weights_4_4_V    |     array    |
+-----------------------------+-----+-----+------------+----------------------+--------------+

