

================================================================
== Vivado HLS Report for 'fork_r'
================================================================
* Date:           Sat Feb 15 07:46:53 2025

* Version:        2019.2 (Build 2704478 on Wed Nov 06 22:10:23 MST 2019)
* Project:        partition_0
* Solution:       solution
* Product family: zynq
* Target device:  xc7z020-clg484-1


================================================================
== Performance Estimates
================================================================
+ Timing: 
    * Summary: 
    +--------+---------+----------+------------+
    |  Clock |  Target | Estimated| Uncertainty|
    +--------+---------+----------+------------+
    |ap_clk  | 5.00 ns | 4.375 ns |   0.62 ns  |
    +--------+---------+----------+------------+

+ Latency: 
    * Summary: 
    +---------+---------+----------+----------+-----+-----+---------+
    |  Latency (cycles) |  Latency (absolute) |  Interval | Pipeline|
    |   min   |   max   |    min   |    max   | min | max |   Type  |
    +---------+---------+----------+----------+-----+-----+---------+
    |      575|      576| 2.875 us | 2.880 us |  575|  576|   none  |
    +---------+---------+----------+----------+-----+-----+---------+

    + Detail: 
        * Instance: 
        N/A

        * Loop: 
        +--------------+---------+---------+----------+-----------+-----------+------+----------+
        |              |  Latency (cycles) | Iteration|  Initiation Interval  | Trip |          |
        |   Loop Name  |   min   |   max   |  Latency |  achieved |   target  | Count| Pipelined|
        +--------------+---------+---------+----------+-----------+-----------+------+----------+
        |- pixel_loop  |      575|      575|         1|          1|          1|   576|    yes   |
        +--------------+---------+---------+----------+-----------+-----------+------+----------+



================================================================
== Utilization Estimates
================================================================
* Summary: 
+-----------------+---------+-------+--------+-------+-----+
|       Name      | BRAM_18K| DSP48E|   FF   |  LUT  | URAM|
+-----------------+---------+-------+--------+-------+-----+
|DSP              |        -|      -|       -|      -|    -|
|Expression       |        -|      -|       0|     29|    -|
|FIFO             |        -|      -|       -|      -|    -|
|Instance         |        -|      -|       -|      -|    -|
|Memory           |        -|      -|       -|      -|    -|
|Multiplexer      |        -|      -|       -|   1149|    -|
|Register         |        -|      -|      12|      -|    -|
+-----------------+---------+-------+--------+-------+-----+
|Total            |        0|      0|      12|   1178|    0|
+-----------------+---------+-------+--------+-------+-----+
|Available        |      280|    220|  106400|  53200|    0|
+-----------------+---------+-------+--------+-------+-----+
|Utilization (%)  |        0|      0|   ~0   |      2|    0|
+-----------------+---------+-------+--------+-------+-----+

+ Detail: 
    * Instance: 
    N/A

    * DSP48E: 
    N/A

    * Memory: 
    N/A

    * FIFO: 
    N/A

    * Expression: 
    +------------------------+----------+-------+---+----+------------+------------+
    |      Variable Name     | Operation| DSP48E| FF| LUT| Bitwidth P0| Bitwidth P1|
    +------------------------+----------+-------+---+----+------------+------------+
    |pixel_index_fu_1506_p2  |     +    |      0|  0|  14|          10|           1|
    |icmp_ln109_fu_1512_p2   |   icmp   |      0|  0|  13|          10|          10|
    |ap_block_state2         |    or    |      0|  0|   2|           1|           1|
    +------------------------+----------+-------+---+----+------------+------------+
    |Total                   |          |      0|  0|  29|          21|          12|
    +------------------------+----------+-------+---+----+------------+------------+

    * Multiplexer: 
    +-------------------------+----+-----------+-----+-----------+
    |           Name          | LUT| Input Size| Bits| Total Bits|
    +-------------------------+----+-----------+-----+-----------+
    |ap_NS_fsm                |  15|          3|    1|          3|
    |in_V_V15_blk_n           |   9|          2|    1|          2|
    |in_V_V16_blk_n           |   9|          2|    1|          2|
    |in_V_V17_blk_n           |   9|          2|    1|          2|
    |in_V_V18_blk_n           |   9|          2|    1|          2|
    |in_V_V19_blk_n           |   9|          2|    1|          2|
    |in_V_V1_blk_n            |   9|          2|    1|          2|
    |in_V_V210_blk_n          |   9|          2|    1|          2|
    |in_V_V211_blk_n          |   9|          2|    1|          2|
    |in_V_V212_blk_n          |   9|          2|    1|          2|
    |in_V_V213_blk_n          |   9|          2|    1|          2|
    |in_V_V214_blk_n          |   9|          2|    1|          2|
    |in_V_V2_blk_n            |   9|          2|    1|          2|
    |in_V_V315_blk_n          |   9|          2|    1|          2|
    |in_V_V316_blk_n          |   9|          2|    1|          2|
    |in_V_V317_blk_n          |   9|          2|    1|          2|
    |in_V_V318_blk_n          |   9|          2|    1|          2|
    |in_V_V319_blk_n          |   9|          2|    1|          2|
    |in_V_V3_blk_n            |   9|          2|    1|          2|
    |in_V_V420_blk_n          |   9|          2|    1|          2|
    |in_V_V421_blk_n          |   9|          2|    1|          2|
    |in_V_V422_blk_n          |   9|          2|    1|          2|
    |in_V_V423_blk_n          |   9|          2|    1|          2|
    |in_V_V424_blk_n          |   9|          2|    1|          2|
    |in_V_V4_blk_n            |   9|          2|    1|          2|
    |in_V_V_blk_n             |   9|          2|    1|          2|
    |out_0_0_0_V_V_blk_n      |   9|          2|    1|          2|
    |out_0_0_1_V_V_blk_n      |   9|          2|    1|          2|
    |out_0_0_2_V_V_blk_n      |   9|          2|    1|          2|
    |out_0_0_3_V_V_blk_n      |   9|          2|    1|          2|
    |out_0_0_4_V_V_blk_n      |   9|          2|    1|          2|
    |out_0_1_0_V_V_blk_n      |   9|          2|    1|          2|
    |out_0_1_1_V_V_blk_n      |   9|          2|    1|          2|
    |out_0_1_2_V_V_blk_n      |   9|          2|    1|          2|
    |out_0_1_3_V_V_blk_n      |   9|          2|    1|          2|
    |out_0_1_4_V_V_blk_n      |   9|          2|    1|          2|
    |out_0_2_0_V_V_blk_n      |   9|          2|    1|          2|
    |out_0_2_1_V_V_blk_n      |   9|          2|    1|          2|
    |out_0_2_2_V_V_blk_n      |   9|          2|    1|          2|
    |out_0_2_3_V_V_blk_n      |   9|          2|    1|          2|
    |out_0_2_4_V_V_blk_n      |   9|          2|    1|          2|
    |out_0_3_0_V_V_blk_n      |   9|          2|    1|          2|
    |out_0_3_1_V_V_blk_n      |   9|          2|    1|          2|
    |out_0_3_2_V_V_blk_n      |   9|          2|    1|          2|
    |out_0_3_3_V_V_blk_n      |   9|          2|    1|          2|
    |out_0_3_4_V_V_blk_n      |   9|          2|    1|          2|
    |out_0_4_0_V_V_blk_n      |   9|          2|    1|          2|
    |out_0_4_1_V_V_blk_n      |   9|          2|    1|          2|
    |out_0_4_2_V_V_blk_n      |   9|          2|    1|          2|
    |out_0_4_3_V_V_blk_n      |   9|          2|    1|          2|
    |out_0_4_4_V_V_blk_n      |   9|          2|    1|          2|
    |out_1_0_0_V_V_blk_n      |   9|          2|    1|          2|
    |out_1_0_1_V_V_blk_n      |   9|          2|    1|          2|
    |out_1_0_2_V_V_blk_n      |   9|          2|    1|          2|
    |out_1_0_3_V_V_blk_n      |   9|          2|    1|          2|
    |out_1_0_4_V_V_blk_n      |   9|          2|    1|          2|
    |out_1_1_0_V_V_blk_n      |   9|          2|    1|          2|
    |out_1_1_1_V_V_blk_n      |   9|          2|    1|          2|
    |out_1_1_2_V_V_blk_n      |   9|          2|    1|          2|
    |out_1_1_3_V_V_blk_n      |   9|          2|    1|          2|
    |out_1_1_4_V_V_blk_n      |   9|          2|    1|          2|
    |out_1_2_0_V_V_blk_n      |   9|          2|    1|          2|
    |out_1_2_1_V_V_blk_n      |   9|          2|    1|          2|
    |out_1_2_2_V_V_blk_n      |   9|          2|    1|          2|
    |out_1_2_3_V_V_blk_n      |   9|          2|    1|          2|
    |out_1_2_4_V_V_blk_n      |   9|          2|    1|          2|
    |out_1_3_0_V_V_blk_n      |   9|          2|    1|          2|
    |out_1_3_1_V_V_blk_n      |   9|          2|    1|          2|
    |out_1_3_2_V_V_blk_n      |   9|          2|    1|          2|
    |out_1_3_3_V_V_blk_n      |   9|          2|    1|          2|
    |out_1_3_4_V_V_blk_n      |   9|          2|    1|          2|
    |out_1_4_0_V_V_blk_n      |   9|          2|    1|          2|
    |out_1_4_1_V_V_blk_n      |   9|          2|    1|          2|
    |out_1_4_2_V_V_blk_n      |   9|          2|    1|          2|
    |out_1_4_3_V_V_blk_n      |   9|          2|    1|          2|
    |out_1_4_4_V_V_blk_n      |   9|          2|    1|          2|
    |out_2_0_0_V_V_blk_n      |   9|          2|    1|          2|
    |out_2_0_1_V_V_blk_n      |   9|          2|    1|          2|
    |out_2_0_2_V_V_blk_n      |   9|          2|    1|          2|
    |out_2_0_3_V_V_blk_n      |   9|          2|    1|          2|
    |out_2_0_4_V_V_blk_n      |   9|          2|    1|          2|
    |out_2_1_0_V_V_blk_n      |   9|          2|    1|          2|
    |out_2_1_1_V_V_blk_n      |   9|          2|    1|          2|
    |out_2_1_2_V_V_blk_n      |   9|          2|    1|          2|
    |out_2_1_3_V_V_blk_n      |   9|          2|    1|          2|
    |out_2_1_4_V_V_blk_n      |   9|          2|    1|          2|
    |out_2_2_0_V_V_blk_n      |   9|          2|    1|          2|
    |out_2_2_1_V_V_blk_n      |   9|          2|    1|          2|
    |out_2_2_2_V_V_blk_n      |   9|          2|    1|          2|
    |out_2_2_3_V_V_blk_n      |   9|          2|    1|          2|
    |out_2_2_4_V_V_blk_n      |   9|          2|    1|          2|
    |out_2_3_0_V_V_blk_n      |   9|          2|    1|          2|
    |out_2_3_1_V_V_blk_n      |   9|          2|    1|          2|
    |out_2_3_2_V_V_blk_n      |   9|          2|    1|          2|
    |out_2_3_3_V_V_blk_n      |   9|          2|    1|          2|
    |out_2_3_4_V_V_blk_n      |   9|          2|    1|          2|
    |out_2_4_0_V_V_blk_n      |   9|          2|    1|          2|
    |out_2_4_1_V_V_blk_n      |   9|          2|    1|          2|
    |out_2_4_2_V_V_blk_n      |   9|          2|    1|          2|
    |out_2_4_3_V_V_blk_n      |   9|          2|    1|          2|
    |out_2_4_4_V_V_blk_n      |   9|          2|    1|          2|
    |out_3_0_0_V_V_blk_n      |   9|          2|    1|          2|
    |out_3_0_1_V_V_blk_n      |   9|          2|    1|          2|
    |out_3_0_2_V_V_blk_n      |   9|          2|    1|          2|
    |out_3_0_3_V_V_blk_n      |   9|          2|    1|          2|
    |out_3_0_4_V_V_blk_n      |   9|          2|    1|          2|
    |out_3_1_0_V_V_blk_n      |   9|          2|    1|          2|
    |out_3_1_1_V_V_blk_n      |   9|          2|    1|          2|
    |out_3_1_2_V_V_blk_n      |   9|          2|    1|          2|
    |out_3_1_3_V_V_blk_n      |   9|          2|    1|          2|
    |out_3_1_4_V_V_blk_n      |   9|          2|    1|          2|
    |out_3_2_0_V_V_blk_n      |   9|          2|    1|          2|
    |out_3_2_1_V_V_blk_n      |   9|          2|    1|          2|
    |out_3_2_2_V_V_blk_n      |   9|          2|    1|          2|
    |out_3_2_3_V_V_blk_n      |   9|          2|    1|          2|
    |out_3_2_4_V_V_blk_n      |   9|          2|    1|          2|
    |out_3_3_0_V_V_blk_n      |   9|          2|    1|          2|
    |out_3_3_1_V_V_blk_n      |   9|          2|    1|          2|
    |out_3_3_2_V_V_blk_n      |   9|          2|    1|          2|
    |out_3_3_3_V_V_blk_n      |   9|          2|    1|          2|
    |out_3_3_4_V_V_blk_n      |   9|          2|    1|          2|
    |out_3_4_0_V_V_blk_n      |   9|          2|    1|          2|
    |out_3_4_1_V_V_blk_n      |   9|          2|    1|          2|
    |out_3_4_2_V_V_blk_n      |   9|          2|    1|          2|
    |out_3_4_3_V_V_blk_n      |   9|          2|    1|          2|
    |out_3_4_4_V_V_blk_n      |   9|          2|    1|          2|
    |pixel_index_01_reg_1367  |   9|          2|   10|         20|
    +-------------------------+----+-----------+-----+-----------+
    |Total                    |1149|        255|  136|        273|
    +-------------------------+----+-----------+-----+-----------+

    * Register: 
    +-------------------------+----+----+-----+-----------+
    |           Name          | FF | LUT| Bits| Const Bits|
    +-------------------------+----+----+-----+-----------+
    |ap_CS_fsm                |   2|   0|    2|          0|
    |pixel_index_01_reg_1367  |  10|   0|   10|          0|
    +-------------------------+----+----+-----+-----------+
    |Total                    |  12|   0|   12|          0|
    +-------------------------+----+----+-----+-----------+



================================================================
== Interface
================================================================
* Summary: 
+----------------------+-----+-----+------------+---------------+--------------+
|       RTL Ports      | Dir | Bits|  Protocol  | Source Object |    C Type    |
+----------------------+-----+-----+------------+---------------+--------------+
|ap_clk                |  in |    1| ap_ctrl_hs |      fork     | return value |
|ap_rst                |  in |    1| ap_ctrl_hs |      fork     | return value |
|ap_start              |  in |    1| ap_ctrl_hs |      fork     | return value |
|ap_done               | out |    1| ap_ctrl_hs |      fork     | return value |
|ap_idle               | out |    1| ap_ctrl_hs |      fork     | return value |
|ap_ready              | out |    1| ap_ctrl_hs |      fork     | return value |
|in_V_V_dout           |  in |   16|   ap_fifo  |     in_V_V    |    pointer   |
|in_V_V_empty_n        |  in |    1|   ap_fifo  |     in_V_V    |    pointer   |
|in_V_V_read           | out |    1|   ap_fifo  |     in_V_V    |    pointer   |
|in_V_V1_dout          |  in |   16|   ap_fifo  |    in_V_V1    |    pointer   |
|in_V_V1_empty_n       |  in |    1|   ap_fifo  |    in_V_V1    |    pointer   |
|in_V_V1_read          | out |    1|   ap_fifo  |    in_V_V1    |    pointer   |
|in_V_V2_dout          |  in |   16|   ap_fifo  |    in_V_V2    |    pointer   |
|in_V_V2_empty_n       |  in |    1|   ap_fifo  |    in_V_V2    |    pointer   |
|in_V_V2_read          | out |    1|   ap_fifo  |    in_V_V2    |    pointer   |
|in_V_V3_dout          |  in |   16|   ap_fifo  |    in_V_V3    |    pointer   |
|in_V_V3_empty_n       |  in |    1|   ap_fifo  |    in_V_V3    |    pointer   |
|in_V_V3_read          | out |    1|   ap_fifo  |    in_V_V3    |    pointer   |
|in_V_V4_dout          |  in |   16|   ap_fifo  |    in_V_V4    |    pointer   |
|in_V_V4_empty_n       |  in |    1|   ap_fifo  |    in_V_V4    |    pointer   |
|in_V_V4_read          | out |    1|   ap_fifo  |    in_V_V4    |    pointer   |
|in_V_V15_dout         |  in |   16|   ap_fifo  |    in_V_V15   |    pointer   |
|in_V_V15_empty_n      |  in |    1|   ap_fifo  |    in_V_V15   |    pointer   |
|in_V_V15_read         | out |    1|   ap_fifo  |    in_V_V15   |    pointer   |
|in_V_V16_dout         |  in |   16|   ap_fifo  |    in_V_V16   |    pointer   |
|in_V_V16_empty_n      |  in |    1|   ap_fifo  |    in_V_V16   |    pointer   |
|in_V_V16_read         | out |    1|   ap_fifo  |    in_V_V16   |    pointer   |
|in_V_V17_dout         |  in |   16|   ap_fifo  |    in_V_V17   |    pointer   |
|in_V_V17_empty_n      |  in |    1|   ap_fifo  |    in_V_V17   |    pointer   |
|in_V_V17_read         | out |    1|   ap_fifo  |    in_V_V17   |    pointer   |
|in_V_V18_dout         |  in |   16|   ap_fifo  |    in_V_V18   |    pointer   |
|in_V_V18_empty_n      |  in |    1|   ap_fifo  |    in_V_V18   |    pointer   |
|in_V_V18_read         | out |    1|   ap_fifo  |    in_V_V18   |    pointer   |
|in_V_V19_dout         |  in |   16|   ap_fifo  |    in_V_V19   |    pointer   |
|in_V_V19_empty_n      |  in |    1|   ap_fifo  |    in_V_V19   |    pointer   |
|in_V_V19_read         | out |    1|   ap_fifo  |    in_V_V19   |    pointer   |
|in_V_V210_dout        |  in |   16|   ap_fifo  |   in_V_V210   |    pointer   |
|in_V_V210_empty_n     |  in |    1|   ap_fifo  |   in_V_V210   |    pointer   |
|in_V_V210_read        | out |    1|   ap_fifo  |   in_V_V210   |    pointer   |
|in_V_V211_dout        |  in |   16|   ap_fifo  |   in_V_V211   |    pointer   |
|in_V_V211_empty_n     |  in |    1|   ap_fifo  |   in_V_V211   |    pointer   |
|in_V_V211_read        | out |    1|   ap_fifo  |   in_V_V211   |    pointer   |
|in_V_V212_dout        |  in |   16|   ap_fifo  |   in_V_V212   |    pointer   |
|in_V_V212_empty_n     |  in |    1|   ap_fifo  |   in_V_V212   |    pointer   |
|in_V_V212_read        | out |    1|   ap_fifo  |   in_V_V212   |    pointer   |
|in_V_V213_dout        |  in |   16|   ap_fifo  |   in_V_V213   |    pointer   |
|in_V_V213_empty_n     |  in |    1|   ap_fifo  |   in_V_V213   |    pointer   |
|in_V_V213_read        | out |    1|   ap_fifo  |   in_V_V213   |    pointer   |
|in_V_V214_dout        |  in |   16|   ap_fifo  |   in_V_V214   |    pointer   |
|in_V_V214_empty_n     |  in |    1|   ap_fifo  |   in_V_V214   |    pointer   |
|in_V_V214_read        | out |    1|   ap_fifo  |   in_V_V214   |    pointer   |
|in_V_V315_dout        |  in |   16|   ap_fifo  |   in_V_V315   |    pointer   |
|in_V_V315_empty_n     |  in |    1|   ap_fifo  |   in_V_V315   |    pointer   |
|in_V_V315_read        | out |    1|   ap_fifo  |   in_V_V315   |    pointer   |
|in_V_V316_dout        |  in |   16|   ap_fifo  |   in_V_V316   |    pointer   |
|in_V_V316_empty_n     |  in |    1|   ap_fifo  |   in_V_V316   |    pointer   |
|in_V_V316_read        | out |    1|   ap_fifo  |   in_V_V316   |    pointer   |
|in_V_V317_dout        |  in |   16|   ap_fifo  |   in_V_V317   |    pointer   |
|in_V_V317_empty_n     |  in |    1|   ap_fifo  |   in_V_V317   |    pointer   |
|in_V_V317_read        | out |    1|   ap_fifo  |   in_V_V317   |    pointer   |
|in_V_V318_dout        |  in |   16|   ap_fifo  |   in_V_V318   |    pointer   |
|in_V_V318_empty_n     |  in |    1|   ap_fifo  |   in_V_V318   |    pointer   |
|in_V_V318_read        | out |    1|   ap_fifo  |   in_V_V318   |    pointer   |
|in_V_V319_dout        |  in |   16|   ap_fifo  |   in_V_V319   |    pointer   |
|in_V_V319_empty_n     |  in |    1|   ap_fifo  |   in_V_V319   |    pointer   |
|in_V_V319_read        | out |    1|   ap_fifo  |   in_V_V319   |    pointer   |
|in_V_V420_dout        |  in |   16|   ap_fifo  |   in_V_V420   |    pointer   |
|in_V_V420_empty_n     |  in |    1|   ap_fifo  |   in_V_V420   |    pointer   |
|in_V_V420_read        | out |    1|   ap_fifo  |   in_V_V420   |    pointer   |
|in_V_V421_dout        |  in |   16|   ap_fifo  |   in_V_V421   |    pointer   |
|in_V_V421_empty_n     |  in |    1|   ap_fifo  |   in_V_V421   |    pointer   |
|in_V_V421_read        | out |    1|   ap_fifo  |   in_V_V421   |    pointer   |
|in_V_V422_dout        |  in |   16|   ap_fifo  |   in_V_V422   |    pointer   |
|in_V_V422_empty_n     |  in |    1|   ap_fifo  |   in_V_V422   |    pointer   |
|in_V_V422_read        | out |    1|   ap_fifo  |   in_V_V422   |    pointer   |
|in_V_V423_dout        |  in |   16|   ap_fifo  |   in_V_V423   |    pointer   |
|in_V_V423_empty_n     |  in |    1|   ap_fifo  |   in_V_V423   |    pointer   |
|in_V_V423_read        | out |    1|   ap_fifo  |   in_V_V423   |    pointer   |
|in_V_V424_dout        |  in |   16|   ap_fifo  |   in_V_V424   |    pointer   |
|in_V_V424_empty_n     |  in |    1|   ap_fifo  |   in_V_V424   |    pointer   |
|in_V_V424_read        | out |    1|   ap_fifo  |   in_V_V424   |    pointer   |
|out_0_0_0_V_V_din     | out |   16|   ap_fifo  | out_0_0_0_V_V |    pointer   |
|out_0_0_0_V_V_full_n  |  in |    1|   ap_fifo  | out_0_0_0_V_V |    pointer   |
|out_0_0_0_V_V_write   | out |    1|   ap_fifo  | out_0_0_0_V_V |    pointer   |
|out_0_0_1_V_V_din     | out |   16|   ap_fifo  | out_0_0_1_V_V |    pointer   |
|out_0_0_1_V_V_full_n  |  in |    1|   ap_fifo  | out_0_0_1_V_V |    pointer   |
|out_0_0_1_V_V_write   | out |    1|   ap_fifo  | out_0_0_1_V_V |    pointer   |
|out_0_0_2_V_V_din     | out |   16|   ap_fifo  | out_0_0_2_V_V |    pointer   |
|out_0_0_2_V_V_full_n  |  in |    1|   ap_fifo  | out_0_0_2_V_V |    pointer   |
|out_0_0_2_V_V_write   | out |    1|   ap_fifo  | out_0_0_2_V_V |    pointer   |
|out_0_0_3_V_V_din     | out |   16|   ap_fifo  | out_0_0_3_V_V |    pointer   |
|out_0_0_3_V_V_full_n  |  in |    1|   ap_fifo  | out_0_0_3_V_V |    pointer   |
|out_0_0_3_V_V_write   | out |    1|   ap_fifo  | out_0_0_3_V_V |    pointer   |
|out_0_0_4_V_V_din     | out |   16|   ap_fifo  | out_0_0_4_V_V |    pointer   |
|out_0_0_4_V_V_full_n  |  in |    1|   ap_fifo  | out_0_0_4_V_V |    pointer   |
|out_0_0_4_V_V_write   | out |    1|   ap_fifo  | out_0_0_4_V_V |    pointer   |
|out_0_1_0_V_V_din     | out |   16|   ap_fifo  | out_0_1_0_V_V |    pointer   |
|out_0_1_0_V_V_full_n  |  in |    1|   ap_fifo  | out_0_1_0_V_V |    pointer   |
|out_0_1_0_V_V_write   | out |    1|   ap_fifo  | out_0_1_0_V_V |    pointer   |
|out_0_1_1_V_V_din     | out |   16|   ap_fifo  | out_0_1_1_V_V |    pointer   |
|out_0_1_1_V_V_full_n  |  in |    1|   ap_fifo  | out_0_1_1_V_V |    pointer   |
|out_0_1_1_V_V_write   | out |    1|   ap_fifo  | out_0_1_1_V_V |    pointer   |
|out_0_1_2_V_V_din     | out |   16|   ap_fifo  | out_0_1_2_V_V |    pointer   |
|out_0_1_2_V_V_full_n  |  in |    1|   ap_fifo  | out_0_1_2_V_V |    pointer   |
|out_0_1_2_V_V_write   | out |    1|   ap_fifo  | out_0_1_2_V_V |    pointer   |
|out_0_1_3_V_V_din     | out |   16|   ap_fifo  | out_0_1_3_V_V |    pointer   |
|out_0_1_3_V_V_full_n  |  in |    1|   ap_fifo  | out_0_1_3_V_V |    pointer   |
|out_0_1_3_V_V_write   | out |    1|   ap_fifo  | out_0_1_3_V_V |    pointer   |
|out_0_1_4_V_V_din     | out |   16|   ap_fifo  | out_0_1_4_V_V |    pointer   |
|out_0_1_4_V_V_full_n  |  in |    1|   ap_fifo  | out_0_1_4_V_V |    pointer   |
|out_0_1_4_V_V_write   | out |    1|   ap_fifo  | out_0_1_4_V_V |    pointer   |
|out_0_2_0_V_V_din     | out |   16|   ap_fifo  | out_0_2_0_V_V |    pointer   |
|out_0_2_0_V_V_full_n  |  in |    1|   ap_fifo  | out_0_2_0_V_V |    pointer   |
|out_0_2_0_V_V_write   | out |    1|   ap_fifo  | out_0_2_0_V_V |    pointer   |
|out_0_2_1_V_V_din     | out |   16|   ap_fifo  | out_0_2_1_V_V |    pointer   |
|out_0_2_1_V_V_full_n  |  in |    1|   ap_fifo  | out_0_2_1_V_V |    pointer   |
|out_0_2_1_V_V_write   | out |    1|   ap_fifo  | out_0_2_1_V_V |    pointer   |
|out_0_2_2_V_V_din     | out |   16|   ap_fifo  | out_0_2_2_V_V |    pointer   |
|out_0_2_2_V_V_full_n  |  in |    1|   ap_fifo  | out_0_2_2_V_V |    pointer   |
|out_0_2_2_V_V_write   | out |    1|   ap_fifo  | out_0_2_2_V_V |    pointer   |
|out_0_2_3_V_V_din     | out |   16|   ap_fifo  | out_0_2_3_V_V |    pointer   |
|out_0_2_3_V_V_full_n  |  in |    1|   ap_fifo  | out_0_2_3_V_V |    pointer   |
|out_0_2_3_V_V_write   | out |    1|   ap_fifo  | out_0_2_3_V_V |    pointer   |
|out_0_2_4_V_V_din     | out |   16|   ap_fifo  | out_0_2_4_V_V |    pointer   |
|out_0_2_4_V_V_full_n  |  in |    1|   ap_fifo  | out_0_2_4_V_V |    pointer   |
|out_0_2_4_V_V_write   | out |    1|   ap_fifo  | out_0_2_4_V_V |    pointer   |
|out_0_3_0_V_V_din     | out |   16|   ap_fifo  | out_0_3_0_V_V |    pointer   |
|out_0_3_0_V_V_full_n  |  in |    1|   ap_fifo  | out_0_3_0_V_V |    pointer   |
|out_0_3_0_V_V_write   | out |    1|   ap_fifo  | out_0_3_0_V_V |    pointer   |
|out_0_3_1_V_V_din     | out |   16|   ap_fifo  | out_0_3_1_V_V |    pointer   |
|out_0_3_1_V_V_full_n  |  in |    1|   ap_fifo  | out_0_3_1_V_V |    pointer   |
|out_0_3_1_V_V_write   | out |    1|   ap_fifo  | out_0_3_1_V_V |    pointer   |
|out_0_3_2_V_V_din     | out |   16|   ap_fifo  | out_0_3_2_V_V |    pointer   |
|out_0_3_2_V_V_full_n  |  in |    1|   ap_fifo  | out_0_3_2_V_V |    pointer   |
|out_0_3_2_V_V_write   | out |    1|   ap_fifo  | out_0_3_2_V_V |    pointer   |
|out_0_3_3_V_V_din     | out |   16|   ap_fifo  | out_0_3_3_V_V |    pointer   |
|out_0_3_3_V_V_full_n  |  in |    1|   ap_fifo  | out_0_3_3_V_V |    pointer   |
|out_0_3_3_V_V_write   | out |    1|   ap_fifo  | out_0_3_3_V_V |    pointer   |
|out_0_3_4_V_V_din     | out |   16|   ap_fifo  | out_0_3_4_V_V |    pointer   |
|out_0_3_4_V_V_full_n  |  in |    1|   ap_fifo  | out_0_3_4_V_V |    pointer   |
|out_0_3_4_V_V_write   | out |    1|   ap_fifo  | out_0_3_4_V_V |    pointer   |
|out_0_4_0_V_V_din     | out |   16|   ap_fifo  | out_0_4_0_V_V |    pointer   |
|out_0_4_0_V_V_full_n  |  in |    1|   ap_fifo  | out_0_4_0_V_V |    pointer   |
|out_0_4_0_V_V_write   | out |    1|   ap_fifo  | out_0_4_0_V_V |    pointer   |
|out_0_4_1_V_V_din     | out |   16|   ap_fifo  | out_0_4_1_V_V |    pointer   |
|out_0_4_1_V_V_full_n  |  in |    1|   ap_fifo  | out_0_4_1_V_V |    pointer   |
|out_0_4_1_V_V_write   | out |    1|   ap_fifo  | out_0_4_1_V_V |    pointer   |
|out_0_4_2_V_V_din     | out |   16|   ap_fifo  | out_0_4_2_V_V |    pointer   |
|out_0_4_2_V_V_full_n  |  in |    1|   ap_fifo  | out_0_4_2_V_V |    pointer   |
|out_0_4_2_V_V_write   | out |    1|   ap_fifo  | out_0_4_2_V_V |    pointer   |
|out_0_4_3_V_V_din     | out |   16|   ap_fifo  | out_0_4_3_V_V |    pointer   |
|out_0_4_3_V_V_full_n  |  in |    1|   ap_fifo  | out_0_4_3_V_V |    pointer   |
|out_0_4_3_V_V_write   | out |    1|   ap_fifo  | out_0_4_3_V_V |    pointer   |
|out_0_4_4_V_V_din     | out |   16|   ap_fifo  | out_0_4_4_V_V |    pointer   |
|out_0_4_4_V_V_full_n  |  in |    1|   ap_fifo  | out_0_4_4_V_V |    pointer   |
|out_0_4_4_V_V_write   | out |    1|   ap_fifo  | out_0_4_4_V_V |    pointer   |
|out_1_0_0_V_V_din     | out |   16|   ap_fifo  | out_1_0_0_V_V |    pointer   |
|out_1_0_0_V_V_full_n  |  in |    1|   ap_fifo  | out_1_0_0_V_V |    pointer   |
|out_1_0_0_V_V_write   | out |    1|   ap_fifo  | out_1_0_0_V_V |    pointer   |
|out_1_0_1_V_V_din     | out |   16|   ap_fifo  | out_1_0_1_V_V |    pointer   |
|out_1_0_1_V_V_full_n  |  in |    1|   ap_fifo  | out_1_0_1_V_V |    pointer   |
|out_1_0_1_V_V_write   | out |    1|   ap_fifo  | out_1_0_1_V_V |    pointer   |
|out_1_0_2_V_V_din     | out |   16|   ap_fifo  | out_1_0_2_V_V |    pointer   |
|out_1_0_2_V_V_full_n  |  in |    1|   ap_fifo  | out_1_0_2_V_V |    pointer   |
|out_1_0_2_V_V_write   | out |    1|   ap_fifo  | out_1_0_2_V_V |    pointer   |
|out_1_0_3_V_V_din     | out |   16|   ap_fifo  | out_1_0_3_V_V |    pointer   |
|out_1_0_3_V_V_full_n  |  in |    1|   ap_fifo  | out_1_0_3_V_V |    pointer   |
|out_1_0_3_V_V_write   | out |    1|   ap_fifo  | out_1_0_3_V_V |    pointer   |
|out_1_0_4_V_V_din     | out |   16|   ap_fifo  | out_1_0_4_V_V |    pointer   |
|out_1_0_4_V_V_full_n  |  in |    1|   ap_fifo  | out_1_0_4_V_V |    pointer   |
|out_1_0_4_V_V_write   | out |    1|   ap_fifo  | out_1_0_4_V_V |    pointer   |
|out_1_1_0_V_V_din     | out |   16|   ap_fifo  | out_1_1_0_V_V |    pointer   |
|out_1_1_0_V_V_full_n  |  in |    1|   ap_fifo  | out_1_1_0_V_V |    pointer   |
|out_1_1_0_V_V_write   | out |    1|   ap_fifo  | out_1_1_0_V_V |    pointer   |
|out_1_1_1_V_V_din     | out |   16|   ap_fifo  | out_1_1_1_V_V |    pointer   |
|out_1_1_1_V_V_full_n  |  in |    1|   ap_fifo  | out_1_1_1_V_V |    pointer   |
|out_1_1_1_V_V_write   | out |    1|   ap_fifo  | out_1_1_1_V_V |    pointer   |
|out_1_1_2_V_V_din     | out |   16|   ap_fifo  | out_1_1_2_V_V |    pointer   |
|out_1_1_2_V_V_full_n  |  in |    1|   ap_fifo  | out_1_1_2_V_V |    pointer   |
|out_1_1_2_V_V_write   | out |    1|   ap_fifo  | out_1_1_2_V_V |    pointer   |
|out_1_1_3_V_V_din     | out |   16|   ap_fifo  | out_1_1_3_V_V |    pointer   |
|out_1_1_3_V_V_full_n  |  in |    1|   ap_fifo  | out_1_1_3_V_V |    pointer   |
|out_1_1_3_V_V_write   | out |    1|   ap_fifo  | out_1_1_3_V_V |    pointer   |
|out_1_1_4_V_V_din     | out |   16|   ap_fifo  | out_1_1_4_V_V |    pointer   |
|out_1_1_4_V_V_full_n  |  in |    1|   ap_fifo  | out_1_1_4_V_V |    pointer   |
|out_1_1_4_V_V_write   | out |    1|   ap_fifo  | out_1_1_4_V_V |    pointer   |
|out_1_2_0_V_V_din     | out |   16|   ap_fifo  | out_1_2_0_V_V |    pointer   |
|out_1_2_0_V_V_full_n  |  in |    1|   ap_fifo  | out_1_2_0_V_V |    pointer   |
|out_1_2_0_V_V_write   | out |    1|   ap_fifo  | out_1_2_0_V_V |    pointer   |
|out_1_2_1_V_V_din     | out |   16|   ap_fifo  | out_1_2_1_V_V |    pointer   |
|out_1_2_1_V_V_full_n  |  in |    1|   ap_fifo  | out_1_2_1_V_V |    pointer   |
|out_1_2_1_V_V_write   | out |    1|   ap_fifo  | out_1_2_1_V_V |    pointer   |
|out_1_2_2_V_V_din     | out |   16|   ap_fifo  | out_1_2_2_V_V |    pointer   |
|out_1_2_2_V_V_full_n  |  in |    1|   ap_fifo  | out_1_2_2_V_V |    pointer   |
|out_1_2_2_V_V_write   | out |    1|   ap_fifo  | out_1_2_2_V_V |    pointer   |
|out_1_2_3_V_V_din     | out |   16|   ap_fifo  | out_1_2_3_V_V |    pointer   |
|out_1_2_3_V_V_full_n  |  in |    1|   ap_fifo  | out_1_2_3_V_V |    pointer   |
|out_1_2_3_V_V_write   | out |    1|   ap_fifo  | out_1_2_3_V_V |    pointer   |
|out_1_2_4_V_V_din     | out |   16|   ap_fifo  | out_1_2_4_V_V |    pointer   |
|out_1_2_4_V_V_full_n  |  in |    1|   ap_fifo  | out_1_2_4_V_V |    pointer   |
|out_1_2_4_V_V_write   | out |    1|   ap_fifo  | out_1_2_4_V_V |    pointer   |
|out_1_3_0_V_V_din     | out |   16|   ap_fifo  | out_1_3_0_V_V |    pointer   |
|out_1_3_0_V_V_full_n  |  in |    1|   ap_fifo  | out_1_3_0_V_V |    pointer   |
|out_1_3_0_V_V_write   | out |    1|   ap_fifo  | out_1_3_0_V_V |    pointer   |
|out_1_3_1_V_V_din     | out |   16|   ap_fifo  | out_1_3_1_V_V |    pointer   |
|out_1_3_1_V_V_full_n  |  in |    1|   ap_fifo  | out_1_3_1_V_V |    pointer   |
|out_1_3_1_V_V_write   | out |    1|   ap_fifo  | out_1_3_1_V_V |    pointer   |
|out_1_3_2_V_V_din     | out |   16|   ap_fifo  | out_1_3_2_V_V |    pointer   |
|out_1_3_2_V_V_full_n  |  in |    1|   ap_fifo  | out_1_3_2_V_V |    pointer   |
|out_1_3_2_V_V_write   | out |    1|   ap_fifo  | out_1_3_2_V_V |    pointer   |
|out_1_3_3_V_V_din     | out |   16|   ap_fifo  | out_1_3_3_V_V |    pointer   |
|out_1_3_3_V_V_full_n  |  in |    1|   ap_fifo  | out_1_3_3_V_V |    pointer   |
|out_1_3_3_V_V_write   | out |    1|   ap_fifo  | out_1_3_3_V_V |    pointer   |
|out_1_3_4_V_V_din     | out |   16|   ap_fifo  | out_1_3_4_V_V |    pointer   |
|out_1_3_4_V_V_full_n  |  in |    1|   ap_fifo  | out_1_3_4_V_V |    pointer   |
|out_1_3_4_V_V_write   | out |    1|   ap_fifo  | out_1_3_4_V_V |    pointer   |
|out_1_4_0_V_V_din     | out |   16|   ap_fifo  | out_1_4_0_V_V |    pointer   |
|out_1_4_0_V_V_full_n  |  in |    1|   ap_fifo  | out_1_4_0_V_V |    pointer   |
|out_1_4_0_V_V_write   | out |    1|   ap_fifo  | out_1_4_0_V_V |    pointer   |
|out_1_4_1_V_V_din     | out |   16|   ap_fifo  | out_1_4_1_V_V |    pointer   |
|out_1_4_1_V_V_full_n  |  in |    1|   ap_fifo  | out_1_4_1_V_V |    pointer   |
|out_1_4_1_V_V_write   | out |    1|   ap_fifo  | out_1_4_1_V_V |    pointer   |
|out_1_4_2_V_V_din     | out |   16|   ap_fifo  | out_1_4_2_V_V |    pointer   |
|out_1_4_2_V_V_full_n  |  in |    1|   ap_fifo  | out_1_4_2_V_V |    pointer   |
|out_1_4_2_V_V_write   | out |    1|   ap_fifo  | out_1_4_2_V_V |    pointer   |
|out_1_4_3_V_V_din     | out |   16|   ap_fifo  | out_1_4_3_V_V |    pointer   |
|out_1_4_3_V_V_full_n  |  in |    1|   ap_fifo  | out_1_4_3_V_V |    pointer   |
|out_1_4_3_V_V_write   | out |    1|   ap_fifo  | out_1_4_3_V_V |    pointer   |
|out_1_4_4_V_V_din     | out |   16|   ap_fifo  | out_1_4_4_V_V |    pointer   |
|out_1_4_4_V_V_full_n  |  in |    1|   ap_fifo  | out_1_4_4_V_V |    pointer   |
|out_1_4_4_V_V_write   | out |    1|   ap_fifo  | out_1_4_4_V_V |    pointer   |
|out_2_0_0_V_V_din     | out |   16|   ap_fifo  | out_2_0_0_V_V |    pointer   |
|out_2_0_0_V_V_full_n  |  in |    1|   ap_fifo  | out_2_0_0_V_V |    pointer   |
|out_2_0_0_V_V_write   | out |    1|   ap_fifo  | out_2_0_0_V_V |    pointer   |
|out_2_0_1_V_V_din     | out |   16|   ap_fifo  | out_2_0_1_V_V |    pointer   |
|out_2_0_1_V_V_full_n  |  in |    1|   ap_fifo  | out_2_0_1_V_V |    pointer   |
|out_2_0_1_V_V_write   | out |    1|   ap_fifo  | out_2_0_1_V_V |    pointer   |
|out_2_0_2_V_V_din     | out |   16|   ap_fifo  | out_2_0_2_V_V |    pointer   |
|out_2_0_2_V_V_full_n  |  in |    1|   ap_fifo  | out_2_0_2_V_V |    pointer   |
|out_2_0_2_V_V_write   | out |    1|   ap_fifo  | out_2_0_2_V_V |    pointer   |
|out_2_0_3_V_V_din     | out |   16|   ap_fifo  | out_2_0_3_V_V |    pointer   |
|out_2_0_3_V_V_full_n  |  in |    1|   ap_fifo  | out_2_0_3_V_V |    pointer   |
|out_2_0_3_V_V_write   | out |    1|   ap_fifo  | out_2_0_3_V_V |    pointer   |
|out_2_0_4_V_V_din     | out |   16|   ap_fifo  | out_2_0_4_V_V |    pointer   |
|out_2_0_4_V_V_full_n  |  in |    1|   ap_fifo  | out_2_0_4_V_V |    pointer   |
|out_2_0_4_V_V_write   | out |    1|   ap_fifo  | out_2_0_4_V_V |    pointer   |
|out_2_1_0_V_V_din     | out |   16|   ap_fifo  | out_2_1_0_V_V |    pointer   |
|out_2_1_0_V_V_full_n  |  in |    1|   ap_fifo  | out_2_1_0_V_V |    pointer   |
|out_2_1_0_V_V_write   | out |    1|   ap_fifo  | out_2_1_0_V_V |    pointer   |
|out_2_1_1_V_V_din     | out |   16|   ap_fifo  | out_2_1_1_V_V |    pointer   |
|out_2_1_1_V_V_full_n  |  in |    1|   ap_fifo  | out_2_1_1_V_V |    pointer   |
|out_2_1_1_V_V_write   | out |    1|   ap_fifo  | out_2_1_1_V_V |    pointer   |
|out_2_1_2_V_V_din     | out |   16|   ap_fifo  | out_2_1_2_V_V |    pointer   |
|out_2_1_2_V_V_full_n  |  in |    1|   ap_fifo  | out_2_1_2_V_V |    pointer   |
|out_2_1_2_V_V_write   | out |    1|   ap_fifo  | out_2_1_2_V_V |    pointer   |
|out_2_1_3_V_V_din     | out |   16|   ap_fifo  | out_2_1_3_V_V |    pointer   |
|out_2_1_3_V_V_full_n  |  in |    1|   ap_fifo  | out_2_1_3_V_V |    pointer   |
|out_2_1_3_V_V_write   | out |    1|   ap_fifo  | out_2_1_3_V_V |    pointer   |
|out_2_1_4_V_V_din     | out |   16|   ap_fifo  | out_2_1_4_V_V |    pointer   |
|out_2_1_4_V_V_full_n  |  in |    1|   ap_fifo  | out_2_1_4_V_V |    pointer   |
|out_2_1_4_V_V_write   | out |    1|   ap_fifo  | out_2_1_4_V_V |    pointer   |
|out_2_2_0_V_V_din     | out |   16|   ap_fifo  | out_2_2_0_V_V |    pointer   |
|out_2_2_0_V_V_full_n  |  in |    1|   ap_fifo  | out_2_2_0_V_V |    pointer   |
|out_2_2_0_V_V_write   | out |    1|   ap_fifo  | out_2_2_0_V_V |    pointer   |
|out_2_2_1_V_V_din     | out |   16|   ap_fifo  | out_2_2_1_V_V |    pointer   |
|out_2_2_1_V_V_full_n  |  in |    1|   ap_fifo  | out_2_2_1_V_V |    pointer   |
|out_2_2_1_V_V_write   | out |    1|   ap_fifo  | out_2_2_1_V_V |    pointer   |
|out_2_2_2_V_V_din     | out |   16|   ap_fifo  | out_2_2_2_V_V |    pointer   |
|out_2_2_2_V_V_full_n  |  in |    1|   ap_fifo  | out_2_2_2_V_V |    pointer   |
|out_2_2_2_V_V_write   | out |    1|   ap_fifo  | out_2_2_2_V_V |    pointer   |
|out_2_2_3_V_V_din     | out |   16|   ap_fifo  | out_2_2_3_V_V |    pointer   |
|out_2_2_3_V_V_full_n  |  in |    1|   ap_fifo  | out_2_2_3_V_V |    pointer   |
|out_2_2_3_V_V_write   | out |    1|   ap_fifo  | out_2_2_3_V_V |    pointer   |
|out_2_2_4_V_V_din     | out |   16|   ap_fifo  | out_2_2_4_V_V |    pointer   |
|out_2_2_4_V_V_full_n  |  in |    1|   ap_fifo  | out_2_2_4_V_V |    pointer   |
|out_2_2_4_V_V_write   | out |    1|   ap_fifo  | out_2_2_4_V_V |    pointer   |
|out_2_3_0_V_V_din     | out |   16|   ap_fifo  | out_2_3_0_V_V |    pointer   |
|out_2_3_0_V_V_full_n  |  in |    1|   ap_fifo  | out_2_3_0_V_V |    pointer   |
|out_2_3_0_V_V_write   | out |    1|   ap_fifo  | out_2_3_0_V_V |    pointer   |
|out_2_3_1_V_V_din     | out |   16|   ap_fifo  | out_2_3_1_V_V |    pointer   |
|out_2_3_1_V_V_full_n  |  in |    1|   ap_fifo  | out_2_3_1_V_V |    pointer   |
|out_2_3_1_V_V_write   | out |    1|   ap_fifo  | out_2_3_1_V_V |    pointer   |
|out_2_3_2_V_V_din     | out |   16|   ap_fifo  | out_2_3_2_V_V |    pointer   |
|out_2_3_2_V_V_full_n  |  in |    1|   ap_fifo  | out_2_3_2_V_V |    pointer   |
|out_2_3_2_V_V_write   | out |    1|   ap_fifo  | out_2_3_2_V_V |    pointer   |
|out_2_3_3_V_V_din     | out |   16|   ap_fifo  | out_2_3_3_V_V |    pointer   |
|out_2_3_3_V_V_full_n  |  in |    1|   ap_fifo  | out_2_3_3_V_V |    pointer   |
|out_2_3_3_V_V_write   | out |    1|   ap_fifo  | out_2_3_3_V_V |    pointer   |
|out_2_3_4_V_V_din     | out |   16|   ap_fifo  | out_2_3_4_V_V |    pointer   |
|out_2_3_4_V_V_full_n  |  in |    1|   ap_fifo  | out_2_3_4_V_V |    pointer   |
|out_2_3_4_V_V_write   | out |    1|   ap_fifo  | out_2_3_4_V_V |    pointer   |
|out_2_4_0_V_V_din     | out |   16|   ap_fifo  | out_2_4_0_V_V |    pointer   |
|out_2_4_0_V_V_full_n  |  in |    1|   ap_fifo  | out_2_4_0_V_V |    pointer   |
|out_2_4_0_V_V_write   | out |    1|   ap_fifo  | out_2_4_0_V_V |    pointer   |
|out_2_4_1_V_V_din     | out |   16|   ap_fifo  | out_2_4_1_V_V |    pointer   |
|out_2_4_1_V_V_full_n  |  in |    1|   ap_fifo  | out_2_4_1_V_V |    pointer   |
|out_2_4_1_V_V_write   | out |    1|   ap_fifo  | out_2_4_1_V_V |    pointer   |
|out_2_4_2_V_V_din     | out |   16|   ap_fifo  | out_2_4_2_V_V |    pointer   |
|out_2_4_2_V_V_full_n  |  in |    1|   ap_fifo  | out_2_4_2_V_V |    pointer   |
|out_2_4_2_V_V_write   | out |    1|   ap_fifo  | out_2_4_2_V_V |    pointer   |
|out_2_4_3_V_V_din     | out |   16|   ap_fifo  | out_2_4_3_V_V |    pointer   |
|out_2_4_3_V_V_full_n  |  in |    1|   ap_fifo  | out_2_4_3_V_V |    pointer   |
|out_2_4_3_V_V_write   | out |    1|   ap_fifo  | out_2_4_3_V_V |    pointer   |
|out_2_4_4_V_V_din     | out |   16|   ap_fifo  | out_2_4_4_V_V |    pointer   |
|out_2_4_4_V_V_full_n  |  in |    1|   ap_fifo  | out_2_4_4_V_V |    pointer   |
|out_2_4_4_V_V_write   | out |    1|   ap_fifo  | out_2_4_4_V_V |    pointer   |
|out_3_0_0_V_V_din     | out |   16|   ap_fifo  | out_3_0_0_V_V |    pointer   |
|out_3_0_0_V_V_full_n  |  in |    1|   ap_fifo  | out_3_0_0_V_V |    pointer   |
|out_3_0_0_V_V_write   | out |    1|   ap_fifo  | out_3_0_0_V_V |    pointer   |
|out_3_0_1_V_V_din     | out |   16|   ap_fifo  | out_3_0_1_V_V |    pointer   |
|out_3_0_1_V_V_full_n  |  in |    1|   ap_fifo  | out_3_0_1_V_V |    pointer   |
|out_3_0_1_V_V_write   | out |    1|   ap_fifo  | out_3_0_1_V_V |    pointer   |
|out_3_0_2_V_V_din     | out |   16|   ap_fifo  | out_3_0_2_V_V |    pointer   |
|out_3_0_2_V_V_full_n  |  in |    1|   ap_fifo  | out_3_0_2_V_V |    pointer   |
|out_3_0_2_V_V_write   | out |    1|   ap_fifo  | out_3_0_2_V_V |    pointer   |
|out_3_0_3_V_V_din     | out |   16|   ap_fifo  | out_3_0_3_V_V |    pointer   |
|out_3_0_3_V_V_full_n  |  in |    1|   ap_fifo  | out_3_0_3_V_V |    pointer   |
|out_3_0_3_V_V_write   | out |    1|   ap_fifo  | out_3_0_3_V_V |    pointer   |
|out_3_0_4_V_V_din     | out |   16|   ap_fifo  | out_3_0_4_V_V |    pointer   |
|out_3_0_4_V_V_full_n  |  in |    1|   ap_fifo  | out_3_0_4_V_V |    pointer   |
|out_3_0_4_V_V_write   | out |    1|   ap_fifo  | out_3_0_4_V_V |    pointer   |
|out_3_1_0_V_V_din     | out |   16|   ap_fifo  | out_3_1_0_V_V |    pointer   |
|out_3_1_0_V_V_full_n  |  in |    1|   ap_fifo  | out_3_1_0_V_V |    pointer   |
|out_3_1_0_V_V_write   | out |    1|   ap_fifo  | out_3_1_0_V_V |    pointer   |
|out_3_1_1_V_V_din     | out |   16|   ap_fifo  | out_3_1_1_V_V |    pointer   |
|out_3_1_1_V_V_full_n  |  in |    1|   ap_fifo  | out_3_1_1_V_V |    pointer   |
|out_3_1_1_V_V_write   | out |    1|   ap_fifo  | out_3_1_1_V_V |    pointer   |
|out_3_1_2_V_V_din     | out |   16|   ap_fifo  | out_3_1_2_V_V |    pointer   |
|out_3_1_2_V_V_full_n  |  in |    1|   ap_fifo  | out_3_1_2_V_V |    pointer   |
|out_3_1_2_V_V_write   | out |    1|   ap_fifo  | out_3_1_2_V_V |    pointer   |
|out_3_1_3_V_V_din     | out |   16|   ap_fifo  | out_3_1_3_V_V |    pointer   |
|out_3_1_3_V_V_full_n  |  in |    1|   ap_fifo  | out_3_1_3_V_V |    pointer   |
|out_3_1_3_V_V_write   | out |    1|   ap_fifo  | out_3_1_3_V_V |    pointer   |
|out_3_1_4_V_V_din     | out |   16|   ap_fifo  | out_3_1_4_V_V |    pointer   |
|out_3_1_4_V_V_full_n  |  in |    1|   ap_fifo  | out_3_1_4_V_V |    pointer   |
|out_3_1_4_V_V_write   | out |    1|   ap_fifo  | out_3_1_4_V_V |    pointer   |
|out_3_2_0_V_V_din     | out |   16|   ap_fifo  | out_3_2_0_V_V |    pointer   |
|out_3_2_0_V_V_full_n  |  in |    1|   ap_fifo  | out_3_2_0_V_V |    pointer   |
|out_3_2_0_V_V_write   | out |    1|   ap_fifo  | out_3_2_0_V_V |    pointer   |
|out_3_2_1_V_V_din     | out |   16|   ap_fifo  | out_3_2_1_V_V |    pointer   |
|out_3_2_1_V_V_full_n  |  in |    1|   ap_fifo  | out_3_2_1_V_V |    pointer   |
|out_3_2_1_V_V_write   | out |    1|   ap_fifo  | out_3_2_1_V_V |    pointer   |
|out_3_2_2_V_V_din     | out |   16|   ap_fifo  | out_3_2_2_V_V |    pointer   |
|out_3_2_2_V_V_full_n  |  in |    1|   ap_fifo  | out_3_2_2_V_V |    pointer   |
|out_3_2_2_V_V_write   | out |    1|   ap_fifo  | out_3_2_2_V_V |    pointer   |
|out_3_2_3_V_V_din     | out |   16|   ap_fifo  | out_3_2_3_V_V |    pointer   |
|out_3_2_3_V_V_full_n  |  in |    1|   ap_fifo  | out_3_2_3_V_V |    pointer   |
|out_3_2_3_V_V_write   | out |    1|   ap_fifo  | out_3_2_3_V_V |    pointer   |
|out_3_2_4_V_V_din     | out |   16|   ap_fifo  | out_3_2_4_V_V |    pointer   |
|out_3_2_4_V_V_full_n  |  in |    1|   ap_fifo  | out_3_2_4_V_V |    pointer   |
|out_3_2_4_V_V_write   | out |    1|   ap_fifo  | out_3_2_4_V_V |    pointer   |
|out_3_3_0_V_V_din     | out |   16|   ap_fifo  | out_3_3_0_V_V |    pointer   |
|out_3_3_0_V_V_full_n  |  in |    1|   ap_fifo  | out_3_3_0_V_V |    pointer   |
|out_3_3_0_V_V_write   | out |    1|   ap_fifo  | out_3_3_0_V_V |    pointer   |
|out_3_3_1_V_V_din     | out |   16|   ap_fifo  | out_3_3_1_V_V |    pointer   |
|out_3_3_1_V_V_full_n  |  in |    1|   ap_fifo  | out_3_3_1_V_V |    pointer   |
|out_3_3_1_V_V_write   | out |    1|   ap_fifo  | out_3_3_1_V_V |    pointer   |
|out_3_3_2_V_V_din     | out |   16|   ap_fifo  | out_3_3_2_V_V |    pointer   |
|out_3_3_2_V_V_full_n  |  in |    1|   ap_fifo  | out_3_3_2_V_V |    pointer   |
|out_3_3_2_V_V_write   | out |    1|   ap_fifo  | out_3_3_2_V_V |    pointer   |
|out_3_3_3_V_V_din     | out |   16|   ap_fifo  | out_3_3_3_V_V |    pointer   |
|out_3_3_3_V_V_full_n  |  in |    1|   ap_fifo  | out_3_3_3_V_V |    pointer   |
|out_3_3_3_V_V_write   | out |    1|   ap_fifo  | out_3_3_3_V_V |    pointer   |
|out_3_3_4_V_V_din     | out |   16|   ap_fifo  | out_3_3_4_V_V |    pointer   |
|out_3_3_4_V_V_full_n  |  in |    1|   ap_fifo  | out_3_3_4_V_V |    pointer   |
|out_3_3_4_V_V_write   | out |    1|   ap_fifo  | out_3_3_4_V_V |    pointer   |
|out_3_4_0_V_V_din     | out |   16|   ap_fifo  | out_3_4_0_V_V |    pointer   |
|out_3_4_0_V_V_full_n  |  in |    1|   ap_fifo  | out_3_4_0_V_V |    pointer   |
|out_3_4_0_V_V_write   | out |    1|   ap_fifo  | out_3_4_0_V_V |    pointer   |
|out_3_4_1_V_V_din     | out |   16|   ap_fifo  | out_3_4_1_V_V |    pointer   |
|out_3_4_1_V_V_full_n  |  in |    1|   ap_fifo  | out_3_4_1_V_V |    pointer   |
|out_3_4_1_V_V_write   | out |    1|   ap_fifo  | out_3_4_1_V_V |    pointer   |
|out_3_4_2_V_V_din     | out |   16|   ap_fifo  | out_3_4_2_V_V |    pointer   |
|out_3_4_2_V_V_full_n  |  in |    1|   ap_fifo  | out_3_4_2_V_V |    pointer   |
|out_3_4_2_V_V_write   | out |    1|   ap_fifo  | out_3_4_2_V_V |    pointer   |
|out_3_4_3_V_V_din     | out |   16|   ap_fifo  | out_3_4_3_V_V |    pointer   |
|out_3_4_3_V_V_full_n  |  in |    1|   ap_fifo  | out_3_4_3_V_V |    pointer   |
|out_3_4_3_V_V_write   | out |    1|   ap_fifo  | out_3_4_3_V_V |    pointer   |
|out_3_4_4_V_V_din     | out |   16|   ap_fifo  | out_3_4_4_V_V |    pointer   |
|out_3_4_4_V_V_full_n  |  in |    1|   ap_fifo  | out_3_4_4_V_V |    pointer   |
|out_3_4_4_V_V_write   | out |    1|   ap_fifo  | out_3_4_4_V_V |    pointer   |
+----------------------+-----+-----+------------+---------------+--------------+

