

================================================================
== Vivado HLS Report for 'mem_write'
================================================================
* Date:           Sat Feb 15 08:01:07 2025

* Version:        2019.2 (Build 2704478 on Wed Nov 06 22:10:23 MST 2019)
* Project:        partition_0
* Solution:       solution
* Product family: zynq
* Target device:  xc7z020-clg484-1


================================================================
== Performance Estimates
================================================================
+ Timing: 
    * Summary: 
    +--------+---------+----------+------------+
    |  Clock |  Target | Estimated| Uncertainty|
    +--------+---------+----------+------------+
    |ap_clk  | 5.00 ns | 4.375 ns |   0.62 ns  |
    +--------+---------+----------+------------+

+ Latency: 
    * Summary: 
    +---------+---------+-----------+-----------+------+------+---------+
    |  Latency (cycles) |   Latency (absolute)  |   Interval  | Pipeline|
    |   min   |   max   |    min    |    max    |  min |  max |   Type  |
    +---------+---------+-----------+-----------+------+------+---------+
    |     2313|     2313| 11.565 us | 11.565 us |  2313|  2313|   none  |
    +---------+---------+-----------+-----------+------+------+---------+

    + Detail: 
        * Instance: 
        N/A

        * Loop: 
        +----------------------+---------+---------+----------+-----------+-----------+------+----------+
        |                      |  Latency (cycles) | Iteration|  Initiation Interval  | Trip |          |
        |       Loop Name      |   min   |   max   |  Latency |  achieved |   target  | Count| Pipelined|
        +----------------------+---------+---------+----------+-----------+-----------+------+----------+
        |- pixel_channel_loop  |     2311|     2311|         9|          1|          1|  2304|    yes   |
        +----------------------+---------+---------+----------+-----------+-----------+------+----------+



================================================================
== Utilization Estimates
================================================================
* Summary: 
+-----------------+---------+-------+--------+-------+-----+
|       Name      | BRAM_18K| DSP48E|   FF   |  LUT  | URAM|
+-----------------+---------+-------+--------+-------+-----+
|DSP              |        -|      -|       -|      -|    -|
|Expression       |        -|      -|       0|    185|    -|
|FIFO             |        -|      -|       -|      -|    -|
|Instance         |        -|      -|       -|      -|    -|
|Memory           |        -|      -|       -|      -|    -|
|Multiplexer      |        -|      -|       -|    156|    -|
|Register         |        0|      -|     290|     32|    -|
+-----------------+---------+-------+--------+-------+-----+
|Total            |        0|      0|     290|    373|    0|
+-----------------+---------+-------+--------+-------+-----+
|Available        |      280|    220|  106400|  53200|    0|
+-----------------+---------+-------+--------+-------+-----+
|Utilization (%)  |        0|      0|   ~0   |   ~0  |    0|
+-----------------+---------+-------+--------+-------+-----+

+ Detail: 
    * Instance: 
    N/A

    * DSP48E: 
    N/A

    * Memory: 
    N/A

    * FIFO: 
    N/A

    * Expression: 
    +-----------------------------------+----------+-------+---+----+------------+------------+
    |           Variable Name           | Operation| DSP48E| FF| LUT| Bitwidth P0| Bitwidth P1|
    +-----------------------------------+----------+-------+---+----+------------+------------+
    |add_ln332_fu_267_p2                |     +    |      0|  0|  40|          33|          33|
    |i_fu_224_p2                        |     +    |      0|  0|  12|          12|           1|
    |loops_impl_i_V_fu_242_p2           |     +    |      0|  0|  14|          10|           1|
    |loops_impl_next_i_s_fu_201_p2      |     +    |      0|  0|  10|           2|           1|
    |tmp4_i_i_i_fu_211_p2               |     +    |      0|  0|  37|          30|          30|
    |ap_block_state10_pp0_stage0_iter8  |    and   |      0|  0|   2|           1|           1|
    |ap_block_state4_io                 |    and   |      0|  0|   2|           1|           1|
    |ap_block_state5_io                 |    and   |      0|  0|   2|           1|           1|
    |icmp_ln68_fu_195_p2                |   icmp   |      0|  0|  13|          12|          12|
    |icmp_ln891_4_fu_236_p2             |   icmp   |      0|  0|  13|          10|          10|
    |icmp_ln891_fu_230_p2               |   icmp   |      0|  0|   8|           2|           2|
    |ap_block_pp0_stage0_01001          |    or    |      0|  0|   2|           1|           1|
    |ap_block_pp0_stage0_11001          |    or    |      0|  0|   2|           1|           1|
    |ap_block_state1                    |    or    |      0|  0|   2|           1|           1|
    |ap_block_state4_pp0_stage0_iter2   |    or    |      0|  0|   2|           1|           1|
    |select_ln206_fu_248_p3             |  select  |      0|  0|  10|           1|           1|
    |select_ln891_fu_256_p3             |  select  |      0|  0|  10|           1|          10|
    |ap_enable_pp0                      |    xor   |      0|  0|   2|           1|           2|
    |ap_enable_reg_pp0_iter1            |    xor   |      0|  0|   2|           2|           1|
    +-----------------------------------+----------+-------+---+----+------------+------------+
    |Total                              |          |      0|  0| 185|         123|         111|
    +-----------------------------------+----------+-------+---+----+------------+------------+

    * Multiplexer: 
    +------------------------------+----+-----------+-----+-----------+
    |             Name             | LUT| Input Size| Bits| Total Bits|
    +------------------------------+----+-----------+-----+-----------+
    |ap_NS_fsm                     |  21|          4|    1|          4|
    |ap_done                       |   9|          2|    1|          2|
    |ap_enable_reg_pp0_iter1       |   9|          2|    1|          2|
    |ap_enable_reg_pp0_iter8       |   9|          2|    1|          2|
    |i_0_i_i_i_reg_176             |   9|          2|   12|         24|
    |loops_0_0_i_i_i_reg_165       |   9|          2|    2|          4|
    |loops_1_0_i_i_i_reg_154       |   9|          2|   10|         20|
    |out_0_V_V_blk_n               |   9|          2|    1|          2|
    |out_1_V_V_blk_n               |   9|          2|    1|          2|
    |out_2_V_V_blk_n               |   9|          2|    1|          2|
    |out_3_V_V_blk_n               |   9|          2|    1|          2|
    |out_hw_V_blk_n_AW             |   9|          2|    1|          2|
    |out_hw_V_blk_n_B              |   9|          2|    1|          2|
    |out_hw_V_blk_n_W              |   9|          2|    1|          2|
    |out_hw_V_offset_blk_n         |   9|          2|    1|          2|
    |weights_reloading_in_3_blk_n  |   9|          2|    1|          2|
    +------------------------------+----+-----------+-----+-----------+
    |Total                         | 156|         34|   37|         76|
    +------------------------------+----+-----------+-----+-----------+

    * Register: 
    +-------------------------+----+----+-----+-----------+
    |           Name          | FF | LUT| Bits| Const Bits|
    +-------------------------+----+----+-----+-----------+
    |add_ln332_reg_335        |  33|   0|   33|          0|
    |ap_CS_fsm                |   3|   0|    3|          0|
    |ap_done_reg              |   1|   0|    1|          0|
    |ap_enable_reg_pp0_iter0  |   1|   0|    1|          0|
    |ap_enable_reg_pp0_iter1  |   1|   0|    1|          0|
    |ap_enable_reg_pp0_iter2  |   1|   0|    1|          0|
    |ap_enable_reg_pp0_iter3  |   1|   0|    1|          0|
    |ap_enable_reg_pp0_iter4  |   1|   0|    1|          0|
    |ap_enable_reg_pp0_iter5  |   1|   0|    1|          0|
    |ap_enable_reg_pp0_iter6  |   1|   0|    1|          0|
    |ap_enable_reg_pp0_iter7  |   1|   0|    1|          0|
    |ap_enable_reg_pp0_iter8  |   1|   0|    1|          0|
    |empty_reg_301            |  30|   0|   30|          0|
    |i_0_i_i_i_reg_176        |  12|   0|   12|          0|
    |icmp_ln68_reg_311        |   1|   0|    1|          0|
    |loops_0_0_i_i_i_reg_165  |   2|   0|    2|          0|
    |loops_1_0_i_i_i_reg_154  |  10|   0|   10|          0|
    |out_index_reg_320        |  32|   0|   32|          0|
    |tmp_V_141_reg_345        |  16|   0|   16|          0|
    |tmp_V_142_reg_350        |  16|   0|   16|          0|
    |tmp_V_143_reg_355        |  16|   0|   16|          0|
    |tmp_V_reg_340            |  16|   0|   16|          0|
    |zext_ln68_reg_306        |  29|   0|   33|          4|
    |icmp_ln68_reg_311        |  64|  32|    1|          0|
    +-------------------------+----+----+-----+-----------+
    |Total                    | 290|  32|  231|          4|
    +-------------------------+----+----+-----+-----------+



================================================================
== Interface
================================================================
* Summary: 
+--------------------------------+-----+-----+------------+------------------------+--------------+
|            RTL Ports           | Dir | Bits|  Protocol  |      Source Object     |    C Type    |
+--------------------------------+-----+-----+------------+------------------------+--------------+
|ap_clk                          |  in |    1| ap_ctrl_hs |        mem_write       | return value |
|ap_rst                          |  in |    1| ap_ctrl_hs |        mem_write       | return value |
|ap_start                        |  in |    1| ap_ctrl_hs |        mem_write       | return value |
|ap_done                         | out |    1| ap_ctrl_hs |        mem_write       | return value |
|ap_continue                     |  in |    1| ap_ctrl_hs |        mem_write       | return value |
|ap_idle                         | out |    1| ap_ctrl_hs |        mem_write       | return value |
|ap_ready                        | out |    1| ap_ctrl_hs |        mem_write       | return value |
|weights_reloading_in_3_dout     |  in |   32|   ap_fifo  | weights_reloading_in_3 |    pointer   |
|weights_reloading_in_3_empty_n  |  in |    1|   ap_fifo  | weights_reloading_in_3 |    pointer   |
|weights_reloading_in_3_read     | out |    1|   ap_fifo  | weights_reloading_in_3 |    pointer   |
|out_0_V_V_dout                  |  in |   16|   ap_fifo  |        out_0_V_V       |    pointer   |
|out_0_V_V_empty_n               |  in |    1|   ap_fifo  |        out_0_V_V       |    pointer   |
|out_0_V_V_read                  | out |    1|   ap_fifo  |        out_0_V_V       |    pointer   |
|out_1_V_V_dout                  |  in |   16|   ap_fifo  |        out_1_V_V       |    pointer   |
|out_1_V_V_empty_n               |  in |    1|   ap_fifo  |        out_1_V_V       |    pointer   |
|out_1_V_V_read                  | out |    1|   ap_fifo  |        out_1_V_V       |    pointer   |
|out_2_V_V_dout                  |  in |   16|   ap_fifo  |        out_2_V_V       |    pointer   |
|out_2_V_V_empty_n               |  in |    1|   ap_fifo  |        out_2_V_V       |    pointer   |
|out_2_V_V_read                  | out |    1|   ap_fifo  |        out_2_V_V       |    pointer   |
|out_3_V_V_dout                  |  in |   16|   ap_fifo  |        out_3_V_V       |    pointer   |
|out_3_V_V_empty_n               |  in |    1|   ap_fifo  |        out_3_V_V       |    pointer   |
|out_3_V_V_read                  | out |    1|   ap_fifo  |        out_3_V_V       |    pointer   |
|m_axi_out_hw_V_AWVALID          | out |    1|    m_axi   |        out_hw_V        |    pointer   |
|m_axi_out_hw_V_AWREADY          |  in |    1|    m_axi   |        out_hw_V        |    pointer   |
|m_axi_out_hw_V_AWADDR           | out |   32|    m_axi   |        out_hw_V        |    pointer   |
|m_axi_out_hw_V_AWID             | out |    1|    m_axi   |        out_hw_V        |    pointer   |
|m_axi_out_hw_V_AWLEN            | out |   32|    m_axi   |        out_hw_V        |    pointer   |
|m_axi_out_hw_V_AWSIZE           | out |    3|    m_axi   |        out_hw_V        |    pointer   |
|m_axi_out_hw_V_AWBURST          | out |    2|    m_axi   |        out_hw_V        |    pointer   |
|m_axi_out_hw_V_AWLOCK           | out |    2|    m_axi   |        out_hw_V        |    pointer   |
|m_axi_out_hw_V_AWCACHE          | out |    4|    m_axi   |        out_hw_V        |    pointer   |
|m_axi_out_hw_V_AWPROT           | out |    3|    m_axi   |        out_hw_V        |    pointer   |
|m_axi_out_hw_V_AWQOS            | out |    4|    m_axi   |        out_hw_V        |    pointer   |
|m_axi_out_hw_V_AWREGION         | out |    4|    m_axi   |        out_hw_V        |    pointer   |
|m_axi_out_hw_V_AWUSER           | out |    1|    m_axi   |        out_hw_V        |    pointer   |
|m_axi_out_hw_V_WVALID           | out |    1|    m_axi   |        out_hw_V        |    pointer   |
|m_axi_out_hw_V_WREADY           |  in |    1|    m_axi   |        out_hw_V        |    pointer   |
|m_axi_out_hw_V_WDATA            | out |   64|    m_axi   |        out_hw_V        |    pointer   |
|m_axi_out_hw_V_WSTRB            | out |    8|    m_axi   |        out_hw_V        |    pointer   |
|m_axi_out_hw_V_WLAST            | out |    1|    m_axi   |        out_hw_V        |    pointer   |
|m_axi_out_hw_V_WID              | out |    1|    m_axi   |        out_hw_V        |    pointer   |
|m_axi_out_hw_V_WUSER            | out |    1|    m_axi   |        out_hw_V        |    pointer   |
|m_axi_out_hw_V_ARVALID          | out |    1|    m_axi   |        out_hw_V        |    pointer   |
|m_axi_out_hw_V_ARREADY          |  in |    1|    m_axi   |        out_hw_V        |    pointer   |
|m_axi_out_hw_V_ARADDR           | out |   32|    m_axi   |        out_hw_V        |    pointer   |
|m_axi_out_hw_V_ARID             | out |    1|    m_axi   |        out_hw_V        |    pointer   |
|m_axi_out_hw_V_ARLEN            | out |   32|    m_axi   |        out_hw_V        |    pointer   |
|m_axi_out_hw_V_ARSIZE           | out |    3|    m_axi   |        out_hw_V        |    pointer   |
|m_axi_out_hw_V_ARBURST          | out |    2|    m_axi   |        out_hw_V        |    pointer   |
|m_axi_out_hw_V_ARLOCK           | out |    2|    m_axi   |        out_hw_V        |    pointer   |
|m_axi_out_hw_V_ARCACHE          | out |    4|    m_axi   |        out_hw_V        |    pointer   |
|m_axi_out_hw_V_ARPROT           | out |    3|    m_axi   |        out_hw_V        |    pointer   |
|m_axi_out_hw_V_ARQOS            | out |    4|    m_axi   |        out_hw_V        |    pointer   |
|m_axi_out_hw_V_ARREGION         | out |    4|    m_axi   |        out_hw_V        |    pointer   |
|m_axi_out_hw_V_ARUSER           | out |    1|    m_axi   |        out_hw_V        |    pointer   |
|m_axi_out_hw_V_RVALID           |  in |    1|    m_axi   |        out_hw_V        |    pointer   |
|m_axi_out_hw_V_RREADY           | out |    1|    m_axi   |        out_hw_V        |    pointer   |
|m_axi_out_hw_V_RDATA            |  in |   64|    m_axi   |        out_hw_V        |    pointer   |
|m_axi_out_hw_V_RLAST            |  in |    1|    m_axi   |        out_hw_V        |    pointer   |
|m_axi_out_hw_V_RID              |  in |    1|    m_axi   |        out_hw_V        |    pointer   |
|m_axi_out_hw_V_RUSER            |  in |    1|    m_axi   |        out_hw_V        |    pointer   |
|m_axi_out_hw_V_RRESP            |  in |    2|    m_axi   |        out_hw_V        |    pointer   |
|m_axi_out_hw_V_BVALID           |  in |    1|    m_axi   |        out_hw_V        |    pointer   |
|m_axi_out_hw_V_BREADY           | out |    1|    m_axi   |        out_hw_V        |    pointer   |
|m_axi_out_hw_V_BRESP            |  in |    2|    m_axi   |        out_hw_V        |    pointer   |
|m_axi_out_hw_V_BID              |  in |    1|    m_axi   |        out_hw_V        |    pointer   |
|m_axi_out_hw_V_BUSER            |  in |    1|    m_axi   |        out_hw_V        |    pointer   |
|out_hw_V_offset_dout            |  in |   29|   ap_fifo  |     out_hw_V_offset    |    pointer   |
|out_hw_V_offset_empty_n         |  in |    1|   ap_fifo  |     out_hw_V_offset    |    pointer   |
|out_hw_V_offset_read            | out |    1|   ap_fifo  |     out_hw_V_offset    |    pointer   |
+--------------------------------+-----+-----+------------+------------------------+--------------+

