

================================================================
== Vivado HLS Report for 'posit16_to_double'
================================================================
* Date:           Sat Feb 15 07:47:01 2025

* Version:        2019.2 (Build 2704478 on Wed Nov 06 22:10:23 MST 2019)
* Project:        partition_0
* Solution:       solution
* Product family: zynq
* Target device:  xc7z020-clg484-1


================================================================
== Performance Estimates
================================================================
+ Timing: 
    * Summary: 
    +--------+---------+----------+------------+
    |  Clock |  Target | Estimated| Uncertainty|
    +--------+---------+----------+------------+
    |ap_clk  | 5.00 ns | 6.562 ns |   0.62 ns  |
    +--------+---------+----------+------------+

+ Latency: 
    * Summary: 
    +---------+---------+----------+----------+-----+-----+---------+
    |  Latency (cycles) |  Latency (absolute) |  Interval | Pipeline|
    |   min   |   max   |    min   |    max   | min | max |   Type  |
    +---------+---------+----------+----------+-----+-----+---------+
    |        1|      438| 6.562 ns | 2.874 us |    1|  438|   none  |
    +---------+---------+----------+----------+-----+-----+---------+

    + Detail: 
        * Instance: 
        +---------------------------------+----------------------+---------+---------+----------+----------+-----+-----+----------+
        |                                 |                      |  Latency (cycles) |  Latency (absolute) |  Interval | Pipeline |
        |             Instance            |        Module        |   min   |   max   |    min   |    max   | min | max |   Type   |
        +---------------------------------+----------------------+---------+---------+----------+----------+-----+-----+----------+
        |grp_pow_generic_double_s_fu_450  |pow_generic_double_s  |      181|      181| 1.188 us | 1.188 us |    1|    1| function |
        |grp_pow_generic_double_s_fu_481  |pow_generic_double_s  |      181|      181| 1.188 us | 1.188 us |    1|    1| function |
        +---------------------------------+----------------------+---------+---------+----------+----------+-----+-----+----------+

        * Loop: 
        +----------+---------+---------+----------+-----------+-----------+--------+----------+
        |          |  Latency (cycles) | Iteration|  Initiation Interval  |  Trip  |          |
        | Loop Name|   min   |   max   |  Latency |  achieved |   target  |  Count | Pipelined|
        +----------+---------+---------+----------+-----------+-----------+--------+----------+
        |- Loop 1  |        0|      224|        16|          -|          -| 0 ~ 14 |    no    |
        +----------+---------+---------+----------+-----------+-----------+--------+----------+



================================================================
== Utilization Estimates
================================================================
* Summary: 
+-----------------+---------+-------+--------+-------+-----+
|       Name      | BRAM_18K| DSP48E|   FF   |  LUT  | URAM|
+-----------------+---------+-------+--------+-------+-----+
|DSP              |        -|      -|       -|      -|    -|
|Expression       |        -|      -|       0|    371|    -|
|FIFO             |        -|      -|       -|      -|    -|
|Instance         |      148|    194|   97167|  29649|    -|
|Memory           |        -|      -|       -|      -|    -|
|Multiplexer      |        -|      -|       -|   1325|    -|
|Register         |        -|      -|     981|      -|    -|
+-----------------+---------+-------+--------+-------+-----+
|Total            |      148|    194|   98148|  31345|    0|
+-----------------+---------+-------+--------+-------+-----+
|Available        |      280|    220|  106400|  53200|    0|
+-----------------+---------+-------+--------+-------+-----+
|Utilization (%)  |       52|     88|      92|     58|    0|
+-----------------+---------+-------+--------+-------+-----+

+ Detail: 
    * Instance: 
    +---------------------------------+----------------------+---------+-------+-------+-------+-----+
    |             Instance            |        Module        | BRAM_18K| DSP48E|   FF  |  LUT  | URAM|
    +---------------------------------+----------------------+---------+-------+-------+-------+-----+
    |fpgaconvnet_ip_da6jw_U851        |fpgaconvnet_ip_da6jw  |        0|      3|   1047|   1102|    0|
    |fpgaconvnet_ip_dmeOg_U852        |fpgaconvnet_ip_dmeOg  |        0|     11|    456|    603|    0|
    |fpgaconvnet_ip_si7jG_U853        |fpgaconvnet_ip_si7jG  |        0|      0|    549|    625|    0|
    |fpgaconvnet_ip_sig8j_U854        |fpgaconvnet_ip_sig8j  |        0|      0|    549|    625|    0|
    |grp_pow_generic_double_s_fu_450  |pow_generic_double_s  |       74|     90|  47283|  13347|    0|
    |grp_pow_generic_double_s_fu_481  |pow_generic_double_s  |       74|     90|  47283|  13347|    0|
    +---------------------------------+----------------------+---------+-------+-------+-------+-----+
    |Total                            |                      |      148|    194|  97167|  29649|    0|
    +---------------------------------+----------------------+---------+-------+-------+-------+-----+

    * DSP48E: 
    N/A

    * Memory: 
    N/A

    * FIFO: 
    N/A

    * Expression: 
    +-------------------------------+----------+-------+---+----+------------+------------+
    |         Variable Name         | Operation| DSP48E| FF| LUT| Bitwidth P0| Bitwidth P1|
    +-------------------------------+----------+-------+---+----+------------+------------+
    |add_ln78_fu_892_p2             |     +    |      0|  0|  13|           4|           2|
    |i_fu_988_p2                    |     +    |      0|  0|  13|           4|           1|
    |remaining_2_fu_947_p2          |     +    |      0|  0|  15|           2|           5|
    |remaining_fu_921_p2            |     +    |      0|  0|  15|           2|           5|
    |sub_ln78_fu_902_p2             |     -    |      0|  0|  15|           1|           5|
    |and_ln88_fu_953_p2             |    and   |      0|  0|   2|           1|           1|
    |ap_condition_2410              |    and   |      0|  0|   2|           1|           1|
    |ap_condition_286               |    and   |      0|  0|   2|           1|           1|
    |ap_condition_377               |    and   |      0|  0|   2|           1|           1|
    |ap_condition_492               |    and   |      0|  0|   2|           1|           1|
    |ap_condition_496               |    and   |      0|  0|   2|           1|           1|
    |ap_condition_500               |    and   |      0|  0|   2|           1|           1|
    |ap_condition_504               |    and   |      0|  0|   2|           1|           1|
    |ap_condition_508               |    and   |      0|  0|   2|           1|           1|
    |ap_condition_512               |    and   |      0|  0|   2|           1|           1|
    |ap_condition_516               |    and   |      0|  0|   2|           1|           1|
    |ap_condition_520               |    and   |      0|  0|   2|           1|           1|
    |ap_condition_524               |    and   |      0|  0|   2|           1|           1|
    |ap_condition_528               |    and   |      0|  0|   2|           1|           1|
    |ap_condition_532               |    and   |      0|  0|   2|           1|           1|
    |icmp_ln54_fu_538_p2            |   icmp   |      0|  0|  13|          16|           1|
    |icmp_ln55_fu_544_p2            |   icmp   |      0|  0|  18|          16|          17|
    |icmp_ln88_fu_927_p2            |   icmp   |      0|  0|  11|           5|           1|
    |icmp_ln97_fu_983_p2            |   icmp   |      0|  0|  11|           5|           5|
    |frac_1_fu_1012_p3              |  select  |      0|  0|  64|           1|          64|
    |k_fu_908_p3                    |  select  |      0|  0|   5|           1|           5|
    |p_11_cast_cast_cast_fu_876_p3  |  select  |      0|  0|   3|           1|           3|
    |p_tmp_4_13_fu_864_p3           |  select  |      0|  0|  16|           1|          16|
    |remaining_3_fu_959_p3          |  select  |      0|  0|   5|           1|           5|
    |tmp_48_fu_967_p3               |  select  |      0|  0|  16|           1|          16|
    |xor_ln108_fu_1022_p2           |    xor   |      0|  0|  65|          64|          65|
    |xor_ln60_fu_562_p2             |    xor   |      0|  0|  15|          15|           2|
    |xor_ln70_10_fu_806_p2          |    xor   |      0|  0|   2|           1|           1|
    |xor_ln70_11_fu_826_p2          |    xor   |      0|  0|   2|           1|           1|
    |xor_ln70_12_fu_846_p2          |    xor   |      0|  0|   2|           1|           1|
    |xor_ln70_13_fu_858_p2          |    xor   |      0|  0|   2|           1|           1|
    |xor_ln70_1_fu_626_p2           |    xor   |      0|  0|   2|           1|           1|
    |xor_ln70_2_fu_646_p2           |    xor   |      0|  0|   2|           1|           1|
    |xor_ln70_3_fu_666_p2           |    xor   |      0|  0|   2|           1|           1|
    |xor_ln70_4_fu_686_p2           |    xor   |      0|  0|   2|           1|           1|
    |xor_ln70_5_fu_706_p2           |    xor   |      0|  0|   2|           1|           1|
    |xor_ln70_6_fu_726_p2           |    xor   |      0|  0|   2|           1|           1|
    |xor_ln70_7_fu_746_p2           |    xor   |      0|  0|   2|           1|           1|
    |xor_ln70_8_fu_766_p2           |    xor   |      0|  0|   2|           1|           1|
    |xor_ln70_9_fu_786_p2           |    xor   |      0|  0|   2|           1|           1|
    |xor_ln70_fu_606_p2             |    xor   |      0|  0|   2|           1|           1|
    +-------------------------------+----------+-------+---+----+------------+------------+
    |Total                          |          |      0|  0| 371|         169|         247|
    +-------------------------------+----------+-------+---+----+------------+------------+

    * Multiplexer: 
    +------------------------------+-----+-----------+-----+-----------+
    |             Name             | LUT | Input Size| Bits| Total Bits|
    +------------------------------+-----+-----------+-----+-----------+
    |ap_NS_fsm                     |  989|        231|    1|        231|
    |ap_phi_mux_p_0_phi_fu_438_p8  |   15|          3|   64|        192|
    |ap_return                     |    9|          2|   64|        128|
    |bitVal_0_reg_401              |    9|          2|   64|        128|
    |frac_0_reg_389                |    9|          2|   64|        128|
    |grp_fu_518_p0                 |   21|          4|   64|        256|
    |grp_fu_518_p1                 |   21|          4|   64|        256|
    |i_0_reg_422                   |    9|          2|    4|          8|
    |icmp_ln70_lcssa_reg_171       |    9|          2|    1|          2|
    |p_01_reg_162                  |    9|          2|   16|         32|
    |p_0_reg_433                   |   21|          4|   64|        256|
    |regCount_0_lcssa_reg_311      |   59|         14|    4|         56|
    |remaining_0_lcssa_reg_252     |   59|         14|    4|         56|
    |remaining_1_reg_370           |    9|          2|    5|         10|
    |tmp_0_lcssa_reg_218           |   59|         14|   14|        196|
    |tmp_1_reg_379                 |    9|          2|   14|         28|
    |tmp_3_reg_413                 |    9|          2|   14|         28|
    +------------------------------+-----+-----------+-----+-----------+
    |Total                         | 1325|        306|  525|       1991|
    +------------------------------+-----+-----------+-----+-----------+

    * Register: 
    +----------------------------------------------+-----+----+-----+-----------+
    |                     Name                     |  FF | LUT| Bits| Const Bits|
    +----------------------------------------------+-----+----+-----+-----------+
    |ap_CS_fsm                                     |  230|   0|  230|          0|
    |ap_return_preg                                |   64|   0|   64|          0|
    |bitVal_0_reg_401                              |   64|   0|   64|          0|
    |frac_0_reg_389                                |   64|   0|   64|          0|
    |frac_reg_1242                                 |   64|   0|   64|          0|
    |grp_pow_generic_double_s_fu_450_ap_start_reg  |    1|   0|    1|          0|
    |grp_pow_generic_double_s_fu_481_ap_start_reg  |    1|   0|    1|          0|
    |i_0_reg_422                                   |    4|   0|    4|          0|
    |i_reg_1222                                    |    4|   0|    4|          0|
    |icmp_ln54_reg_1038                            |    1|   0|    1|          0|
    |icmp_ln55_reg_1042                            |    1|   0|    1|          0|
    |icmp_ln70_lcssa_reg_171                       |    1|   0|    1|          0|
    |k_reg_1189                                    |    5|   0|    5|          0|
    |neg_reg_1046                                  |    1|   0|    1|          0|
    |p_01_reg_162                                  |   16|   0|   16|          0|
    |p_0_reg_433                                   |   64|   0|   64|          0|
    |regCount_0_lcssa_reg_311                      |    4|   0|    4|          0|
    |regSign_reg_1055                              |    1|   0|    1|          0|
    |reg_531                                       |   64|   0|   64|          0|
    |remaining_0_lcssa_reg_252                     |    4|   0|    4|          0|
    |remaining_1_reg_370                           |    5|   0|    5|          0|
    |remaining_3_reg_1204                          |    5|   0|    5|          0|
    |tmp_0_lcssa_reg_218                           |   14|   0|   16|          2|
    |tmp_1_reg_379                                 |   14|   0|   16|          2|
    |tmp_3_reg_413                                 |   14|   0|   16|          2|
    |tmp_49_reg_1227                               |    1|   0|    1|          0|
    |tmp_50_reg_1232                               |   13|   0|   16|          3|
    |tmp_i1_reg_1267                               |   64|   0|   64|          0|
    |tmp_i_reg_1262                                |   64|   0|   64|          0|
    |y_assign_1_reg_1257                           |   64|   0|   64|          0|
    |y_assign_reg_1252                             |   64|   0|   64|          0|
    |zext_ln97_reg_1214                            |    1|   0|   32|         31|
    +----------------------------------------------+-----+----+-----+-----------+
    |Total                                         |  981|   0| 1021|         40|
    +----------------------------------------------+-----+----+-----+-----------+



================================================================
== Interface
================================================================
* Summary: 
+-----------+-----+-----+------------+-------------------+--------------+
| RTL Ports | Dir | Bits|  Protocol  |   Source Object   |    C Type    |
+-----------+-----+-----+------------+-------------------+--------------+
|ap_clk     |  in |    1| ap_ctrl_hs | posit16_to_double | return value |
|ap_rst     |  in |    1| ap_ctrl_hs | posit16_to_double | return value |
|ap_start   |  in |    1| ap_ctrl_hs | posit16_to_double | return value |
|ap_done    | out |    1| ap_ctrl_hs | posit16_to_double | return value |
|ap_idle    | out |    1| ap_ctrl_hs | posit16_to_double | return value |
|ap_ready   | out |    1| ap_ctrl_hs | posit16_to_double | return value |
|ap_return  | out |   64| ap_ctrl_hs | posit16_to_double | return value |
|ui         |  in |   16|   ap_none  |         ui        |    scalar    |
+-----------+-----+-----+------------+-------------------+--------------+

