

================================================================
== Vivado HLS Report for 'sliding_window_out'
================================================================
* Date:           Sat Feb 15 07:46:51 2025

* Version:        2019.2 (Build 2704478 on Wed Nov 06 22:10:23 MST 2019)
* Project:        partition_0
* Solution:       solution
* Product family: zynq
* Target device:  xc7z020-clg484-1


================================================================
== Performance Estimates
================================================================
+ Timing: 
    * Summary: 
    +--------+---------+----------+------------+
    |  Clock |  Target | Estimated| Uncertainty|
    +--------+---------+----------+------------+
    |ap_clk  | 5.00 ns | 4.375 ns |   0.62 ns  |
    +--------+---------+----------+------------+

+ Latency: 
    * Summary: 
    +---------+---------+----------+----------+-----+-----+---------------------------------------------+
    |  Latency (cycles) |  Latency (absolute) |  Interval |                   Pipeline                  |
    |   min   |   max   |    min   |    max   | min | max |                     Type                    |
    +---------+---------+----------+----------+-----+-----+---------------------------------------------+
    |      784|      785| 3.920 us | 3.925 us |  784|  784| loop rewind(delay=0 initiation interval(s)) |
    +---------+---------+----------+----------+-----+-----+---------------------------------------------+

    + Detail: 
        * Instance: 
        N/A

        * Loop: 
        +------------------------------+---------+---------+----------+-----------+-----------+------+----------+
        |                              |  Latency (cycles) | Iteration|  Initiation Interval  | Trip |          |
        |           Loop Name          |   min   |   max   |  Latency |  achieved |   target  | Count| Pipelined|
        +------------------------------+---------+---------+----------+-----------+-----------+------+----------+
        |- batch_row_col_channel_loop  |      784|      784|         2|          1|          1|   784|    yes   |
        +------------------------------+---------+---------+----------+-----------+-----------+------+----------+



================================================================
== Utilization Estimates
================================================================
* Summary: 
+-----------------+---------+-------+--------+-------+-----+
|       Name      | BRAM_18K| DSP48E|   FF   |  LUT  | URAM|
+-----------------+---------+-------+--------+-------+-----+
|DSP              |        -|      -|       -|      -|    -|
|Expression       |        -|      -|       0|    150|    -|
|FIFO             |        -|      -|       -|      -|    -|
|Instance         |        -|      -|       -|      -|    -|
|Memory           |        -|      -|       -|      -|    -|
|Multiplexer      |        -|      -|       -|    555|    -|
|Register         |        -|      -|      48|      -|    -|
+-----------------+---------+-------+--------+-------+-----+
|Total            |        0|      0|      48|    705|    0|
+-----------------+---------+-------+--------+-------+-----+
|Available        |      280|    220|  106400|  53200|    0|
+-----------------+---------+-------+--------+-------+-----+
|Utilization (%)  |        0|      0|   ~0   |      1|    0|
+-----------------+---------+-------+--------+-------+-----+

+ Detail: 
    * Instance: 
    N/A

    * DSP48E: 
    N/A

    * Memory: 
    N/A

    * FIFO: 
    N/A

    * Expression: 
    +----------------------------------+----------+-------+---+----+------------+------------+
    |           Variable Name          | Operation| DSP48E| FF| LUT| Bitwidth P0| Bitwidth P1|
    +----------------------------------+----------+-------+---+----+------------+------------+
    |i_fu_581_p2                       |     +    |      0|  0|  14|          10|           1|
    |loops_impl_next_i_s_fu_643_p2     |     +    |      0|  0|  15|           5|           1|
    |loops_impl_next_ne_fu_657_p2      |     +    |      0|  0|  15|           5|           1|
    |and_ln258_fu_609_p2               |    and   |      0|  0|   2|           1|           1|
    |ap_condition_569                  |    and   |      0|  0|   2|           1|           1|
    |ap_predicate_op100_read_state3    |    and   |      0|  0|   2|           1|           1|
    |ap_predicate_op102_write_state3   |    and   |      0|  0|   2|           1|           1|
    |ap_predicate_op106_read_state3    |    and   |      0|  0|   2|           1|           1|
    |icmp_ln249_fu_679_p2              |   icmp   |      0|  0|  13|          10|           9|
    |icmp_ln258_1_fu_587_p2            |   icmp   |      0|  0|  11|           5|           3|
    |icmp_ln258_2_fu_603_p2            |   icmp   |      0|  0|   9|           3|           1|
    |icmp_ln258_fu_575_p2              |   icmp   |      0|  0|   9|           3|           1|
    |icmp_ln264_fu_625_p2              |   icmp   |      0|  0|   9|           3|           1|
    |icmp_ln891_2_fu_637_p2            |   icmp   |      0|  0|  11|           5|           4|
    |icmp_ln891_fu_631_p2              |   icmp   |      0|  0|  11|           5|           4|
    |ap_block_pp0_stage0_01001         |    or    |      0|  0|   2|           1|           1|
    |ap_block_state1                   |    or    |      0|  0|   2|           1|           1|
    |ap_block_state3_pp0_stage0_iter1  |    or    |      0|  0|   2|           1|           1|
    |select_ln206_fu_649_p3            |  select  |      0|  0|   5|           1|           1|
    |select_ln891_8_fu_671_p3          |  select  |      0|  0|   5|           1|           1|
    |select_ln891_fu_663_p3            |  select  |      0|  0|   5|           1|           5|
    |ap_enable_pp0                     |    xor   |      0|  0|   2|           1|           2|
    +----------------------------------+----------+-------+---+----+------------+------------+
    |Total                             |          |      0|  0| 150|          66|          43|
    +----------------------------------+----------+-------+---+----+------------+------------+

    * Multiplexer: 
    +-----------------------------------------+----+-----------+-----+-----------+
    |                   Name                  | LUT| Input Size| Bits| Total Bits|
    +-----------------------------------------+----+-----------+-----+-----------+
    |ap_NS_fsm                                |  15|          3|    1|          3|
    |ap_done                                  |   9|          2|    1|          2|
    |ap_enable_reg_pp0_iter1                  |   9|          2|    1|          2|
    |ap_phi_mux_i_03_phi_fu_527_p6            |  15|          3|   10|         30|
    |ap_phi_mux_loops_0_0_1_02_phi_fu_541_p6  |  15|          3|    5|         15|
    |ap_phi_mux_loops_0_1_01_phi_fu_555_p6    |  15|          3|    5|         15|
    |frame_buffer_0_0_V_V_blk_n               |   9|          2|    1|          2|
    |frame_buffer_0_1_V_V_blk_n               |   9|          2|    1|          2|
    |frame_buffer_0_2_V_V_blk_n               |   9|          2|    1|          2|
    |frame_buffer_0_3_V_V_blk_n               |   9|          2|    1|          2|
    |frame_buffer_0_4_V_V_blk_n               |   9|          2|    1|          2|
    |frame_buffer_1_0_V_V_blk_n               |   9|          2|    1|          2|
    |frame_buffer_1_1_V_V_blk_n               |   9|          2|    1|          2|
    |frame_buffer_1_2_V_V_blk_n               |   9|          2|    1|          2|
    |frame_buffer_1_3_V_V_blk_n               |   9|          2|    1|          2|
    |frame_buffer_1_4_V_V_blk_n               |   9|          2|    1|          2|
    |frame_buffer_2_0_V_V_blk_n               |   9|          2|    1|          2|
    |frame_buffer_2_1_V_V_blk_n               |   9|          2|    1|          2|
    |frame_buffer_2_2_V_V_blk_n               |   9|          2|    1|          2|
    |frame_buffer_2_3_V_V_blk_n               |   9|          2|    1|          2|
    |frame_buffer_2_4_V_V_blk_n               |   9|          2|    1|          2|
    |frame_buffer_3_0_V_V_blk_n               |   9|          2|    1|          2|
    |frame_buffer_3_1_V_V_blk_n               |   9|          2|    1|          2|
    |frame_buffer_3_2_V_V_blk_n               |   9|          2|    1|          2|
    |frame_buffer_3_3_V_V_blk_n               |   9|          2|    1|          2|
    |frame_buffer_3_4_V_V_blk_n               |   9|          2|    1|          2|
    |frame_buffer_4_0_V_V_blk_n               |   9|          2|    1|          2|
    |frame_buffer_4_1_V_V_blk_n               |   9|          2|    1|          2|
    |frame_buffer_4_2_V_V_blk_n               |   9|          2|    1|          2|
    |frame_buffer_4_3_V_V_blk_n               |   9|          2|    1|          2|
    |frame_buffer_4_4_V_V_blk_n               |   9|          2|    1|          2|
    |i_03_reg_523                             |   9|          2|   10|         20|
    |loops_0_0_1_02_reg_537                   |   9|          2|    5|         10|
    |loops_0_1_01_reg_551                     |   9|          2|    5|         10|
    |out_V_V1_blk_n                           |   9|          2|    1|          2|
    |out_V_V255_blk_n                         |   9|          2|    1|          2|
    |out_V_V256_blk_n                         |   9|          2|    1|          2|
    |out_V_V257_blk_n                         |   9|          2|    1|          2|
    |out_V_V258_blk_n                         |   9|          2|    1|          2|
    |out_V_V25_blk_n                          |   9|          2|    1|          2|
    |out_V_V2610_blk_n                        |   9|          2|    1|          2|
    |out_V_V2611_blk_n                        |   9|          2|    1|          2|
    |out_V_V2612_blk_n                        |   9|          2|    1|          2|
    |out_V_V269_blk_n                         |   9|          2|    1|          2|
    |out_V_V26_blk_n                          |   9|          2|    1|          2|
    |out_V_V2713_blk_n                        |   9|          2|    1|          2|
    |out_V_V2714_blk_n                        |   9|          2|    1|          2|
    |out_V_V2715_blk_n                        |   9|          2|    1|          2|
    |out_V_V2716_blk_n                        |   9|          2|    1|          2|
    |out_V_V27_blk_n                          |   9|          2|    1|          2|
    |out_V_V2817_blk_n                        |   9|          2|    1|          2|
    |out_V_V2818_blk_n                        |   9|          2|    1|          2|
    |out_V_V2819_blk_n                        |   9|          2|    1|          2|
    |out_V_V2820_blk_n                        |   9|          2|    1|          2|
    |out_V_V28_blk_n                          |   9|          2|    1|          2|
    |out_V_V2_blk_n                           |   9|          2|    1|          2|
    |out_V_V3_blk_n                           |   9|          2|    1|          2|
    |out_V_V4_blk_n                           |   9|          2|    1|          2|
    |out_V_V_blk_n                            |   9|          2|    1|          2|
    +-----------------------------------------+----+-----------+-----+-----------+
    |Total                                    | 555|        122|   93|        207|
    +-----------------------------------------+----+-----------+-----+-----------+

    * Register: 
    +-------------------------+----+----+-----+-----------+
    |           Name          | FF | LUT| Bits| Const Bits|
    +-------------------------+----+----+-----+-----------+
    |and_ln258_reg_696        |   1|   0|    1|          0|
    |ap_CS_fsm                |   2|   0|    2|          0|
    |ap_done_reg              |   1|   0|    1|          0|
    |ap_enable_reg_pp0_iter1  |   1|   0|    1|          0|
    |i_03_reg_523             |  10|   0|   10|          0|
    |i_reg_691                |  10|   0|   10|          0|
    |icmp_ln249_reg_714       |   1|   0|    1|          0|
    |icmp_ln258_reg_687       |   1|   0|    1|          0|
    |icmp_ln264_reg_700       |   1|   0|    1|          0|
    |loops_0_0_1_02_reg_537   |   5|   0|    5|          0|
    |loops_0_1_01_reg_551     |   5|   0|    5|          0|
    |select_ln891_8_reg_709   |   5|   0|    5|          0|
    |select_ln891_reg_704     |   5|   0|    5|          0|
    +-------------------------+----+----+-----+-----------+
    |Total                    |  48|   0|   48|          0|
    +-------------------------+----+----+-----+-----------+



================================================================
== Interface
================================================================
* Summary: 
+------------------------------+-----+-----+------------+----------------------+--------------+
|           RTL Ports          | Dir | Bits|  Protocol  |     Source Object    |    C Type    |
+------------------------------+-----+-----+------------+----------------------+--------------+
|ap_clk                        |  in |    1| ap_ctrl_hs |  sliding_window_out  | return value |
|ap_rst                        |  in |    1| ap_ctrl_hs |  sliding_window_out  | return value |
|ap_start                      |  in |    1| ap_ctrl_hs |  sliding_window_out  | return value |
|ap_done                       | out |    1| ap_ctrl_hs |  sliding_window_out  | return value |
|ap_continue                   |  in |    1| ap_ctrl_hs |  sliding_window_out  | return value |
|ap_idle                       | out |    1| ap_ctrl_hs |  sliding_window_out  | return value |
|ap_ready                      | out |    1| ap_ctrl_hs |  sliding_window_out  | return value |
|frame_buffer_0_0_V_V_dout     |  in |   16|   ap_fifo  | frame_buffer_0_0_V_V |    pointer   |
|frame_buffer_0_0_V_V_empty_n  |  in |    1|   ap_fifo  | frame_buffer_0_0_V_V |    pointer   |
|frame_buffer_0_0_V_V_read     | out |    1|   ap_fifo  | frame_buffer_0_0_V_V |    pointer   |
|frame_buffer_0_1_V_V_dout     |  in |   16|   ap_fifo  | frame_buffer_0_1_V_V |    pointer   |
|frame_buffer_0_1_V_V_empty_n  |  in |    1|   ap_fifo  | frame_buffer_0_1_V_V |    pointer   |
|frame_buffer_0_1_V_V_read     | out |    1|   ap_fifo  | frame_buffer_0_1_V_V |    pointer   |
|out_V_V_din                   | out |   16|   ap_fifo  |        out_V_V       |    pointer   |
|out_V_V_full_n                |  in |    1|   ap_fifo  |        out_V_V       |    pointer   |
|out_V_V_write                 | out |    1|   ap_fifo  |        out_V_V       |    pointer   |
|out_V_V1_din                  | out |   16|   ap_fifo  |       out_V_V1       |    pointer   |
|out_V_V1_full_n               |  in |    1|   ap_fifo  |       out_V_V1       |    pointer   |
|out_V_V1_write                | out |    1|   ap_fifo  |       out_V_V1       |    pointer   |
|frame_buffer_0_2_V_V_dout     |  in |   16|   ap_fifo  | frame_buffer_0_2_V_V |    pointer   |
|frame_buffer_0_2_V_V_empty_n  |  in |    1|   ap_fifo  | frame_buffer_0_2_V_V |    pointer   |
|frame_buffer_0_2_V_V_read     | out |    1|   ap_fifo  | frame_buffer_0_2_V_V |    pointer   |
|frame_buffer_0_3_V_V_dout     |  in |   16|   ap_fifo  | frame_buffer_0_3_V_V |    pointer   |
|frame_buffer_0_3_V_V_empty_n  |  in |    1|   ap_fifo  | frame_buffer_0_3_V_V |    pointer   |
|frame_buffer_0_3_V_V_read     | out |    1|   ap_fifo  | frame_buffer_0_3_V_V |    pointer   |
|out_V_V2_din                  | out |   16|   ap_fifo  |       out_V_V2       |    pointer   |
|out_V_V2_full_n               |  in |    1|   ap_fifo  |       out_V_V2       |    pointer   |
|out_V_V2_write                | out |    1|   ap_fifo  |       out_V_V2       |    pointer   |
|out_V_V3_din                  | out |   16|   ap_fifo  |       out_V_V3       |    pointer   |
|out_V_V3_full_n               |  in |    1|   ap_fifo  |       out_V_V3       |    pointer   |
|out_V_V3_write                | out |    1|   ap_fifo  |       out_V_V3       |    pointer   |
|frame_buffer_0_4_V_V_dout     |  in |   16|   ap_fifo  | frame_buffer_0_4_V_V |    pointer   |
|frame_buffer_0_4_V_V_empty_n  |  in |    1|   ap_fifo  | frame_buffer_0_4_V_V |    pointer   |
|frame_buffer_0_4_V_V_read     | out |    1|   ap_fifo  | frame_buffer_0_4_V_V |    pointer   |
|frame_buffer_1_0_V_V_dout     |  in |   16|   ap_fifo  | frame_buffer_1_0_V_V |    pointer   |
|frame_buffer_1_0_V_V_empty_n  |  in |    1|   ap_fifo  | frame_buffer_1_0_V_V |    pointer   |
|frame_buffer_1_0_V_V_read     | out |    1|   ap_fifo  | frame_buffer_1_0_V_V |    pointer   |
|frame_buffer_1_1_V_V_dout     |  in |   16|   ap_fifo  | frame_buffer_1_1_V_V |    pointer   |
|frame_buffer_1_1_V_V_empty_n  |  in |    1|   ap_fifo  | frame_buffer_1_1_V_V |    pointer   |
|frame_buffer_1_1_V_V_read     | out |    1|   ap_fifo  | frame_buffer_1_1_V_V |    pointer   |
|out_V_V4_din                  | out |   16|   ap_fifo  |       out_V_V4       |    pointer   |
|out_V_V4_full_n               |  in |    1|   ap_fifo  |       out_V_V4       |    pointer   |
|out_V_V4_write                | out |    1|   ap_fifo  |       out_V_V4       |    pointer   |
|out_V_V25_din                 | out |   16|   ap_fifo  |       out_V_V25      |    pointer   |
|out_V_V25_full_n              |  in |    1|   ap_fifo  |       out_V_V25      |    pointer   |
|out_V_V25_write               | out |    1|   ap_fifo  |       out_V_V25      |    pointer   |
|out_V_V255_din                | out |   16|   ap_fifo  |      out_V_V255      |    pointer   |
|out_V_V255_full_n             |  in |    1|   ap_fifo  |      out_V_V255      |    pointer   |
|out_V_V255_write              | out |    1|   ap_fifo  |      out_V_V255      |    pointer   |
|frame_buffer_1_2_V_V_dout     |  in |   16|   ap_fifo  | frame_buffer_1_2_V_V |    pointer   |
|frame_buffer_1_2_V_V_empty_n  |  in |    1|   ap_fifo  | frame_buffer_1_2_V_V |    pointer   |
|frame_buffer_1_2_V_V_read     | out |    1|   ap_fifo  | frame_buffer_1_2_V_V |    pointer   |
|frame_buffer_1_3_V_V_dout     |  in |   16|   ap_fifo  | frame_buffer_1_3_V_V |    pointer   |
|frame_buffer_1_3_V_V_empty_n  |  in |    1|   ap_fifo  | frame_buffer_1_3_V_V |    pointer   |
|frame_buffer_1_3_V_V_read     | out |    1|   ap_fifo  | frame_buffer_1_3_V_V |    pointer   |
|out_V_V256_din                | out |   16|   ap_fifo  |      out_V_V256      |    pointer   |
|out_V_V256_full_n             |  in |    1|   ap_fifo  |      out_V_V256      |    pointer   |
|out_V_V256_write              | out |    1|   ap_fifo  |      out_V_V256      |    pointer   |
|out_V_V257_din                | out |   16|   ap_fifo  |      out_V_V257      |    pointer   |
|out_V_V257_full_n             |  in |    1|   ap_fifo  |      out_V_V257      |    pointer   |
|out_V_V257_write              | out |    1|   ap_fifo  |      out_V_V257      |    pointer   |
|frame_buffer_1_4_V_V_dout     |  in |   16|   ap_fifo  | frame_buffer_1_4_V_V |    pointer   |
|frame_buffer_1_4_V_V_empty_n  |  in |    1|   ap_fifo  | frame_buffer_1_4_V_V |    pointer   |
|frame_buffer_1_4_V_V_read     | out |    1|   ap_fifo  | frame_buffer_1_4_V_V |    pointer   |
|frame_buffer_2_0_V_V_dout     |  in |   16|   ap_fifo  | frame_buffer_2_0_V_V |    pointer   |
|frame_buffer_2_0_V_V_empty_n  |  in |    1|   ap_fifo  | frame_buffer_2_0_V_V |    pointer   |
|frame_buffer_2_0_V_V_read     | out |    1|   ap_fifo  | frame_buffer_2_0_V_V |    pointer   |
|frame_buffer_2_1_V_V_dout     |  in |   16|   ap_fifo  | frame_buffer_2_1_V_V |    pointer   |
|frame_buffer_2_1_V_V_empty_n  |  in |    1|   ap_fifo  | frame_buffer_2_1_V_V |    pointer   |
|frame_buffer_2_1_V_V_read     | out |    1|   ap_fifo  | frame_buffer_2_1_V_V |    pointer   |
|out_V_V258_din                | out |   16|   ap_fifo  |      out_V_V258      |    pointer   |
|out_V_V258_full_n             |  in |    1|   ap_fifo  |      out_V_V258      |    pointer   |
|out_V_V258_write              | out |    1|   ap_fifo  |      out_V_V258      |    pointer   |
|out_V_V26_din                 | out |   16|   ap_fifo  |       out_V_V26      |    pointer   |
|out_V_V26_full_n              |  in |    1|   ap_fifo  |       out_V_V26      |    pointer   |
|out_V_V26_write               | out |    1|   ap_fifo  |       out_V_V26      |    pointer   |
|out_V_V269_din                | out |   16|   ap_fifo  |      out_V_V269      |    pointer   |
|out_V_V269_full_n             |  in |    1|   ap_fifo  |      out_V_V269      |    pointer   |
|out_V_V269_write              | out |    1|   ap_fifo  |      out_V_V269      |    pointer   |
|frame_buffer_2_2_V_V_dout     |  in |   16|   ap_fifo  | frame_buffer_2_2_V_V |    pointer   |
|frame_buffer_2_2_V_V_empty_n  |  in |    1|   ap_fifo  | frame_buffer_2_2_V_V |    pointer   |
|frame_buffer_2_2_V_V_read     | out |    1|   ap_fifo  | frame_buffer_2_2_V_V |    pointer   |
|frame_buffer_2_3_V_V_dout     |  in |   16|   ap_fifo  | frame_buffer_2_3_V_V |    pointer   |
|frame_buffer_2_3_V_V_empty_n  |  in |    1|   ap_fifo  | frame_buffer_2_3_V_V |    pointer   |
|frame_buffer_2_3_V_V_read     | out |    1|   ap_fifo  | frame_buffer_2_3_V_V |    pointer   |
|out_V_V2610_din               | out |   16|   ap_fifo  |      out_V_V2610     |    pointer   |
|out_V_V2610_full_n            |  in |    1|   ap_fifo  |      out_V_V2610     |    pointer   |
|out_V_V2610_write             | out |    1|   ap_fifo  |      out_V_V2610     |    pointer   |
|out_V_V2611_din               | out |   16|   ap_fifo  |      out_V_V2611     |    pointer   |
|out_V_V2611_full_n            |  in |    1|   ap_fifo  |      out_V_V2611     |    pointer   |
|out_V_V2611_write             | out |    1|   ap_fifo  |      out_V_V2611     |    pointer   |
|frame_buffer_2_4_V_V_dout     |  in |   16|   ap_fifo  | frame_buffer_2_4_V_V |    pointer   |
|frame_buffer_2_4_V_V_empty_n  |  in |    1|   ap_fifo  | frame_buffer_2_4_V_V |    pointer   |
|frame_buffer_2_4_V_V_read     | out |    1|   ap_fifo  | frame_buffer_2_4_V_V |    pointer   |
|frame_buffer_3_0_V_V_dout     |  in |   16|   ap_fifo  | frame_buffer_3_0_V_V |    pointer   |
|frame_buffer_3_0_V_V_empty_n  |  in |    1|   ap_fifo  | frame_buffer_3_0_V_V |    pointer   |
|frame_buffer_3_0_V_V_read     | out |    1|   ap_fifo  | frame_buffer_3_0_V_V |    pointer   |
|frame_buffer_3_1_V_V_dout     |  in |   16|   ap_fifo  | frame_buffer_3_1_V_V |    pointer   |
|frame_buffer_3_1_V_V_empty_n  |  in |    1|   ap_fifo  | frame_buffer_3_1_V_V |    pointer   |
|frame_buffer_3_1_V_V_read     | out |    1|   ap_fifo  | frame_buffer_3_1_V_V |    pointer   |
|out_V_V2612_din               | out |   16|   ap_fifo  |      out_V_V2612     |    pointer   |
|out_V_V2612_full_n            |  in |    1|   ap_fifo  |      out_V_V2612     |    pointer   |
|out_V_V2612_write             | out |    1|   ap_fifo  |      out_V_V2612     |    pointer   |
|out_V_V27_din                 | out |   16|   ap_fifo  |       out_V_V27      |    pointer   |
|out_V_V27_full_n              |  in |    1|   ap_fifo  |       out_V_V27      |    pointer   |
|out_V_V27_write               | out |    1|   ap_fifo  |       out_V_V27      |    pointer   |
|out_V_V2713_din               | out |   16|   ap_fifo  |      out_V_V2713     |    pointer   |
|out_V_V2713_full_n            |  in |    1|   ap_fifo  |      out_V_V2713     |    pointer   |
|out_V_V2713_write             | out |    1|   ap_fifo  |      out_V_V2713     |    pointer   |
|frame_buffer_3_2_V_V_dout     |  in |   16|   ap_fifo  | frame_buffer_3_2_V_V |    pointer   |
|frame_buffer_3_2_V_V_empty_n  |  in |    1|   ap_fifo  | frame_buffer_3_2_V_V |    pointer   |
|frame_buffer_3_2_V_V_read     | out |    1|   ap_fifo  | frame_buffer_3_2_V_V |    pointer   |
|frame_buffer_3_3_V_V_dout     |  in |   16|   ap_fifo  | frame_buffer_3_3_V_V |    pointer   |
|frame_buffer_3_3_V_V_empty_n  |  in |    1|   ap_fifo  | frame_buffer_3_3_V_V |    pointer   |
|frame_buffer_3_3_V_V_read     | out |    1|   ap_fifo  | frame_buffer_3_3_V_V |    pointer   |
|out_V_V2714_din               | out |   16|   ap_fifo  |      out_V_V2714     |    pointer   |
|out_V_V2714_full_n            |  in |    1|   ap_fifo  |      out_V_V2714     |    pointer   |
|out_V_V2714_write             | out |    1|   ap_fifo  |      out_V_V2714     |    pointer   |
|out_V_V2715_din               | out |   16|   ap_fifo  |      out_V_V2715     |    pointer   |
|out_V_V2715_full_n            |  in |    1|   ap_fifo  |      out_V_V2715     |    pointer   |
|out_V_V2715_write             | out |    1|   ap_fifo  |      out_V_V2715     |    pointer   |
|frame_buffer_3_4_V_V_dout     |  in |   16|   ap_fifo  | frame_buffer_3_4_V_V |    pointer   |
|frame_buffer_3_4_V_V_empty_n  |  in |    1|   ap_fifo  | frame_buffer_3_4_V_V |    pointer   |
|frame_buffer_3_4_V_V_read     | out |    1|   ap_fifo  | frame_buffer_3_4_V_V |    pointer   |
|frame_buffer_4_0_V_V_dout     |  in |   16|   ap_fifo  | frame_buffer_4_0_V_V |    pointer   |
|frame_buffer_4_0_V_V_empty_n  |  in |    1|   ap_fifo  | frame_buffer_4_0_V_V |    pointer   |
|frame_buffer_4_0_V_V_read     | out |    1|   ap_fifo  | frame_buffer_4_0_V_V |    pointer   |
|frame_buffer_4_1_V_V_dout     |  in |   16|   ap_fifo  | frame_buffer_4_1_V_V |    pointer   |
|frame_buffer_4_1_V_V_empty_n  |  in |    1|   ap_fifo  | frame_buffer_4_1_V_V |    pointer   |
|frame_buffer_4_1_V_V_read     | out |    1|   ap_fifo  | frame_buffer_4_1_V_V |    pointer   |
|out_V_V2716_din               | out |   16|   ap_fifo  |      out_V_V2716     |    pointer   |
|out_V_V2716_full_n            |  in |    1|   ap_fifo  |      out_V_V2716     |    pointer   |
|out_V_V2716_write             | out |    1|   ap_fifo  |      out_V_V2716     |    pointer   |
|out_V_V28_din                 | out |   16|   ap_fifo  |       out_V_V28      |    pointer   |
|out_V_V28_full_n              |  in |    1|   ap_fifo  |       out_V_V28      |    pointer   |
|out_V_V28_write               | out |    1|   ap_fifo  |       out_V_V28      |    pointer   |
|out_V_V2817_din               | out |   16|   ap_fifo  |      out_V_V2817     |    pointer   |
|out_V_V2817_full_n            |  in |    1|   ap_fifo  |      out_V_V2817     |    pointer   |
|out_V_V2817_write             | out |    1|   ap_fifo  |      out_V_V2817     |    pointer   |
|frame_buffer_4_2_V_V_dout     |  in |   16|   ap_fifo  | frame_buffer_4_2_V_V |    pointer   |
|frame_buffer_4_2_V_V_empty_n  |  in |    1|   ap_fifo  | frame_buffer_4_2_V_V |    pointer   |
|frame_buffer_4_2_V_V_read     | out |    1|   ap_fifo  | frame_buffer_4_2_V_V |    pointer   |
|frame_buffer_4_3_V_V_dout     |  in |   16|   ap_fifo  | frame_buffer_4_3_V_V |    pointer   |
|frame_buffer_4_3_V_V_empty_n  |  in |    1|   ap_fifo  | frame_buffer_4_3_V_V |    pointer   |
|frame_buffer_4_3_V_V_read     | out |    1|   ap_fifo  | frame_buffer_4_3_V_V |    pointer   |
|out_V_V2818_din               | out |   16|   ap_fifo  |      out_V_V2818     |    pointer   |
|out_V_V2818_full_n            |  in |    1|   ap_fifo  |      out_V_V2818     |    pointer   |
|out_V_V2818_write             | out |    1|   ap_fifo  |      out_V_V2818     |    pointer   |
|out_V_V2819_din               | out |   16|   ap_fifo  |      out_V_V2819     |    pointer   |
|out_V_V2819_full_n            |  in |    1|   ap_fifo  |      out_V_V2819     |    pointer   |
|out_V_V2819_write             | out |    1|   ap_fifo  |      out_V_V2819     |    pointer   |
|frame_buffer_4_4_V_V_dout     |  in |   16|   ap_fifo  | frame_buffer_4_4_V_V |    pointer   |
|frame_buffer_4_4_V_V_empty_n  |  in |    1|   ap_fifo  | frame_buffer_4_4_V_V |    pointer   |
|frame_buffer_4_4_V_V_read     | out |    1|   ap_fifo  | frame_buffer_4_4_V_V |    pointer   |
|out_V_V2820_din               | out |   16|   ap_fifo  |      out_V_V2820     |    pointer   |
|out_V_V2820_full_n            |  in |    1|   ap_fifo  |      out_V_V2820     |    pointer   |
|out_V_V2820_write             | out |    1|   ap_fifo  |      out_V_V2820     |    pointer   |
+------------------------------+-----+-----+------------+----------------------+--------------+

