

================================================================
== Vivado HLS Report for 'Block_proc'
================================================================
* Date:           Sat Feb 15 07:35:13 2025

* Version:        2019.2 (Build 2704478 on Wed Nov 06 22:10:23 MST 2019)
* Project:        partition_0
* Solution:       solution
* Product family: zynq
* Target device:  xc7z020-clg484-1


================================================================
== Performance Estimates
================================================================
+ Timing: 
    * Summary: 
    +--------+---------+----------+------------+
    |  Clock |  Target | Estimated| Uncertainty|
    +--------+---------+----------+------------+
    |ap_clk  | 5.00 ns | 6.562 ns |   0.62 ns  |
    +--------+---------+----------+------------+

+ Latency: 
    * Summary: 
    +---------+---------+----------+----------+-----+-----+---------+
    |  Latency (cycles) |  Latency (absolute) |  Interval | Pipeline|
    |   min   |   max   |    min   |    max   | min | max |   Type  |
    +---------+---------+----------+----------+-----+-----+---------+
    |        ?|        ?|         ?|         ?|    ?|    ?|   none  |
    +---------+---------+----------+----------+-----+-----+---------+

    + Detail: 
        * Instance: 
        N/A

        * Loop: 
        N/A

============================================================
+ Verbose Summary: Synthesis Manager
============================================================
InlineROM: 1
ExposeGlobal: 0
============================================================
+ Verbose Summary: CDFG Model
============================================================
IsTopModel: 0
ResetActiveHigh: 1
IsCombinational: 2
IsDatapathOnly: 0
HasWiredReturn: 1
HasMFsm: 0
HasVarLatency: 1
IsPipeline: 0
IsRtlPipelined: 0
IsInstanceOverlapped: 0
IsDontTouch: 0
HasImplIP: 0
IsGatedGlobalClock: 0


============================================================
+ Verbose Summary: Schedule
============================================================
* Number of FSM states : 2
* Pipeline : 0
* Dataflow Pipeline: 0

* FSM state transitions: 
1 --> 2 
2 --> 

* FSM state operations: 

State 1 <SV = 0> <Delay = 4.37>
ST_1 : Operation 3 [1/1] (0.00ns)   --->   "%fpgaconvnet_wr_0_V_1 = call i32 @_ssdm_op_Read.ap_auto.i32(i32 %fpgaconvnet_wr_0_V_offset)" [partition_0/src/single_layer_top.cpp:179]   --->   Operation 3 'read' 'fpgaconvnet_wr_0_V_1' <Predicate = true> <Delay = 0.00>
ST_1 : Operation 4 [1/1] (0.00ns)   --->   "%fpgaconvnet_out_0_V_2 = call i32 @_ssdm_op_Read.ap_auto.i32(i32 %fpgaconvnet_out_0_V_offset)" [partition_0/src/single_layer_top.cpp:179]   --->   Operation 4 'read' 'fpgaconvnet_out_0_V_2' <Predicate = true> <Delay = 0.00>
ST_1 : Operation 5 [1/1] (0.00ns)   --->   "%fpgaconvnet_in_0_V_1 = call i32 @_ssdm_op_Read.ap_auto.i32(i32 %fpgaconvnet_in_0_V_offset)" [partition_0/src/single_layer_top.cpp:179]   --->   Operation 5 'read' 'fpgaconvnet_in_0_V_1' <Predicate = true> <Delay = 0.00>
ST_1 : Operation 6 [1/1] (0.00ns)   --->   "%weights_reloading_in_8 = call i32 @_ssdm_op_Read.ap_auto.i32(i32 %weights_reloading_index)" [partition_0/src/single_layer_top.cpp:179]   --->   Operation 6 'read' 'weights_reloading_in_8' <Predicate = true> <Delay = 0.00>
ST_1 : Operation 7 [1/1] (0.00ns)   --->   "%mode_read = call i32 @_ssdm_op_Read.ap_auto.i32(i32 %mode)" [partition_0/src/single_layer_top.cpp:179]   --->   Operation 7 'read' 'mode_read' <Predicate = true> <Delay = 0.00>
ST_1 : Operation 8 [1/1] (0.00ns)   --->   "%fpgaconvnet_wr_0_V_s = call i29 @_ssdm_op_PartSelect.i29.i32.i32.i32(i32 %fpgaconvnet_wr_0_V_1, i32 3, i32 31)" [partition_0/src/single_layer_top.cpp:179]   --->   Operation 8 'partselect' 'fpgaconvnet_wr_0_V_s' <Predicate = true> <Delay = 0.00>
ST_1 : Operation 9 [1/1] (0.00ns)   --->   "%fpgaconvnet_out_0_V_1 = call i29 @_ssdm_op_PartSelect.i29.i32.i32.i32(i32 %fpgaconvnet_out_0_V_2, i32 3, i32 31)" [partition_0/src/single_layer_top.cpp:176]   --->   Operation 9 'partselect' 'fpgaconvnet_out_0_V_1' <Predicate = true> <Delay = 0.00>
ST_1 : Operation 10 [1/1] (0.00ns)   --->   "%fpgaconvnet_in_0_V_s = call i29 @_ssdm_op_PartSelect.i29.i32.i32.i32(i32 %fpgaconvnet_in_0_V_1, i32 3, i32 31)" [partition_0/src/single_layer_top.cpp:176]   --->   Operation 10 'partselect' 'fpgaconvnet_in_0_V_s' <Predicate = true> <Delay = 0.00>
ST_1 : Operation 11 [1/1] (0.00ns)   --->   "call void (...)* @_ssdm_op_SpecMemCore([4 x i16]* @Conv_0_weights_V_0_3, [1 x i8]* @p_str4, [4 x i8]* @p_str36, [1 x i8]* @p_str4, i32 -1, [1 x i8]* @p_str4, [1 x i8]* @p_str4, [1 x i8]* @p_str4, [1 x i8]* @p_str4, [1 x i8]* @p_str4)"   --->   Operation 11 'specmemcore' <Predicate = true> <Delay = 0.00>
ST_1 : Operation 12 [1/1] (0.00ns)   --->   "call void (...)* @_ssdm_op_SpecMemCore([4 x i16]* @Conv_0_weights_V_0_3_1, [1 x i8]* @p_str4, [4 x i8]* @p_str36, [1 x i8]* @p_str4, i32 -1, [1 x i8]* @p_str4, [1 x i8]* @p_str4, [1 x i8]* @p_str4, [1 x i8]* @p_str4, [1 x i8]* @p_str4)"   --->   Operation 12 'specmemcore' <Predicate = true> <Delay = 0.00>
ST_1 : Operation 13 [1/1] (0.00ns)   --->   "call void (...)* @_ssdm_op_SpecMemCore([4 x i16]* @Conv_0_weights_V_0_3_2, [1 x i8]* @p_str4, [4 x i8]* @p_str36, [1 x i8]* @p_str4, i32 -1, [1 x i8]* @p_str4, [1 x i8]* @p_str4, [1 x i8]* @p_str4, [1 x i8]* @p_str4, [1 x i8]* @p_str4)"   --->   Operation 13 'specmemcore' <Predicate = true> <Delay = 0.00>
ST_1 : Operation 14 [1/1] (0.00ns)   --->   "call void (...)* @_ssdm_op_SpecMemCore([4 x i16]* @Conv_0_weights_V_0_3_3, [1 x i8]* @p_str4, [4 x i8]* @p_str36, [1 x i8]* @p_str4, i32 -1, [1 x i8]* @p_str4, [1 x i8]* @p_str4, [1 x i8]* @p_str4, [1 x i8]* @p_str4, [1 x i8]* @p_str4)"   --->   Operation 14 'specmemcore' <Predicate = true> <Delay = 0.00>
ST_1 : Operation 15 [1/1] (0.00ns)   --->   "call void (...)* @_ssdm_op_SpecMemCore([4 x i16]* @Conv_0_weights_V_0_3_4, [1 x i8]* @p_str4, [4 x i8]* @p_str36, [1 x i8]* @p_str4, i32 -1, [1 x i8]* @p_str4, [1 x i8]* @p_str4, [1 x i8]* @p_str4, [1 x i8]* @p_str4, [1 x i8]* @p_str4)"   --->   Operation 15 'specmemcore' <Predicate = true> <Delay = 0.00>
ST_1 : Operation 16 [1/1] (0.00ns)   --->   "call void (...)* @_ssdm_op_SpecMemCore([4 x i16]* @Conv_0_weights_V_0_3_5, [1 x i8]* @p_str4, [4 x i8]* @p_str36, [1 x i8]* @p_str4, i32 -1, [1 x i8]* @p_str4, [1 x i8]* @p_str4, [1 x i8]* @p_str4, [1 x i8]* @p_str4, [1 x i8]* @p_str4)"   --->   Operation 16 'specmemcore' <Predicate = true> <Delay = 0.00>
ST_1 : Operation 17 [1/1] (0.00ns)   --->   "call void (...)* @_ssdm_op_SpecMemCore([4 x i16]* @Conv_0_weights_V_0_3_6, [1 x i8]* @p_str4, [4 x i8]* @p_str36, [1 x i8]* @p_str4, i32 -1, [1 x i8]* @p_str4, [1 x i8]* @p_str4, [1 x i8]* @p_str4, [1 x i8]* @p_str4, [1 x i8]* @p_str4)"   --->   Operation 17 'specmemcore' <Predicate = true> <Delay = 0.00>
ST_1 : Operation 18 [1/1] (0.00ns)   --->   "call void (...)* @_ssdm_op_SpecMemCore([4 x i16]* @Conv_0_weights_V_0_3_7, [1 x i8]* @p_str4, [4 x i8]* @p_str36, [1 x i8]* @p_str4, i32 -1, [1 x i8]* @p_str4, [1 x i8]* @p_str4, [1 x i8]* @p_str4, [1 x i8]* @p_str4, [1 x i8]* @p_str4)"   --->   Operation 18 'specmemcore' <Predicate = true> <Delay = 0.00>
ST_1 : Operation 19 [1/1] (0.00ns)   --->   "call void (...)* @_ssdm_op_SpecMemCore([4 x i16]* @Conv_0_weights_V_0_3_8, [1 x i8]* @p_str4, [4 x i8]* @p_str36, [1 x i8]* @p_str4, i32 -1, [1 x i8]* @p_str4, [1 x i8]* @p_str4, [1 x i8]* @p_str4, [1 x i8]* @p_str4, [1 x i8]* @p_str4)"   --->   Operation 19 'specmemcore' <Predicate = true> <Delay = 0.00>
ST_1 : Operation 20 [1/1] (0.00ns)   --->   "call void (...)* @_ssdm_op_SpecMemCore([4 x i16]* @Conv_0_weights_V_0_3_9, [1 x i8]* @p_str4, [4 x i8]* @p_str36, [1 x i8]* @p_str4, i32 -1, [1 x i8]* @p_str4, [1 x i8]* @p_str4, [1 x i8]* @p_str4, [1 x i8]* @p_str4, [1 x i8]* @p_str4)"   --->   Operation 20 'specmemcore' <Predicate = true> <Delay = 0.00>
ST_1 : Operation 21 [1/1] (0.00ns)   --->   "call void (...)* @_ssdm_op_SpecMemCore([4 x i16]* @Conv_0_weights_V_0_3_10, [1 x i8]* @p_str4, [4 x i8]* @p_str36, [1 x i8]* @p_str4, i32 -1, [1 x i8]* @p_str4, [1 x i8]* @p_str4, [1 x i8]* @p_str4, [1 x i8]* @p_str4, [1 x i8]* @p_str4)"   --->   Operation 21 'specmemcore' <Predicate = true> <Delay = 0.00>
ST_1 : Operation 22 [1/1] (0.00ns)   --->   "call void (...)* @_ssdm_op_SpecMemCore([4 x i16]* @Conv_0_weights_V_0_3_11, [1 x i8]* @p_str4, [4 x i8]* @p_str36, [1 x i8]* @p_str4, i32 -1, [1 x i8]* @p_str4, [1 x i8]* @p_str4, [1 x i8]* @p_str4, [1 x i8]* @p_str4, [1 x i8]* @p_str4)"   --->   Operation 22 'specmemcore' <Predicate = true> <Delay = 0.00>
ST_1 : Operation 23 [1/1] (0.00ns)   --->   "call void (...)* @_ssdm_op_SpecMemCore([4 x i16]* @Conv_0_weights_V_0_3_12, [1 x i8]* @p_str4, [4 x i8]* @p_str36, [1 x i8]* @p_str4, i32 -1, [1 x i8]* @p_str4, [1 x i8]* @p_str4, [1 x i8]* @p_str4, [1 x i8]* @p_str4, [1 x i8]* @p_str4)"   --->   Operation 23 'specmemcore' <Predicate = true> <Delay = 0.00>
ST_1 : Operation 24 [1/1] (0.00ns)   --->   "call void (...)* @_ssdm_op_SpecMemCore([4 x i16]* @Conv_0_weights_V_0_3_13, [1 x i8]* @p_str4, [4 x i8]* @p_str36, [1 x i8]* @p_str4, i32 -1, [1 x i8]* @p_str4, [1 x i8]* @p_str4, [1 x i8]* @p_str4, [1 x i8]* @p_str4, [1 x i8]* @p_str4)"   --->   Operation 24 'specmemcore' <Predicate = true> <Delay = 0.00>
ST_1 : Operation 25 [1/1] (0.00ns)   --->   "call void (...)* @_ssdm_op_SpecMemCore([4 x i16]* @Conv_0_weights_V_0_3_14, [1 x i8]* @p_str4, [4 x i8]* @p_str36, [1 x i8]* @p_str4, i32 -1, [1 x i8]* @p_str4, [1 x i8]* @p_str4, [1 x i8]* @p_str4, [1 x i8]* @p_str4, [1 x i8]* @p_str4)"   --->   Operation 25 'specmemcore' <Predicate = true> <Delay = 0.00>
ST_1 : Operation 26 [1/1] (0.00ns)   --->   "call void (...)* @_ssdm_op_SpecMemCore([4 x i16]* @Conv_0_weights_V_0_3_15, [1 x i8]* @p_str4, [4 x i8]* @p_str36, [1 x i8]* @p_str4, i32 -1, [1 x i8]* @p_str4, [1 x i8]* @p_str4, [1 x i8]* @p_str4, [1 x i8]* @p_str4, [1 x i8]* @p_str4)"   --->   Operation 26 'specmemcore' <Predicate = true> <Delay = 0.00>
ST_1 : Operation 27 [1/1] (0.00ns)   --->   "call void (...)* @_ssdm_op_SpecMemCore([4 x i16]* @Conv_0_weights_V_0_3_16, [1 x i8]* @p_str4, [4 x i8]* @p_str36, [1 x i8]* @p_str4, i32 -1, [1 x i8]* @p_str4, [1 x i8]* @p_str4, [1 x i8]* @p_str4, [1 x i8]* @p_str4, [1 x i8]* @p_str4)"   --->   Operation 27 'specmemcore' <Predicate = true> <Delay = 0.00>
ST_1 : Operation 28 [1/1] (0.00ns)   --->   "call void (...)* @_ssdm_op_SpecMemCore([4 x i16]* @Conv_0_weights_V_0_3_17, [1 x i8]* @p_str4, [4 x i8]* @p_str36, [1 x i8]* @p_str4, i32 -1, [1 x i8]* @p_str4, [1 x i8]* @p_str4, [1 x i8]* @p_str4, [1 x i8]* @p_str4, [1 x i8]* @p_str4)"   --->   Operation 28 'specmemcore' <Predicate = true> <Delay = 0.00>
ST_1 : Operation 29 [1/1] (0.00ns)   --->   "call void (...)* @_ssdm_op_SpecMemCore([4 x i16]* @Conv_0_weights_V_0_3_18, [1 x i8]* @p_str4, [4 x i8]* @p_str36, [1 x i8]* @p_str4, i32 -1, [1 x i8]* @p_str4, [1 x i8]* @p_str4, [1 x i8]* @p_str4, [1 x i8]* @p_str4, [1 x i8]* @p_str4)"   --->   Operation 29 'specmemcore' <Predicate = true> <Delay = 0.00>
ST_1 : Operation 30 [1/1] (0.00ns)   --->   "call void (...)* @_ssdm_op_SpecMemCore([4 x i16]* @Conv_0_weights_V_0_3_19, [1 x i8]* @p_str4, [4 x i8]* @p_str36, [1 x i8]* @p_str4, i32 -1, [1 x i8]* @p_str4, [1 x i8]* @p_str4, [1 x i8]* @p_str4, [1 x i8]* @p_str4, [1 x i8]* @p_str4)"   --->   Operation 30 'specmemcore' <Predicate = true> <Delay = 0.00>
ST_1 : Operation 31 [1/1] (0.00ns)   --->   "call void (...)* @_ssdm_op_SpecMemCore([4 x i16]* @Conv_0_weights_V_0_3_20, [1 x i8]* @p_str4, [4 x i8]* @p_str36, [1 x i8]* @p_str4, i32 -1, [1 x i8]* @p_str4, [1 x i8]* @p_str4, [1 x i8]* @p_str4, [1 x i8]* @p_str4, [1 x i8]* @p_str4)"   --->   Operation 31 'specmemcore' <Predicate = true> <Delay = 0.00>
ST_1 : Operation 32 [1/1] (0.00ns)   --->   "call void (...)* @_ssdm_op_SpecMemCore([4 x i16]* @Conv_0_weights_V_0_3_21, [1 x i8]* @p_str4, [4 x i8]* @p_str36, [1 x i8]* @p_str4, i32 -1, [1 x i8]* @p_str4, [1 x i8]* @p_str4, [1 x i8]* @p_str4, [1 x i8]* @p_str4, [1 x i8]* @p_str4)"   --->   Operation 32 'specmemcore' <Predicate = true> <Delay = 0.00>
ST_1 : Operation 33 [1/1] (0.00ns)   --->   "call void (...)* @_ssdm_op_SpecMemCore([4 x i16]* @Conv_0_weights_V_0_3_22, [1 x i8]* @p_str4, [4 x i8]* @p_str36, [1 x i8]* @p_str4, i32 -1, [1 x i8]* @p_str4, [1 x i8]* @p_str4, [1 x i8]* @p_str4, [1 x i8]* @p_str4, [1 x i8]* @p_str4)"   --->   Operation 33 'specmemcore' <Predicate = true> <Delay = 0.00>
ST_1 : Operation 34 [1/1] (0.00ns)   --->   "call void (...)* @_ssdm_op_SpecMemCore([4 x i16]* @Conv_0_weights_V_0_3_23, [1 x i8]* @p_str4, [4 x i8]* @p_str36, [1 x i8]* @p_str4, i32 -1, [1 x i8]* @p_str4, [1 x i8]* @p_str4, [1 x i8]* @p_str4, [1 x i8]* @p_str4, [1 x i8]* @p_str4)"   --->   Operation 34 'specmemcore' <Predicate = true> <Delay = 0.00>
ST_1 : Operation 35 [1/1] (0.00ns)   --->   "call void (...)* @_ssdm_op_SpecMemCore([4 x i16]* @Conv_0_weights_V_0_3_24, [1 x i8]* @p_str4, [4 x i8]* @p_str36, [1 x i8]* @p_str4, i32 -1, [1 x i8]* @p_str4, [1 x i8]* @p_str4, [1 x i8]* @p_str4, [1 x i8]* @p_str4, [1 x i8]* @p_str4)"   --->   Operation 35 'specmemcore' <Predicate = true> <Delay = 0.00>
ST_1 : Operation 36 [1/1] (0.00ns)   --->   "call void (...)* @_ssdm_op_SpecMemCore([4 x i16]* @Conv_0_weights_V_0_2, [1 x i8]* @p_str4, [4 x i8]* @p_str36, [1 x i8]* @p_str4, i32 -1, [1 x i8]* @p_str4, [1 x i8]* @p_str4, [1 x i8]* @p_str4, [1 x i8]* @p_str4, [1 x i8]* @p_str4)"   --->   Operation 36 'specmemcore' <Predicate = true> <Delay = 0.00>
ST_1 : Operation 37 [1/1] (0.00ns)   --->   "call void (...)* @_ssdm_op_SpecMemCore([4 x i16]* @Conv_0_weights_V_0_2_1, [1 x i8]* @p_str4, [4 x i8]* @p_str36, [1 x i8]* @p_str4, i32 -1, [1 x i8]* @p_str4, [1 x i8]* @p_str4, [1 x i8]* @p_str4, [1 x i8]* @p_str4, [1 x i8]* @p_str4)"   --->   Operation 37 'specmemcore' <Predicate = true> <Delay = 0.00>
ST_1 : Operation 38 [1/1] (0.00ns)   --->   "call void (...)* @_ssdm_op_SpecMemCore([4 x i16]* @Conv_0_weights_V_0_2_2, [1 x i8]* @p_str4, [4 x i8]* @p_str36, [1 x i8]* @p_str4, i32 -1, [1 x i8]* @p_str4, [1 x i8]* @p_str4, [1 x i8]* @p_str4, [1 x i8]* @p_str4, [1 x i8]* @p_str4)"   --->   Operation 38 'specmemcore' <Predicate = true> <Delay = 0.00>
ST_1 : Operation 39 [1/1] (0.00ns)   --->   "call void (...)* @_ssdm_op_SpecMemCore([4 x i16]* @Conv_0_weights_V_0_2_3, [1 x i8]* @p_str4, [4 x i8]* @p_str36, [1 x i8]* @p_str4, i32 -1, [1 x i8]* @p_str4, [1 x i8]* @p_str4, [1 x i8]* @p_str4, [1 x i8]* @p_str4, [1 x i8]* @p_str4)"   --->   Operation 39 'specmemcore' <Predicate = true> <Delay = 0.00>
ST_1 : Operation 40 [1/1] (0.00ns)   --->   "call void (...)* @_ssdm_op_SpecMemCore([4 x i16]* @Conv_0_weights_V_0_2_4, [1 x i8]* @p_str4, [4 x i8]* @p_str36, [1 x i8]* @p_str4, i32 -1, [1 x i8]* @p_str4, [1 x i8]* @p_str4, [1 x i8]* @p_str4, [1 x i8]* @p_str4, [1 x i8]* @p_str4)"   --->   Operation 40 'specmemcore' <Predicate = true> <Delay = 0.00>
ST_1 : Operation 41 [1/1] (0.00ns)   --->   "call void (...)* @_ssdm_op_SpecMemCore([4 x i16]* @Conv_0_weights_V_0_2_5, [1 x i8]* @p_str4, [4 x i8]* @p_str36, [1 x i8]* @p_str4, i32 -1, [1 x i8]* @p_str4, [1 x i8]* @p_str4, [1 x i8]* @p_str4, [1 x i8]* @p_str4, [1 x i8]* @p_str4)"   --->   Operation 41 'specmemcore' <Predicate = true> <Delay = 0.00>
ST_1 : Operation 42 [1/1] (0.00ns)   --->   "call void (...)* @_ssdm_op_SpecMemCore([4 x i16]* @Conv_0_weights_V_0_2_6, [1 x i8]* @p_str4, [4 x i8]* @p_str36, [1 x i8]* @p_str4, i32 -1, [1 x i8]* @p_str4, [1 x i8]* @p_str4, [1 x i8]* @p_str4, [1 x i8]* @p_str4, [1 x i8]* @p_str4)"   --->   Operation 42 'specmemcore' <Predicate = true> <Delay = 0.00>
ST_1 : Operation 43 [1/1] (0.00ns)   --->   "call void (...)* @_ssdm_op_SpecMemCore([4 x i16]* @Conv_0_weights_V_0_2_7, [1 x i8]* @p_str4, [4 x i8]* @p_str36, [1 x i8]* @p_str4, i32 -1, [1 x i8]* @p_str4, [1 x i8]* @p_str4, [1 x i8]* @p_str4, [1 x i8]* @p_str4, [1 x i8]* @p_str4)"   --->   Operation 43 'specmemcore' <Predicate = true> <Delay = 0.00>
ST_1 : Operation 44 [1/1] (0.00ns)   --->   "call void (...)* @_ssdm_op_SpecMemCore([4 x i16]* @Conv_0_weights_V_0_2_8, [1 x i8]* @p_str4, [4 x i8]* @p_str36, [1 x i8]* @p_str4, i32 -1, [1 x i8]* @p_str4, [1 x i8]* @p_str4, [1 x i8]* @p_str4, [1 x i8]* @p_str4, [1 x i8]* @p_str4)"   --->   Operation 44 'specmemcore' <Predicate = true> <Delay = 0.00>
ST_1 : Operation 45 [1/1] (0.00ns)   --->   "call void (...)* @_ssdm_op_SpecMemCore([4 x i16]* @Conv_0_weights_V_0_2_9, [1 x i8]* @p_str4, [4 x i8]* @p_str36, [1 x i8]* @p_str4, i32 -1, [1 x i8]* @p_str4, [1 x i8]* @p_str4, [1 x i8]* @p_str4, [1 x i8]* @p_str4, [1 x i8]* @p_str4)"   --->   Operation 45 'specmemcore' <Predicate = true> <Delay = 0.00>
ST_1 : Operation 46 [1/1] (0.00ns)   --->   "call void (...)* @_ssdm_op_SpecMemCore([4 x i16]* @Conv_0_weights_V_0_2_10, [1 x i8]* @p_str4, [4 x i8]* @p_str36, [1 x i8]* @p_str4, i32 -1, [1 x i8]* @p_str4, [1 x i8]* @p_str4, [1 x i8]* @p_str4, [1 x i8]* @p_str4, [1 x i8]* @p_str4)"   --->   Operation 46 'specmemcore' <Predicate = true> <Delay = 0.00>
ST_1 : Operation 47 [1/1] (0.00ns)   --->   "call void (...)* @_ssdm_op_SpecMemCore([4 x i16]* @Conv_0_weights_V_0_2_11, [1 x i8]* @p_str4, [4 x i8]* @p_str36, [1 x i8]* @p_str4, i32 -1, [1 x i8]* @p_str4, [1 x i8]* @p_str4, [1 x i8]* @p_str4, [1 x i8]* @p_str4, [1 x i8]* @p_str4)"   --->   Operation 47 'specmemcore' <Predicate = true> <Delay = 0.00>
ST_1 : Operation 48 [1/1] (0.00ns)   --->   "call void (...)* @_ssdm_op_SpecMemCore([4 x i16]* @Conv_0_weights_V_0_2_12, [1 x i8]* @p_str4, [4 x i8]* @p_str36, [1 x i8]* @p_str4, i32 -1, [1 x i8]* @p_str4, [1 x i8]* @p_str4, [1 x i8]* @p_str4, [1 x i8]* @p_str4, [1 x i8]* @p_str4)"   --->   Operation 48 'specmemcore' <Predicate = true> <Delay = 0.00>
ST_1 : Operation 49 [1/1] (0.00ns)   --->   "call void (...)* @_ssdm_op_SpecMemCore([4 x i16]* @Conv_0_weights_V_0_2_13, [1 x i8]* @p_str4, [4 x i8]* @p_str36, [1 x i8]* @p_str4, i32 -1, [1 x i8]* @p_str4, [1 x i8]* @p_str4, [1 x i8]* @p_str4, [1 x i8]* @p_str4, [1 x i8]* @p_str4)"   --->   Operation 49 'specmemcore' <Predicate = true> <Delay = 0.00>
ST_1 : Operation 50 [1/1] (0.00ns)   --->   "call void (...)* @_ssdm_op_SpecMemCore([4 x i16]* @Conv_0_weights_V_0_2_14, [1 x i8]* @p_str4, [4 x i8]* @p_str36, [1 x i8]* @p_str4, i32 -1, [1 x i8]* @p_str4, [1 x i8]* @p_str4, [1 x i8]* @p_str4, [1 x i8]* @p_str4, [1 x i8]* @p_str4)"   --->   Operation 50 'specmemcore' <Predicate = true> <Delay = 0.00>
ST_1 : Operation 51 [1/1] (0.00ns)   --->   "call void (...)* @_ssdm_op_SpecMemCore([4 x i16]* @Conv_0_weights_V_0_2_15, [1 x i8]* @p_str4, [4 x i8]* @p_str36, [1 x i8]* @p_str4, i32 -1, [1 x i8]* @p_str4, [1 x i8]* @p_str4, [1 x i8]* @p_str4, [1 x i8]* @p_str4, [1 x i8]* @p_str4)"   --->   Operation 51 'specmemcore' <Predicate = true> <Delay = 0.00>
ST_1 : Operation 52 [1/1] (0.00ns)   --->   "call void (...)* @_ssdm_op_SpecMemCore([4 x i16]* @Conv_0_weights_V_0_2_16, [1 x i8]* @p_str4, [4 x i8]* @p_str36, [1 x i8]* @p_str4, i32 -1, [1 x i8]* @p_str4, [1 x i8]* @p_str4, [1 x i8]* @p_str4, [1 x i8]* @p_str4, [1 x i8]* @p_str4)"   --->   Operation 52 'specmemcore' <Predicate = true> <Delay = 0.00>
ST_1 : Operation 53 [1/1] (0.00ns)   --->   "call void (...)* @_ssdm_op_SpecMemCore([4 x i16]* @Conv_0_weights_V_0_2_17, [1 x i8]* @p_str4, [4 x i8]* @p_str36, [1 x i8]* @p_str4, i32 -1, [1 x i8]* @p_str4, [1 x i8]* @p_str4, [1 x i8]* @p_str4, [1 x i8]* @p_str4, [1 x i8]* @p_str4)"   --->   Operation 53 'specmemcore' <Predicate = true> <Delay = 0.00>
ST_1 : Operation 54 [1/1] (0.00ns)   --->   "call void (...)* @_ssdm_op_SpecMemCore([4 x i16]* @Conv_0_weights_V_0_2_18, [1 x i8]* @p_str4, [4 x i8]* @p_str36, [1 x i8]* @p_str4, i32 -1, [1 x i8]* @p_str4, [1 x i8]* @p_str4, [1 x i8]* @p_str4, [1 x i8]* @p_str4, [1 x i8]* @p_str4)"   --->   Operation 54 'specmemcore' <Predicate = true> <Delay = 0.00>
ST_1 : Operation 55 [1/1] (0.00ns)   --->   "call void (...)* @_ssdm_op_SpecMemCore([4 x i16]* @Conv_0_weights_V_0_2_19, [1 x i8]* @p_str4, [4 x i8]* @p_str36, [1 x i8]* @p_str4, i32 -1, [1 x i8]* @p_str4, [1 x i8]* @p_str4, [1 x i8]* @p_str4, [1 x i8]* @p_str4, [1 x i8]* @p_str4)"   --->   Operation 55 'specmemcore' <Predicate = true> <Delay = 0.00>
ST_1 : Operation 56 [1/1] (0.00ns)   --->   "call void (...)* @_ssdm_op_SpecMemCore([4 x i16]* @Conv_0_weights_V_0_2_20, [1 x i8]* @p_str4, [4 x i8]* @p_str36, [1 x i8]* @p_str4, i32 -1, [1 x i8]* @p_str4, [1 x i8]* @p_str4, [1 x i8]* @p_str4, [1 x i8]* @p_str4, [1 x i8]* @p_str4)"   --->   Operation 56 'specmemcore' <Predicate = true> <Delay = 0.00>
ST_1 : Operation 57 [1/1] (0.00ns)   --->   "call void (...)* @_ssdm_op_SpecMemCore([4 x i16]* @Conv_0_weights_V_0_2_21, [1 x i8]* @p_str4, [4 x i8]* @p_str36, [1 x i8]* @p_str4, i32 -1, [1 x i8]* @p_str4, [1 x i8]* @p_str4, [1 x i8]* @p_str4, [1 x i8]* @p_str4, [1 x i8]* @p_str4)"   --->   Operation 57 'specmemcore' <Predicate = true> <Delay = 0.00>
ST_1 : Operation 58 [1/1] (0.00ns)   --->   "call void (...)* @_ssdm_op_SpecMemCore([4 x i16]* @Conv_0_weights_V_0_2_22, [1 x i8]* @p_str4, [4 x i8]* @p_str36, [1 x i8]* @p_str4, i32 -1, [1 x i8]* @p_str4, [1 x i8]* @p_str4, [1 x i8]* @p_str4, [1 x i8]* @p_str4, [1 x i8]* @p_str4)"   --->   Operation 58 'specmemcore' <Predicate = true> <Delay = 0.00>
ST_1 : Operation 59 [1/1] (0.00ns)   --->   "call void (...)* @_ssdm_op_SpecMemCore([4 x i16]* @Conv_0_weights_V_0_2_23, [1 x i8]* @p_str4, [4 x i8]* @p_str36, [1 x i8]* @p_str4, i32 -1, [1 x i8]* @p_str4, [1 x i8]* @p_str4, [1 x i8]* @p_str4, [1 x i8]* @p_str4, [1 x i8]* @p_str4)"   --->   Operation 59 'specmemcore' <Predicate = true> <Delay = 0.00>
ST_1 : Operation 60 [1/1] (0.00ns)   --->   "call void (...)* @_ssdm_op_SpecMemCore([4 x i16]* @Conv_0_weights_V_0_2_24, [1 x i8]* @p_str4, [4 x i8]* @p_str36, [1 x i8]* @p_str4, i32 -1, [1 x i8]* @p_str4, [1 x i8]* @p_str4, [1 x i8]* @p_str4, [1 x i8]* @p_str4, [1 x i8]* @p_str4)"   --->   Operation 60 'specmemcore' <Predicate = true> <Delay = 0.00>
ST_1 : Operation 61 [1/1] (0.00ns)   --->   "call void (...)* @_ssdm_op_SpecMemCore([4 x i16]* @Conv_0_weights_V_0_1, [1 x i8]* @p_str4, [4 x i8]* @p_str36, [1 x i8]* @p_str4, i32 -1, [1 x i8]* @p_str4, [1 x i8]* @p_str4, [1 x i8]* @p_str4, [1 x i8]* @p_str4, [1 x i8]* @p_str4)"   --->   Operation 61 'specmemcore' <Predicate = true> <Delay = 0.00>
ST_1 : Operation 62 [1/1] (0.00ns)   --->   "call void (...)* @_ssdm_op_SpecMemCore([4 x i16]* @Conv_0_weights_V_0_1_1, [1 x i8]* @p_str4, [4 x i8]* @p_str36, [1 x i8]* @p_str4, i32 -1, [1 x i8]* @p_str4, [1 x i8]* @p_str4, [1 x i8]* @p_str4, [1 x i8]* @p_str4, [1 x i8]* @p_str4)"   --->   Operation 62 'specmemcore' <Predicate = true> <Delay = 0.00>
ST_1 : Operation 63 [1/1] (0.00ns)   --->   "call void (...)* @_ssdm_op_SpecMemCore([4 x i16]* @Conv_0_weights_V_0_1_2, [1 x i8]* @p_str4, [4 x i8]* @p_str36, [1 x i8]* @p_str4, i32 -1, [1 x i8]* @p_str4, [1 x i8]* @p_str4, [1 x i8]* @p_str4, [1 x i8]* @p_str4, [1 x i8]* @p_str4)"   --->   Operation 63 'specmemcore' <Predicate = true> <Delay = 0.00>
ST_1 : Operation 64 [1/1] (0.00ns)   --->   "call void (...)* @_ssdm_op_SpecMemCore([4 x i16]* @Conv_0_weights_V_0_1_3, [1 x i8]* @p_str4, [4 x i8]* @p_str36, [1 x i8]* @p_str4, i32 -1, [1 x i8]* @p_str4, [1 x i8]* @p_str4, [1 x i8]* @p_str4, [1 x i8]* @p_str4, [1 x i8]* @p_str4)"   --->   Operation 64 'specmemcore' <Predicate = true> <Delay = 0.00>
ST_1 : Operation 65 [1/1] (0.00ns)   --->   "call void (...)* @_ssdm_op_SpecMemCore([4 x i16]* @Conv_0_weights_V_0_1_4, [1 x i8]* @p_str4, [4 x i8]* @p_str36, [1 x i8]* @p_str4, i32 -1, [1 x i8]* @p_str4, [1 x i8]* @p_str4, [1 x i8]* @p_str4, [1 x i8]* @p_str4, [1 x i8]* @p_str4)"   --->   Operation 65 'specmemcore' <Predicate = true> <Delay = 0.00>
ST_1 : Operation 66 [1/1] (0.00ns)   --->   "call void (...)* @_ssdm_op_SpecMemCore([4 x i16]* @Conv_0_weights_V_0_1_5, [1 x i8]* @p_str4, [4 x i8]* @p_str36, [1 x i8]* @p_str4, i32 -1, [1 x i8]* @p_str4, [1 x i8]* @p_str4, [1 x i8]* @p_str4, [1 x i8]* @p_str4, [1 x i8]* @p_str4)"   --->   Operation 66 'specmemcore' <Predicate = true> <Delay = 0.00>
ST_1 : Operation 67 [1/1] (0.00ns)   --->   "call void (...)* @_ssdm_op_SpecMemCore([4 x i16]* @Conv_0_weights_V_0_1_6, [1 x i8]* @p_str4, [4 x i8]* @p_str36, [1 x i8]* @p_str4, i32 -1, [1 x i8]* @p_str4, [1 x i8]* @p_str4, [1 x i8]* @p_str4, [1 x i8]* @p_str4, [1 x i8]* @p_str4)"   --->   Operation 67 'specmemcore' <Predicate = true> <Delay = 0.00>
ST_1 : Operation 68 [1/1] (0.00ns)   --->   "call void (...)* @_ssdm_op_SpecMemCore([4 x i16]* @Conv_0_weights_V_0_1_7, [1 x i8]* @p_str4, [4 x i8]* @p_str36, [1 x i8]* @p_str4, i32 -1, [1 x i8]* @p_str4, [1 x i8]* @p_str4, [1 x i8]* @p_str4, [1 x i8]* @p_str4, [1 x i8]* @p_str4)"   --->   Operation 68 'specmemcore' <Predicate = true> <Delay = 0.00>
ST_1 : Operation 69 [1/1] (0.00ns)   --->   "call void (...)* @_ssdm_op_SpecMemCore([4 x i16]* @Conv_0_weights_V_0_1_8, [1 x i8]* @p_str4, [4 x i8]* @p_str36, [1 x i8]* @p_str4, i32 -1, [1 x i8]* @p_str4, [1 x i8]* @p_str4, [1 x i8]* @p_str4, [1 x i8]* @p_str4, [1 x i8]* @p_str4)"   --->   Operation 69 'specmemcore' <Predicate = true> <Delay = 0.00>
ST_1 : Operation 70 [1/1] (0.00ns)   --->   "call void (...)* @_ssdm_op_SpecMemCore([4 x i16]* @Conv_0_weights_V_0_1_9, [1 x i8]* @p_str4, [4 x i8]* @p_str36, [1 x i8]* @p_str4, i32 -1, [1 x i8]* @p_str4, [1 x i8]* @p_str4, [1 x i8]* @p_str4, [1 x i8]* @p_str4, [1 x i8]* @p_str4)"   --->   Operation 70 'specmemcore' <Predicate = true> <Delay = 0.00>
ST_1 : Operation 71 [1/1] (0.00ns)   --->   "call void (...)* @_ssdm_op_SpecMemCore([4 x i16]* @Conv_0_weights_V_0_1_10, [1 x i8]* @p_str4, [4 x i8]* @p_str36, [1 x i8]* @p_str4, i32 -1, [1 x i8]* @p_str4, [1 x i8]* @p_str4, [1 x i8]* @p_str4, [1 x i8]* @p_str4, [1 x i8]* @p_str4)"   --->   Operation 71 'specmemcore' <Predicate = true> <Delay = 0.00>
ST_1 : Operation 72 [1/1] (0.00ns)   --->   "call void (...)* @_ssdm_op_SpecMemCore([4 x i16]* @Conv_0_weights_V_0_1_11, [1 x i8]* @p_str4, [4 x i8]* @p_str36, [1 x i8]* @p_str4, i32 -1, [1 x i8]* @p_str4, [1 x i8]* @p_str4, [1 x i8]* @p_str4, [1 x i8]* @p_str4, [1 x i8]* @p_str4)"   --->   Operation 72 'specmemcore' <Predicate = true> <Delay = 0.00>
ST_1 : Operation 73 [1/1] (0.00ns)   --->   "call void (...)* @_ssdm_op_SpecMemCore([4 x i16]* @Conv_0_weights_V_0_1_12, [1 x i8]* @p_str4, [4 x i8]* @p_str36, [1 x i8]* @p_str4, i32 -1, [1 x i8]* @p_str4, [1 x i8]* @p_str4, [1 x i8]* @p_str4, [1 x i8]* @p_str4, [1 x i8]* @p_str4)"   --->   Operation 73 'specmemcore' <Predicate = true> <Delay = 0.00>
ST_1 : Operation 74 [1/1] (0.00ns)   --->   "call void (...)* @_ssdm_op_SpecMemCore([4 x i16]* @Conv_0_weights_V_0_1_13, [1 x i8]* @p_str4, [4 x i8]* @p_str36, [1 x i8]* @p_str4, i32 -1, [1 x i8]* @p_str4, [1 x i8]* @p_str4, [1 x i8]* @p_str4, [1 x i8]* @p_str4, [1 x i8]* @p_str4)"   --->   Operation 74 'specmemcore' <Predicate = true> <Delay = 0.00>
ST_1 : Operation 75 [1/1] (0.00ns)   --->   "call void (...)* @_ssdm_op_SpecMemCore([4 x i16]* @Conv_0_weights_V_0_1_14, [1 x i8]* @p_str4, [4 x i8]* @p_str36, [1 x i8]* @p_str4, i32 -1, [1 x i8]* @p_str4, [1 x i8]* @p_str4, [1 x i8]* @p_str4, [1 x i8]* @p_str4, [1 x i8]* @p_str4)"   --->   Operation 75 'specmemcore' <Predicate = true> <Delay = 0.00>
ST_1 : Operation 76 [1/1] (0.00ns)   --->   "call void (...)* @_ssdm_op_SpecMemCore([4 x i16]* @Conv_0_weights_V_0_1_15, [1 x i8]* @p_str4, [4 x i8]* @p_str36, [1 x i8]* @p_str4, i32 -1, [1 x i8]* @p_str4, [1 x i8]* @p_str4, [1 x i8]* @p_str4, [1 x i8]* @p_str4, [1 x i8]* @p_str4)"   --->   Operation 76 'specmemcore' <Predicate = true> <Delay = 0.00>
ST_1 : Operation 77 [1/1] (0.00ns)   --->   "call void (...)* @_ssdm_op_SpecMemCore([4 x i16]* @Conv_0_weights_V_0_1_16, [1 x i8]* @p_str4, [4 x i8]* @p_str36, [1 x i8]* @p_str4, i32 -1, [1 x i8]* @p_str4, [1 x i8]* @p_str4, [1 x i8]* @p_str4, [1 x i8]* @p_str4, [1 x i8]* @p_str4)"   --->   Operation 77 'specmemcore' <Predicate = true> <Delay = 0.00>
ST_1 : Operation 78 [1/1] (0.00ns)   --->   "call void (...)* @_ssdm_op_SpecMemCore([4 x i16]* @Conv_0_weights_V_0_1_17, [1 x i8]* @p_str4, [4 x i8]* @p_str36, [1 x i8]* @p_str4, i32 -1, [1 x i8]* @p_str4, [1 x i8]* @p_str4, [1 x i8]* @p_str4, [1 x i8]* @p_str4, [1 x i8]* @p_str4)"   --->   Operation 78 'specmemcore' <Predicate = true> <Delay = 0.00>
ST_1 : Operation 79 [1/1] (0.00ns)   --->   "call void (...)* @_ssdm_op_SpecMemCore([4 x i16]* @Conv_0_weights_V_0_1_18, [1 x i8]* @p_str4, [4 x i8]* @p_str36, [1 x i8]* @p_str4, i32 -1, [1 x i8]* @p_str4, [1 x i8]* @p_str4, [1 x i8]* @p_str4, [1 x i8]* @p_str4, [1 x i8]* @p_str4)"   --->   Operation 79 'specmemcore' <Predicate = true> <Delay = 0.00>
ST_1 : Operation 80 [1/1] (0.00ns)   --->   "call void (...)* @_ssdm_op_SpecMemCore([4 x i16]* @Conv_0_weights_V_0_1_19, [1 x i8]* @p_str4, [4 x i8]* @p_str36, [1 x i8]* @p_str4, i32 -1, [1 x i8]* @p_str4, [1 x i8]* @p_str4, [1 x i8]* @p_str4, [1 x i8]* @p_str4, [1 x i8]* @p_str4)"   --->   Operation 80 'specmemcore' <Predicate = true> <Delay = 0.00>
ST_1 : Operation 81 [1/1] (0.00ns)   --->   "call void (...)* @_ssdm_op_SpecMemCore([4 x i16]* @Conv_0_weights_V_0_1_20, [1 x i8]* @p_str4, [4 x i8]* @p_str36, [1 x i8]* @p_str4, i32 -1, [1 x i8]* @p_str4, [1 x i8]* @p_str4, [1 x i8]* @p_str4, [1 x i8]* @p_str4, [1 x i8]* @p_str4)"   --->   Operation 81 'specmemcore' <Predicate = true> <Delay = 0.00>
ST_1 : Operation 82 [1/1] (0.00ns)   --->   "call void (...)* @_ssdm_op_SpecMemCore([4 x i16]* @Conv_0_weights_V_0_1_21, [1 x i8]* @p_str4, [4 x i8]* @p_str36, [1 x i8]* @p_str4, i32 -1, [1 x i8]* @p_str4, [1 x i8]* @p_str4, [1 x i8]* @p_str4, [1 x i8]* @p_str4, [1 x i8]* @p_str4)"   --->   Operation 82 'specmemcore' <Predicate = true> <Delay = 0.00>
ST_1 : Operation 83 [1/1] (0.00ns)   --->   "call void (...)* @_ssdm_op_SpecMemCore([4 x i16]* @Conv_0_weights_V_0_1_22, [1 x i8]* @p_str4, [4 x i8]* @p_str36, [1 x i8]* @p_str4, i32 -1, [1 x i8]* @p_str4, [1 x i8]* @p_str4, [1 x i8]* @p_str4, [1 x i8]* @p_str4, [1 x i8]* @p_str4)"   --->   Operation 83 'specmemcore' <Predicate = true> <Delay = 0.00>
ST_1 : Operation 84 [1/1] (0.00ns)   --->   "call void (...)* @_ssdm_op_SpecMemCore([4 x i16]* @Conv_0_weights_V_0_1_23, [1 x i8]* @p_str4, [4 x i8]* @p_str36, [1 x i8]* @p_str4, i32 -1, [1 x i8]* @p_str4, [1 x i8]* @p_str4, [1 x i8]* @p_str4, [1 x i8]* @p_str4, [1 x i8]* @p_str4)"   --->   Operation 84 'specmemcore' <Predicate = true> <Delay = 0.00>
ST_1 : Operation 85 [1/1] (0.00ns)   --->   "call void (...)* @_ssdm_op_SpecMemCore([4 x i16]* @Conv_0_weights_V_0_1_24, [1 x i8]* @p_str4, [4 x i8]* @p_str36, [1 x i8]* @p_str4, i32 -1, [1 x i8]* @p_str4, [1 x i8]* @p_str4, [1 x i8]* @p_str4, [1 x i8]* @p_str4, [1 x i8]* @p_str4)"   --->   Operation 85 'specmemcore' <Predicate = true> <Delay = 0.00>
ST_1 : Operation 86 [1/1] (0.00ns)   --->   "call void (...)* @_ssdm_op_SpecMemCore([4 x i16]* @Conv_0_weights_V_0_0, [1 x i8]* @p_str4, [4 x i8]* @p_str36, [1 x i8]* @p_str4, i32 -1, [1 x i8]* @p_str4, [1 x i8]* @p_str4, [1 x i8]* @p_str4, [1 x i8]* @p_str4, [1 x i8]* @p_str4)"   --->   Operation 86 'specmemcore' <Predicate = true> <Delay = 0.00>
ST_1 : Operation 87 [1/1] (0.00ns)   --->   "call void (...)* @_ssdm_op_SpecMemCore([4 x i16]* @Conv_0_weights_V_0_0_1, [1 x i8]* @p_str4, [4 x i8]* @p_str36, [1 x i8]* @p_str4, i32 -1, [1 x i8]* @p_str4, [1 x i8]* @p_str4, [1 x i8]* @p_str4, [1 x i8]* @p_str4, [1 x i8]* @p_str4)"   --->   Operation 87 'specmemcore' <Predicate = true> <Delay = 0.00>
ST_1 : Operation 88 [1/1] (0.00ns)   --->   "call void (...)* @_ssdm_op_SpecMemCore([4 x i16]* @Conv_0_weights_V_0_0_2, [1 x i8]* @p_str4, [4 x i8]* @p_str36, [1 x i8]* @p_str4, i32 -1, [1 x i8]* @p_str4, [1 x i8]* @p_str4, [1 x i8]* @p_str4, [1 x i8]* @p_str4, [1 x i8]* @p_str4)"   --->   Operation 88 'specmemcore' <Predicate = true> <Delay = 0.00>
ST_1 : Operation 89 [1/1] (0.00ns)   --->   "call void (...)* @_ssdm_op_SpecMemCore([4 x i16]* @Conv_0_weights_V_0_0_3, [1 x i8]* @p_str4, [4 x i8]* @p_str36, [1 x i8]* @p_str4, i32 -1, [1 x i8]* @p_str4, [1 x i8]* @p_str4, [1 x i8]* @p_str4, [1 x i8]* @p_str4, [1 x i8]* @p_str4)"   --->   Operation 89 'specmemcore' <Predicate = true> <Delay = 0.00>
ST_1 : Operation 90 [1/1] (0.00ns)   --->   "call void (...)* @_ssdm_op_SpecMemCore([4 x i16]* @Conv_0_weights_V_0_0_4, [1 x i8]* @p_str4, [4 x i8]* @p_str36, [1 x i8]* @p_str4, i32 -1, [1 x i8]* @p_str4, [1 x i8]* @p_str4, [1 x i8]* @p_str4, [1 x i8]* @p_str4, [1 x i8]* @p_str4)"   --->   Operation 90 'specmemcore' <Predicate = true> <Delay = 0.00>
ST_1 : Operation 91 [1/1] (0.00ns)   --->   "call void (...)* @_ssdm_op_SpecMemCore([4 x i16]* @Conv_0_weights_V_0_0_5, [1 x i8]* @p_str4, [4 x i8]* @p_str36, [1 x i8]* @p_str4, i32 -1, [1 x i8]* @p_str4, [1 x i8]* @p_str4, [1 x i8]* @p_str4, [1 x i8]* @p_str4, [1 x i8]* @p_str4)"   --->   Operation 91 'specmemcore' <Predicate = true> <Delay = 0.00>
ST_1 : Operation 92 [1/1] (0.00ns)   --->   "call void (...)* @_ssdm_op_SpecMemCore([4 x i16]* @Conv_0_weights_V_0_0_6, [1 x i8]* @p_str4, [4 x i8]* @p_str36, [1 x i8]* @p_str4, i32 -1, [1 x i8]* @p_str4, [1 x i8]* @p_str4, [1 x i8]* @p_str4, [1 x i8]* @p_str4, [1 x i8]* @p_str4)"   --->   Operation 92 'specmemcore' <Predicate = true> <Delay = 0.00>
ST_1 : Operation 93 [1/1] (0.00ns)   --->   "call void (...)* @_ssdm_op_SpecMemCore([4 x i16]* @Conv_0_weights_V_0_0_7, [1 x i8]* @p_str4, [4 x i8]* @p_str36, [1 x i8]* @p_str4, i32 -1, [1 x i8]* @p_str4, [1 x i8]* @p_str4, [1 x i8]* @p_str4, [1 x i8]* @p_str4, [1 x i8]* @p_str4)"   --->   Operation 93 'specmemcore' <Predicate = true> <Delay = 0.00>
ST_1 : Operation 94 [1/1] (0.00ns)   --->   "call void (...)* @_ssdm_op_SpecMemCore([4 x i16]* @Conv_0_weights_V_0_0_8, [1 x i8]* @p_str4, [4 x i8]* @p_str36, [1 x i8]* @p_str4, i32 -1, [1 x i8]* @p_str4, [1 x i8]* @p_str4, [1 x i8]* @p_str4, [1 x i8]* @p_str4, [1 x i8]* @p_str4)"   --->   Operation 94 'specmemcore' <Predicate = true> <Delay = 0.00>
ST_1 : Operation 95 [1/1] (0.00ns)   --->   "call void (...)* @_ssdm_op_SpecMemCore([4 x i16]* @Conv_0_weights_V_0_0_9, [1 x i8]* @p_str4, [4 x i8]* @p_str36, [1 x i8]* @p_str4, i32 -1, [1 x i8]* @p_str4, [1 x i8]* @p_str4, [1 x i8]* @p_str4, [1 x i8]* @p_str4, [1 x i8]* @p_str4)"   --->   Operation 95 'specmemcore' <Predicate = true> <Delay = 0.00>
ST_1 : Operation 96 [1/1] (0.00ns)   --->   "call void (...)* @_ssdm_op_SpecMemCore([4 x i16]* @Conv_0_weights_V_0_0_10, [1 x i8]* @p_str4, [4 x i8]* @p_str36, [1 x i8]* @p_str4, i32 -1, [1 x i8]* @p_str4, [1 x i8]* @p_str4, [1 x i8]* @p_str4, [1 x i8]* @p_str4, [1 x i8]* @p_str4)"   --->   Operation 96 'specmemcore' <Predicate = true> <Delay = 0.00>
ST_1 : Operation 97 [1/1] (0.00ns)   --->   "call void (...)* @_ssdm_op_SpecMemCore([4 x i16]* @Conv_0_weights_V_0_0_11, [1 x i8]* @p_str4, [4 x i8]* @p_str36, [1 x i8]* @p_str4, i32 -1, [1 x i8]* @p_str4, [1 x i8]* @p_str4, [1 x i8]* @p_str4, [1 x i8]* @p_str4, [1 x i8]* @p_str4)"   --->   Operation 97 'specmemcore' <Predicate = true> <Delay = 0.00>
ST_1 : Operation 98 [1/1] (0.00ns)   --->   "call void (...)* @_ssdm_op_SpecMemCore([4 x i16]* @Conv_0_weights_V_0_0_12, [1 x i8]* @p_str4, [4 x i8]* @p_str36, [1 x i8]* @p_str4, i32 -1, [1 x i8]* @p_str4, [1 x i8]* @p_str4, [1 x i8]* @p_str4, [1 x i8]* @p_str4, [1 x i8]* @p_str4)"   --->   Operation 98 'specmemcore' <Predicate = true> <Delay = 0.00>
ST_1 : Operation 99 [1/1] (0.00ns)   --->   "call void (...)* @_ssdm_op_SpecMemCore([4 x i16]* @Conv_0_weights_V_0_0_13, [1 x i8]* @p_str4, [4 x i8]* @p_str36, [1 x i8]* @p_str4, i32 -1, [1 x i8]* @p_str4, [1 x i8]* @p_str4, [1 x i8]* @p_str4, [1 x i8]* @p_str4, [1 x i8]* @p_str4)"   --->   Operation 99 'specmemcore' <Predicate = true> <Delay = 0.00>
ST_1 : Operation 100 [1/1] (0.00ns)   --->   "call void (...)* @_ssdm_op_SpecMemCore([4 x i16]* @Conv_0_weights_V_0_0_14, [1 x i8]* @p_str4, [4 x i8]* @p_str36, [1 x i8]* @p_str4, i32 -1, [1 x i8]* @p_str4, [1 x i8]* @p_str4, [1 x i8]* @p_str4, [1 x i8]* @p_str4, [1 x i8]* @p_str4)"   --->   Operation 100 'specmemcore' <Predicate = true> <Delay = 0.00>
ST_1 : Operation 101 [1/1] (0.00ns)   --->   "call void (...)* @_ssdm_op_SpecMemCore([4 x i16]* @Conv_0_weights_V_0_0_15, [1 x i8]* @p_str4, [4 x i8]* @p_str36, [1 x i8]* @p_str4, i32 -1, [1 x i8]* @p_str4, [1 x i8]* @p_str4, [1 x i8]* @p_str4, [1 x i8]* @p_str4, [1 x i8]* @p_str4)"   --->   Operation 101 'specmemcore' <Predicate = true> <Delay = 0.00>
ST_1 : Operation 102 [1/1] (0.00ns)   --->   "call void (...)* @_ssdm_op_SpecMemCore([4 x i16]* @Conv_0_weights_V_0_0_16, [1 x i8]* @p_str4, [4 x i8]* @p_str36, [1 x i8]* @p_str4, i32 -1, [1 x i8]* @p_str4, [1 x i8]* @p_str4, [1 x i8]* @p_str4, [1 x i8]* @p_str4, [1 x i8]* @p_str4)"   --->   Operation 102 'specmemcore' <Predicate = true> <Delay = 0.00>
ST_1 : Operation 103 [1/1] (0.00ns)   --->   "call void (...)* @_ssdm_op_SpecMemCore([4 x i16]* @Conv_0_weights_V_0_0_17, [1 x i8]* @p_str4, [4 x i8]* @p_str36, [1 x i8]* @p_str4, i32 -1, [1 x i8]* @p_str4, [1 x i8]* @p_str4, [1 x i8]* @p_str4, [1 x i8]* @p_str4, [1 x i8]* @p_str4)"   --->   Operation 103 'specmemcore' <Predicate = true> <Delay = 0.00>
ST_1 : Operation 104 [1/1] (0.00ns)   --->   "call void (...)* @_ssdm_op_SpecMemCore([4 x i16]* @Conv_0_weights_V_0_0_18, [1 x i8]* @p_str4, [4 x i8]* @p_str36, [1 x i8]* @p_str4, i32 -1, [1 x i8]* @p_str4, [1 x i8]* @p_str4, [1 x i8]* @p_str4, [1 x i8]* @p_str4, [1 x i8]* @p_str4)"   --->   Operation 104 'specmemcore' <Predicate = true> <Delay = 0.00>
ST_1 : Operation 105 [1/1] (0.00ns)   --->   "call void (...)* @_ssdm_op_SpecMemCore([4 x i16]* @Conv_0_weights_V_0_0_19, [1 x i8]* @p_str4, [4 x i8]* @p_str36, [1 x i8]* @p_str4, i32 -1, [1 x i8]* @p_str4, [1 x i8]* @p_str4, [1 x i8]* @p_str4, [1 x i8]* @p_str4, [1 x i8]* @p_str4)"   --->   Operation 105 'specmemcore' <Predicate = true> <Delay = 0.00>
ST_1 : Operation 106 [1/1] (0.00ns)   --->   "call void (...)* @_ssdm_op_SpecMemCore([4 x i16]* @Conv_0_weights_V_0_0_20, [1 x i8]* @p_str4, [4 x i8]* @p_str36, [1 x i8]* @p_str4, i32 -1, [1 x i8]* @p_str4, [1 x i8]* @p_str4, [1 x i8]* @p_str4, [1 x i8]* @p_str4, [1 x i8]* @p_str4)"   --->   Operation 106 'specmemcore' <Predicate = true> <Delay = 0.00>
ST_1 : Operation 107 [1/1] (0.00ns)   --->   "call void (...)* @_ssdm_op_SpecMemCore([4 x i16]* @Conv_0_weights_V_0_0_21, [1 x i8]* @p_str4, [4 x i8]* @p_str36, [1 x i8]* @p_str4, i32 -1, [1 x i8]* @p_str4, [1 x i8]* @p_str4, [1 x i8]* @p_str4, [1 x i8]* @p_str4, [1 x i8]* @p_str4)"   --->   Operation 107 'specmemcore' <Predicate = true> <Delay = 0.00>
ST_1 : Operation 108 [1/1] (0.00ns)   --->   "call void (...)* @_ssdm_op_SpecMemCore([4 x i16]* @Conv_0_weights_V_0_0_22, [1 x i8]* @p_str4, [4 x i8]* @p_str36, [1 x i8]* @p_str4, i32 -1, [1 x i8]* @p_str4, [1 x i8]* @p_str4, [1 x i8]* @p_str4, [1 x i8]* @p_str4, [1 x i8]* @p_str4)"   --->   Operation 108 'specmemcore' <Predicate = true> <Delay = 0.00>
ST_1 : Operation 109 [1/1] (0.00ns)   --->   "call void (...)* @_ssdm_op_SpecMemCore([4 x i16]* @Conv_0_weights_V_0_0_23, [1 x i8]* @p_str4, [4 x i8]* @p_str36, [1 x i8]* @p_str4, i32 -1, [1 x i8]* @p_str4, [1 x i8]* @p_str4, [1 x i8]* @p_str4, [1 x i8]* @p_str4, [1 x i8]* @p_str4)"   --->   Operation 109 'specmemcore' <Predicate = true> <Delay = 0.00>
ST_1 : Operation 110 [1/1] (0.00ns)   --->   "call void (...)* @_ssdm_op_SpecMemCore([4 x i16]* @Conv_0_weights_V_0_0_24, [1 x i8]* @p_str4, [4 x i8]* @p_str36, [1 x i8]* @p_str4, i32 -1, [1 x i8]* @p_str4, [1 x i8]* @p_str4, [1 x i8]* @p_str4, [1 x i8]* @p_str4, [1 x i8]* @p_str4)"   --->   Operation 110 'specmemcore' <Predicate = true> <Delay = 0.00>
ST_1 : Operation 111 [1/1] (0.00ns)   --->   "call void (...)* @_ssdm_op_SpecInterface(i64* %fpgaconvnet_out_0_V, [6 x i8]* @p_str7, i32 0, i32 0, [1 x i8]* @p_str4, i32 0, i32 2304, [21 x i8]* @p_str13, [6 x i8]* @p_str9, [1 x i8]* @p_str4, i32 1, i32 1, i32 256, i32 256, [16 x i8]* @p_str14, [1 x i8]* @p_str4)"   --->   Operation 111 'specinterface' <Predicate = true> <Delay = 0.00>
ST_1 : Operation 112 [1/1] (0.00ns)   --->   "call void (...)* @_ssdm_op_SpecInterface(i64* %fpgaconvnet_in_0_V, [6 x i8]* @p_str7, i32 0, i32 0, [1 x i8]* @p_str4, i32 0, i32 784, [20 x i8]* @p_str11, [6 x i8]* @p_str9, [1 x i8]* @p_str4, i32 1, i32 1, i32 256, i32 256, [15 x i8]* @p_str12, [1 x i8]* @p_str4)"   --->   Operation 112 'specinterface' <Predicate = true> <Delay = 0.00>
ST_1 : Operation 113 [1/1] (0.00ns)   --->   "call void (...)* @_ssdm_op_SpecInterface(i64* %fpgaconvnet_wr_0_V, [6 x i8]* @p_str7, i32 0, i32 0, [1 x i8]* @p_str4, i32 0, i32 400, [20 x i8]* @p_str8, [6 x i8]* @p_str9, [1 x i8]* @p_str4, i32 1, i32 1, i32 256, i32 256, [15 x i8]* @p_str10, [1 x i8]* @p_str4)"   --->   Operation 113 'specinterface' <Predicate = true> <Delay = 0.00>
ST_1 : Operation 114 [1/1] (2.47ns)   --->   "%icmp_ln175 = icmp eq i32 %mode_read, 0" [partition_0/src/single_layer_top.cpp:175]   --->   Operation 114 'icmp' 'icmp_ln175' <Predicate = true> <Delay = 2.47> <Core = "Cmp">   --->   Core 25 'Cmp' <Latency = 0> <II = 1> <Delay = 2.47> <FuncUnit> <Opcode : 'icmp'> <InPorts = 2> <OutPorts = 1>
ST_1 : Operation 115 [1/1] (0.00ns)   --->   "br i1 %icmp_ln175, label %0, label %1" [partition_0/src/single_layer_top.cpp:175]   --->   Operation 115 'br' <Predicate = true> <Delay = 0.00>
ST_1 : Operation 116 [1/1] (2.47ns)   --->   "%icmp_ln177 = icmp eq i32 %mode_read, 1" [partition_0/src/single_layer_top.cpp:177]   --->   Operation 116 'icmp' 'icmp_ln177' <Predicate = (!icmp_ln175)> <Delay = 2.47> <Core = "Cmp">   --->   Core 25 'Cmp' <Latency = 0> <II = 1> <Delay = 2.47> <FuncUnit> <Opcode : 'icmp'> <InPorts = 2> <OutPorts = 1>
ST_1 : Operation 117 [1/1] (0.00ns)   --->   "br i1 %icmp_ln177, label %2, label %._crit_edge" [partition_0/src/single_layer_top.cpp:177]   --->   Operation 117 'br' <Predicate = (!icmp_ln175)> <Delay = 0.00>
ST_1 : Operation 118 [2/2] (4.37ns)   --->   "call fastcc void @reload_weights(i64* %fpgaconvnet_wr_0_V, i29 %fpgaconvnet_wr_0_V_s)" [partition_0/src/single_layer_top.cpp:179]   --->   Operation 118 'call' <Predicate = (!icmp_ln175 & icmp_ln177)> <Delay = 4.37> <CoreType = "Generic">   --->   Core 0 '' <Latency = 0> <II = 1> <Delay = 1.00> <Generic> <Opcode : >
ST_1 : Operation 119 [2/2] (4.37ns)   --->   "call fastcc void @process(i32 %weights_reloading_in_8, i64* %fpgaconvnet_in_0_V, i29 %fpgaconvnet_in_0_V_s, i64* %fpgaconvnet_out_0_V, i29 %fpgaconvnet_out_0_V_1)" [partition_0/src/single_layer_top.cpp:176]   --->   Operation 119 'call' <Predicate = (icmp_ln175)> <Delay = 4.37> <CoreType = "Generic">   --->   Core 0 '' <Latency = 0> <II = 1> <Delay = 1.00> <Generic> <Opcode : >

State 2 <SV = 1> <Delay = 0.00>
ST_2 : Operation 120 [1/2] (0.00ns)   --->   "call fastcc void @reload_weights(i64* %fpgaconvnet_wr_0_V, i29 %fpgaconvnet_wr_0_V_s)" [partition_0/src/single_layer_top.cpp:179]   --->   Operation 120 'call' <Predicate = (!icmp_ln175 & icmp_ln177)> <Delay = 0.00> <CoreType = "Generic">   --->   Core 0 '' <Latency = 0> <II = 1> <Delay = 1.00> <Generic> <Opcode : >
ST_2 : Operation 121 [1/1] (0.00ns)   --->   "br label %._crit_edge" [partition_0/src/single_layer_top.cpp:181]   --->   Operation 121 'br' <Predicate = (!icmp_ln175 & icmp_ln177)> <Delay = 0.00>
ST_2 : Operation 122 [1/1] (0.00ns)   --->   "br label %.ret.exitStub"   --->   Operation 122 'br' <Predicate = (!icmp_ln175)> <Delay = 0.00>
ST_2 : Operation 123 [1/2] (0.00ns)   --->   "call fastcc void @process(i32 %weights_reloading_in_8, i64* %fpgaconvnet_in_0_V, i29 %fpgaconvnet_in_0_V_s, i64* %fpgaconvnet_out_0_V, i29 %fpgaconvnet_out_0_V_1)" [partition_0/src/single_layer_top.cpp:176]   --->   Operation 123 'call' <Predicate = (icmp_ln175)> <Delay = 0.00> <CoreType = "Generic">   --->   Core 0 '' <Latency = 0> <II = 1> <Delay = 1.00> <Generic> <Opcode : >
ST_2 : Operation 124 [1/1] (0.00ns)   --->   "br label %.ret.exitStub" [partition_0/src/single_layer_top.cpp:177]   --->   Operation 124 'br' <Predicate = (icmp_ln175)> <Delay = 0.00>
ST_2 : Operation 125 [1/1] (0.00ns)   --->   "ret void"   --->   Operation 125 'ret' <Predicate = true> <Delay = 0.00>


============================================================
+ Verbose Summary: Timing violations
============================================================
Target clock period: 5ns, clock uncertainty: 0.625ns.

 <State 1>: 4.38ns
The critical path consists of the following:
	wire read on port 'fpgaconvnet_wr_0_V_offset' (partition_0/src/single_layer_top.cpp:179) [241]  (0 ns)
	'call' operation ('call_ln179', partition_0/src/single_layer_top.cpp:179) to 'reload_weights' [358]  (4.38 ns)

 <State 2>: 0ns
The critical path consists of the following:


============================================================
+ Verbose Summary: Binding
============================================================
N/A
* FSMD analyzer results:
  - Output states:
 - Input state : 
  - Chain level:
	State 1
	State 2


============================================================
+ Verbose Summary: Datapath Resource usage 
============================================================
N/A
