

================================================================
== Vivado HLS Report for 'Conv_0_conv337'
================================================================
* Date:           Sat Feb 15 07:06:03 2025

* Version:        2019.2 (Build 2704478 on Wed Nov 06 22:10:23 MST 2019)
* Project:        partition_0
* Solution:       solution
* Product family: zynq
* Target device:  xc7z020-clg484-1


================================================================
== Performance Estimates
================================================================
+ Timing: 
    * Summary: 
    +--------+---------+----------+------------+
    |  Clock |  Target | Estimated| Uncertainty|
    +--------+---------+----------+------------+
    |ap_clk  | 5.00 ns | 6.562 ns |   0.62 ns  |
    +--------+---------+----------+------------+

+ Latency: 
    * Summary: 
    +---------+---------+----------+----------+-----+-----+---------+
    |  Latency (cycles) |  Latency (absolute) |  Interval | Pipeline|
    |   min   |   max   |    min   |    max   | min | max |   Type  |
    +---------+---------+----------+----------+-----+-----+---------+
    |        ?|        ?|         ?|         ?|    ?|    ?|   none  |
    +---------+---------+----------+----------+-----+-----+---------+

    + Detail: 
        * Instance: 
        +--------------------+---------+---------+---------+----------+----------+-----+-----+----------+
        |                    |         |  Latency (cycles) |  Latency (absolute) |  Interval | Pipeline |
        |      Instance      |  Module |   min   |   max   |    min   |    max   | min | max |   Type   |
        +--------------------+---------+---------+---------+----------+----------+-----+-----+----------+
        |grp_conv509_fu_150  |conv509  |        ?|        ?|         ?|         ?|    ?|    ?| dataflow |
        +--------------------+---------+---------+---------+----------+----------+-----+-----+----------+

        * Loop: 
        N/A

============================================================
+ Verbose Summary: Synthesis Manager
============================================================
InlineROM: 1
ExposeGlobal: 0
============================================================
+ Verbose Summary: CDFG Model
============================================================
IsTopModel: 0
ResetActiveHigh: 1
IsCombinational: 2
IsDatapathOnly: 0
HasWiredReturn: 1
HasMFsm: 0
HasVarLatency: 1
IsPipeline: 0
IsRtlPipelined: 0
IsInstanceOverlapped: 0
IsDontTouch: 0
HasImplIP: 0
IsGatedGlobalClock: 0


============================================================
+ Verbose Summary: Schedule
============================================================
* Number of FSM states : 2
* Pipeline : 0
* Dataflow Pipeline: 0

* FSM state transitions: 
1 --> 2 
2 --> 

* FSM state operations: 

State 1 <SV = 0> <Delay = 0.00>
ST_1 : Operation 3 [2/2] (0.00ns)   --->   "call fastcc void @conv509(i16* %in_V_V4, i16* %in_V_V4120, i16* %in_V_V4121, i16* %in_V_V4122, i16* %in_V_V4123, i16* %in_V_V424, i16* %in_V_V424124, i16* %in_V_V424125, i16* %in_V_V424126, i16* %in_V_V424127, i16* %in_V_V425, i16* %in_V_V425128, i16* %in_V_V425129, i16* %in_V_V425130, i16* %in_V_V425131, i16* %in_V_V426, i16* %in_V_V426132, i16* %in_V_V426133, i16* %in_V_V426134, i16* %in_V_V426135, i16* %in_V_V427, i16* %in_V_V427136, i16* %in_V_V427137, i16* %in_V_V427138, i16* %in_V_V427139, [4 x i16]* %weights_V1525, [4 x i16]* %weights_V1526, [4 x i16]* %weights_V1527, [4 x i16]* %weights_V1528, [4 x i16]* %weights_V1529, [4 x i16]* %weights_V1630, [4 x i16]* %weights_V1631, [4 x i16]* %weights_V1632, [4 x i16]* %weights_V1633, [4 x i16]* %weights_V1634, [4 x i16]* %weights_V1735, [4 x i16]* %weights_V1736, [4 x i16]* %weights_V1737, [4 x i16]* %weights_V1738, [4 x i16]* %weights_V1739, [4 x i16]* %weights_V1840, [4 x i16]* %weights_V1841, [4 x i16]* %weights_V1842, [4 x i16]* %weights_V1843, [4 x i16]* %weights_V1844, [4 x i16]* %weights_V1945, [4 x i16]* %weights_V1946, [4 x i16]* %weights_V1947, [4 x i16]* %weights_V1948, [4 x i16]* %weights_V1949, i30* %out_V_V7)" [partition_0/src/Conv_0.cpp:68]   --->   Operation 3 'call' <Predicate = true> <Delay = 0.00> <CoreType = "Generic">   --->   Core 0 '' <Latency = 0> <II = 1> <Delay = 1.00> <Generic> <Opcode : >

State 2 <SV = 1> <Delay = 0.00>
ST_2 : Operation 4 [1/1] (0.00ns)   --->   "call void (...)* @_ssdm_op_SpecStableContent([4 x i16]* %weights_V1525)"   --->   Operation 4 'specstablecontent' <Predicate = true> <Delay = 0.00>
ST_2 : Operation 5 [1/1] (0.00ns)   --->   "call void (...)* @_ssdm_op_SpecStableContent([4 x i16]* %weights_V1526)"   --->   Operation 5 'specstablecontent' <Predicate = true> <Delay = 0.00>
ST_2 : Operation 6 [1/1] (0.00ns)   --->   "call void (...)* @_ssdm_op_SpecStableContent([4 x i16]* %weights_V1527)"   --->   Operation 6 'specstablecontent' <Predicate = true> <Delay = 0.00>
ST_2 : Operation 7 [1/1] (0.00ns)   --->   "call void (...)* @_ssdm_op_SpecStableContent([4 x i16]* %weights_V1528)"   --->   Operation 7 'specstablecontent' <Predicate = true> <Delay = 0.00>
ST_2 : Operation 8 [1/1] (0.00ns)   --->   "call void (...)* @_ssdm_op_SpecStableContent([4 x i16]* %weights_V1529)"   --->   Operation 8 'specstablecontent' <Predicate = true> <Delay = 0.00>
ST_2 : Operation 9 [1/1] (0.00ns)   --->   "call void (...)* @_ssdm_op_SpecStableContent([4 x i16]* %weights_V1630)"   --->   Operation 9 'specstablecontent' <Predicate = true> <Delay = 0.00>
ST_2 : Operation 10 [1/1] (0.00ns)   --->   "call void (...)* @_ssdm_op_SpecStableContent([4 x i16]* %weights_V1631)"   --->   Operation 10 'specstablecontent' <Predicate = true> <Delay = 0.00>
ST_2 : Operation 11 [1/1] (0.00ns)   --->   "call void (...)* @_ssdm_op_SpecStableContent([4 x i16]* %weights_V1632)"   --->   Operation 11 'specstablecontent' <Predicate = true> <Delay = 0.00>
ST_2 : Operation 12 [1/1] (0.00ns)   --->   "call void (...)* @_ssdm_op_SpecStableContent([4 x i16]* %weights_V1633)"   --->   Operation 12 'specstablecontent' <Predicate = true> <Delay = 0.00>
ST_2 : Operation 13 [1/1] (0.00ns)   --->   "call void (...)* @_ssdm_op_SpecStableContent([4 x i16]* %weights_V1634)"   --->   Operation 13 'specstablecontent' <Predicate = true> <Delay = 0.00>
ST_2 : Operation 14 [1/1] (0.00ns)   --->   "call void (...)* @_ssdm_op_SpecStableContent([4 x i16]* %weights_V1735)"   --->   Operation 14 'specstablecontent' <Predicate = true> <Delay = 0.00>
ST_2 : Operation 15 [1/1] (0.00ns)   --->   "call void (...)* @_ssdm_op_SpecStableContent([4 x i16]* %weights_V1736)"   --->   Operation 15 'specstablecontent' <Predicate = true> <Delay = 0.00>
ST_2 : Operation 16 [1/1] (0.00ns)   --->   "call void (...)* @_ssdm_op_SpecStableContent([4 x i16]* %weights_V1737)"   --->   Operation 16 'specstablecontent' <Predicate = true> <Delay = 0.00>
ST_2 : Operation 17 [1/1] (0.00ns)   --->   "call void (...)* @_ssdm_op_SpecStableContent([4 x i16]* %weights_V1738)"   --->   Operation 17 'specstablecontent' <Predicate = true> <Delay = 0.00>
ST_2 : Operation 18 [1/1] (0.00ns)   --->   "call void (...)* @_ssdm_op_SpecStableContent([4 x i16]* %weights_V1739)"   --->   Operation 18 'specstablecontent' <Predicate = true> <Delay = 0.00>
ST_2 : Operation 19 [1/1] (0.00ns)   --->   "call void (...)* @_ssdm_op_SpecStableContent([4 x i16]* %weights_V1840)"   --->   Operation 19 'specstablecontent' <Predicate = true> <Delay = 0.00>
ST_2 : Operation 20 [1/1] (0.00ns)   --->   "call void (...)* @_ssdm_op_SpecStableContent([4 x i16]* %weights_V1841)"   --->   Operation 20 'specstablecontent' <Predicate = true> <Delay = 0.00>
ST_2 : Operation 21 [1/1] (0.00ns)   --->   "call void (...)* @_ssdm_op_SpecStableContent([4 x i16]* %weights_V1842)"   --->   Operation 21 'specstablecontent' <Predicate = true> <Delay = 0.00>
ST_2 : Operation 22 [1/1] (0.00ns)   --->   "call void (...)* @_ssdm_op_SpecStableContent([4 x i16]* %weights_V1843)"   --->   Operation 22 'specstablecontent' <Predicate = true> <Delay = 0.00>
ST_2 : Operation 23 [1/1] (0.00ns)   --->   "call void (...)* @_ssdm_op_SpecStableContent([4 x i16]* %weights_V1844)"   --->   Operation 23 'specstablecontent' <Predicate = true> <Delay = 0.00>
ST_2 : Operation 24 [1/1] (0.00ns)   --->   "call void (...)* @_ssdm_op_SpecStableContent([4 x i16]* %weights_V1945)"   --->   Operation 24 'specstablecontent' <Predicate = true> <Delay = 0.00>
ST_2 : Operation 25 [1/1] (0.00ns)   --->   "call void (...)* @_ssdm_op_SpecStableContent([4 x i16]* %weights_V1946)"   --->   Operation 25 'specstablecontent' <Predicate = true> <Delay = 0.00>
ST_2 : Operation 26 [1/1] (0.00ns)   --->   "call void (...)* @_ssdm_op_SpecStableContent([4 x i16]* %weights_V1947)"   --->   Operation 26 'specstablecontent' <Predicate = true> <Delay = 0.00>
ST_2 : Operation 27 [1/1] (0.00ns)   --->   "call void (...)* @_ssdm_op_SpecStableContent([4 x i16]* %weights_V1948)"   --->   Operation 27 'specstablecontent' <Predicate = true> <Delay = 0.00>
ST_2 : Operation 28 [1/1] (0.00ns)   --->   "call void (...)* @_ssdm_op_SpecStableContent([4 x i16]* %weights_V1949)"   --->   Operation 28 'specstablecontent' <Predicate = true> <Delay = 0.00>
ST_2 : Operation 29 [1/1] (0.00ns)   --->   "call void (...)* @_ssdm_op_SpecMemCore([4 x i16]* %weights_V1949, [1 x i8]* @p_str4, [4 x i8]* @p_str36, [1 x i8]* @p_str4, i32 -1, [1 x i8]* @p_str4, [1 x i8]* @p_str4, [1 x i8]* @p_str4, [1 x i8]* @p_str4, [1 x i8]* @p_str4)"   --->   Operation 29 'specmemcore' <Predicate = true> <Delay = 0.00>
ST_2 : Operation 30 [1/1] (0.00ns)   --->   "call void (...)* @_ssdm_op_SpecMemCore([4 x i16]* %weights_V1948, [1 x i8]* @p_str4, [4 x i8]* @p_str36, [1 x i8]* @p_str4, i32 -1, [1 x i8]* @p_str4, [1 x i8]* @p_str4, [1 x i8]* @p_str4, [1 x i8]* @p_str4, [1 x i8]* @p_str4)"   --->   Operation 30 'specmemcore' <Predicate = true> <Delay = 0.00>
ST_2 : Operation 31 [1/1] (0.00ns)   --->   "call void (...)* @_ssdm_op_SpecMemCore([4 x i16]* %weights_V1947, [1 x i8]* @p_str4, [4 x i8]* @p_str36, [1 x i8]* @p_str4, i32 -1, [1 x i8]* @p_str4, [1 x i8]* @p_str4, [1 x i8]* @p_str4, [1 x i8]* @p_str4, [1 x i8]* @p_str4)"   --->   Operation 31 'specmemcore' <Predicate = true> <Delay = 0.00>
ST_2 : Operation 32 [1/1] (0.00ns)   --->   "call void (...)* @_ssdm_op_SpecMemCore([4 x i16]* %weights_V1946, [1 x i8]* @p_str4, [4 x i8]* @p_str36, [1 x i8]* @p_str4, i32 -1, [1 x i8]* @p_str4, [1 x i8]* @p_str4, [1 x i8]* @p_str4, [1 x i8]* @p_str4, [1 x i8]* @p_str4)"   --->   Operation 32 'specmemcore' <Predicate = true> <Delay = 0.00>
ST_2 : Operation 33 [1/1] (0.00ns)   --->   "call void (...)* @_ssdm_op_SpecMemCore([4 x i16]* %weights_V1945, [1 x i8]* @p_str4, [4 x i8]* @p_str36, [1 x i8]* @p_str4, i32 -1, [1 x i8]* @p_str4, [1 x i8]* @p_str4, [1 x i8]* @p_str4, [1 x i8]* @p_str4, [1 x i8]* @p_str4)"   --->   Operation 33 'specmemcore' <Predicate = true> <Delay = 0.00>
ST_2 : Operation 34 [1/1] (0.00ns)   --->   "call void (...)* @_ssdm_op_SpecMemCore([4 x i16]* %weights_V1844, [1 x i8]* @p_str4, [4 x i8]* @p_str36, [1 x i8]* @p_str4, i32 -1, [1 x i8]* @p_str4, [1 x i8]* @p_str4, [1 x i8]* @p_str4, [1 x i8]* @p_str4, [1 x i8]* @p_str4)"   --->   Operation 34 'specmemcore' <Predicate = true> <Delay = 0.00>
ST_2 : Operation 35 [1/1] (0.00ns)   --->   "call void (...)* @_ssdm_op_SpecMemCore([4 x i16]* %weights_V1843, [1 x i8]* @p_str4, [4 x i8]* @p_str36, [1 x i8]* @p_str4, i32 -1, [1 x i8]* @p_str4, [1 x i8]* @p_str4, [1 x i8]* @p_str4, [1 x i8]* @p_str4, [1 x i8]* @p_str4)"   --->   Operation 35 'specmemcore' <Predicate = true> <Delay = 0.00>
ST_2 : Operation 36 [1/1] (0.00ns)   --->   "call void (...)* @_ssdm_op_SpecMemCore([4 x i16]* %weights_V1842, [1 x i8]* @p_str4, [4 x i8]* @p_str36, [1 x i8]* @p_str4, i32 -1, [1 x i8]* @p_str4, [1 x i8]* @p_str4, [1 x i8]* @p_str4, [1 x i8]* @p_str4, [1 x i8]* @p_str4)"   --->   Operation 36 'specmemcore' <Predicate = true> <Delay = 0.00>
ST_2 : Operation 37 [1/1] (0.00ns)   --->   "call void (...)* @_ssdm_op_SpecMemCore([4 x i16]* %weights_V1841, [1 x i8]* @p_str4, [4 x i8]* @p_str36, [1 x i8]* @p_str4, i32 -1, [1 x i8]* @p_str4, [1 x i8]* @p_str4, [1 x i8]* @p_str4, [1 x i8]* @p_str4, [1 x i8]* @p_str4)"   --->   Operation 37 'specmemcore' <Predicate = true> <Delay = 0.00>
ST_2 : Operation 38 [1/1] (0.00ns)   --->   "call void (...)* @_ssdm_op_SpecMemCore([4 x i16]* %weights_V1840, [1 x i8]* @p_str4, [4 x i8]* @p_str36, [1 x i8]* @p_str4, i32 -1, [1 x i8]* @p_str4, [1 x i8]* @p_str4, [1 x i8]* @p_str4, [1 x i8]* @p_str4, [1 x i8]* @p_str4)"   --->   Operation 38 'specmemcore' <Predicate = true> <Delay = 0.00>
ST_2 : Operation 39 [1/1] (0.00ns)   --->   "call void (...)* @_ssdm_op_SpecMemCore([4 x i16]* %weights_V1739, [1 x i8]* @p_str4, [4 x i8]* @p_str36, [1 x i8]* @p_str4, i32 -1, [1 x i8]* @p_str4, [1 x i8]* @p_str4, [1 x i8]* @p_str4, [1 x i8]* @p_str4, [1 x i8]* @p_str4)"   --->   Operation 39 'specmemcore' <Predicate = true> <Delay = 0.00>
ST_2 : Operation 40 [1/1] (0.00ns)   --->   "call void (...)* @_ssdm_op_SpecMemCore([4 x i16]* %weights_V1738, [1 x i8]* @p_str4, [4 x i8]* @p_str36, [1 x i8]* @p_str4, i32 -1, [1 x i8]* @p_str4, [1 x i8]* @p_str4, [1 x i8]* @p_str4, [1 x i8]* @p_str4, [1 x i8]* @p_str4)"   --->   Operation 40 'specmemcore' <Predicate = true> <Delay = 0.00>
ST_2 : Operation 41 [1/1] (0.00ns)   --->   "call void (...)* @_ssdm_op_SpecMemCore([4 x i16]* %weights_V1737, [1 x i8]* @p_str4, [4 x i8]* @p_str36, [1 x i8]* @p_str4, i32 -1, [1 x i8]* @p_str4, [1 x i8]* @p_str4, [1 x i8]* @p_str4, [1 x i8]* @p_str4, [1 x i8]* @p_str4)"   --->   Operation 41 'specmemcore' <Predicate = true> <Delay = 0.00>
ST_2 : Operation 42 [1/1] (0.00ns)   --->   "call void (...)* @_ssdm_op_SpecMemCore([4 x i16]* %weights_V1736, [1 x i8]* @p_str4, [4 x i8]* @p_str36, [1 x i8]* @p_str4, i32 -1, [1 x i8]* @p_str4, [1 x i8]* @p_str4, [1 x i8]* @p_str4, [1 x i8]* @p_str4, [1 x i8]* @p_str4)"   --->   Operation 42 'specmemcore' <Predicate = true> <Delay = 0.00>
ST_2 : Operation 43 [1/1] (0.00ns)   --->   "call void (...)* @_ssdm_op_SpecMemCore([4 x i16]* %weights_V1735, [1 x i8]* @p_str4, [4 x i8]* @p_str36, [1 x i8]* @p_str4, i32 -1, [1 x i8]* @p_str4, [1 x i8]* @p_str4, [1 x i8]* @p_str4, [1 x i8]* @p_str4, [1 x i8]* @p_str4)"   --->   Operation 43 'specmemcore' <Predicate = true> <Delay = 0.00>
ST_2 : Operation 44 [1/1] (0.00ns)   --->   "call void (...)* @_ssdm_op_SpecMemCore([4 x i16]* %weights_V1634, [1 x i8]* @p_str4, [4 x i8]* @p_str36, [1 x i8]* @p_str4, i32 -1, [1 x i8]* @p_str4, [1 x i8]* @p_str4, [1 x i8]* @p_str4, [1 x i8]* @p_str4, [1 x i8]* @p_str4)"   --->   Operation 44 'specmemcore' <Predicate = true> <Delay = 0.00>
ST_2 : Operation 45 [1/1] (0.00ns)   --->   "call void (...)* @_ssdm_op_SpecMemCore([4 x i16]* %weights_V1633, [1 x i8]* @p_str4, [4 x i8]* @p_str36, [1 x i8]* @p_str4, i32 -1, [1 x i8]* @p_str4, [1 x i8]* @p_str4, [1 x i8]* @p_str4, [1 x i8]* @p_str4, [1 x i8]* @p_str4)"   --->   Operation 45 'specmemcore' <Predicate = true> <Delay = 0.00>
ST_2 : Operation 46 [1/1] (0.00ns)   --->   "call void (...)* @_ssdm_op_SpecMemCore([4 x i16]* %weights_V1632, [1 x i8]* @p_str4, [4 x i8]* @p_str36, [1 x i8]* @p_str4, i32 -1, [1 x i8]* @p_str4, [1 x i8]* @p_str4, [1 x i8]* @p_str4, [1 x i8]* @p_str4, [1 x i8]* @p_str4)"   --->   Operation 46 'specmemcore' <Predicate = true> <Delay = 0.00>
ST_2 : Operation 47 [1/1] (0.00ns)   --->   "call void (...)* @_ssdm_op_SpecMemCore([4 x i16]* %weights_V1631, [1 x i8]* @p_str4, [4 x i8]* @p_str36, [1 x i8]* @p_str4, i32 -1, [1 x i8]* @p_str4, [1 x i8]* @p_str4, [1 x i8]* @p_str4, [1 x i8]* @p_str4, [1 x i8]* @p_str4)"   --->   Operation 47 'specmemcore' <Predicate = true> <Delay = 0.00>
ST_2 : Operation 48 [1/1] (0.00ns)   --->   "call void (...)* @_ssdm_op_SpecMemCore([4 x i16]* %weights_V1630, [1 x i8]* @p_str4, [4 x i8]* @p_str36, [1 x i8]* @p_str4, i32 -1, [1 x i8]* @p_str4, [1 x i8]* @p_str4, [1 x i8]* @p_str4, [1 x i8]* @p_str4, [1 x i8]* @p_str4)"   --->   Operation 48 'specmemcore' <Predicate = true> <Delay = 0.00>
ST_2 : Operation 49 [1/1] (0.00ns)   --->   "call void (...)* @_ssdm_op_SpecMemCore([4 x i16]* %weights_V1529, [1 x i8]* @p_str4, [4 x i8]* @p_str36, [1 x i8]* @p_str4, i32 -1, [1 x i8]* @p_str4, [1 x i8]* @p_str4, [1 x i8]* @p_str4, [1 x i8]* @p_str4, [1 x i8]* @p_str4)"   --->   Operation 49 'specmemcore' <Predicate = true> <Delay = 0.00>
ST_2 : Operation 50 [1/1] (0.00ns)   --->   "call void (...)* @_ssdm_op_SpecMemCore([4 x i16]* %weights_V1528, [1 x i8]* @p_str4, [4 x i8]* @p_str36, [1 x i8]* @p_str4, i32 -1, [1 x i8]* @p_str4, [1 x i8]* @p_str4, [1 x i8]* @p_str4, [1 x i8]* @p_str4, [1 x i8]* @p_str4)"   --->   Operation 50 'specmemcore' <Predicate = true> <Delay = 0.00>
ST_2 : Operation 51 [1/1] (0.00ns)   --->   "call void (...)* @_ssdm_op_SpecMemCore([4 x i16]* %weights_V1527, [1 x i8]* @p_str4, [4 x i8]* @p_str36, [1 x i8]* @p_str4, i32 -1, [1 x i8]* @p_str4, [1 x i8]* @p_str4, [1 x i8]* @p_str4, [1 x i8]* @p_str4, [1 x i8]* @p_str4)"   --->   Operation 51 'specmemcore' <Predicate = true> <Delay = 0.00>
ST_2 : Operation 52 [1/1] (0.00ns)   --->   "call void (...)* @_ssdm_op_SpecMemCore([4 x i16]* %weights_V1526, [1 x i8]* @p_str4, [4 x i8]* @p_str36, [1 x i8]* @p_str4, i32 -1, [1 x i8]* @p_str4, [1 x i8]* @p_str4, [1 x i8]* @p_str4, [1 x i8]* @p_str4, [1 x i8]* @p_str4)"   --->   Operation 52 'specmemcore' <Predicate = true> <Delay = 0.00>
ST_2 : Operation 53 [1/1] (0.00ns)   --->   "call void (...)* @_ssdm_op_SpecMemCore([4 x i16]* %weights_V1525, [1 x i8]* @p_str4, [4 x i8]* @p_str36, [1 x i8]* @p_str4, i32 -1, [1 x i8]* @p_str4, [1 x i8]* @p_str4, [1 x i8]* @p_str4, [1 x i8]* @p_str4, [1 x i8]* @p_str4)"   --->   Operation 53 'specmemcore' <Predicate = true> <Delay = 0.00>
ST_2 : Operation 54 [1/1] (0.00ns)   --->   "call void (...)* @_ssdm_op_SpecInterface(i30* %out_V_V7, [8 x i8]* @ap_fifo_str, i32 0, i32 0, [1 x i8]* @p_str, i32 0, i32 0, [1 x i8]* @p_str, [1 x i8]* @p_str, [1 x i8]* @p_str, i32 2, i32 2, i32 16, i32 16, [1 x i8]* @p_str, [1 x i8]* @p_str)"   --->   Operation 54 'specinterface' <Predicate = true> <Delay = 0.00>
ST_2 : Operation 55 [1/1] (0.00ns)   --->   "call void (...)* @_ssdm_op_SpecInterface(i16* %in_V_V427139, [8 x i8]* @ap_fifo_str, i32 0, i32 0, [1 x i8]* @p_str, i32 0, i32 0, [1 x i8]* @p_str, [1 x i8]* @p_str, [1 x i8]* @p_str, i32 2, i32 2, i32 16, i32 16, [1 x i8]* @p_str, [1 x i8]* @p_str)"   --->   Operation 55 'specinterface' <Predicate = true> <Delay = 0.00>
ST_2 : Operation 56 [1/1] (0.00ns)   --->   "call void (...)* @_ssdm_op_SpecInterface(i16* %in_V_V427138, [8 x i8]* @ap_fifo_str, i32 0, i32 0, [1 x i8]* @p_str, i32 0, i32 0, [1 x i8]* @p_str, [1 x i8]* @p_str, [1 x i8]* @p_str, i32 2, i32 2, i32 16, i32 16, [1 x i8]* @p_str, [1 x i8]* @p_str)"   --->   Operation 56 'specinterface' <Predicate = true> <Delay = 0.00>
ST_2 : Operation 57 [1/1] (0.00ns)   --->   "call void (...)* @_ssdm_op_SpecInterface(i16* %in_V_V427137, [8 x i8]* @ap_fifo_str, i32 0, i32 0, [1 x i8]* @p_str, i32 0, i32 0, [1 x i8]* @p_str, [1 x i8]* @p_str, [1 x i8]* @p_str, i32 2, i32 2, i32 16, i32 16, [1 x i8]* @p_str, [1 x i8]* @p_str)"   --->   Operation 57 'specinterface' <Predicate = true> <Delay = 0.00>
ST_2 : Operation 58 [1/1] (0.00ns)   --->   "call void (...)* @_ssdm_op_SpecInterface(i16* %in_V_V427136, [8 x i8]* @ap_fifo_str, i32 0, i32 0, [1 x i8]* @p_str, i32 0, i32 0, [1 x i8]* @p_str, [1 x i8]* @p_str, [1 x i8]* @p_str, i32 2, i32 2, i32 16, i32 16, [1 x i8]* @p_str, [1 x i8]* @p_str)"   --->   Operation 58 'specinterface' <Predicate = true> <Delay = 0.00>
ST_2 : Operation 59 [1/1] (0.00ns)   --->   "call void (...)* @_ssdm_op_SpecInterface(i16* %in_V_V427, [8 x i8]* @ap_fifo_str, i32 0, i32 0, [1 x i8]* @p_str, i32 0, i32 0, [1 x i8]* @p_str, [1 x i8]* @p_str, [1 x i8]* @p_str, i32 2, i32 2, i32 16, i32 16, [1 x i8]* @p_str, [1 x i8]* @p_str)"   --->   Operation 59 'specinterface' <Predicate = true> <Delay = 0.00>
ST_2 : Operation 60 [1/1] (0.00ns)   --->   "call void (...)* @_ssdm_op_SpecInterface(i16* %in_V_V426135, [8 x i8]* @ap_fifo_str, i32 0, i32 0, [1 x i8]* @p_str, i32 0, i32 0, [1 x i8]* @p_str, [1 x i8]* @p_str, [1 x i8]* @p_str, i32 2, i32 2, i32 16, i32 16, [1 x i8]* @p_str, [1 x i8]* @p_str)"   --->   Operation 60 'specinterface' <Predicate = true> <Delay = 0.00>
ST_2 : Operation 61 [1/1] (0.00ns)   --->   "call void (...)* @_ssdm_op_SpecInterface(i16* %in_V_V426134, [8 x i8]* @ap_fifo_str, i32 0, i32 0, [1 x i8]* @p_str, i32 0, i32 0, [1 x i8]* @p_str, [1 x i8]* @p_str, [1 x i8]* @p_str, i32 2, i32 2, i32 16, i32 16, [1 x i8]* @p_str, [1 x i8]* @p_str)"   --->   Operation 61 'specinterface' <Predicate = true> <Delay = 0.00>
ST_2 : Operation 62 [1/1] (0.00ns)   --->   "call void (...)* @_ssdm_op_SpecInterface(i16* %in_V_V426133, [8 x i8]* @ap_fifo_str, i32 0, i32 0, [1 x i8]* @p_str, i32 0, i32 0, [1 x i8]* @p_str, [1 x i8]* @p_str, [1 x i8]* @p_str, i32 2, i32 2, i32 16, i32 16, [1 x i8]* @p_str, [1 x i8]* @p_str)"   --->   Operation 62 'specinterface' <Predicate = true> <Delay = 0.00>
ST_2 : Operation 63 [1/1] (0.00ns)   --->   "call void (...)* @_ssdm_op_SpecInterface(i16* %in_V_V426132, [8 x i8]* @ap_fifo_str, i32 0, i32 0, [1 x i8]* @p_str, i32 0, i32 0, [1 x i8]* @p_str, [1 x i8]* @p_str, [1 x i8]* @p_str, i32 2, i32 2, i32 16, i32 16, [1 x i8]* @p_str, [1 x i8]* @p_str)"   --->   Operation 63 'specinterface' <Predicate = true> <Delay = 0.00>
ST_2 : Operation 64 [1/1] (0.00ns)   --->   "call void (...)* @_ssdm_op_SpecInterface(i16* %in_V_V426, [8 x i8]* @ap_fifo_str, i32 0, i32 0, [1 x i8]* @p_str, i32 0, i32 0, [1 x i8]* @p_str, [1 x i8]* @p_str, [1 x i8]* @p_str, i32 2, i32 2, i32 16, i32 16, [1 x i8]* @p_str, [1 x i8]* @p_str)"   --->   Operation 64 'specinterface' <Predicate = true> <Delay = 0.00>
ST_2 : Operation 65 [1/1] (0.00ns)   --->   "call void (...)* @_ssdm_op_SpecInterface(i16* %in_V_V425131, [8 x i8]* @ap_fifo_str, i32 0, i32 0, [1 x i8]* @p_str, i32 0, i32 0, [1 x i8]* @p_str, [1 x i8]* @p_str, [1 x i8]* @p_str, i32 2, i32 2, i32 16, i32 16, [1 x i8]* @p_str, [1 x i8]* @p_str)"   --->   Operation 65 'specinterface' <Predicate = true> <Delay = 0.00>
ST_2 : Operation 66 [1/1] (0.00ns)   --->   "call void (...)* @_ssdm_op_SpecInterface(i16* %in_V_V425130, [8 x i8]* @ap_fifo_str, i32 0, i32 0, [1 x i8]* @p_str, i32 0, i32 0, [1 x i8]* @p_str, [1 x i8]* @p_str, [1 x i8]* @p_str, i32 2, i32 2, i32 16, i32 16, [1 x i8]* @p_str, [1 x i8]* @p_str)"   --->   Operation 66 'specinterface' <Predicate = true> <Delay = 0.00>
ST_2 : Operation 67 [1/1] (0.00ns)   --->   "call void (...)* @_ssdm_op_SpecInterface(i16* %in_V_V425129, [8 x i8]* @ap_fifo_str, i32 0, i32 0, [1 x i8]* @p_str, i32 0, i32 0, [1 x i8]* @p_str, [1 x i8]* @p_str, [1 x i8]* @p_str, i32 2, i32 2, i32 16, i32 16, [1 x i8]* @p_str, [1 x i8]* @p_str)"   --->   Operation 67 'specinterface' <Predicate = true> <Delay = 0.00>
ST_2 : Operation 68 [1/1] (0.00ns)   --->   "call void (...)* @_ssdm_op_SpecInterface(i16* %in_V_V425128, [8 x i8]* @ap_fifo_str, i32 0, i32 0, [1 x i8]* @p_str, i32 0, i32 0, [1 x i8]* @p_str, [1 x i8]* @p_str, [1 x i8]* @p_str, i32 2, i32 2, i32 16, i32 16, [1 x i8]* @p_str, [1 x i8]* @p_str)"   --->   Operation 68 'specinterface' <Predicate = true> <Delay = 0.00>
ST_2 : Operation 69 [1/1] (0.00ns)   --->   "call void (...)* @_ssdm_op_SpecInterface(i16* %in_V_V425, [8 x i8]* @ap_fifo_str, i32 0, i32 0, [1 x i8]* @p_str, i32 0, i32 0, [1 x i8]* @p_str, [1 x i8]* @p_str, [1 x i8]* @p_str, i32 2, i32 2, i32 16, i32 16, [1 x i8]* @p_str, [1 x i8]* @p_str)"   --->   Operation 69 'specinterface' <Predicate = true> <Delay = 0.00>
ST_2 : Operation 70 [1/1] (0.00ns)   --->   "call void (...)* @_ssdm_op_SpecInterface(i16* %in_V_V424127, [8 x i8]* @ap_fifo_str, i32 0, i32 0, [1 x i8]* @p_str, i32 0, i32 0, [1 x i8]* @p_str, [1 x i8]* @p_str, [1 x i8]* @p_str, i32 2, i32 2, i32 16, i32 16, [1 x i8]* @p_str, [1 x i8]* @p_str)"   --->   Operation 70 'specinterface' <Predicate = true> <Delay = 0.00>
ST_2 : Operation 71 [1/1] (0.00ns)   --->   "call void (...)* @_ssdm_op_SpecInterface(i16* %in_V_V424126, [8 x i8]* @ap_fifo_str, i32 0, i32 0, [1 x i8]* @p_str, i32 0, i32 0, [1 x i8]* @p_str, [1 x i8]* @p_str, [1 x i8]* @p_str, i32 2, i32 2, i32 16, i32 16, [1 x i8]* @p_str, [1 x i8]* @p_str)"   --->   Operation 71 'specinterface' <Predicate = true> <Delay = 0.00>
ST_2 : Operation 72 [1/1] (0.00ns)   --->   "call void (...)* @_ssdm_op_SpecInterface(i16* %in_V_V424125, [8 x i8]* @ap_fifo_str, i32 0, i32 0, [1 x i8]* @p_str, i32 0, i32 0, [1 x i8]* @p_str, [1 x i8]* @p_str, [1 x i8]* @p_str, i32 2, i32 2, i32 16, i32 16, [1 x i8]* @p_str, [1 x i8]* @p_str)"   --->   Operation 72 'specinterface' <Predicate = true> <Delay = 0.00>
ST_2 : Operation 73 [1/1] (0.00ns)   --->   "call void (...)* @_ssdm_op_SpecInterface(i16* %in_V_V424124, [8 x i8]* @ap_fifo_str, i32 0, i32 0, [1 x i8]* @p_str, i32 0, i32 0, [1 x i8]* @p_str, [1 x i8]* @p_str, [1 x i8]* @p_str, i32 2, i32 2, i32 16, i32 16, [1 x i8]* @p_str, [1 x i8]* @p_str)"   --->   Operation 73 'specinterface' <Predicate = true> <Delay = 0.00>
ST_2 : Operation 74 [1/1] (0.00ns)   --->   "call void (...)* @_ssdm_op_SpecInterface(i16* %in_V_V424, [8 x i8]* @ap_fifo_str, i32 0, i32 0, [1 x i8]* @p_str, i32 0, i32 0, [1 x i8]* @p_str, [1 x i8]* @p_str, [1 x i8]* @p_str, i32 2, i32 2, i32 16, i32 16, [1 x i8]* @p_str, [1 x i8]* @p_str)"   --->   Operation 74 'specinterface' <Predicate = true> <Delay = 0.00>
ST_2 : Operation 75 [1/1] (0.00ns)   --->   "call void (...)* @_ssdm_op_SpecInterface(i16* %in_V_V4123, [8 x i8]* @ap_fifo_str, i32 0, i32 0, [1 x i8]* @p_str, i32 0, i32 0, [1 x i8]* @p_str, [1 x i8]* @p_str, [1 x i8]* @p_str, i32 2, i32 2, i32 16, i32 16, [1 x i8]* @p_str, [1 x i8]* @p_str)"   --->   Operation 75 'specinterface' <Predicate = true> <Delay = 0.00>
ST_2 : Operation 76 [1/1] (0.00ns)   --->   "call void (...)* @_ssdm_op_SpecInterface(i16* %in_V_V4122, [8 x i8]* @ap_fifo_str, i32 0, i32 0, [1 x i8]* @p_str, i32 0, i32 0, [1 x i8]* @p_str, [1 x i8]* @p_str, [1 x i8]* @p_str, i32 2, i32 2, i32 16, i32 16, [1 x i8]* @p_str, [1 x i8]* @p_str)"   --->   Operation 76 'specinterface' <Predicate = true> <Delay = 0.00>
ST_2 : Operation 77 [1/1] (0.00ns)   --->   "call void (...)* @_ssdm_op_SpecInterface(i16* %in_V_V4121, [8 x i8]* @ap_fifo_str, i32 0, i32 0, [1 x i8]* @p_str, i32 0, i32 0, [1 x i8]* @p_str, [1 x i8]* @p_str, [1 x i8]* @p_str, i32 2, i32 2, i32 16, i32 16, [1 x i8]* @p_str, [1 x i8]* @p_str)"   --->   Operation 77 'specinterface' <Predicate = true> <Delay = 0.00>
ST_2 : Operation 78 [1/1] (0.00ns)   --->   "call void (...)* @_ssdm_op_SpecInterface(i16* %in_V_V4120, [8 x i8]* @ap_fifo_str, i32 0, i32 0, [1 x i8]* @p_str, i32 0, i32 0, [1 x i8]* @p_str, [1 x i8]* @p_str, [1 x i8]* @p_str, i32 2, i32 2, i32 16, i32 16, [1 x i8]* @p_str, [1 x i8]* @p_str)"   --->   Operation 78 'specinterface' <Predicate = true> <Delay = 0.00>
ST_2 : Operation 79 [1/1] (0.00ns)   --->   "call void (...)* @_ssdm_op_SpecInterface(i16* %in_V_V4, [8 x i8]* @ap_fifo_str, i32 0, i32 0, [1 x i8]* @p_str, i32 0, i32 0, [1 x i8]* @p_str, [1 x i8]* @p_str, [1 x i8]* @p_str, i32 2, i32 2, i32 16, i32 16, [1 x i8]* @p_str, [1 x i8]* @p_str)"   --->   Operation 79 'specinterface' <Predicate = true> <Delay = 0.00>
ST_2 : Operation 80 [1/2] (0.00ns)   --->   "call fastcc void @conv509(i16* %in_V_V4, i16* %in_V_V4120, i16* %in_V_V4121, i16* %in_V_V4122, i16* %in_V_V4123, i16* %in_V_V424, i16* %in_V_V424124, i16* %in_V_V424125, i16* %in_V_V424126, i16* %in_V_V424127, i16* %in_V_V425, i16* %in_V_V425128, i16* %in_V_V425129, i16* %in_V_V425130, i16* %in_V_V425131, i16* %in_V_V426, i16* %in_V_V426132, i16* %in_V_V426133, i16* %in_V_V426134, i16* %in_V_V426135, i16* %in_V_V427, i16* %in_V_V427136, i16* %in_V_V427137, i16* %in_V_V427138, i16* %in_V_V427139, [4 x i16]* %weights_V1525, [4 x i16]* %weights_V1526, [4 x i16]* %weights_V1527, [4 x i16]* %weights_V1528, [4 x i16]* %weights_V1529, [4 x i16]* %weights_V1630, [4 x i16]* %weights_V1631, [4 x i16]* %weights_V1632, [4 x i16]* %weights_V1633, [4 x i16]* %weights_V1634, [4 x i16]* %weights_V1735, [4 x i16]* %weights_V1736, [4 x i16]* %weights_V1737, [4 x i16]* %weights_V1738, [4 x i16]* %weights_V1739, [4 x i16]* %weights_V1840, [4 x i16]* %weights_V1841, [4 x i16]* %weights_V1842, [4 x i16]* %weights_V1843, [4 x i16]* %weights_V1844, [4 x i16]* %weights_V1945, [4 x i16]* %weights_V1946, [4 x i16]* %weights_V1947, [4 x i16]* %weights_V1948, [4 x i16]* %weights_V1949, i30* %out_V_V7)" [partition_0/src/Conv_0.cpp:68]   --->   Operation 80 'call' <Predicate = true> <Delay = 0.00> <CoreType = "Generic">   --->   Core 0 '' <Latency = 0> <II = 1> <Delay = 1.00> <Generic> <Opcode : >
ST_2 : Operation 81 [1/1] (0.00ns)   --->   "ret void" [partition_0/src/Conv_0.cpp:86]   --->   Operation 81 'ret' <Predicate = true> <Delay = 0.00>


============================================================
+ Verbose Summary: Binding
============================================================
STG Binding: 
---------------- STG Properties BEGIN ----------------
- Is combinational: 0
- Is one-state seq: 0
- Is datapath-only: 0
- Is pipelined: 0
- Is top level: 0
Port [ Return ] is wired: 1; IO mode=ap_ctrl_hs:ce=0
Port [ weights_V1525]:  wired=1; compound=1; hidden=0; nouse=0; global=0; static=0; extern=0; dir=0; type=1; pingpong=0; private_global=0; MemPort=[13]; IO mode=ap_stable:ce=0
Port [ weights_V1526]:  wired=1; compound=1; hidden=0; nouse=0; global=0; static=0; extern=0; dir=0; type=1; pingpong=0; private_global=0; MemPort=[13]; IO mode=ap_stable:ce=0
Port [ weights_V1527]:  wired=1; compound=1; hidden=0; nouse=0; global=0; static=0; extern=0; dir=0; type=1; pingpong=0; private_global=0; MemPort=[13]; IO mode=ap_stable:ce=0
Port [ weights_V1528]:  wired=1; compound=1; hidden=0; nouse=0; global=0; static=0; extern=0; dir=0; type=1; pingpong=0; private_global=0; MemPort=[13]; IO mode=ap_stable:ce=0
Port [ weights_V1529]:  wired=1; compound=1; hidden=0; nouse=0; global=0; static=0; extern=0; dir=0; type=1; pingpong=0; private_global=0; MemPort=[13]; IO mode=ap_stable:ce=0
Port [ weights_V1630]:  wired=1; compound=1; hidden=0; nouse=0; global=0; static=0; extern=0; dir=0; type=1; pingpong=0; private_global=0; MemPort=[13]; IO mode=ap_stable:ce=0
Port [ weights_V1631]:  wired=1; compound=1; hidden=0; nouse=0; global=0; static=0; extern=0; dir=0; type=1; pingpong=0; private_global=0; MemPort=[13]; IO mode=ap_stable:ce=0
Port [ weights_V1632]:  wired=1; compound=1; hidden=0; nouse=0; global=0; static=0; extern=0; dir=0; type=1; pingpong=0; private_global=0; MemPort=[13]; IO mode=ap_stable:ce=0
Port [ weights_V1633]:  wired=1; compound=1; hidden=0; nouse=0; global=0; static=0; extern=0; dir=0; type=1; pingpong=0; private_global=0; MemPort=[13]; IO mode=ap_stable:ce=0
Port [ weights_V1634]:  wired=1; compound=1; hidden=0; nouse=0; global=0; static=0; extern=0; dir=0; type=1; pingpong=0; private_global=0; MemPort=[13]; IO mode=ap_stable:ce=0
Port [ weights_V1735]:  wired=1; compound=1; hidden=0; nouse=0; global=0; static=0; extern=0; dir=0; type=1; pingpong=0; private_global=0; MemPort=[13]; IO mode=ap_stable:ce=0
Port [ weights_V1736]:  wired=1; compound=1; hidden=0; nouse=0; global=0; static=0; extern=0; dir=0; type=1; pingpong=0; private_global=0; MemPort=[13]; IO mode=ap_stable:ce=0
Port [ weights_V1737]:  wired=1; compound=1; hidden=0; nouse=0; global=0; static=0; extern=0; dir=0; type=1; pingpong=0; private_global=0; MemPort=[13]; IO mode=ap_stable:ce=0
Port [ weights_V1738]:  wired=1; compound=1; hidden=0; nouse=0; global=0; static=0; extern=0; dir=0; type=1; pingpong=0; private_global=0; MemPort=[13]; IO mode=ap_stable:ce=0
Port [ weights_V1739]:  wired=1; compound=1; hidden=0; nouse=0; global=0; static=0; extern=0; dir=0; type=1; pingpong=0; private_global=0; MemPort=[13]; IO mode=ap_stable:ce=0
Port [ weights_V1840]:  wired=1; compound=1; hidden=0; nouse=0; global=0; static=0; extern=0; dir=0; type=1; pingpong=0; private_global=0; MemPort=[13]; IO mode=ap_stable:ce=0
Port [ weights_V1841]:  wired=1; compound=1; hidden=0; nouse=0; global=0; static=0; extern=0; dir=0; type=1; pingpong=0; private_global=0; MemPort=[13]; IO mode=ap_stable:ce=0
Port [ weights_V1842]:  wired=1; compound=1; hidden=0; nouse=0; global=0; static=0; extern=0; dir=0; type=1; pingpong=0; private_global=0; MemPort=[13]; IO mode=ap_stable:ce=0
Port [ weights_V1843]:  wired=1; compound=1; hidden=0; nouse=0; global=0; static=0; extern=0; dir=0; type=1; pingpong=0; private_global=0; MemPort=[13]; IO mode=ap_stable:ce=0
Port [ weights_V1844]:  wired=1; compound=1; hidden=0; nouse=0; global=0; static=0; extern=0; dir=0; type=1; pingpong=0; private_global=0; MemPort=[13]; IO mode=ap_stable:ce=0
Port [ weights_V1945]:  wired=1; compound=1; hidden=0; nouse=0; global=0; static=0; extern=0; dir=0; type=1; pingpong=0; private_global=0; MemPort=[13]; IO mode=ap_stable:ce=0
Port [ weights_V1946]:  wired=1; compound=1; hidden=0; nouse=0; global=0; static=0; extern=0; dir=0; type=1; pingpong=0; private_global=0; MemPort=[13]; IO mode=ap_stable:ce=0
Port [ weights_V1947]:  wired=1; compound=1; hidden=0; nouse=0; global=0; static=0; extern=0; dir=0; type=1; pingpong=0; private_global=0; MemPort=[13]; IO mode=ap_stable:ce=0
Port [ weights_V1948]:  wired=1; compound=1; hidden=0; nouse=0; global=0; static=0; extern=0; dir=0; type=1; pingpong=0; private_global=0; MemPort=[13]; IO mode=ap_stable:ce=0
Port [ weights_V1949]:  wired=1; compound=1; hidden=0; nouse=0; global=0; static=0; extern=0; dir=0; type=1; pingpong=0; private_global=0; MemPort=[13]; IO mode=ap_stable:ce=0
Port [ in_V_V4]:  wired=1; compound=1; hidden=0; nouse=0; global=0; static=0; extern=0; dir=0; type=3; pingpong=0; private_global=0; IO mode=ap_fifo:ce=0
Port [ in_V_V4120]:  wired=1; compound=1; hidden=0; nouse=0; global=0; static=0; extern=0; dir=0; type=3; pingpong=0; private_global=0; IO mode=ap_fifo:ce=0
Port [ in_V_V4121]:  wired=1; compound=1; hidden=0; nouse=0; global=0; static=0; extern=0; dir=0; type=3; pingpong=0; private_global=0; IO mode=ap_fifo:ce=0
Port [ in_V_V4122]:  wired=1; compound=1; hidden=0; nouse=0; global=0; static=0; extern=0; dir=0; type=3; pingpong=0; private_global=0; IO mode=ap_fifo:ce=0
Port [ in_V_V4123]:  wired=1; compound=1; hidden=0; nouse=0; global=0; static=0; extern=0; dir=0; type=3; pingpong=0; private_global=0; IO mode=ap_fifo:ce=0
Port [ in_V_V424]:  wired=1; compound=1; hidden=0; nouse=0; global=0; static=0; extern=0; dir=0; type=3; pingpong=0; private_global=0; IO mode=ap_fifo:ce=0
Port [ in_V_V424124]:  wired=1; compound=1; hidden=0; nouse=0; global=0; static=0; extern=0; dir=0; type=3; pingpong=0; private_global=0; IO mode=ap_fifo:ce=0
Port [ in_V_V424125]:  wired=1; compound=1; hidden=0; nouse=0; global=0; static=0; extern=0; dir=0; type=3; pingpong=0; private_global=0; IO mode=ap_fifo:ce=0
Port [ in_V_V424126]:  wired=1; compound=1; hidden=0; nouse=0; global=0; static=0; extern=0; dir=0; type=3; pingpong=0; private_global=0; IO mode=ap_fifo:ce=0
Port [ in_V_V424127]:  wired=1; compound=1; hidden=0; nouse=0; global=0; static=0; extern=0; dir=0; type=3; pingpong=0; private_global=0; IO mode=ap_fifo:ce=0
Port [ in_V_V425]:  wired=1; compound=1; hidden=0; nouse=0; global=0; static=0; extern=0; dir=0; type=3; pingpong=0; private_global=0; IO mode=ap_fifo:ce=0
Port [ in_V_V425128]:  wired=1; compound=1; hidden=0; nouse=0; global=0; static=0; extern=0; dir=0; type=3; pingpong=0; private_global=0; IO mode=ap_fifo:ce=0
Port [ in_V_V425129]:  wired=1; compound=1; hidden=0; nouse=0; global=0; static=0; extern=0; dir=0; type=3; pingpong=0; private_global=0; IO mode=ap_fifo:ce=0
Port [ in_V_V425130]:  wired=1; compound=1; hidden=0; nouse=0; global=0; static=0; extern=0; dir=0; type=3; pingpong=0; private_global=0; IO mode=ap_fifo:ce=0
Port [ in_V_V425131]:  wired=1; compound=1; hidden=0; nouse=0; global=0; static=0; extern=0; dir=0; type=3; pingpong=0; private_global=0; IO mode=ap_fifo:ce=0
Port [ in_V_V426]:  wired=1; compound=1; hidden=0; nouse=0; global=0; static=0; extern=0; dir=0; type=3; pingpong=0; private_global=0; IO mode=ap_fifo:ce=0
Port [ in_V_V426132]:  wired=1; compound=1; hidden=0; nouse=0; global=0; static=0; extern=0; dir=0; type=3; pingpong=0; private_global=0; IO mode=ap_fifo:ce=0
Port [ in_V_V426133]:  wired=1; compound=1; hidden=0; nouse=0; global=0; static=0; extern=0; dir=0; type=3; pingpong=0; private_global=0; IO mode=ap_fifo:ce=0
Port [ in_V_V426134]:  wired=1; compound=1; hidden=0; nouse=0; global=0; static=0; extern=0; dir=0; type=3; pingpong=0; private_global=0; IO mode=ap_fifo:ce=0
Port [ in_V_V426135]:  wired=1; compound=1; hidden=0; nouse=0; global=0; static=0; extern=0; dir=0; type=3; pingpong=0; private_global=0; IO mode=ap_fifo:ce=0
Port [ in_V_V427]:  wired=1; compound=1; hidden=0; nouse=0; global=0; static=0; extern=0; dir=0; type=3; pingpong=0; private_global=0; IO mode=ap_fifo:ce=0
Port [ in_V_V427136]:  wired=1; compound=1; hidden=0; nouse=0; global=0; static=0; extern=0; dir=0; type=3; pingpong=0; private_global=0; IO mode=ap_fifo:ce=0
Port [ in_V_V427137]:  wired=1; compound=1; hidden=0; nouse=0; global=0; static=0; extern=0; dir=0; type=3; pingpong=0; private_global=0; IO mode=ap_fifo:ce=0
Port [ in_V_V427138]:  wired=1; compound=1; hidden=0; nouse=0; global=0; static=0; extern=0; dir=0; type=3; pingpong=0; private_global=0; IO mode=ap_fifo:ce=0
Port [ in_V_V427139]:  wired=1; compound=1; hidden=0; nouse=0; global=0; static=0; extern=0; dir=0; type=3; pingpong=0; private_global=0; IO mode=ap_fifo:ce=0
Port [ out_V_V7]:  wired=1; compound=1; hidden=0; nouse=0; global=0; static=0; extern=0; dir=1; type=3; pingpong=0; private_global=0; IO mode=ap_fifo:ce=0
Port [ pow_reduce_anonymo_20]:  wired=0; compound=1; hidden=1; nouse=1; global=1; static=1; extern=0; dir=0; type=1; pingpong=0; private_global=0; linkage=7; visibility=0; MemPort=[1]; IO mode=ap_memory:ce=0
Port [ pow_reduce_anonymo_19]:  wired=0; compound=1; hidden=1; nouse=1; global=1; static=1; extern=0; dir=0; type=1; pingpong=0; private_global=0; linkage=7; visibility=0; MemPort=[1]; IO mode=ap_memory:ce=0
Port [ pow_reduce_anonymo_16]:  wired=0; compound=1; hidden=1; nouse=1; global=1; static=1; extern=0; dir=0; type=1; pingpong=0; private_global=0; linkage=7; visibility=0; MemPort=[1]; IO mode=ap_memory:ce=0
Port [ pow_reduce_anonymo_17]:  wired=0; compound=1; hidden=1; nouse=1; global=1; static=1; extern=0; dir=0; type=1; pingpong=0; private_global=0; linkage=7; visibility=0; MemPort=[1]; IO mode=ap_memory:ce=0
Port [ pow_reduce_anonymo_9]:  wired=0; compound=1; hidden=1; nouse=1; global=1; static=1; extern=0; dir=0; type=1; pingpong=0; private_global=0; linkage=7; visibility=0; MemPort=[1]; IO mode=ap_memory:ce=0
Port [ pow_reduce_anonymo_12]:  wired=0; compound=1; hidden=1; nouse=1; global=1; static=1; extern=0; dir=0; type=1; pingpong=0; private_global=0; linkage=7; visibility=0; MemPort=[1]; IO mode=ap_memory:ce=0
Port [ pow_reduce_anonymo_13]:  wired=0; compound=1; hidden=1; nouse=1; global=1; static=1; extern=0; dir=0; type=1; pingpong=0; private_global=0; linkage=7; visibility=0; MemPort=[1]; IO mode=ap_memory:ce=0
Port [ pow_reduce_anonymo_14]:  wired=0; compound=1; hidden=1; nouse=1; global=1; static=1; extern=0; dir=0; type=1; pingpong=0; private_global=0; linkage=7; visibility=0; MemPort=[1]; IO mode=ap_memory:ce=0
Port [ pow_reduce_anonymo_15]:  wired=0; compound=1; hidden=1; nouse=1; global=1; static=1; extern=0; dir=0; type=1; pingpong=0; private_global=0; linkage=7; visibility=0; MemPort=[1]; IO mode=ap_memory:ce=0
Port [ pow_reduce_anonymo_18]:  wired=0; compound=1; hidden=1; nouse=1; global=1; static=1; extern=0; dir=0; type=1; pingpong=0; private_global=0; linkage=7; visibility=0; MemPort=[1]; IO mode=ap_memory:ce=0
Port [ pow_reduce_anonymo]:  wired=0; compound=1; hidden=1; nouse=1; global=1; static=1; extern=0; dir=0; type=1; pingpong=0; private_global=0; linkage=7; visibility=0; MemPort=[11]; IO mode=ap_memory:ce=0
Port [ pow_reduce_anonymo_21]:  wired=0; compound=1; hidden=1; nouse=1; global=1; static=1; extern=0; dir=0; type=1; pingpong=0; private_global=0; linkage=7; visibility=0; MemPort=[1]; IO mode=ap_memory:ce=0
---------------- STG Properties END ------------------

---------------- Datapath Model BEGIN ----------------

<LifeTime>
<method=bitvector/>
specstablecontent_ln0 (specstablecontent) [ 000]
specstablecontent_ln0 (specstablecontent) [ 000]
specstablecontent_ln0 (specstablecontent) [ 000]
specstablecontent_ln0 (specstablecontent) [ 000]
specstablecontent_ln0 (specstablecontent) [ 000]
specstablecontent_ln0 (specstablecontent) [ 000]
specstablecontent_ln0 (specstablecontent) [ 000]
specstablecontent_ln0 (specstablecontent) [ 000]
specstablecontent_ln0 (specstablecontent) [ 000]
specstablecontent_ln0 (specstablecontent) [ 000]
specstablecontent_ln0 (specstablecontent) [ 000]
specstablecontent_ln0 (specstablecontent) [ 000]
specstablecontent_ln0 (specstablecontent) [ 000]
specstablecontent_ln0 (specstablecontent) [ 000]
specstablecontent_ln0 (specstablecontent) [ 000]
specstablecontent_ln0 (specstablecontent) [ 000]
specstablecontent_ln0 (specstablecontent) [ 000]
specstablecontent_ln0 (specstablecontent) [ 000]
specstablecontent_ln0 (specstablecontent) [ 000]
specstablecontent_ln0 (specstablecontent) [ 000]
specstablecontent_ln0 (specstablecontent) [ 000]
specstablecontent_ln0 (specstablecontent) [ 000]
specstablecontent_ln0 (specstablecontent) [ 000]
specstablecontent_ln0 (specstablecontent) [ 000]
specstablecontent_ln0 (specstablecontent) [ 000]
specmemcore_ln0       (specmemcore      ) [ 000]
specmemcore_ln0       (specmemcore      ) [ 000]
specmemcore_ln0       (specmemcore      ) [ 000]
specmemcore_ln0       (specmemcore      ) [ 000]
specmemcore_ln0       (specmemcore      ) [ 000]
specmemcore_ln0       (specmemcore      ) [ 000]
specmemcore_ln0       (specmemcore      ) [ 000]
specmemcore_ln0       (specmemcore      ) [ 000]
specmemcore_ln0       (specmemcore      ) [ 000]
specmemcore_ln0       (specmemcore      ) [ 000]
specmemcore_ln0       (specmemcore      ) [ 000]
specmemcore_ln0       (specmemcore      ) [ 000]
specmemcore_ln0       (specmemcore      ) [ 000]
specmemcore_ln0       (specmemcore      ) [ 000]
specmemcore_ln0       (specmemcore      ) [ 000]
specmemcore_ln0       (specmemcore      ) [ 000]
specmemcore_ln0       (specmemcore      ) [ 000]
specmemcore_ln0       (specmemcore      ) [ 000]
specmemcore_ln0       (specmemcore      ) [ 000]
specmemcore_ln0       (specmemcore      ) [ 000]
specmemcore_ln0       (specmemcore      ) [ 000]
specmemcore_ln0       (specmemcore      ) [ 000]
specmemcore_ln0       (specmemcore      ) [ 000]
specmemcore_ln0       (specmemcore      ) [ 000]
specmemcore_ln0       (specmemcore      ) [ 000]
specinterface_ln0     (specinterface    ) [ 000]
specinterface_ln0     (specinterface    ) [ 000]
specinterface_ln0     (specinterface    ) [ 000]
specinterface_ln0     (specinterface    ) [ 000]
specinterface_ln0     (specinterface    ) [ 000]
specinterface_ln0     (specinterface    ) [ 000]
specinterface_ln0     (specinterface    ) [ 000]
specinterface_ln0     (specinterface    ) [ 000]
specinterface_ln0     (specinterface    ) [ 000]
specinterface_ln0     (specinterface    ) [ 000]
specinterface_ln0     (specinterface    ) [ 000]
specinterface_ln0     (specinterface    ) [ 000]
specinterface_ln0     (specinterface    ) [ 000]
specinterface_ln0     (specinterface    ) [ 000]
specinterface_ln0     (specinterface    ) [ 000]
specinterface_ln0     (specinterface    ) [ 000]
specinterface_ln0     (specinterface    ) [ 000]
specinterface_ln0     (specinterface    ) [ 000]
specinterface_ln0     (specinterface    ) [ 000]
specinterface_ln0     (specinterface    ) [ 000]
specinterface_ln0     (specinterface    ) [ 000]
specinterface_ln0     (specinterface    ) [ 000]
specinterface_ln0     (specinterface    ) [ 000]
specinterface_ln0     (specinterface    ) [ 000]
specinterface_ln0     (specinterface    ) [ 000]
specinterface_ln0     (specinterface    ) [ 000]
call_ln68             (call             ) [ 000]
ret_ln86              (ret              ) [ 000]
</LifeTime>

<model>

<comp_list>
<comp id="0" class="1000" name="weights_V1525">
<pin_list>
<pin id="1" dir="1" index="0" bw="1" slack="0"/>
</pin_list>
<bind>
<StgValue><ssdm name="weights_V1525"/><MemPortTyVec>1 3 </MemPortTyVec>
</StgValue>
</bind>
</comp>

<comp id="2" class="1000" name="weights_V1526">
<pin_list>
<pin id="3" dir="1" index="0" bw="1" slack="0"/>
</pin_list>
<bind>
<StgValue><ssdm name="weights_V1526"/><MemPortTyVec>1 3 </MemPortTyVec>
</StgValue>
</bind>
</comp>

<comp id="4" class="1000" name="weights_V1527">
<pin_list>
<pin id="5" dir="1" index="0" bw="1" slack="0"/>
</pin_list>
<bind>
<StgValue><ssdm name="weights_V1527"/><MemPortTyVec>1 3 </MemPortTyVec>
</StgValue>
</bind>
</comp>

<comp id="6" class="1000" name="weights_V1528">
<pin_list>
<pin id="7" dir="1" index="0" bw="1" slack="0"/>
</pin_list>
<bind>
<StgValue><ssdm name="weights_V1528"/><MemPortTyVec>1 3 </MemPortTyVec>
</StgValue>
</bind>
</comp>

<comp id="8" class="1000" name="weights_V1529">
<pin_list>
<pin id="9" dir="1" index="0" bw="1" slack="0"/>
</pin_list>
<bind>
<StgValue><ssdm name="weights_V1529"/><MemPortTyVec>1 3 </MemPortTyVec>
</StgValue>
</bind>
</comp>

<comp id="10" class="1000" name="weights_V1630">
<pin_list>
<pin id="11" dir="1" index="0" bw="1" slack="0"/>
</pin_list>
<bind>
<StgValue><ssdm name="weights_V1630"/><MemPortTyVec>1 3 </MemPortTyVec>
</StgValue>
</bind>
</comp>

<comp id="12" class="1000" name="weights_V1631">
<pin_list>
<pin id="13" dir="1" index="0" bw="1" slack="0"/>
</pin_list>
<bind>
<StgValue><ssdm name="weights_V1631"/><MemPortTyVec>1 3 </MemPortTyVec>
</StgValue>
</bind>
</comp>

<comp id="14" class="1000" name="weights_V1632">
<pin_list>
<pin id="15" dir="1" index="0" bw="1" slack="0"/>
</pin_list>
<bind>
<StgValue><ssdm name="weights_V1632"/><MemPortTyVec>1 3 </MemPortTyVec>
</StgValue>
</bind>
</comp>

<comp id="16" class="1000" name="weights_V1633">
<pin_list>
<pin id="17" dir="1" index="0" bw="1" slack="0"/>
</pin_list>
<bind>
<StgValue><ssdm name="weights_V1633"/><MemPortTyVec>1 3 </MemPortTyVec>
</StgValue>
</bind>
</comp>

<comp id="18" class="1000" name="weights_V1634">
<pin_list>
<pin id="19" dir="1" index="0" bw="1" slack="0"/>
</pin_list>
<bind>
<StgValue><ssdm name="weights_V1634"/><MemPortTyVec>1 3 </MemPortTyVec>
</StgValue>
</bind>
</comp>

<comp id="20" class="1000" name="weights_V1735">
<pin_list>
<pin id="21" dir="1" index="0" bw="1" slack="0"/>
</pin_list>
<bind>
<StgValue><ssdm name="weights_V1735"/><MemPortTyVec>1 3 </MemPortTyVec>
</StgValue>
</bind>
</comp>

<comp id="22" class="1000" name="weights_V1736">
<pin_list>
<pin id="23" dir="1" index="0" bw="1" slack="0"/>
</pin_list>
<bind>
<StgValue><ssdm name="weights_V1736"/><MemPortTyVec>1 3 </MemPortTyVec>
</StgValue>
</bind>
</comp>

<comp id="24" class="1000" name="weights_V1737">
<pin_list>
<pin id="25" dir="1" index="0" bw="1" slack="0"/>
</pin_list>
<bind>
<StgValue><ssdm name="weights_V1737"/><MemPortTyVec>1 3 </MemPortTyVec>
</StgValue>
</bind>
</comp>

<comp id="26" class="1000" name="weights_V1738">
<pin_list>
<pin id="27" dir="1" index="0" bw="1" slack="0"/>
</pin_list>
<bind>
<StgValue><ssdm name="weights_V1738"/><MemPortTyVec>1 3 </MemPortTyVec>
</StgValue>
</bind>
</comp>

<comp id="28" class="1000" name="weights_V1739">
<pin_list>
<pin id="29" dir="1" index="0" bw="1" slack="0"/>
</pin_list>
<bind>
<StgValue><ssdm name="weights_V1739"/><MemPortTyVec>1 3 </MemPortTyVec>
</StgValue>
</bind>
</comp>

<comp id="30" class="1000" name="weights_V1840">
<pin_list>
<pin id="31" dir="1" index="0" bw="1" slack="0"/>
</pin_list>
<bind>
<StgValue><ssdm name="weights_V1840"/><MemPortTyVec>1 3 </MemPortTyVec>
</StgValue>
</bind>
</comp>

<comp id="32" class="1000" name="weights_V1841">
<pin_list>
<pin id="33" dir="1" index="0" bw="1" slack="0"/>
</pin_list>
<bind>
<StgValue><ssdm name="weights_V1841"/><MemPortTyVec>1 3 </MemPortTyVec>
</StgValue>
</bind>
</comp>

<comp id="34" class="1000" name="weights_V1842">
<pin_list>
<pin id="35" dir="1" index="0" bw="1" slack="0"/>
</pin_list>
<bind>
<StgValue><ssdm name="weights_V1842"/><MemPortTyVec>1 3 </MemPortTyVec>
</StgValue>
</bind>
</comp>

<comp id="36" class="1000" name="weights_V1843">
<pin_list>
<pin id="37" dir="1" index="0" bw="1" slack="0"/>
</pin_list>
<bind>
<StgValue><ssdm name="weights_V1843"/><MemPortTyVec>1 3 </MemPortTyVec>
</StgValue>
</bind>
</comp>

<comp id="38" class="1000" name="weights_V1844">
<pin_list>
<pin id="39" dir="1" index="0" bw="1" slack="0"/>
</pin_list>
<bind>
<StgValue><ssdm name="weights_V1844"/><MemPortTyVec>1 3 </MemPortTyVec>
</StgValue>
</bind>
</comp>

<comp id="40" class="1000" name="weights_V1945">
<pin_list>
<pin id="41" dir="1" index="0" bw="1" slack="0"/>
</pin_list>
<bind>
<StgValue><ssdm name="weights_V1945"/><MemPortTyVec>1 3 </MemPortTyVec>
</StgValue>
</bind>
</comp>

<comp id="42" class="1000" name="weights_V1946">
<pin_list>
<pin id="43" dir="1" index="0" bw="1" slack="0"/>
</pin_list>
<bind>
<StgValue><ssdm name="weights_V1946"/><MemPortTyVec>1 3 </MemPortTyVec>
</StgValue>
</bind>
</comp>

<comp id="44" class="1000" name="weights_V1947">
<pin_list>
<pin id="45" dir="1" index="0" bw="1" slack="0"/>
</pin_list>
<bind>
<StgValue><ssdm name="weights_V1947"/><MemPortTyVec>1 3 </MemPortTyVec>
</StgValue>
</bind>
</comp>

<comp id="46" class="1000" name="weights_V1948">
<pin_list>
<pin id="47" dir="1" index="0" bw="1" slack="0"/>
</pin_list>
<bind>
<StgValue><ssdm name="weights_V1948"/><MemPortTyVec>1 3 </MemPortTyVec>
</StgValue>
</bind>
</comp>

<comp id="48" class="1000" name="weights_V1949">
<pin_list>
<pin id="49" dir="1" index="0" bw="1" slack="0"/>
</pin_list>
<bind>
<StgValue><ssdm name="weights_V1949"/><MemPortTyVec>1 3 </MemPortTyVec>
</StgValue>
</bind>
</comp>

<comp id="50" class="1000" name="in_V_V4">
<pin_list>
<pin id="51" dir="1" index="0" bw="1" slack="0"/>
</pin_list>
<bind>
<StgValue><ssdm name="in_V_V4"/></StgValue>
</bind>
</comp>

<comp id="52" class="1000" name="in_V_V4120">
<pin_list>
<pin id="53" dir="1" index="0" bw="1" slack="0"/>
</pin_list>
<bind>
<StgValue><ssdm name="in_V_V4120"/></StgValue>
</bind>
</comp>

<comp id="54" class="1000" name="in_V_V4121">
<pin_list>
<pin id="55" dir="1" index="0" bw="1" slack="0"/>
</pin_list>
<bind>
<StgValue><ssdm name="in_V_V4121"/></StgValue>
</bind>
</comp>

<comp id="56" class="1000" name="in_V_V4122">
<pin_list>
<pin id="57" dir="1" index="0" bw="1" slack="0"/>
</pin_list>
<bind>
<StgValue><ssdm name="in_V_V4122"/></StgValue>
</bind>
</comp>

<comp id="58" class="1000" name="in_V_V4123">
<pin_list>
<pin id="59" dir="1" index="0" bw="1" slack="0"/>
</pin_list>
<bind>
<StgValue><ssdm name="in_V_V4123"/></StgValue>
</bind>
</comp>

<comp id="60" class="1000" name="in_V_V424">
<pin_list>
<pin id="61" dir="1" index="0" bw="1" slack="0"/>
</pin_list>
<bind>
<StgValue><ssdm name="in_V_V424"/></StgValue>
</bind>
</comp>

<comp id="62" class="1000" name="in_V_V424124">
<pin_list>
<pin id="63" dir="1" index="0" bw="1" slack="0"/>
</pin_list>
<bind>
<StgValue><ssdm name="in_V_V424124"/></StgValue>
</bind>
</comp>

<comp id="64" class="1000" name="in_V_V424125">
<pin_list>
<pin id="65" dir="1" index="0" bw="1" slack="0"/>
</pin_list>
<bind>
<StgValue><ssdm name="in_V_V424125"/></StgValue>
</bind>
</comp>

<comp id="66" class="1000" name="in_V_V424126">
<pin_list>
<pin id="67" dir="1" index="0" bw="1" slack="0"/>
</pin_list>
<bind>
<StgValue><ssdm name="in_V_V424126"/></StgValue>
</bind>
</comp>

<comp id="68" class="1000" name="in_V_V424127">
<pin_list>
<pin id="69" dir="1" index="0" bw="1" slack="0"/>
</pin_list>
<bind>
<StgValue><ssdm name="in_V_V424127"/></StgValue>
</bind>
</comp>

<comp id="70" class="1000" name="in_V_V425">
<pin_list>
<pin id="71" dir="1" index="0" bw="1" slack="0"/>
</pin_list>
<bind>
<StgValue><ssdm name="in_V_V425"/></StgValue>
</bind>
</comp>

<comp id="72" class="1000" name="in_V_V425128">
<pin_list>
<pin id="73" dir="1" index="0" bw="1" slack="0"/>
</pin_list>
<bind>
<StgValue><ssdm name="in_V_V425128"/></StgValue>
</bind>
</comp>

<comp id="74" class="1000" name="in_V_V425129">
<pin_list>
<pin id="75" dir="1" index="0" bw="1" slack="0"/>
</pin_list>
<bind>
<StgValue><ssdm name="in_V_V425129"/></StgValue>
</bind>
</comp>

<comp id="76" class="1000" name="in_V_V425130">
<pin_list>
<pin id="77" dir="1" index="0" bw="1" slack="0"/>
</pin_list>
<bind>
<StgValue><ssdm name="in_V_V425130"/></StgValue>
</bind>
</comp>

<comp id="78" class="1000" name="in_V_V425131">
<pin_list>
<pin id="79" dir="1" index="0" bw="1" slack="0"/>
</pin_list>
<bind>
<StgValue><ssdm name="in_V_V425131"/></StgValue>
</bind>
</comp>

<comp id="80" class="1000" name="in_V_V426">
<pin_list>
<pin id="81" dir="1" index="0" bw="1" slack="0"/>
</pin_list>
<bind>
<StgValue><ssdm name="in_V_V426"/></StgValue>
</bind>
</comp>

<comp id="82" class="1000" name="in_V_V426132">
<pin_list>
<pin id="83" dir="1" index="0" bw="1" slack="0"/>
</pin_list>
<bind>
<StgValue><ssdm name="in_V_V426132"/></StgValue>
</bind>
</comp>

<comp id="84" class="1000" name="in_V_V426133">
<pin_list>
<pin id="85" dir="1" index="0" bw="1" slack="0"/>
</pin_list>
<bind>
<StgValue><ssdm name="in_V_V426133"/></StgValue>
</bind>
</comp>

<comp id="86" class="1000" name="in_V_V426134">
<pin_list>
<pin id="87" dir="1" index="0" bw="1" slack="0"/>
</pin_list>
<bind>
<StgValue><ssdm name="in_V_V426134"/></StgValue>
</bind>
</comp>

<comp id="88" class="1000" name="in_V_V426135">
<pin_list>
<pin id="89" dir="1" index="0" bw="1" slack="0"/>
</pin_list>
<bind>
<StgValue><ssdm name="in_V_V426135"/></StgValue>
</bind>
</comp>

<comp id="90" class="1000" name="in_V_V427">
<pin_list>
<pin id="91" dir="1" index="0" bw="1" slack="0"/>
</pin_list>
<bind>
<StgValue><ssdm name="in_V_V427"/></StgValue>
</bind>
</comp>

<comp id="92" class="1000" name="in_V_V427136">
<pin_list>
<pin id="93" dir="1" index="0" bw="1" slack="0"/>
</pin_list>
<bind>
<StgValue><ssdm name="in_V_V427136"/></StgValue>
</bind>
</comp>

<comp id="94" class="1000" name="in_V_V427137">
<pin_list>
<pin id="95" dir="1" index="0" bw="1" slack="0"/>
</pin_list>
<bind>
<StgValue><ssdm name="in_V_V427137"/></StgValue>
</bind>
</comp>

<comp id="96" class="1000" name="in_V_V427138">
<pin_list>
<pin id="97" dir="1" index="0" bw="1" slack="0"/>
</pin_list>
<bind>
<StgValue><ssdm name="in_V_V427138"/></StgValue>
</bind>
</comp>

<comp id="98" class="1000" name="in_V_V427139">
<pin_list>
<pin id="99" dir="1" index="0" bw="1" slack="0"/>
</pin_list>
<bind>
<StgValue><ssdm name="in_V_V427139"/></StgValue>
</bind>
</comp>

<comp id="100" class="1000" name="out_V_V7">
<pin_list>
<pin id="101" dir="1" index="0" bw="1" slack="0"/>
</pin_list>
<bind>
<StgValue><ssdm name="out_V_V7"/></StgValue>
</bind>
</comp>

<comp id="102" class="1000" name="pow_reduce_anonymo_20">
<pin_list>
<pin id="103" dir="1" index="0" bw="1" slack="0"/>
</pin_list>
<bind>
<StgValue><ssdm name="pow_reduce_anonymo_20"/><MemPortTyVec>1 </MemPortTyVec>
</StgValue>
</bind>
</comp>

<comp id="104" class="1000" name="pow_reduce_anonymo_19">
<pin_list>
<pin id="105" dir="1" index="0" bw="1" slack="0"/>
</pin_list>
<bind>
<StgValue><ssdm name="pow_reduce_anonymo_19"/><MemPortTyVec>1 </MemPortTyVec>
</StgValue>
</bind>
</comp>

<comp id="106" class="1000" name="pow_reduce_anonymo_16">
<pin_list>
<pin id="107" dir="1" index="0" bw="1" slack="0"/>
</pin_list>
<bind>
<StgValue><ssdm name="pow_reduce_anonymo_16"/><MemPortTyVec>1 </MemPortTyVec>
</StgValue>
</bind>
</comp>

<comp id="108" class="1000" name="pow_reduce_anonymo_17">
<pin_list>
<pin id="109" dir="1" index="0" bw="1" slack="0"/>
</pin_list>
<bind>
<StgValue><ssdm name="pow_reduce_anonymo_17"/><MemPortTyVec>1 </MemPortTyVec>
</StgValue>
</bind>
</comp>

<comp id="110" class="1000" name="pow_reduce_anonymo_9">
<pin_list>
<pin id="111" dir="1" index="0" bw="1" slack="0"/>
</pin_list>
<bind>
<StgValue><ssdm name="pow_reduce_anonymo_9"/><MemPortTyVec>1 </MemPortTyVec>
</StgValue>
</bind>
</comp>

<comp id="112" class="1000" name="pow_reduce_anonymo_12">
<pin_list>
<pin id="113" dir="1" index="0" bw="1" slack="0"/>
</pin_list>
<bind>
<StgValue><ssdm name="pow_reduce_anonymo_12"/><MemPortTyVec>1 </MemPortTyVec>
</StgValue>
</bind>
</comp>

<comp id="114" class="1000" name="pow_reduce_anonymo_13">
<pin_list>
<pin id="115" dir="1" index="0" bw="1" slack="0"/>
</pin_list>
<bind>
<StgValue><ssdm name="pow_reduce_anonymo_13"/><MemPortTyVec>1 </MemPortTyVec>
</StgValue>
</bind>
</comp>

<comp id="116" class="1000" name="pow_reduce_anonymo_14">
<pin_list>
<pin id="117" dir="1" index="0" bw="1" slack="0"/>
</pin_list>
<bind>
<StgValue><ssdm name="pow_reduce_anonymo_14"/><MemPortTyVec>1 </MemPortTyVec>
</StgValue>
</bind>
</comp>

<comp id="118" class="1000" name="pow_reduce_anonymo_15">
<pin_list>
<pin id="119" dir="1" index="0" bw="1" slack="0"/>
</pin_list>
<bind>
<StgValue><ssdm name="pow_reduce_anonymo_15"/><MemPortTyVec>1 </MemPortTyVec>
</StgValue>
</bind>
</comp>

<comp id="120" class="1000" name="pow_reduce_anonymo_18">
<pin_list>
<pin id="121" dir="1" index="0" bw="1" slack="0"/>
</pin_list>
<bind>
<StgValue><ssdm name="pow_reduce_anonymo_18"/><MemPortTyVec>1 </MemPortTyVec>
</StgValue>
</bind>
</comp>

<comp id="122" class="1000" name="pow_reduce_anonymo">
<pin_list>
<pin id="123" dir="1" index="0" bw="1" slack="0"/>
</pin_list>
<bind>
<StgValue><ssdm name="pow_reduce_anonymo"/><MemPortTyVec>1 1 </MemPortTyVec>
</StgValue>
</bind>
</comp>

<comp id="124" class="1000" name="pow_reduce_anonymo_21">
<pin_list>
<pin id="125" dir="1" index="0" bw="1" slack="0"/>
</pin_list>
<bind>
<StgValue><ssdm name="pow_reduce_anonymo_21"/><MemPortTyVec>1 </MemPortTyVec>
</StgValue>
</bind>
</comp>

<comp id="126" class="1001" name="const_126">
<pin_list>
<pin id="127" dir="1" index="0" bw="1" slack="0"/>
</pin_list>
<bind>
<StgValue><ssdm name="conv509"/></StgValue>
</bind>
</comp>

<comp id="128" class="1001" name="const_128">
<pin_list>
<pin id="129" dir="1" index="0" bw="1" slack="2147483647"/>
</pin_list>
<bind>
<StgValue><ssdm name="_ssdm_op_SpecStableContent"/></StgValue>
</bind>
</comp>

<comp id="130" class="1001" name="const_130">
<pin_list>
<pin id="131" dir="1" index="0" bw="1" slack="2147483647"/>
</pin_list>
<bind>
<StgValue><ssdm name="_ssdm_op_SpecMemCore"/></StgValue>
</bind>
</comp>

<comp id="132" class="1001" name="const_132">
<pin_list>
<pin id="133" dir="1" index="0" bw="1" slack="2147483647"/>
</pin_list>
<bind>
<StgValue><ssdm name="p_str4"/></StgValue>
</bind>
</comp>

<comp id="134" class="1001" name="const_134">
<pin_list>
<pin id="135" dir="1" index="0" bw="1" slack="2147483647"/>
</pin_list>
<bind>
<StgValue><ssdm name="p_str36"/></StgValue>
</bind>
</comp>

<comp id="136" class="1001" name="const_136">
<pin_list>
<pin id="137" dir="1" index="0" bw="1" slack="2147483647"/>
</pin_list>
<bind>
<StgValue><ssdm name=""/></StgValue>
</bind>
</comp>

<comp id="138" class="1001" name="const_138">
<pin_list>
<pin id="139" dir="1" index="0" bw="1" slack="2147483647"/>
</pin_list>
<bind>
<StgValue><ssdm name="_ssdm_op_SpecInterface"/></StgValue>
</bind>
</comp>

<comp id="140" class="1001" name="const_140">
<pin_list>
<pin id="141" dir="1" index="0" bw="1" slack="2147483647"/>
</pin_list>
<bind>
<StgValue><ssdm name="ap_fifo_str"/></StgValue>
</bind>
</comp>

<comp id="142" class="1001" name="const_142">
<pin_list>
<pin id="143" dir="1" index="0" bw="1" slack="2147483647"/>
</pin_list>
<bind>
<StgValue><ssdm name=""/></StgValue>
</bind>
</comp>

<comp id="144" class="1001" name="const_144">
<pin_list>
<pin id="145" dir="1" index="0" bw="1" slack="2147483647"/>
</pin_list>
<bind>
<StgValue><ssdm name="p_str"/></StgValue>
</bind>
</comp>

<comp id="146" class="1001" name="const_146">
<pin_list>
<pin id="147" dir="1" index="0" bw="1" slack="2147483647"/>
</pin_list>
<bind>
<StgValue><ssdm name=""/></StgValue>
</bind>
</comp>

<comp id="148" class="1001" name="const_148">
<pin_list>
<pin id="149" dir="1" index="0" bw="1" slack="2147483647"/>
</pin_list>
<bind>
<StgValue><ssdm name=""/></StgValue>
</bind>
</comp>

<comp id="150" class="1004" name="grp_conv509_fu_150">
<pin_list>
<pin id="151" dir="0" index="0" bw="0" slack="0"/>
<pin id="152" dir="0" index="1" bw="16" slack="0"/>
<pin id="153" dir="0" index="2" bw="16" slack="0"/>
<pin id="154" dir="0" index="3" bw="16" slack="0"/>
<pin id="155" dir="0" index="4" bw="16" slack="0"/>
<pin id="156" dir="0" index="5" bw="16" slack="0"/>
<pin id="157" dir="0" index="6" bw="16" slack="0"/>
<pin id="158" dir="0" index="7" bw="16" slack="0"/>
<pin id="159" dir="0" index="8" bw="16" slack="0"/>
<pin id="160" dir="0" index="9" bw="16" slack="0"/>
<pin id="161" dir="0" index="10" bw="16" slack="0"/>
<pin id="162" dir="0" index="11" bw="16" slack="0"/>
<pin id="163" dir="0" index="12" bw="16" slack="0"/>
<pin id="164" dir="0" index="13" bw="16" slack="0"/>
<pin id="165" dir="0" index="14" bw="16" slack="0"/>
<pin id="166" dir="0" index="15" bw="16" slack="0"/>
<pin id="167" dir="0" index="16" bw="16" slack="0"/>
<pin id="168" dir="0" index="17" bw="16" slack="0"/>
<pin id="169" dir="0" index="18" bw="16" slack="0"/>
<pin id="170" dir="0" index="19" bw="16" slack="0"/>
<pin id="171" dir="0" index="20" bw="16" slack="0"/>
<pin id="172" dir="0" index="21" bw="16" slack="0"/>
<pin id="173" dir="0" index="22" bw="16" slack="0"/>
<pin id="174" dir="0" index="23" bw="16" slack="0"/>
<pin id="175" dir="0" index="24" bw="16" slack="0"/>
<pin id="176" dir="0" index="25" bw="16" slack="0"/>
<pin id="177" dir="0" index="26" bw="16" slack="0"/>
<pin id="178" dir="0" index="27" bw="16" slack="0"/>
<pin id="179" dir="0" index="28" bw="16" slack="0"/>
<pin id="180" dir="0" index="29" bw="16" slack="0"/>
<pin id="181" dir="0" index="30" bw="16" slack="0"/>
<pin id="182" dir="0" index="31" bw="16" slack="0"/>
<pin id="183" dir="0" index="32" bw="16" slack="0"/>
<pin id="184" dir="0" index="33" bw="16" slack="0"/>
<pin id="185" dir="0" index="34" bw="16" slack="0"/>
<pin id="186" dir="0" index="35" bw="16" slack="0"/>
<pin id="187" dir="0" index="36" bw="16" slack="0"/>
<pin id="188" dir="0" index="37" bw="16" slack="0"/>
<pin id="189" dir="0" index="38" bw="16" slack="0"/>
<pin id="190" dir="0" index="39" bw="16" slack="0"/>
<pin id="191" dir="0" index="40" bw="16" slack="0"/>
<pin id="192" dir="0" index="41" bw="16" slack="0"/>
<pin id="193" dir="0" index="42" bw="16" slack="0"/>
<pin id="194" dir="0" index="43" bw="16" slack="0"/>
<pin id="195" dir="0" index="44" bw="16" slack="0"/>
<pin id="196" dir="0" index="45" bw="16" slack="0"/>
<pin id="197" dir="0" index="46" bw="16" slack="0"/>
<pin id="198" dir="0" index="47" bw="16" slack="0"/>
<pin id="199" dir="0" index="48" bw="16" slack="0"/>
<pin id="200" dir="0" index="49" bw="16" slack="0"/>
<pin id="201" dir="0" index="50" bw="16" slack="0"/>
<pin id="202" dir="0" index="51" bw="30" slack="0"/>
<pin id="203" dir="0" index="52" bw="6" slack="0"/>
<pin id="204" dir="0" index="53" bw="109" slack="0"/>
<pin id="205" dir="0" index="54" bw="105" slack="0"/>
<pin id="206" dir="0" index="55" bw="102" slack="0"/>
<pin id="207" dir="0" index="56" bw="97" slack="0"/>
<pin id="208" dir="0" index="57" bw="92" slack="0"/>
<pin id="209" dir="0" index="58" bw="87" slack="0"/>
<pin id="210" dir="0" index="59" bw="82" slack="0"/>
<pin id="211" dir="0" index="60" bw="77" slack="0"/>
<pin id="212" dir="0" index="61" bw="58" slack="0"/>
<pin id="213" dir="0" index="62" bw="26" slack="0"/>
<pin id="214" dir="0" index="63" bw="42" slack="0"/>
<pin id="215" dir="1" index="64" bw="0" slack="2147483647"/>
</pin_list>
<bind>
<opcode="call(48) " fcode="call"/>
<opset="call_ln68/1 "/>
</bind>
</comp>

</comp_list>

<net_list>
<net id="216"><net_src comp="126" pin="0"/><net_sink comp="150" pin=0"/></net>

<net id="217"><net_src comp="50" pin="0"/><net_sink comp="150" pin=1"/></net>

<net id="218"><net_src comp="52" pin="0"/><net_sink comp="150" pin=2"/></net>

<net id="219"><net_src comp="54" pin="0"/><net_sink comp="150" pin=3"/></net>

<net id="220"><net_src comp="56" pin="0"/><net_sink comp="150" pin=4"/></net>

<net id="221"><net_src comp="58" pin="0"/><net_sink comp="150" pin=5"/></net>

<net id="222"><net_src comp="60" pin="0"/><net_sink comp="150" pin=6"/></net>

<net id="223"><net_src comp="62" pin="0"/><net_sink comp="150" pin=7"/></net>

<net id="224"><net_src comp="64" pin="0"/><net_sink comp="150" pin=8"/></net>

<net id="225"><net_src comp="66" pin="0"/><net_sink comp="150" pin=9"/></net>

<net id="226"><net_src comp="68" pin="0"/><net_sink comp="150" pin=10"/></net>

<net id="227"><net_src comp="70" pin="0"/><net_sink comp="150" pin=11"/></net>

<net id="228"><net_src comp="72" pin="0"/><net_sink comp="150" pin=12"/></net>

<net id="229"><net_src comp="74" pin="0"/><net_sink comp="150" pin=13"/></net>

<net id="230"><net_src comp="76" pin="0"/><net_sink comp="150" pin=14"/></net>

<net id="231"><net_src comp="78" pin="0"/><net_sink comp="150" pin=15"/></net>

<net id="232"><net_src comp="80" pin="0"/><net_sink comp="150" pin=16"/></net>

<net id="233"><net_src comp="82" pin="0"/><net_sink comp="150" pin=17"/></net>

<net id="234"><net_src comp="84" pin="0"/><net_sink comp="150" pin=18"/></net>

<net id="235"><net_src comp="86" pin="0"/><net_sink comp="150" pin=19"/></net>

<net id="236"><net_src comp="88" pin="0"/><net_sink comp="150" pin=20"/></net>

<net id="237"><net_src comp="90" pin="0"/><net_sink comp="150" pin=21"/></net>

<net id="238"><net_src comp="92" pin="0"/><net_sink comp="150" pin=22"/></net>

<net id="239"><net_src comp="94" pin="0"/><net_sink comp="150" pin=23"/></net>

<net id="240"><net_src comp="96" pin="0"/><net_sink comp="150" pin=24"/></net>

<net id="241"><net_src comp="98" pin="0"/><net_sink comp="150" pin=25"/></net>

<net id="242"><net_src comp="0" pin="0"/><net_sink comp="150" pin=26"/></net>

<net id="243"><net_src comp="2" pin="0"/><net_sink comp="150" pin=27"/></net>

<net id="244"><net_src comp="4" pin="0"/><net_sink comp="150" pin=28"/></net>

<net id="245"><net_src comp="6" pin="0"/><net_sink comp="150" pin=29"/></net>

<net id="246"><net_src comp="8" pin="0"/><net_sink comp="150" pin=30"/></net>

<net id="247"><net_src comp="10" pin="0"/><net_sink comp="150" pin=31"/></net>

<net id="248"><net_src comp="12" pin="0"/><net_sink comp="150" pin=32"/></net>

<net id="249"><net_src comp="14" pin="0"/><net_sink comp="150" pin=33"/></net>

<net id="250"><net_src comp="16" pin="0"/><net_sink comp="150" pin=34"/></net>

<net id="251"><net_src comp="18" pin="0"/><net_sink comp="150" pin=35"/></net>

<net id="252"><net_src comp="20" pin="0"/><net_sink comp="150" pin=36"/></net>

<net id="253"><net_src comp="22" pin="0"/><net_sink comp="150" pin=37"/></net>

<net id="254"><net_src comp="24" pin="0"/><net_sink comp="150" pin=38"/></net>

<net id="255"><net_src comp="26" pin="0"/><net_sink comp="150" pin=39"/></net>

<net id="256"><net_src comp="28" pin="0"/><net_sink comp="150" pin=40"/></net>

<net id="257"><net_src comp="30" pin="0"/><net_sink comp="150" pin=41"/></net>

<net id="258"><net_src comp="32" pin="0"/><net_sink comp="150" pin=42"/></net>

<net id="259"><net_src comp="34" pin="0"/><net_sink comp="150" pin=43"/></net>

<net id="260"><net_src comp="36" pin="0"/><net_sink comp="150" pin=44"/></net>

<net id="261"><net_src comp="38" pin="0"/><net_sink comp="150" pin=45"/></net>

<net id="262"><net_src comp="40" pin="0"/><net_sink comp="150" pin=46"/></net>

<net id="263"><net_src comp="42" pin="0"/><net_sink comp="150" pin=47"/></net>

<net id="264"><net_src comp="44" pin="0"/><net_sink comp="150" pin=48"/></net>

<net id="265"><net_src comp="46" pin="0"/><net_sink comp="150" pin=49"/></net>

<net id="266"><net_src comp="48" pin="0"/><net_sink comp="150" pin=50"/></net>

<net id="267"><net_src comp="100" pin="0"/><net_sink comp="150" pin=51"/></net>

<net id="268"><net_src comp="102" pin="0"/><net_sink comp="150" pin=52"/></net>

<net id="269"><net_src comp="104" pin="0"/><net_sink comp="150" pin=53"/></net>

<net id="270"><net_src comp="106" pin="0"/><net_sink comp="150" pin=54"/></net>

<net id="271"><net_src comp="108" pin="0"/><net_sink comp="150" pin=55"/></net>

<net id="272"><net_src comp="110" pin="0"/><net_sink comp="150" pin=56"/></net>

<net id="273"><net_src comp="112" pin="0"/><net_sink comp="150" pin=57"/></net>

<net id="274"><net_src comp="114" pin="0"/><net_sink comp="150" pin=58"/></net>

<net id="275"><net_src comp="116" pin="0"/><net_sink comp="150" pin=59"/></net>

<net id="276"><net_src comp="118" pin="0"/><net_sink comp="150" pin=60"/></net>

<net id="277"><net_src comp="120" pin="0"/><net_sink comp="150" pin=61"/></net>

<net id="278"><net_src comp="122" pin="0"/><net_sink comp="150" pin=62"/></net>

<net id="279"><net_src comp="124" pin="0"/><net_sink comp="150" pin=63"/></net>

</net_list>

</model> 
---------------- Datapath Model END ------------------

* FSMD analyzer results:
  - Output states:
	Port: out_V_V7 | {1 2 }
 - Input state : 
	Port: Conv_0_conv337 : weights_V1525 | {1 2 }
	Port: Conv_0_conv337 : weights_V1526 | {1 2 }
	Port: Conv_0_conv337 : weights_V1527 | {1 2 }
	Port: Conv_0_conv337 : weights_V1528 | {1 2 }
	Port: Conv_0_conv337 : weights_V1529 | {1 2 }
	Port: Conv_0_conv337 : weights_V1630 | {1 2 }
	Port: Conv_0_conv337 : weights_V1631 | {1 2 }
	Port: Conv_0_conv337 : weights_V1632 | {1 2 }
	Port: Conv_0_conv337 : weights_V1633 | {1 2 }
	Port: Conv_0_conv337 : weights_V1634 | {1 2 }
	Port: Conv_0_conv337 : weights_V1735 | {1 2 }
	Port: Conv_0_conv337 : weights_V1736 | {1 2 }
	Port: Conv_0_conv337 : weights_V1737 | {1 2 }
	Port: Conv_0_conv337 : weights_V1738 | {1 2 }
	Port: Conv_0_conv337 : weights_V1739 | {1 2 }
	Port: Conv_0_conv337 : weights_V1840 | {1 2 }
	Port: Conv_0_conv337 : weights_V1841 | {1 2 }
	Port: Conv_0_conv337 : weights_V1842 | {1 2 }
	Port: Conv_0_conv337 : weights_V1843 | {1 2 }
	Port: Conv_0_conv337 : weights_V1844 | {1 2 }
	Port: Conv_0_conv337 : weights_V1945 | {1 2 }
	Port: Conv_0_conv337 : weights_V1946 | {1 2 }
	Port: Conv_0_conv337 : weights_V1947 | {1 2 }
	Port: Conv_0_conv337 : weights_V1948 | {1 2 }
	Port: Conv_0_conv337 : weights_V1949 | {1 2 }
	Port: Conv_0_conv337 : in_V_V4 | {1 2 }
	Port: Conv_0_conv337 : in_V_V4120 | {1 2 }
	Port: Conv_0_conv337 : in_V_V4121 | {1 2 }
	Port: Conv_0_conv337 : in_V_V4122 | {1 2 }
	Port: Conv_0_conv337 : in_V_V4123 | {1 2 }
	Port: Conv_0_conv337 : in_V_V424 | {1 2 }
	Port: Conv_0_conv337 : in_V_V424124 | {1 2 }
	Port: Conv_0_conv337 : in_V_V424125 | {1 2 }
	Port: Conv_0_conv337 : in_V_V424126 | {1 2 }
	Port: Conv_0_conv337 : in_V_V424127 | {1 2 }
	Port: Conv_0_conv337 : in_V_V425 | {1 2 }
	Port: Conv_0_conv337 : in_V_V425128 | {1 2 }
	Port: Conv_0_conv337 : in_V_V425129 | {1 2 }
	Port: Conv_0_conv337 : in_V_V425130 | {1 2 }
	Port: Conv_0_conv337 : in_V_V425131 | {1 2 }
	Port: Conv_0_conv337 : in_V_V426 | {1 2 }
	Port: Conv_0_conv337 : in_V_V426132 | {1 2 }
	Port: Conv_0_conv337 : in_V_V426133 | {1 2 }
	Port: Conv_0_conv337 : in_V_V426134 | {1 2 }
	Port: Conv_0_conv337 : in_V_V426135 | {1 2 }
	Port: Conv_0_conv337 : in_V_V427 | {1 2 }
	Port: Conv_0_conv337 : in_V_V427136 | {1 2 }
	Port: Conv_0_conv337 : in_V_V427137 | {1 2 }
	Port: Conv_0_conv337 : in_V_V427138 | {1 2 }
	Port: Conv_0_conv337 : in_V_V427139 | {1 2 }
	Port: Conv_0_conv337 : pow_reduce_anonymo_20 | {1 2 }
	Port: Conv_0_conv337 : pow_reduce_anonymo_19 | {1 2 }
	Port: Conv_0_conv337 : pow_reduce_anonymo_16 | {1 2 }
	Port: Conv_0_conv337 : pow_reduce_anonymo_17 | {1 2 }
	Port: Conv_0_conv337 : pow_reduce_anonymo_9 | {1 2 }
	Port: Conv_0_conv337 : pow_reduce_anonymo_12 | {1 2 }
	Port: Conv_0_conv337 : pow_reduce_anonymo_13 | {1 2 }
	Port: Conv_0_conv337 : pow_reduce_anonymo_14 | {1 2 }
	Port: Conv_0_conv337 : pow_reduce_anonymo_15 | {1 2 }
	Port: Conv_0_conv337 : pow_reduce_anonymo_18 | {1 2 }
	Port: Conv_0_conv337 : pow_reduce_anonymo | {1 2 }
	Port: Conv_0_conv337 : pow_reduce_anonymo_21 | {1 2 }
  - Chain level:
	State 1
	State 2


============================================================
+ Verbose Summary: Datapath Resource usage 
============================================================

* Functional unit list:
|----------|--------------------|---------|---------|---------|---------|
| Operation|   Functional Unit  |  DSP48E |  Delay  |    FF   |   LUT   |
|----------|--------------------|---------|---------|---------|---------|
|   call   | grp_conv509_fu_150 |  15240  | 24623.2 |6.58942e+06|2.35361e+06|
|----------|--------------------|---------|---------|---------|---------|
|   Total  |                    |  15240  | 24623.2 |6.58942e+06|2.35361e+06|
|----------|--------------------|---------|---------|---------|---------|

Memories:
N/A

* Register list:
N/A

* Multiplexer (MUX) list: 
|--------|------|------|------|--------|
|  Comp  |  Pin | Size |  BW  | S x BW |
|--------|------|------|------|--------|
|  Total |      |      |      |    0   |
|--------|------|------|------|--------|



* Summary:
+-----------+--------+--------+--------+--------+
|           | DSP48E |  Delay |   FF   |   LUT  |
+-----------+--------+--------+--------+--------+
|  Function |  15240 |  24623 | 6589417| 2353614|
|   Memory  |    -   |    -   |    -   |    -   |
|Multiplexer|    -   |    -   |    -   |    -   |
|  Register |    -   |    -   |    -   |    -   |
+-----------+--------+--------+--------+--------+
|   Total   |  15240 |  24623 | 6589417| 2353614|
+-----------+--------+--------+--------+--------+
