

================================================================
== Vivado HLS Report for 'Conv_0_conv338'
================================================================
* Date:           Sat Feb 15 07:53:35 2025

* Version:        2019.2 (Build 2704478 on Wed Nov 06 22:10:23 MST 2019)
* Project:        partition_0
* Solution:       solution
* Product family: zynq
* Target device:  xc7z020-clg484-1


================================================================
== Performance Estimates
================================================================
+ Timing: 
    * Summary: 
    +--------+---------+----------+------------+
    |  Clock |  Target | Estimated| Uncertainty|
    +--------+---------+----------+------------+
    |ap_clk  | 5.00 ns | 6.562 ns |   0.62 ns  |
    +--------+---------+----------+------------+

+ Latency: 
    * Summary: 
    +---------+---------+----------+----------+-----+-----+---------+
    |  Latency (cycles) |  Latency (absolute) |  Interval | Pipeline|
    |   min   |   max   |    min   |    max   | min | max |   Type  |
    +---------+---------+----------+----------+-----+-----+---------+
    |        ?|        ?|         ?|         ?|    ?|    ?|   none  |
    +---------+---------+----------+----------+-----+-----+---------+

    + Detail: 
        * Instance: 
        +--------------------+---------+---------+---------+----------+----------+-----+-----+----------+
        |                    |         |  Latency (cycles) |  Latency (absolute) |  Interval | Pipeline |
        |      Instance      |  Module |   min   |   max   |    min   |    max   | min | max |   Type   |
        +--------------------+---------+---------+---------+----------+----------+-----+-----+----------+
        |grp_conv507_fu_150  |conv507  |        ?|        ?|         ?|         ?|    ?|    ?| dataflow |
        +--------------------+---------+---------+---------+----------+----------+-----+-----+----------+

        * Loop: 
        N/A



================================================================
== Utilization Estimates
================================================================
* Summary: 
+-----------------+---------+-------+---------+---------+-----+
|       Name      | BRAM_18K| DSP48E|    FF   |   LUT   | URAM|
+-----------------+---------+-------+---------+---------+-----+
|DSP              |        -|      -|        -|        -|    -|
|Expression       |        -|      -|        0|        6|    -|
|FIFO             |        -|      -|        -|        -|    -|
|Instance         |    10656|  15240|  7482086|  2840937|    -|
|Memory           |        -|      -|        -|        -|    -|
|Multiplexer      |        -|      -|        -|      258|    -|
|Register         |        -|      -|        6|        -|    -|
+-----------------+---------+-------+---------+---------+-----+
|Total            |    10656|  15240|  7482092|  2841201|    0|
+-----------------+---------+-------+---------+---------+-----+
|Available        |      280|    220|   106400|    53200|    0|
+-----------------+---------+-------+---------+---------+-----+
|Utilization (%)  |     3805|   6927|     7032|     5340|    0|
+-----------------+---------+-------+---------+---------+-----+

+ Detail: 
    * Instance: 
    +--------------------+---------+---------+-------+---------+---------+-----+
    |      Instance      |  Module | BRAM_18K| DSP48E|    FF   |   LUT   | URAM|
    +--------------------+---------+---------+-------+---------+---------+-----+
    |grp_conv507_fu_150  |conv507  |    10656|  15240|  7482086|  2840937|    0|
    +--------------------+---------+---------+-------+---------+---------+-----+
    |Total               |         |    10656|  15240|  7482086|  2840937|    0|
    +--------------------+---------+---------+-------+---------+---------+-----+

    * DSP48E: 
    N/A

    * Memory: 
    N/A

    * FIFO: 
    N/A

    * Expression: 
    +-------------------------------------+----------+-------+---+----+------------+------------+
    |            Variable Name            | Operation| DSP48E| FF| LUT| Bitwidth P0| Bitwidth P1|
    +-------------------------------------+----------+-------+---+----+------------+------------+
    |ap_block_state1                      |    or    |      0|  0|   2|           1|           1|
    |ap_sync_grp_conv507_fu_150_ap_done   |    or    |      0|  0|   2|           1|           1|
    |ap_sync_grp_conv507_fu_150_ap_ready  |    or    |      0|  0|   2|           1|           1|
    +-------------------------------------+----------+-------+---+----+------------+------------+
    |Total                                |          |      0|  0|   6|           3|           3|
    +-------------------------------------+----------+-------+---+----+------------+------------+

    * Multiplexer: 
    +-------------------+----+-----------+-----+-----------+
    |        Name       | LUT| Input Size| Bits| Total Bits|
    +-------------------+----+-----------+-----+-----------+
    |ap_NS_fsm          |  15|          3|    1|          3|
    |ap_done            |   9|          2|    1|          2|
    |in_V_V5140_read    |   9|          2|    1|          2|
    |in_V_V5141_read    |   9|          2|    1|          2|
    |in_V_V5142_read    |   9|          2|    1|          2|
    |in_V_V5143_read    |   9|          2|    1|          2|
    |in_V_V528144_read  |   9|          2|    1|          2|
    |in_V_V528145_read  |   9|          2|    1|          2|
    |in_V_V528146_read  |   9|          2|    1|          2|
    |in_V_V528147_read  |   9|          2|    1|          2|
    |in_V_V528_read     |   9|          2|    1|          2|
    |in_V_V529148_read  |   9|          2|    1|          2|
    |in_V_V529149_read  |   9|          2|    1|          2|
    |in_V_V529150_read  |   9|          2|    1|          2|
    |in_V_V529151_read  |   9|          2|    1|          2|
    |in_V_V529_read     |   9|          2|    1|          2|
    |in_V_V530152_read  |   9|          2|    1|          2|
    |in_V_V530153_read  |   9|          2|    1|          2|
    |in_V_V530154_read  |   9|          2|    1|          2|
    |in_V_V530155_read  |   9|          2|    1|          2|
    |in_V_V530_read     |   9|          2|    1|          2|
    |in_V_V531156_read  |   9|          2|    1|          2|
    |in_V_V531157_read  |   9|          2|    1|          2|
    |in_V_V531158_read  |   9|          2|    1|          2|
    |in_V_V531159_read  |   9|          2|    1|          2|
    |in_V_V531_read     |   9|          2|    1|          2|
    |in_V_V5_read       |   9|          2|    1|          2|
    |out_V_V8_write     |   9|          2|    1|          2|
    +-------------------+----+-----------+-----+-----------+
    |Total              | 258|         57|   28|         57|
    +-------------------+----+-----------+-----+-----------+

    * Register: 
    +-----------------------------------------+---+----+-----+-----------+
    |                   Name                  | FF| LUT| Bits| Const Bits|
    +-----------------------------------------+---+----+-----+-----------+
    |ap_CS_fsm                                |  2|   0|    2|          0|
    |ap_done_reg                              |  1|   0|    1|          0|
    |ap_sync_reg_grp_conv507_fu_150_ap_done   |  1|   0|    1|          0|
    |ap_sync_reg_grp_conv507_fu_150_ap_ready  |  1|   0|    1|          0|
    |grp_conv507_fu_150_ap_start_reg          |  1|   0|    1|          0|
    +-----------------------------------------+---+----+-----+-----------+
    |Total                                    |  6|   0|    6|          0|
    +-----------------------------------------+---+----+-----+-----------+



================================================================
== Interface
================================================================
* Summary: 
+-------------------------+-----+-----+------------+----------------+--------------+
|        RTL Ports        | Dir | Bits|  Protocol  |  Source Object |    C Type    |
+-------------------------+-----+-----+------------+----------------+--------------+
|ap_clk                   |  in |    1| ap_ctrl_hs | Conv_0_conv338 | return value |
|ap_rst                   |  in |    1| ap_ctrl_hs | Conv_0_conv338 | return value |
|ap_start                 |  in |    1| ap_ctrl_hs | Conv_0_conv338 | return value |
|ap_done                  | out |    1| ap_ctrl_hs | Conv_0_conv338 | return value |
|ap_continue              |  in |    1| ap_ctrl_hs | Conv_0_conv338 | return value |
|ap_idle                  | out |    1| ap_ctrl_hs | Conv_0_conv338 | return value |
|ap_ready                 | out |    1| ap_ctrl_hs | Conv_0_conv338 | return value |
|weights_V21050_address0  | out |    2|  ap_stable | weights_V21050 |     array    |
|weights_V21050_ce0       | out |    1|  ap_stable | weights_V21050 |     array    |
|weights_V21050_q0        |  in |   16|  ap_stable | weights_V21050 |     array    |
|weights_V21051_address0  | out |    2|  ap_stable | weights_V21051 |     array    |
|weights_V21051_ce0       | out |    1|  ap_stable | weights_V21051 |     array    |
|weights_V21051_q0        |  in |   16|  ap_stable | weights_V21051 |     array    |
|weights_V21052_address0  | out |    2|  ap_stable | weights_V21052 |     array    |
|weights_V21052_ce0       | out |    1|  ap_stable | weights_V21052 |     array    |
|weights_V21052_q0        |  in |   16|  ap_stable | weights_V21052 |     array    |
|weights_V21053_address0  | out |    2|  ap_stable | weights_V21053 |     array    |
|weights_V21053_ce0       | out |    1|  ap_stable | weights_V21053 |     array    |
|weights_V21053_q0        |  in |   16|  ap_stable | weights_V21053 |     array    |
|weights_V21054_address0  | out |    2|  ap_stable | weights_V21054 |     array    |
|weights_V21054_ce0       | out |    1|  ap_stable | weights_V21054 |     array    |
|weights_V21054_q0        |  in |   16|  ap_stable | weights_V21054 |     array    |
|weights_V21155_address0  | out |    2|  ap_stable | weights_V21155 |     array    |
|weights_V21155_ce0       | out |    1|  ap_stable | weights_V21155 |     array    |
|weights_V21155_q0        |  in |   16|  ap_stable | weights_V21155 |     array    |
|weights_V21156_address0  | out |    2|  ap_stable | weights_V21156 |     array    |
|weights_V21156_ce0       | out |    1|  ap_stable | weights_V21156 |     array    |
|weights_V21156_q0        |  in |   16|  ap_stable | weights_V21156 |     array    |
|weights_V21157_address0  | out |    2|  ap_stable | weights_V21157 |     array    |
|weights_V21157_ce0       | out |    1|  ap_stable | weights_V21157 |     array    |
|weights_V21157_q0        |  in |   16|  ap_stable | weights_V21157 |     array    |
|weights_V21158_address0  | out |    2|  ap_stable | weights_V21158 |     array    |
|weights_V21158_ce0       | out |    1|  ap_stable | weights_V21158 |     array    |
|weights_V21158_q0        |  in |   16|  ap_stable | weights_V21158 |     array    |
|weights_V21159_address0  | out |    2|  ap_stable | weights_V21159 |     array    |
|weights_V21159_ce0       | out |    1|  ap_stable | weights_V21159 |     array    |
|weights_V21159_q0        |  in |   16|  ap_stable | weights_V21159 |     array    |
|weights_V21260_address0  | out |    2|  ap_stable | weights_V21260 |     array    |
|weights_V21260_ce0       | out |    1|  ap_stable | weights_V21260 |     array    |
|weights_V21260_q0        |  in |   16|  ap_stable | weights_V21260 |     array    |
|weights_V21261_address0  | out |    2|  ap_stable | weights_V21261 |     array    |
|weights_V21261_ce0       | out |    1|  ap_stable | weights_V21261 |     array    |
|weights_V21261_q0        |  in |   16|  ap_stable | weights_V21261 |     array    |
|weights_V21262_address0  | out |    2|  ap_stable | weights_V21262 |     array    |
|weights_V21262_ce0       | out |    1|  ap_stable | weights_V21262 |     array    |
|weights_V21262_q0        |  in |   16|  ap_stable | weights_V21262 |     array    |
|weights_V21263_address0  | out |    2|  ap_stable | weights_V21263 |     array    |
|weights_V21263_ce0       | out |    1|  ap_stable | weights_V21263 |     array    |
|weights_V21263_q0        |  in |   16|  ap_stable | weights_V21263 |     array    |
|weights_V21264_address0  | out |    2|  ap_stable | weights_V21264 |     array    |
|weights_V21264_ce0       | out |    1|  ap_stable | weights_V21264 |     array    |
|weights_V21264_q0        |  in |   16|  ap_stable | weights_V21264 |     array    |
|weights_V21365_address0  | out |    2|  ap_stable | weights_V21365 |     array    |
|weights_V21365_ce0       | out |    1|  ap_stable | weights_V21365 |     array    |
|weights_V21365_q0        |  in |   16|  ap_stable | weights_V21365 |     array    |
|weights_V21366_address0  | out |    2|  ap_stable | weights_V21366 |     array    |
|weights_V21366_ce0       | out |    1|  ap_stable | weights_V21366 |     array    |
|weights_V21366_q0        |  in |   16|  ap_stable | weights_V21366 |     array    |
|weights_V21367_address0  | out |    2|  ap_stable | weights_V21367 |     array    |
|weights_V21367_ce0       | out |    1|  ap_stable | weights_V21367 |     array    |
|weights_V21367_q0        |  in |   16|  ap_stable | weights_V21367 |     array    |
|weights_V21368_address0  | out |    2|  ap_stable | weights_V21368 |     array    |
|weights_V21368_ce0       | out |    1|  ap_stable | weights_V21368 |     array    |
|weights_V21368_q0        |  in |   16|  ap_stable | weights_V21368 |     array    |
|weights_V21369_address0  | out |    2|  ap_stable | weights_V21369 |     array    |
|weights_V21369_ce0       | out |    1|  ap_stable | weights_V21369 |     array    |
|weights_V21369_q0        |  in |   16|  ap_stable | weights_V21369 |     array    |
|weights_V21470_address0  | out |    2|  ap_stable | weights_V21470 |     array    |
|weights_V21470_ce0       | out |    1|  ap_stable | weights_V21470 |     array    |
|weights_V21470_q0        |  in |   16|  ap_stable | weights_V21470 |     array    |
|weights_V21471_address0  | out |    2|  ap_stable | weights_V21471 |     array    |
|weights_V21471_ce0       | out |    1|  ap_stable | weights_V21471 |     array    |
|weights_V21471_q0        |  in |   16|  ap_stable | weights_V21471 |     array    |
|weights_V21472_address0  | out |    2|  ap_stable | weights_V21472 |     array    |
|weights_V21472_ce0       | out |    1|  ap_stable | weights_V21472 |     array    |
|weights_V21472_q0        |  in |   16|  ap_stable | weights_V21472 |     array    |
|weights_V21473_address0  | out |    2|  ap_stable | weights_V21473 |     array    |
|weights_V21473_ce0       | out |    1|  ap_stable | weights_V21473 |     array    |
|weights_V21473_q0        |  in |   16|  ap_stable | weights_V21473 |     array    |
|weights_V21474_address0  | out |    2|  ap_stable | weights_V21474 |     array    |
|weights_V21474_ce0       | out |    1|  ap_stable | weights_V21474 |     array    |
|weights_V21474_q0        |  in |   16|  ap_stable | weights_V21474 |     array    |
|in_V_V5_dout             |  in |   16|   ap_fifo  |     in_V_V5    |    pointer   |
|in_V_V5_empty_n          |  in |    1|   ap_fifo  |     in_V_V5    |    pointer   |
|in_V_V5_read             | out |    1|   ap_fifo  |     in_V_V5    |    pointer   |
|in_V_V5140_dout          |  in |   16|   ap_fifo  |   in_V_V5140   |    pointer   |
|in_V_V5140_empty_n       |  in |    1|   ap_fifo  |   in_V_V5140   |    pointer   |
|in_V_V5140_read          | out |    1|   ap_fifo  |   in_V_V5140   |    pointer   |
|in_V_V5141_dout          |  in |   16|   ap_fifo  |   in_V_V5141   |    pointer   |
|in_V_V5141_empty_n       |  in |    1|   ap_fifo  |   in_V_V5141   |    pointer   |
|in_V_V5141_read          | out |    1|   ap_fifo  |   in_V_V5141   |    pointer   |
|in_V_V5142_dout          |  in |   16|   ap_fifo  |   in_V_V5142   |    pointer   |
|in_V_V5142_empty_n       |  in |    1|   ap_fifo  |   in_V_V5142   |    pointer   |
|in_V_V5142_read          | out |    1|   ap_fifo  |   in_V_V5142   |    pointer   |
|in_V_V5143_dout          |  in |   16|   ap_fifo  |   in_V_V5143   |    pointer   |
|in_V_V5143_empty_n       |  in |    1|   ap_fifo  |   in_V_V5143   |    pointer   |
|in_V_V5143_read          | out |    1|   ap_fifo  |   in_V_V5143   |    pointer   |
|in_V_V528_dout           |  in |   16|   ap_fifo  |    in_V_V528   |    pointer   |
|in_V_V528_empty_n        |  in |    1|   ap_fifo  |    in_V_V528   |    pointer   |
|in_V_V528_read           | out |    1|   ap_fifo  |    in_V_V528   |    pointer   |
|in_V_V528144_dout        |  in |   16|   ap_fifo  |  in_V_V528144  |    pointer   |
|in_V_V528144_empty_n     |  in |    1|   ap_fifo  |  in_V_V528144  |    pointer   |
|in_V_V528144_read        | out |    1|   ap_fifo  |  in_V_V528144  |    pointer   |
|in_V_V528145_dout        |  in |   16|   ap_fifo  |  in_V_V528145  |    pointer   |
|in_V_V528145_empty_n     |  in |    1|   ap_fifo  |  in_V_V528145  |    pointer   |
|in_V_V528145_read        | out |    1|   ap_fifo  |  in_V_V528145  |    pointer   |
|in_V_V528146_dout        |  in |   16|   ap_fifo  |  in_V_V528146  |    pointer   |
|in_V_V528146_empty_n     |  in |    1|   ap_fifo  |  in_V_V528146  |    pointer   |
|in_V_V528146_read        | out |    1|   ap_fifo  |  in_V_V528146  |    pointer   |
|in_V_V528147_dout        |  in |   16|   ap_fifo  |  in_V_V528147  |    pointer   |
|in_V_V528147_empty_n     |  in |    1|   ap_fifo  |  in_V_V528147  |    pointer   |
|in_V_V528147_read        | out |    1|   ap_fifo  |  in_V_V528147  |    pointer   |
|in_V_V529_dout           |  in |   16|   ap_fifo  |    in_V_V529   |    pointer   |
|in_V_V529_empty_n        |  in |    1|   ap_fifo  |    in_V_V529   |    pointer   |
|in_V_V529_read           | out |    1|   ap_fifo  |    in_V_V529   |    pointer   |
|in_V_V529148_dout        |  in |   16|   ap_fifo  |  in_V_V529148  |    pointer   |
|in_V_V529148_empty_n     |  in |    1|   ap_fifo  |  in_V_V529148  |    pointer   |
|in_V_V529148_read        | out |    1|   ap_fifo  |  in_V_V529148  |    pointer   |
|in_V_V529149_dout        |  in |   16|   ap_fifo  |  in_V_V529149  |    pointer   |
|in_V_V529149_empty_n     |  in |    1|   ap_fifo  |  in_V_V529149  |    pointer   |
|in_V_V529149_read        | out |    1|   ap_fifo  |  in_V_V529149  |    pointer   |
|in_V_V529150_dout        |  in |   16|   ap_fifo  |  in_V_V529150  |    pointer   |
|in_V_V529150_empty_n     |  in |    1|   ap_fifo  |  in_V_V529150  |    pointer   |
|in_V_V529150_read        | out |    1|   ap_fifo  |  in_V_V529150  |    pointer   |
|in_V_V529151_dout        |  in |   16|   ap_fifo  |  in_V_V529151  |    pointer   |
|in_V_V529151_empty_n     |  in |    1|   ap_fifo  |  in_V_V529151  |    pointer   |
|in_V_V529151_read        | out |    1|   ap_fifo  |  in_V_V529151  |    pointer   |
|in_V_V530_dout           |  in |   16|   ap_fifo  |    in_V_V530   |    pointer   |
|in_V_V530_empty_n        |  in |    1|   ap_fifo  |    in_V_V530   |    pointer   |
|in_V_V530_read           | out |    1|   ap_fifo  |    in_V_V530   |    pointer   |
|in_V_V530152_dout        |  in |   16|   ap_fifo  |  in_V_V530152  |    pointer   |
|in_V_V530152_empty_n     |  in |    1|   ap_fifo  |  in_V_V530152  |    pointer   |
|in_V_V530152_read        | out |    1|   ap_fifo  |  in_V_V530152  |    pointer   |
|in_V_V530153_dout        |  in |   16|   ap_fifo  |  in_V_V530153  |    pointer   |
|in_V_V530153_empty_n     |  in |    1|   ap_fifo  |  in_V_V530153  |    pointer   |
|in_V_V530153_read        | out |    1|   ap_fifo  |  in_V_V530153  |    pointer   |
|in_V_V530154_dout        |  in |   16|   ap_fifo  |  in_V_V530154  |    pointer   |
|in_V_V530154_empty_n     |  in |    1|   ap_fifo  |  in_V_V530154  |    pointer   |
|in_V_V530154_read        | out |    1|   ap_fifo  |  in_V_V530154  |    pointer   |
|in_V_V530155_dout        |  in |   16|   ap_fifo  |  in_V_V530155  |    pointer   |
|in_V_V530155_empty_n     |  in |    1|   ap_fifo  |  in_V_V530155  |    pointer   |
|in_V_V530155_read        | out |    1|   ap_fifo  |  in_V_V530155  |    pointer   |
|in_V_V531_dout           |  in |   16|   ap_fifo  |    in_V_V531   |    pointer   |
|in_V_V531_empty_n        |  in |    1|   ap_fifo  |    in_V_V531   |    pointer   |
|in_V_V531_read           | out |    1|   ap_fifo  |    in_V_V531   |    pointer   |
|in_V_V531156_dout        |  in |   16|   ap_fifo  |  in_V_V531156  |    pointer   |
|in_V_V531156_empty_n     |  in |    1|   ap_fifo  |  in_V_V531156  |    pointer   |
|in_V_V531156_read        | out |    1|   ap_fifo  |  in_V_V531156  |    pointer   |
|in_V_V531157_dout        |  in |   16|   ap_fifo  |  in_V_V531157  |    pointer   |
|in_V_V531157_empty_n     |  in |    1|   ap_fifo  |  in_V_V531157  |    pointer   |
|in_V_V531157_read        | out |    1|   ap_fifo  |  in_V_V531157  |    pointer   |
|in_V_V531158_dout        |  in |   16|   ap_fifo  |  in_V_V531158  |    pointer   |
|in_V_V531158_empty_n     |  in |    1|   ap_fifo  |  in_V_V531158  |    pointer   |
|in_V_V531158_read        | out |    1|   ap_fifo  |  in_V_V531158  |    pointer   |
|in_V_V531159_dout        |  in |   16|   ap_fifo  |  in_V_V531159  |    pointer   |
|in_V_V531159_empty_n     |  in |    1|   ap_fifo  |  in_V_V531159  |    pointer   |
|in_V_V531159_read        | out |    1|   ap_fifo  |  in_V_V531159  |    pointer   |
|out_V_V8_din             | out |   30|   ap_fifo  |    out_V_V8    |    pointer   |
|out_V_V8_full_n          |  in |    1|   ap_fifo  |    out_V_V8    |    pointer   |
|out_V_V8_write           | out |    1|   ap_fifo  |    out_V_V8    |    pointer   |
+-------------------------+-----+-----+------------+----------------+--------------+

============================================================
+ Verbose Summary: Synthesis Manager
============================================================
InlineROM: 1
ExposeGlobal: 0
============================================================
+ Verbose Summary: CDFG Model
============================================================
IsTopModel: 0
ResetActiveHigh: 1
IsCombinational: 2
IsDatapathOnly: 0
HasWiredReturn: 1
HasMFsm: 0
HasVarLatency: 1
IsPipeline: 0
IsRtlPipelined: 0
IsInstanceOverlapped: 0
IsDontTouch: 0
HasImplIP: 0
IsGatedGlobalClock: 0


============================================================
+ Verbose Summary: Schedule
============================================================
* Number of FSM states : 2
* Pipeline : 0
* Dataflow Pipeline: 0

* FSM state transitions: 
1 --> 2 
2 --> 

* FSM state operations: 

State 1 <SV = 0> <Delay = 0.00>
ST_1 : Operation 3 [2/2] (0.00ns)   --->   "call fastcc void @conv507(i16* %in_V_V5, i16* %in_V_V5140, i16* %in_V_V5141, i16* %in_V_V5142, i16* %in_V_V5143, i16* %in_V_V528, i16* %in_V_V528144, i16* %in_V_V528145, i16* %in_V_V528146, i16* %in_V_V528147, i16* %in_V_V529, i16* %in_V_V529148, i16* %in_V_V529149, i16* %in_V_V529150, i16* %in_V_V529151, i16* %in_V_V530, i16* %in_V_V530152, i16* %in_V_V530153, i16* %in_V_V530154, i16* %in_V_V530155, i16* %in_V_V531, i16* %in_V_V531156, i16* %in_V_V531157, i16* %in_V_V531158, i16* %in_V_V531159, [4 x i16]* %weights_V21050, [4 x i16]* %weights_V21051, [4 x i16]* %weights_V21052, [4 x i16]* %weights_V21053, [4 x i16]* %weights_V21054, [4 x i16]* %weights_V21155, [4 x i16]* %weights_V21156, [4 x i16]* %weights_V21157, [4 x i16]* %weights_V21158, [4 x i16]* %weights_V21159, [4 x i16]* %weights_V21260, [4 x i16]* %weights_V21261, [4 x i16]* %weights_V21262, [4 x i16]* %weights_V21263, [4 x i16]* %weights_V21264, [4 x i16]* %weights_V21365, [4 x i16]* %weights_V21366, [4 x i16]* %weights_V21367, [4 x i16]* %weights_V21368, [4 x i16]* %weights_V21369, [4 x i16]* %weights_V21470, [4 x i16]* %weights_V21471, [4 x i16]* %weights_V21472, [4 x i16]* %weights_V21473, [4 x i16]* %weights_V21474, i30* %out_V_V8)" [partition_0/src/Conv_0.cpp:68]   --->   Operation 3 'call' <Predicate = true> <Delay = 0.00> <CoreType = "Generic">   --->   Core 0 '' <Latency = 0> <II = 1> <Delay = 1.00> <Generic> <Opcode : >

State 2 <SV = 1> <Delay = 0.00>
ST_2 : Operation 4 [1/1] (0.00ns)   --->   "call void (...)* @_ssdm_op_SpecStableContent([4 x i16]* %weights_V21050)"   --->   Operation 4 'specstablecontent' <Predicate = true> <Delay = 0.00>
ST_2 : Operation 5 [1/1] (0.00ns)   --->   "call void (...)* @_ssdm_op_SpecStableContent([4 x i16]* %weights_V21051)"   --->   Operation 5 'specstablecontent' <Predicate = true> <Delay = 0.00>
ST_2 : Operation 6 [1/1] (0.00ns)   --->   "call void (...)* @_ssdm_op_SpecStableContent([4 x i16]* %weights_V21052)"   --->   Operation 6 'specstablecontent' <Predicate = true> <Delay = 0.00>
ST_2 : Operation 7 [1/1] (0.00ns)   --->   "call void (...)* @_ssdm_op_SpecStableContent([4 x i16]* %weights_V21053)"   --->   Operation 7 'specstablecontent' <Predicate = true> <Delay = 0.00>
ST_2 : Operation 8 [1/1] (0.00ns)   --->   "call void (...)* @_ssdm_op_SpecStableContent([4 x i16]* %weights_V21054)"   --->   Operation 8 'specstablecontent' <Predicate = true> <Delay = 0.00>
ST_2 : Operation 9 [1/1] (0.00ns)   --->   "call void (...)* @_ssdm_op_SpecStableContent([4 x i16]* %weights_V21155)"   --->   Operation 9 'specstablecontent' <Predicate = true> <Delay = 0.00>
ST_2 : Operation 10 [1/1] (0.00ns)   --->   "call void (...)* @_ssdm_op_SpecStableContent([4 x i16]* %weights_V21156)"   --->   Operation 10 'specstablecontent' <Predicate = true> <Delay = 0.00>
ST_2 : Operation 11 [1/1] (0.00ns)   --->   "call void (...)* @_ssdm_op_SpecStableContent([4 x i16]* %weights_V21157)"   --->   Operation 11 'specstablecontent' <Predicate = true> <Delay = 0.00>
ST_2 : Operation 12 [1/1] (0.00ns)   --->   "call void (...)* @_ssdm_op_SpecStableContent([4 x i16]* %weights_V21158)"   --->   Operation 12 'specstablecontent' <Predicate = true> <Delay = 0.00>
ST_2 : Operation 13 [1/1] (0.00ns)   --->   "call void (...)* @_ssdm_op_SpecStableContent([4 x i16]* %weights_V21159)"   --->   Operation 13 'specstablecontent' <Predicate = true> <Delay = 0.00>
ST_2 : Operation 14 [1/1] (0.00ns)   --->   "call void (...)* @_ssdm_op_SpecStableContent([4 x i16]* %weights_V21260)"   --->   Operation 14 'specstablecontent' <Predicate = true> <Delay = 0.00>
ST_2 : Operation 15 [1/1] (0.00ns)   --->   "call void (...)* @_ssdm_op_SpecStableContent([4 x i16]* %weights_V21261)"   --->   Operation 15 'specstablecontent' <Predicate = true> <Delay = 0.00>
ST_2 : Operation 16 [1/1] (0.00ns)   --->   "call void (...)* @_ssdm_op_SpecStableContent([4 x i16]* %weights_V21262)"   --->   Operation 16 'specstablecontent' <Predicate = true> <Delay = 0.00>
ST_2 : Operation 17 [1/1] (0.00ns)   --->   "call void (...)* @_ssdm_op_SpecStableContent([4 x i16]* %weights_V21263)"   --->   Operation 17 'specstablecontent' <Predicate = true> <Delay = 0.00>
ST_2 : Operation 18 [1/1] (0.00ns)   --->   "call void (...)* @_ssdm_op_SpecStableContent([4 x i16]* %weights_V21264)"   --->   Operation 18 'specstablecontent' <Predicate = true> <Delay = 0.00>
ST_2 : Operation 19 [1/1] (0.00ns)   --->   "call void (...)* @_ssdm_op_SpecStableContent([4 x i16]* %weights_V21365)"   --->   Operation 19 'specstablecontent' <Predicate = true> <Delay = 0.00>
ST_2 : Operation 20 [1/1] (0.00ns)   --->   "call void (...)* @_ssdm_op_SpecStableContent([4 x i16]* %weights_V21366)"   --->   Operation 20 'specstablecontent' <Predicate = true> <Delay = 0.00>
ST_2 : Operation 21 [1/1] (0.00ns)   --->   "call void (...)* @_ssdm_op_SpecStableContent([4 x i16]* %weights_V21367)"   --->   Operation 21 'specstablecontent' <Predicate = true> <Delay = 0.00>
ST_2 : Operation 22 [1/1] (0.00ns)   --->   "call void (...)* @_ssdm_op_SpecStableContent([4 x i16]* %weights_V21368)"   --->   Operation 22 'specstablecontent' <Predicate = true> <Delay = 0.00>
ST_2 : Operation 23 [1/1] (0.00ns)   --->   "call void (...)* @_ssdm_op_SpecStableContent([4 x i16]* %weights_V21369)"   --->   Operation 23 'specstablecontent' <Predicate = true> <Delay = 0.00>
ST_2 : Operation 24 [1/1] (0.00ns)   --->   "call void (...)* @_ssdm_op_SpecStableContent([4 x i16]* %weights_V21470)"   --->   Operation 24 'specstablecontent' <Predicate = true> <Delay = 0.00>
ST_2 : Operation 25 [1/1] (0.00ns)   --->   "call void (...)* @_ssdm_op_SpecStableContent([4 x i16]* %weights_V21471)"   --->   Operation 25 'specstablecontent' <Predicate = true> <Delay = 0.00>
ST_2 : Operation 26 [1/1] (0.00ns)   --->   "call void (...)* @_ssdm_op_SpecStableContent([4 x i16]* %weights_V21472)"   --->   Operation 26 'specstablecontent' <Predicate = true> <Delay = 0.00>
ST_2 : Operation 27 [1/1] (0.00ns)   --->   "call void (...)* @_ssdm_op_SpecStableContent([4 x i16]* %weights_V21473)"   --->   Operation 27 'specstablecontent' <Predicate = true> <Delay = 0.00>
ST_2 : Operation 28 [1/1] (0.00ns)   --->   "call void (...)* @_ssdm_op_SpecStableContent([4 x i16]* %weights_V21474)"   --->   Operation 28 'specstablecontent' <Predicate = true> <Delay = 0.00>
ST_2 : Operation 29 [1/1] (0.00ns)   --->   "call void (...)* @_ssdm_op_SpecMemCore([4 x i16]* %weights_V21474, [1 x i8]* @p_str4, [4 x i8]* @p_str36, [1 x i8]* @p_str4, i32 -1, [1 x i8]* @p_str4, [1 x i8]* @p_str4, [1 x i8]* @p_str4, [1 x i8]* @p_str4, [1 x i8]* @p_str4)"   --->   Operation 29 'specmemcore' <Predicate = true> <Delay = 0.00>
ST_2 : Operation 30 [1/1] (0.00ns)   --->   "call void (...)* @_ssdm_op_SpecMemCore([4 x i16]* %weights_V21473, [1 x i8]* @p_str4, [4 x i8]* @p_str36, [1 x i8]* @p_str4, i32 -1, [1 x i8]* @p_str4, [1 x i8]* @p_str4, [1 x i8]* @p_str4, [1 x i8]* @p_str4, [1 x i8]* @p_str4)"   --->   Operation 30 'specmemcore' <Predicate = true> <Delay = 0.00>
ST_2 : Operation 31 [1/1] (0.00ns)   --->   "call void (...)* @_ssdm_op_SpecMemCore([4 x i16]* %weights_V21472, [1 x i8]* @p_str4, [4 x i8]* @p_str36, [1 x i8]* @p_str4, i32 -1, [1 x i8]* @p_str4, [1 x i8]* @p_str4, [1 x i8]* @p_str4, [1 x i8]* @p_str4, [1 x i8]* @p_str4)"   --->   Operation 31 'specmemcore' <Predicate = true> <Delay = 0.00>
ST_2 : Operation 32 [1/1] (0.00ns)   --->   "call void (...)* @_ssdm_op_SpecMemCore([4 x i16]* %weights_V21471, [1 x i8]* @p_str4, [4 x i8]* @p_str36, [1 x i8]* @p_str4, i32 -1, [1 x i8]* @p_str4, [1 x i8]* @p_str4, [1 x i8]* @p_str4, [1 x i8]* @p_str4, [1 x i8]* @p_str4)"   --->   Operation 32 'specmemcore' <Predicate = true> <Delay = 0.00>
ST_2 : Operation 33 [1/1] (0.00ns)   --->   "call void (...)* @_ssdm_op_SpecMemCore([4 x i16]* %weights_V21470, [1 x i8]* @p_str4, [4 x i8]* @p_str36, [1 x i8]* @p_str4, i32 -1, [1 x i8]* @p_str4, [1 x i8]* @p_str4, [1 x i8]* @p_str4, [1 x i8]* @p_str4, [1 x i8]* @p_str4)"   --->   Operation 33 'specmemcore' <Predicate = true> <Delay = 0.00>
ST_2 : Operation 34 [1/1] (0.00ns)   --->   "call void (...)* @_ssdm_op_SpecMemCore([4 x i16]* %weights_V21369, [1 x i8]* @p_str4, [4 x i8]* @p_str36, [1 x i8]* @p_str4, i32 -1, [1 x i8]* @p_str4, [1 x i8]* @p_str4, [1 x i8]* @p_str4, [1 x i8]* @p_str4, [1 x i8]* @p_str4)"   --->   Operation 34 'specmemcore' <Predicate = true> <Delay = 0.00>
ST_2 : Operation 35 [1/1] (0.00ns)   --->   "call void (...)* @_ssdm_op_SpecMemCore([4 x i16]* %weights_V21368, [1 x i8]* @p_str4, [4 x i8]* @p_str36, [1 x i8]* @p_str4, i32 -1, [1 x i8]* @p_str4, [1 x i8]* @p_str4, [1 x i8]* @p_str4, [1 x i8]* @p_str4, [1 x i8]* @p_str4)"   --->   Operation 35 'specmemcore' <Predicate = true> <Delay = 0.00>
ST_2 : Operation 36 [1/1] (0.00ns)   --->   "call void (...)* @_ssdm_op_SpecMemCore([4 x i16]* %weights_V21367, [1 x i8]* @p_str4, [4 x i8]* @p_str36, [1 x i8]* @p_str4, i32 -1, [1 x i8]* @p_str4, [1 x i8]* @p_str4, [1 x i8]* @p_str4, [1 x i8]* @p_str4, [1 x i8]* @p_str4)"   --->   Operation 36 'specmemcore' <Predicate = true> <Delay = 0.00>
ST_2 : Operation 37 [1/1] (0.00ns)   --->   "call void (...)* @_ssdm_op_SpecMemCore([4 x i16]* %weights_V21366, [1 x i8]* @p_str4, [4 x i8]* @p_str36, [1 x i8]* @p_str4, i32 -1, [1 x i8]* @p_str4, [1 x i8]* @p_str4, [1 x i8]* @p_str4, [1 x i8]* @p_str4, [1 x i8]* @p_str4)"   --->   Operation 37 'specmemcore' <Predicate = true> <Delay = 0.00>
ST_2 : Operation 38 [1/1] (0.00ns)   --->   "call void (...)* @_ssdm_op_SpecMemCore([4 x i16]* %weights_V21365, [1 x i8]* @p_str4, [4 x i8]* @p_str36, [1 x i8]* @p_str4, i32 -1, [1 x i8]* @p_str4, [1 x i8]* @p_str4, [1 x i8]* @p_str4, [1 x i8]* @p_str4, [1 x i8]* @p_str4)"   --->   Operation 38 'specmemcore' <Predicate = true> <Delay = 0.00>
ST_2 : Operation 39 [1/1] (0.00ns)   --->   "call void (...)* @_ssdm_op_SpecMemCore([4 x i16]* %weights_V21264, [1 x i8]* @p_str4, [4 x i8]* @p_str36, [1 x i8]* @p_str4, i32 -1, [1 x i8]* @p_str4, [1 x i8]* @p_str4, [1 x i8]* @p_str4, [1 x i8]* @p_str4, [1 x i8]* @p_str4)"   --->   Operation 39 'specmemcore' <Predicate = true> <Delay = 0.00>
ST_2 : Operation 40 [1/1] (0.00ns)   --->   "call void (...)* @_ssdm_op_SpecMemCore([4 x i16]* %weights_V21263, [1 x i8]* @p_str4, [4 x i8]* @p_str36, [1 x i8]* @p_str4, i32 -1, [1 x i8]* @p_str4, [1 x i8]* @p_str4, [1 x i8]* @p_str4, [1 x i8]* @p_str4, [1 x i8]* @p_str4)"   --->   Operation 40 'specmemcore' <Predicate = true> <Delay = 0.00>
ST_2 : Operation 41 [1/1] (0.00ns)   --->   "call void (...)* @_ssdm_op_SpecMemCore([4 x i16]* %weights_V21262, [1 x i8]* @p_str4, [4 x i8]* @p_str36, [1 x i8]* @p_str4, i32 -1, [1 x i8]* @p_str4, [1 x i8]* @p_str4, [1 x i8]* @p_str4, [1 x i8]* @p_str4, [1 x i8]* @p_str4)"   --->   Operation 41 'specmemcore' <Predicate = true> <Delay = 0.00>
ST_2 : Operation 42 [1/1] (0.00ns)   --->   "call void (...)* @_ssdm_op_SpecMemCore([4 x i16]* %weights_V21261, [1 x i8]* @p_str4, [4 x i8]* @p_str36, [1 x i8]* @p_str4, i32 -1, [1 x i8]* @p_str4, [1 x i8]* @p_str4, [1 x i8]* @p_str4, [1 x i8]* @p_str4, [1 x i8]* @p_str4)"   --->   Operation 42 'specmemcore' <Predicate = true> <Delay = 0.00>
ST_2 : Operation 43 [1/1] (0.00ns)   --->   "call void (...)* @_ssdm_op_SpecMemCore([4 x i16]* %weights_V21260, [1 x i8]* @p_str4, [4 x i8]* @p_str36, [1 x i8]* @p_str4, i32 -1, [1 x i8]* @p_str4, [1 x i8]* @p_str4, [1 x i8]* @p_str4, [1 x i8]* @p_str4, [1 x i8]* @p_str4)"   --->   Operation 43 'specmemcore' <Predicate = true> <Delay = 0.00>
ST_2 : Operation 44 [1/1] (0.00ns)   --->   "call void (...)* @_ssdm_op_SpecMemCore([4 x i16]* %weights_V21159, [1 x i8]* @p_str4, [4 x i8]* @p_str36, [1 x i8]* @p_str4, i32 -1, [1 x i8]* @p_str4, [1 x i8]* @p_str4, [1 x i8]* @p_str4, [1 x i8]* @p_str4, [1 x i8]* @p_str4)"   --->   Operation 44 'specmemcore' <Predicate = true> <Delay = 0.00>
ST_2 : Operation 45 [1/1] (0.00ns)   --->   "call void (...)* @_ssdm_op_SpecMemCore([4 x i16]* %weights_V21158, [1 x i8]* @p_str4, [4 x i8]* @p_str36, [1 x i8]* @p_str4, i32 -1, [1 x i8]* @p_str4, [1 x i8]* @p_str4, [1 x i8]* @p_str4, [1 x i8]* @p_str4, [1 x i8]* @p_str4)"   --->   Operation 45 'specmemcore' <Predicate = true> <Delay = 0.00>
ST_2 : Operation 46 [1/1] (0.00ns)   --->   "call void (...)* @_ssdm_op_SpecMemCore([4 x i16]* %weights_V21157, [1 x i8]* @p_str4, [4 x i8]* @p_str36, [1 x i8]* @p_str4, i32 -1, [1 x i8]* @p_str4, [1 x i8]* @p_str4, [1 x i8]* @p_str4, [1 x i8]* @p_str4, [1 x i8]* @p_str4)"   --->   Operation 46 'specmemcore' <Predicate = true> <Delay = 0.00>
ST_2 : Operation 47 [1/1] (0.00ns)   --->   "call void (...)* @_ssdm_op_SpecMemCore([4 x i16]* %weights_V21156, [1 x i8]* @p_str4, [4 x i8]* @p_str36, [1 x i8]* @p_str4, i32 -1, [1 x i8]* @p_str4, [1 x i8]* @p_str4, [1 x i8]* @p_str4, [1 x i8]* @p_str4, [1 x i8]* @p_str4)"   --->   Operation 47 'specmemcore' <Predicate = true> <Delay = 0.00>
ST_2 : Operation 48 [1/1] (0.00ns)   --->   "call void (...)* @_ssdm_op_SpecMemCore([4 x i16]* %weights_V21155, [1 x i8]* @p_str4, [4 x i8]* @p_str36, [1 x i8]* @p_str4, i32 -1, [1 x i8]* @p_str4, [1 x i8]* @p_str4, [1 x i8]* @p_str4, [1 x i8]* @p_str4, [1 x i8]* @p_str4)"   --->   Operation 48 'specmemcore' <Predicate = true> <Delay = 0.00>
ST_2 : Operation 49 [1/1] (0.00ns)   --->   "call void (...)* @_ssdm_op_SpecMemCore([4 x i16]* %weights_V21054, [1 x i8]* @p_str4, [4 x i8]* @p_str36, [1 x i8]* @p_str4, i32 -1, [1 x i8]* @p_str4, [1 x i8]* @p_str4, [1 x i8]* @p_str4, [1 x i8]* @p_str4, [1 x i8]* @p_str4)"   --->   Operation 49 'specmemcore' <Predicate = true> <Delay = 0.00>
ST_2 : Operation 50 [1/1] (0.00ns)   --->   "call void (...)* @_ssdm_op_SpecMemCore([4 x i16]* %weights_V21053, [1 x i8]* @p_str4, [4 x i8]* @p_str36, [1 x i8]* @p_str4, i32 -1, [1 x i8]* @p_str4, [1 x i8]* @p_str4, [1 x i8]* @p_str4, [1 x i8]* @p_str4, [1 x i8]* @p_str4)"   --->   Operation 50 'specmemcore' <Predicate = true> <Delay = 0.00>
ST_2 : Operation 51 [1/1] (0.00ns)   --->   "call void (...)* @_ssdm_op_SpecMemCore([4 x i16]* %weights_V21052, [1 x i8]* @p_str4, [4 x i8]* @p_str36, [1 x i8]* @p_str4, i32 -1, [1 x i8]* @p_str4, [1 x i8]* @p_str4, [1 x i8]* @p_str4, [1 x i8]* @p_str4, [1 x i8]* @p_str4)"   --->   Operation 51 'specmemcore' <Predicate = true> <Delay = 0.00>
ST_2 : Operation 52 [1/1] (0.00ns)   --->   "call void (...)* @_ssdm_op_SpecMemCore([4 x i16]* %weights_V21051, [1 x i8]* @p_str4, [4 x i8]* @p_str36, [1 x i8]* @p_str4, i32 -1, [1 x i8]* @p_str4, [1 x i8]* @p_str4, [1 x i8]* @p_str4, [1 x i8]* @p_str4, [1 x i8]* @p_str4)"   --->   Operation 52 'specmemcore' <Predicate = true> <Delay = 0.00>
ST_2 : Operation 53 [1/1] (0.00ns)   --->   "call void (...)* @_ssdm_op_SpecMemCore([4 x i16]* %weights_V21050, [1 x i8]* @p_str4, [4 x i8]* @p_str36, [1 x i8]* @p_str4, i32 -1, [1 x i8]* @p_str4, [1 x i8]* @p_str4, [1 x i8]* @p_str4, [1 x i8]* @p_str4, [1 x i8]* @p_str4)"   --->   Operation 53 'specmemcore' <Predicate = true> <Delay = 0.00>
ST_2 : Operation 54 [1/1] (0.00ns)   --->   "call void (...)* @_ssdm_op_SpecInterface(i30* %out_V_V8, [8 x i8]* @ap_fifo_str, i32 0, i32 0, [1 x i8]* @p_str, i32 0, i32 0, [1 x i8]* @p_str, [1 x i8]* @p_str, [1 x i8]* @p_str, i32 2, i32 2, i32 16, i32 16, [1 x i8]* @p_str, [1 x i8]* @p_str)"   --->   Operation 54 'specinterface' <Predicate = true> <Delay = 0.00>
ST_2 : Operation 55 [1/1] (0.00ns)   --->   "call void (...)* @_ssdm_op_SpecInterface(i16* %in_V_V531159, [8 x i8]* @ap_fifo_str, i32 0, i32 0, [1 x i8]* @p_str, i32 0, i32 0, [1 x i8]* @p_str, [1 x i8]* @p_str, [1 x i8]* @p_str, i32 2, i32 2, i32 16, i32 16, [1 x i8]* @p_str, [1 x i8]* @p_str)"   --->   Operation 55 'specinterface' <Predicate = true> <Delay = 0.00>
ST_2 : Operation 56 [1/1] (0.00ns)   --->   "call void (...)* @_ssdm_op_SpecInterface(i16* %in_V_V531158, [8 x i8]* @ap_fifo_str, i32 0, i32 0, [1 x i8]* @p_str, i32 0, i32 0, [1 x i8]* @p_str, [1 x i8]* @p_str, [1 x i8]* @p_str, i32 2, i32 2, i32 16, i32 16, [1 x i8]* @p_str, [1 x i8]* @p_str)"   --->   Operation 56 'specinterface' <Predicate = true> <Delay = 0.00>
ST_2 : Operation 57 [1/1] (0.00ns)   --->   "call void (...)* @_ssdm_op_SpecInterface(i16* %in_V_V531157, [8 x i8]* @ap_fifo_str, i32 0, i32 0, [1 x i8]* @p_str, i32 0, i32 0, [1 x i8]* @p_str, [1 x i8]* @p_str, [1 x i8]* @p_str, i32 2, i32 2, i32 16, i32 16, [1 x i8]* @p_str, [1 x i8]* @p_str)"   --->   Operation 57 'specinterface' <Predicate = true> <Delay = 0.00>
ST_2 : Operation 58 [1/1] (0.00ns)   --->   "call void (...)* @_ssdm_op_SpecInterface(i16* %in_V_V531156, [8 x i8]* @ap_fifo_str, i32 0, i32 0, [1 x i8]* @p_str, i32 0, i32 0, [1 x i8]* @p_str, [1 x i8]* @p_str, [1 x i8]* @p_str, i32 2, i32 2, i32 16, i32 16, [1 x i8]* @p_str, [1 x i8]* @p_str)"   --->   Operation 58 'specinterface' <Predicate = true> <Delay = 0.00>
ST_2 : Operation 59 [1/1] (0.00ns)   --->   "call void (...)* @_ssdm_op_SpecInterface(i16* %in_V_V531, [8 x i8]* @ap_fifo_str, i32 0, i32 0, [1 x i8]* @p_str, i32 0, i32 0, [1 x i8]* @p_str, [1 x i8]* @p_str, [1 x i8]* @p_str, i32 2, i32 2, i32 16, i32 16, [1 x i8]* @p_str, [1 x i8]* @p_str)"   --->   Operation 59 'specinterface' <Predicate = true> <Delay = 0.00>
ST_2 : Operation 60 [1/1] (0.00ns)   --->   "call void (...)* @_ssdm_op_SpecInterface(i16* %in_V_V530155, [8 x i8]* @ap_fifo_str, i32 0, i32 0, [1 x i8]* @p_str, i32 0, i32 0, [1 x i8]* @p_str, [1 x i8]* @p_str, [1 x i8]* @p_str, i32 2, i32 2, i32 16, i32 16, [1 x i8]* @p_str, [1 x i8]* @p_str)"   --->   Operation 60 'specinterface' <Predicate = true> <Delay = 0.00>
ST_2 : Operation 61 [1/1] (0.00ns)   --->   "call void (...)* @_ssdm_op_SpecInterface(i16* %in_V_V530154, [8 x i8]* @ap_fifo_str, i32 0, i32 0, [1 x i8]* @p_str, i32 0, i32 0, [1 x i8]* @p_str, [1 x i8]* @p_str, [1 x i8]* @p_str, i32 2, i32 2, i32 16, i32 16, [1 x i8]* @p_str, [1 x i8]* @p_str)"   --->   Operation 61 'specinterface' <Predicate = true> <Delay = 0.00>
ST_2 : Operation 62 [1/1] (0.00ns)   --->   "call void (...)* @_ssdm_op_SpecInterface(i16* %in_V_V530153, [8 x i8]* @ap_fifo_str, i32 0, i32 0, [1 x i8]* @p_str, i32 0, i32 0, [1 x i8]* @p_str, [1 x i8]* @p_str, [1 x i8]* @p_str, i32 2, i32 2, i32 16, i32 16, [1 x i8]* @p_str, [1 x i8]* @p_str)"   --->   Operation 62 'specinterface' <Predicate = true> <Delay = 0.00>
ST_2 : Operation 63 [1/1] (0.00ns)   --->   "call void (...)* @_ssdm_op_SpecInterface(i16* %in_V_V530152, [8 x i8]* @ap_fifo_str, i32 0, i32 0, [1 x i8]* @p_str, i32 0, i32 0, [1 x i8]* @p_str, [1 x i8]* @p_str, [1 x i8]* @p_str, i32 2, i32 2, i32 16, i32 16, [1 x i8]* @p_str, [1 x i8]* @p_str)"   --->   Operation 63 'specinterface' <Predicate = true> <Delay = 0.00>
ST_2 : Operation 64 [1/1] (0.00ns)   --->   "call void (...)* @_ssdm_op_SpecInterface(i16* %in_V_V530, [8 x i8]* @ap_fifo_str, i32 0, i32 0, [1 x i8]* @p_str, i32 0, i32 0, [1 x i8]* @p_str, [1 x i8]* @p_str, [1 x i8]* @p_str, i32 2, i32 2, i32 16, i32 16, [1 x i8]* @p_str, [1 x i8]* @p_str)"   --->   Operation 64 'specinterface' <Predicate = true> <Delay = 0.00>
ST_2 : Operation 65 [1/1] (0.00ns)   --->   "call void (...)* @_ssdm_op_SpecInterface(i16* %in_V_V529151, [8 x i8]* @ap_fifo_str, i32 0, i32 0, [1 x i8]* @p_str, i32 0, i32 0, [1 x i8]* @p_str, [1 x i8]* @p_str, [1 x i8]* @p_str, i32 2, i32 2, i32 16, i32 16, [1 x i8]* @p_str, [1 x i8]* @p_str)"   --->   Operation 65 'specinterface' <Predicate = true> <Delay = 0.00>
ST_2 : Operation 66 [1/1] (0.00ns)   --->   "call void (...)* @_ssdm_op_SpecInterface(i16* %in_V_V529150, [8 x i8]* @ap_fifo_str, i32 0, i32 0, [1 x i8]* @p_str, i32 0, i32 0, [1 x i8]* @p_str, [1 x i8]* @p_str, [1 x i8]* @p_str, i32 2, i32 2, i32 16, i32 16, [1 x i8]* @p_str, [1 x i8]* @p_str)"   --->   Operation 66 'specinterface' <Predicate = true> <Delay = 0.00>
ST_2 : Operation 67 [1/1] (0.00ns)   --->   "call void (...)* @_ssdm_op_SpecInterface(i16* %in_V_V529149, [8 x i8]* @ap_fifo_str, i32 0, i32 0, [1 x i8]* @p_str, i32 0, i32 0, [1 x i8]* @p_str, [1 x i8]* @p_str, [1 x i8]* @p_str, i32 2, i32 2, i32 16, i32 16, [1 x i8]* @p_str, [1 x i8]* @p_str)"   --->   Operation 67 'specinterface' <Predicate = true> <Delay = 0.00>
ST_2 : Operation 68 [1/1] (0.00ns)   --->   "call void (...)* @_ssdm_op_SpecInterface(i16* %in_V_V529148, [8 x i8]* @ap_fifo_str, i32 0, i32 0, [1 x i8]* @p_str, i32 0, i32 0, [1 x i8]* @p_str, [1 x i8]* @p_str, [1 x i8]* @p_str, i32 2, i32 2, i32 16, i32 16, [1 x i8]* @p_str, [1 x i8]* @p_str)"   --->   Operation 68 'specinterface' <Predicate = true> <Delay = 0.00>
ST_2 : Operation 69 [1/1] (0.00ns)   --->   "call void (...)* @_ssdm_op_SpecInterface(i16* %in_V_V529, [8 x i8]* @ap_fifo_str, i32 0, i32 0, [1 x i8]* @p_str, i32 0, i32 0, [1 x i8]* @p_str, [1 x i8]* @p_str, [1 x i8]* @p_str, i32 2, i32 2, i32 16, i32 16, [1 x i8]* @p_str, [1 x i8]* @p_str)"   --->   Operation 69 'specinterface' <Predicate = true> <Delay = 0.00>
ST_2 : Operation 70 [1/1] (0.00ns)   --->   "call void (...)* @_ssdm_op_SpecInterface(i16* %in_V_V528147, [8 x i8]* @ap_fifo_str, i32 0, i32 0, [1 x i8]* @p_str, i32 0, i32 0, [1 x i8]* @p_str, [1 x i8]* @p_str, [1 x i8]* @p_str, i32 2, i32 2, i32 16, i32 16, [1 x i8]* @p_str, [1 x i8]* @p_str)"   --->   Operation 70 'specinterface' <Predicate = true> <Delay = 0.00>
ST_2 : Operation 71 [1/1] (0.00ns)   --->   "call void (...)* @_ssdm_op_SpecInterface(i16* %in_V_V528146, [8 x i8]* @ap_fifo_str, i32 0, i32 0, [1 x i8]* @p_str, i32 0, i32 0, [1 x i8]* @p_str, [1 x i8]* @p_str, [1 x i8]* @p_str, i32 2, i32 2, i32 16, i32 16, [1 x i8]* @p_str, [1 x i8]* @p_str)"   --->   Operation 71 'specinterface' <Predicate = true> <Delay = 0.00>
ST_2 : Operation 72 [1/1] (0.00ns)   --->   "call void (...)* @_ssdm_op_SpecInterface(i16* %in_V_V528145, [8 x i8]* @ap_fifo_str, i32 0, i32 0, [1 x i8]* @p_str, i32 0, i32 0, [1 x i8]* @p_str, [1 x i8]* @p_str, [1 x i8]* @p_str, i32 2, i32 2, i32 16, i32 16, [1 x i8]* @p_str, [1 x i8]* @p_str)"   --->   Operation 72 'specinterface' <Predicate = true> <Delay = 0.00>
ST_2 : Operation 73 [1/1] (0.00ns)   --->   "call void (...)* @_ssdm_op_SpecInterface(i16* %in_V_V528144, [8 x i8]* @ap_fifo_str, i32 0, i32 0, [1 x i8]* @p_str, i32 0, i32 0, [1 x i8]* @p_str, [1 x i8]* @p_str, [1 x i8]* @p_str, i32 2, i32 2, i32 16, i32 16, [1 x i8]* @p_str, [1 x i8]* @p_str)"   --->   Operation 73 'specinterface' <Predicate = true> <Delay = 0.00>
ST_2 : Operation 74 [1/1] (0.00ns)   --->   "call void (...)* @_ssdm_op_SpecInterface(i16* %in_V_V528, [8 x i8]* @ap_fifo_str, i32 0, i32 0, [1 x i8]* @p_str, i32 0, i32 0, [1 x i8]* @p_str, [1 x i8]* @p_str, [1 x i8]* @p_str, i32 2, i32 2, i32 16, i32 16, [1 x i8]* @p_str, [1 x i8]* @p_str)"   --->   Operation 74 'specinterface' <Predicate = true> <Delay = 0.00>
ST_2 : Operation 75 [1/1] (0.00ns)   --->   "call void (...)* @_ssdm_op_SpecInterface(i16* %in_V_V5143, [8 x i8]* @ap_fifo_str, i32 0, i32 0, [1 x i8]* @p_str, i32 0, i32 0, [1 x i8]* @p_str, [1 x i8]* @p_str, [1 x i8]* @p_str, i32 2, i32 2, i32 16, i32 16, [1 x i8]* @p_str, [1 x i8]* @p_str)"   --->   Operation 75 'specinterface' <Predicate = true> <Delay = 0.00>
ST_2 : Operation 76 [1/1] (0.00ns)   --->   "call void (...)* @_ssdm_op_SpecInterface(i16* %in_V_V5142, [8 x i8]* @ap_fifo_str, i32 0, i32 0, [1 x i8]* @p_str, i32 0, i32 0, [1 x i8]* @p_str, [1 x i8]* @p_str, [1 x i8]* @p_str, i32 2, i32 2, i32 16, i32 16, [1 x i8]* @p_str, [1 x i8]* @p_str)"   --->   Operation 76 'specinterface' <Predicate = true> <Delay = 0.00>
ST_2 : Operation 77 [1/1] (0.00ns)   --->   "call void (...)* @_ssdm_op_SpecInterface(i16* %in_V_V5141, [8 x i8]* @ap_fifo_str, i32 0, i32 0, [1 x i8]* @p_str, i32 0, i32 0, [1 x i8]* @p_str, [1 x i8]* @p_str, [1 x i8]* @p_str, i32 2, i32 2, i32 16, i32 16, [1 x i8]* @p_str, [1 x i8]* @p_str)"   --->   Operation 77 'specinterface' <Predicate = true> <Delay = 0.00>
ST_2 : Operation 78 [1/1] (0.00ns)   --->   "call void (...)* @_ssdm_op_SpecInterface(i16* %in_V_V5140, [8 x i8]* @ap_fifo_str, i32 0, i32 0, [1 x i8]* @p_str, i32 0, i32 0, [1 x i8]* @p_str, [1 x i8]* @p_str, [1 x i8]* @p_str, i32 2, i32 2, i32 16, i32 16, [1 x i8]* @p_str, [1 x i8]* @p_str)"   --->   Operation 78 'specinterface' <Predicate = true> <Delay = 0.00>
ST_2 : Operation 79 [1/1] (0.00ns)   --->   "call void (...)* @_ssdm_op_SpecInterface(i16* %in_V_V5, [8 x i8]* @ap_fifo_str, i32 0, i32 0, [1 x i8]* @p_str, i32 0, i32 0, [1 x i8]* @p_str, [1 x i8]* @p_str, [1 x i8]* @p_str, i32 2, i32 2, i32 16, i32 16, [1 x i8]* @p_str, [1 x i8]* @p_str)"   --->   Operation 79 'specinterface' <Predicate = true> <Delay = 0.00>
ST_2 : Operation 80 [1/2] (0.00ns)   --->   "call fastcc void @conv507(i16* %in_V_V5, i16* %in_V_V5140, i16* %in_V_V5141, i16* %in_V_V5142, i16* %in_V_V5143, i16* %in_V_V528, i16* %in_V_V528144, i16* %in_V_V528145, i16* %in_V_V528146, i16* %in_V_V528147, i16* %in_V_V529, i16* %in_V_V529148, i16* %in_V_V529149, i16* %in_V_V529150, i16* %in_V_V529151, i16* %in_V_V530, i16* %in_V_V530152, i16* %in_V_V530153, i16* %in_V_V530154, i16* %in_V_V530155, i16* %in_V_V531, i16* %in_V_V531156, i16* %in_V_V531157, i16* %in_V_V531158, i16* %in_V_V531159, [4 x i16]* %weights_V21050, [4 x i16]* %weights_V21051, [4 x i16]* %weights_V21052, [4 x i16]* %weights_V21053, [4 x i16]* %weights_V21054, [4 x i16]* %weights_V21155, [4 x i16]* %weights_V21156, [4 x i16]* %weights_V21157, [4 x i16]* %weights_V21158, [4 x i16]* %weights_V21159, [4 x i16]* %weights_V21260, [4 x i16]* %weights_V21261, [4 x i16]* %weights_V21262, [4 x i16]* %weights_V21263, [4 x i16]* %weights_V21264, [4 x i16]* %weights_V21365, [4 x i16]* %weights_V21366, [4 x i16]* %weights_V21367, [4 x i16]* %weights_V21368, [4 x i16]* %weights_V21369, [4 x i16]* %weights_V21470, [4 x i16]* %weights_V21471, [4 x i16]* %weights_V21472, [4 x i16]* %weights_V21473, [4 x i16]* %weights_V21474, i30* %out_V_V8)" [partition_0/src/Conv_0.cpp:68]   --->   Operation 80 'call' <Predicate = true> <Delay = 0.00> <CoreType = "Generic">   --->   Core 0 '' <Latency = 0> <II = 1> <Delay = 1.00> <Generic> <Opcode : >
ST_2 : Operation 81 [1/1] (0.00ns)   --->   "ret void" [partition_0/src/Conv_0.cpp:86]   --->   Operation 81 'ret' <Predicate = true> <Delay = 0.00>


============================================================
+ Verbose Summary: Binding
============================================================
STG Binding: 
---------------- STG Properties BEGIN ----------------
- Is combinational: 0
- Is one-state seq: 0
- Is datapath-only: 0
- Is pipelined: 0
- Is top level: 0
Port [ Return ] is wired: 1; IO mode=ap_ctrl_hs:ce=0
Port [ weights_V21050]:  wired=1; compound=1; hidden=0; nouse=0; global=0; static=0; extern=0; dir=0; type=1; pingpong=0; private_global=0; MemPort=[13]; IO mode=ap_stable:ce=0
Port [ weights_V21051]:  wired=1; compound=1; hidden=0; nouse=0; global=0; static=0; extern=0; dir=0; type=1; pingpong=0; private_global=0; MemPort=[13]; IO mode=ap_stable:ce=0
Port [ weights_V21052]:  wired=1; compound=1; hidden=0; nouse=0; global=0; static=0; extern=0; dir=0; type=1; pingpong=0; private_global=0; MemPort=[13]; IO mode=ap_stable:ce=0
Port [ weights_V21053]:  wired=1; compound=1; hidden=0; nouse=0; global=0; static=0; extern=0; dir=0; type=1; pingpong=0; private_global=0; MemPort=[13]; IO mode=ap_stable:ce=0
Port [ weights_V21054]:  wired=1; compound=1; hidden=0; nouse=0; global=0; static=0; extern=0; dir=0; type=1; pingpong=0; private_global=0; MemPort=[13]; IO mode=ap_stable:ce=0
Port [ weights_V21155]:  wired=1; compound=1; hidden=0; nouse=0; global=0; static=0; extern=0; dir=0; type=1; pingpong=0; private_global=0; MemPort=[13]; IO mode=ap_stable:ce=0
Port [ weights_V21156]:  wired=1; compound=1; hidden=0; nouse=0; global=0; static=0; extern=0; dir=0; type=1; pingpong=0; private_global=0; MemPort=[13]; IO mode=ap_stable:ce=0
Port [ weights_V21157]:  wired=1; compound=1; hidden=0; nouse=0; global=0; static=0; extern=0; dir=0; type=1; pingpong=0; private_global=0; MemPort=[13]; IO mode=ap_stable:ce=0
Port [ weights_V21158]:  wired=1; compound=1; hidden=0; nouse=0; global=0; static=0; extern=0; dir=0; type=1; pingpong=0; private_global=0; MemPort=[13]; IO mode=ap_stable:ce=0
Port [ weights_V21159]:  wired=1; compound=1; hidden=0; nouse=0; global=0; static=0; extern=0; dir=0; type=1; pingpong=0; private_global=0; MemPort=[13]; IO mode=ap_stable:ce=0
Port [ weights_V21260]:  wired=1; compound=1; hidden=0; nouse=0; global=0; static=0; extern=0; dir=0; type=1; pingpong=0; private_global=0; MemPort=[13]; IO mode=ap_stable:ce=0
Port [ weights_V21261]:  wired=1; compound=1; hidden=0; nouse=0; global=0; static=0; extern=0; dir=0; type=1; pingpong=0; private_global=0; MemPort=[13]; IO mode=ap_stable:ce=0
Port [ weights_V21262]:  wired=1; compound=1; hidden=0; nouse=0; global=0; static=0; extern=0; dir=0; type=1; pingpong=0; private_global=0; MemPort=[13]; IO mode=ap_stable:ce=0
Port [ weights_V21263]:  wired=1; compound=1; hidden=0; nouse=0; global=0; static=0; extern=0; dir=0; type=1; pingpong=0; private_global=0; MemPort=[13]; IO mode=ap_stable:ce=0
Port [ weights_V21264]:  wired=1; compound=1; hidden=0; nouse=0; global=0; static=0; extern=0; dir=0; type=1; pingpong=0; private_global=0; MemPort=[13]; IO mode=ap_stable:ce=0
Port [ weights_V21365]:  wired=1; compound=1; hidden=0; nouse=0; global=0; static=0; extern=0; dir=0; type=1; pingpong=0; private_global=0; MemPort=[13]; IO mode=ap_stable:ce=0
Port [ weights_V21366]:  wired=1; compound=1; hidden=0; nouse=0; global=0; static=0; extern=0; dir=0; type=1; pingpong=0; private_global=0; MemPort=[13]; IO mode=ap_stable:ce=0
Port [ weights_V21367]:  wired=1; compound=1; hidden=0; nouse=0; global=0; static=0; extern=0; dir=0; type=1; pingpong=0; private_global=0; MemPort=[13]; IO mode=ap_stable:ce=0
Port [ weights_V21368]:  wired=1; compound=1; hidden=0; nouse=0; global=0; static=0; extern=0; dir=0; type=1; pingpong=0; private_global=0; MemPort=[13]; IO mode=ap_stable:ce=0
Port [ weights_V21369]:  wired=1; compound=1; hidden=0; nouse=0; global=0; static=0; extern=0; dir=0; type=1; pingpong=0; private_global=0; MemPort=[13]; IO mode=ap_stable:ce=0
Port [ weights_V21470]:  wired=1; compound=1; hidden=0; nouse=0; global=0; static=0; extern=0; dir=0; type=1; pingpong=0; private_global=0; MemPort=[13]; IO mode=ap_stable:ce=0
Port [ weights_V21471]:  wired=1; compound=1; hidden=0; nouse=0; global=0; static=0; extern=0; dir=0; type=1; pingpong=0; private_global=0; MemPort=[13]; IO mode=ap_stable:ce=0
Port [ weights_V21472]:  wired=1; compound=1; hidden=0; nouse=0; global=0; static=0; extern=0; dir=0; type=1; pingpong=0; private_global=0; MemPort=[13]; IO mode=ap_stable:ce=0
Port [ weights_V21473]:  wired=1; compound=1; hidden=0; nouse=0; global=0; static=0; extern=0; dir=0; type=1; pingpong=0; private_global=0; MemPort=[13]; IO mode=ap_stable:ce=0
Port [ weights_V21474]:  wired=1; compound=1; hidden=0; nouse=0; global=0; static=0; extern=0; dir=0; type=1; pingpong=0; private_global=0; MemPort=[13]; IO mode=ap_stable:ce=0
Port [ in_V_V5]:  wired=1; compound=1; hidden=0; nouse=0; global=0; static=0; extern=0; dir=0; type=3; pingpong=0; private_global=0; IO mode=ap_fifo:ce=0
Port [ in_V_V5140]:  wired=1; compound=1; hidden=0; nouse=0; global=0; static=0; extern=0; dir=0; type=3; pingpong=0; private_global=0; IO mode=ap_fifo:ce=0
Port [ in_V_V5141]:  wired=1; compound=1; hidden=0; nouse=0; global=0; static=0; extern=0; dir=0; type=3; pingpong=0; private_global=0; IO mode=ap_fifo:ce=0
Port [ in_V_V5142]:  wired=1; compound=1; hidden=0; nouse=0; global=0; static=0; extern=0; dir=0; type=3; pingpong=0; private_global=0; IO mode=ap_fifo:ce=0
Port [ in_V_V5143]:  wired=1; compound=1; hidden=0; nouse=0; global=0; static=0; extern=0; dir=0; type=3; pingpong=0; private_global=0; IO mode=ap_fifo:ce=0
Port [ in_V_V528]:  wired=1; compound=1; hidden=0; nouse=0; global=0; static=0; extern=0; dir=0; type=3; pingpong=0; private_global=0; IO mode=ap_fifo:ce=0
Port [ in_V_V528144]:  wired=1; compound=1; hidden=0; nouse=0; global=0; static=0; extern=0; dir=0; type=3; pingpong=0; private_global=0; IO mode=ap_fifo:ce=0
Port [ in_V_V528145]:  wired=1; compound=1; hidden=0; nouse=0; global=0; static=0; extern=0; dir=0; type=3; pingpong=0; private_global=0; IO mode=ap_fifo:ce=0
Port [ in_V_V528146]:  wired=1; compound=1; hidden=0; nouse=0; global=0; static=0; extern=0; dir=0; type=3; pingpong=0; private_global=0; IO mode=ap_fifo:ce=0
Port [ in_V_V528147]:  wired=1; compound=1; hidden=0; nouse=0; global=0; static=0; extern=0; dir=0; type=3; pingpong=0; private_global=0; IO mode=ap_fifo:ce=0
Port [ in_V_V529]:  wired=1; compound=1; hidden=0; nouse=0; global=0; static=0; extern=0; dir=0; type=3; pingpong=0; private_global=0; IO mode=ap_fifo:ce=0
Port [ in_V_V529148]:  wired=1; compound=1; hidden=0; nouse=0; global=0; static=0; extern=0; dir=0; type=3; pingpong=0; private_global=0; IO mode=ap_fifo:ce=0
Port [ in_V_V529149]:  wired=1; compound=1; hidden=0; nouse=0; global=0; static=0; extern=0; dir=0; type=3; pingpong=0; private_global=0; IO mode=ap_fifo:ce=0
Port [ in_V_V529150]:  wired=1; compound=1; hidden=0; nouse=0; global=0; static=0; extern=0; dir=0; type=3; pingpong=0; private_global=0; IO mode=ap_fifo:ce=0
Port [ in_V_V529151]:  wired=1; compound=1; hidden=0; nouse=0; global=0; static=0; extern=0; dir=0; type=3; pingpong=0; private_global=0; IO mode=ap_fifo:ce=0
Port [ in_V_V530]:  wired=1; compound=1; hidden=0; nouse=0; global=0; static=0; extern=0; dir=0; type=3; pingpong=0; private_global=0; IO mode=ap_fifo:ce=0
Port [ in_V_V530152]:  wired=1; compound=1; hidden=0; nouse=0; global=0; static=0; extern=0; dir=0; type=3; pingpong=0; private_global=0; IO mode=ap_fifo:ce=0
Port [ in_V_V530153]:  wired=1; compound=1; hidden=0; nouse=0; global=0; static=0; extern=0; dir=0; type=3; pingpong=0; private_global=0; IO mode=ap_fifo:ce=0
Port [ in_V_V530154]:  wired=1; compound=1; hidden=0; nouse=0; global=0; static=0; extern=0; dir=0; type=3; pingpong=0; private_global=0; IO mode=ap_fifo:ce=0
Port [ in_V_V530155]:  wired=1; compound=1; hidden=0; nouse=0; global=0; static=0; extern=0; dir=0; type=3; pingpong=0; private_global=0; IO mode=ap_fifo:ce=0
Port [ in_V_V531]:  wired=1; compound=1; hidden=0; nouse=0; global=0; static=0; extern=0; dir=0; type=3; pingpong=0; private_global=0; IO mode=ap_fifo:ce=0
Port [ in_V_V531156]:  wired=1; compound=1; hidden=0; nouse=0; global=0; static=0; extern=0; dir=0; type=3; pingpong=0; private_global=0; IO mode=ap_fifo:ce=0
Port [ in_V_V531157]:  wired=1; compound=1; hidden=0; nouse=0; global=0; static=0; extern=0; dir=0; type=3; pingpong=0; private_global=0; IO mode=ap_fifo:ce=0
Port [ in_V_V531158]:  wired=1; compound=1; hidden=0; nouse=0; global=0; static=0; extern=0; dir=0; type=3; pingpong=0; private_global=0; IO mode=ap_fifo:ce=0
Port [ in_V_V531159]:  wired=1; compound=1; hidden=0; nouse=0; global=0; static=0; extern=0; dir=0; type=3; pingpong=0; private_global=0; IO mode=ap_fifo:ce=0
Port [ out_V_V8]:  wired=1; compound=1; hidden=0; nouse=0; global=0; static=0; extern=0; dir=1; type=3; pingpong=0; private_global=0; IO mode=ap_fifo:ce=0
Port [ pow_reduce_anonymo_20]:  wired=0; compound=1; hidden=1; nouse=1; global=1; static=1; extern=0; dir=0; type=1; pingpong=0; private_global=0; linkage=7; visibility=0; MemPort=[1]; IO mode=ap_memory:ce=0
Port [ pow_reduce_anonymo_19]:  wired=0; compound=1; hidden=1; nouse=1; global=1; static=1; extern=0; dir=0; type=1; pingpong=0; private_global=0; linkage=7; visibility=0; MemPort=[1]; IO mode=ap_memory:ce=0
Port [ pow_reduce_anonymo_16]:  wired=0; compound=1; hidden=1; nouse=1; global=1; static=1; extern=0; dir=0; type=1; pingpong=0; private_global=0; linkage=7; visibility=0; MemPort=[1]; IO mode=ap_memory:ce=0
Port [ pow_reduce_anonymo_17]:  wired=0; compound=1; hidden=1; nouse=1; global=1; static=1; extern=0; dir=0; type=1; pingpong=0; private_global=0; linkage=7; visibility=0; MemPort=[1]; IO mode=ap_memory:ce=0
Port [ pow_reduce_anonymo_9]:  wired=0; compound=1; hidden=1; nouse=1; global=1; static=1; extern=0; dir=0; type=1; pingpong=0; private_global=0; linkage=7; visibility=0; MemPort=[1]; IO mode=ap_memory:ce=0
Port [ pow_reduce_anonymo_12]:  wired=0; compound=1; hidden=1; nouse=1; global=1; static=1; extern=0; dir=0; type=1; pingpong=0; private_global=0; linkage=7; visibility=0; MemPort=[1]; IO mode=ap_memory:ce=0
Port [ pow_reduce_anonymo_13]:  wired=0; compound=1; hidden=1; nouse=1; global=1; static=1; extern=0; dir=0; type=1; pingpong=0; private_global=0; linkage=7; visibility=0; MemPort=[1]; IO mode=ap_memory:ce=0
Port [ pow_reduce_anonymo_14]:  wired=0; compound=1; hidden=1; nouse=1; global=1; static=1; extern=0; dir=0; type=1; pingpong=0; private_global=0; linkage=7; visibility=0; MemPort=[1]; IO mode=ap_memory:ce=0
Port [ pow_reduce_anonymo_15]:  wired=0; compound=1; hidden=1; nouse=1; global=1; static=1; extern=0; dir=0; type=1; pingpong=0; private_global=0; linkage=7; visibility=0; MemPort=[1]; IO mode=ap_memory:ce=0
Port [ pow_reduce_anonymo_18]:  wired=0; compound=1; hidden=1; nouse=1; global=1; static=1; extern=0; dir=0; type=1; pingpong=0; private_global=0; linkage=7; visibility=0; MemPort=[1]; IO mode=ap_memory:ce=0
Port [ pow_reduce_anonymo]:  wired=0; compound=1; hidden=1; nouse=1; global=1; static=1; extern=0; dir=0; type=1; pingpong=0; private_global=0; linkage=7; visibility=0; MemPort=[11]; IO mode=ap_memory:ce=0
Port [ pow_reduce_anonymo_21]:  wired=0; compound=1; hidden=1; nouse=1; global=1; static=1; extern=0; dir=0; type=1; pingpong=0; private_global=0; linkage=7; visibility=0; MemPort=[1]; IO mode=ap_memory:ce=0
---------------- STG Properties END ------------------

---------------- Datapath Model BEGIN ----------------

<LifeTime>
<method=bitvector/>
specstablecontent_ln0 (specstablecontent) [ 000]
specstablecontent_ln0 (specstablecontent) [ 000]
specstablecontent_ln0 (specstablecontent) [ 000]
specstablecontent_ln0 (specstablecontent) [ 000]
specstablecontent_ln0 (specstablecontent) [ 000]
specstablecontent_ln0 (specstablecontent) [ 000]
specstablecontent_ln0 (specstablecontent) [ 000]
specstablecontent_ln0 (specstablecontent) [ 000]
specstablecontent_ln0 (specstablecontent) [ 000]
specstablecontent_ln0 (specstablecontent) [ 000]
specstablecontent_ln0 (specstablecontent) [ 000]
specstablecontent_ln0 (specstablecontent) [ 000]
specstablecontent_ln0 (specstablecontent) [ 000]
specstablecontent_ln0 (specstablecontent) [ 000]
specstablecontent_ln0 (specstablecontent) [ 000]
specstablecontent_ln0 (specstablecontent) [ 000]
specstablecontent_ln0 (specstablecontent) [ 000]
specstablecontent_ln0 (specstablecontent) [ 000]
specstablecontent_ln0 (specstablecontent) [ 000]
specstablecontent_ln0 (specstablecontent) [ 000]
specstablecontent_ln0 (specstablecontent) [ 000]
specstablecontent_ln0 (specstablecontent) [ 000]
specstablecontent_ln0 (specstablecontent) [ 000]
specstablecontent_ln0 (specstablecontent) [ 000]
specstablecontent_ln0 (specstablecontent) [ 000]
specmemcore_ln0       (specmemcore      ) [ 000]
specmemcore_ln0       (specmemcore      ) [ 000]
specmemcore_ln0       (specmemcore      ) [ 000]
specmemcore_ln0       (specmemcore      ) [ 000]
specmemcore_ln0       (specmemcore      ) [ 000]
specmemcore_ln0       (specmemcore      ) [ 000]
specmemcore_ln0       (specmemcore      ) [ 000]
specmemcore_ln0       (specmemcore      ) [ 000]
specmemcore_ln0       (specmemcore      ) [ 000]
specmemcore_ln0       (specmemcore      ) [ 000]
specmemcore_ln0       (specmemcore      ) [ 000]
specmemcore_ln0       (specmemcore      ) [ 000]
specmemcore_ln0       (specmemcore      ) [ 000]
specmemcore_ln0       (specmemcore      ) [ 000]
specmemcore_ln0       (specmemcore      ) [ 000]
specmemcore_ln0       (specmemcore      ) [ 000]
specmemcore_ln0       (specmemcore      ) [ 000]
specmemcore_ln0       (specmemcore      ) [ 000]
specmemcore_ln0       (specmemcore      ) [ 000]
specmemcore_ln0       (specmemcore      ) [ 000]
specmemcore_ln0       (specmemcore      ) [ 000]
specmemcore_ln0       (specmemcore      ) [ 000]
specmemcore_ln0       (specmemcore      ) [ 000]
specmemcore_ln0       (specmemcore      ) [ 000]
specmemcore_ln0       (specmemcore      ) [ 000]
specinterface_ln0     (specinterface    ) [ 000]
specinterface_ln0     (specinterface    ) [ 000]
specinterface_ln0     (specinterface    ) [ 000]
specinterface_ln0     (specinterface    ) [ 000]
specinterface_ln0     (specinterface    ) [ 000]
specinterface_ln0     (specinterface    ) [ 000]
specinterface_ln0     (specinterface    ) [ 000]
specinterface_ln0     (specinterface    ) [ 000]
specinterface_ln0     (specinterface    ) [ 000]
specinterface_ln0     (specinterface    ) [ 000]
specinterface_ln0     (specinterface    ) [ 000]
specinterface_ln0     (specinterface    ) [ 000]
specinterface_ln0     (specinterface    ) [ 000]
specinterface_ln0     (specinterface    ) [ 000]
specinterface_ln0     (specinterface    ) [ 000]
specinterface_ln0     (specinterface    ) [ 000]
specinterface_ln0     (specinterface    ) [ 000]
specinterface_ln0     (specinterface    ) [ 000]
specinterface_ln0     (specinterface    ) [ 000]
specinterface_ln0     (specinterface    ) [ 000]
specinterface_ln0     (specinterface    ) [ 000]
specinterface_ln0     (specinterface    ) [ 000]
specinterface_ln0     (specinterface    ) [ 000]
specinterface_ln0     (specinterface    ) [ 000]
specinterface_ln0     (specinterface    ) [ 000]
specinterface_ln0     (specinterface    ) [ 000]
call_ln68             (call             ) [ 000]
ret_ln86              (ret              ) [ 000]
</LifeTime>

<model>

<comp_list>
<comp id="0" class="1000" name="weights_V21050">
<pin_list>
<pin id="1" dir="1" index="0" bw="1" slack="0"/>
</pin_list>
<bind>
<StgValue><ssdm name="weights_V21050"/><MemPortTyVec>1 3 </MemPortTyVec>
</StgValue>
</bind>
</comp>

<comp id="2" class="1000" name="weights_V21051">
<pin_list>
<pin id="3" dir="1" index="0" bw="1" slack="0"/>
</pin_list>
<bind>
<StgValue><ssdm name="weights_V21051"/><MemPortTyVec>1 3 </MemPortTyVec>
</StgValue>
</bind>
</comp>

<comp id="4" class="1000" name="weights_V21052">
<pin_list>
<pin id="5" dir="1" index="0" bw="1" slack="0"/>
</pin_list>
<bind>
<StgValue><ssdm name="weights_V21052"/><MemPortTyVec>1 3 </MemPortTyVec>
</StgValue>
</bind>
</comp>

<comp id="6" class="1000" name="weights_V21053">
<pin_list>
<pin id="7" dir="1" index="0" bw="1" slack="0"/>
</pin_list>
<bind>
<StgValue><ssdm name="weights_V21053"/><MemPortTyVec>1 3 </MemPortTyVec>
</StgValue>
</bind>
</comp>

<comp id="8" class="1000" name="weights_V21054">
<pin_list>
<pin id="9" dir="1" index="0" bw="1" slack="0"/>
</pin_list>
<bind>
<StgValue><ssdm name="weights_V21054"/><MemPortTyVec>1 3 </MemPortTyVec>
</StgValue>
</bind>
</comp>

<comp id="10" class="1000" name="weights_V21155">
<pin_list>
<pin id="11" dir="1" index="0" bw="1" slack="0"/>
</pin_list>
<bind>
<StgValue><ssdm name="weights_V21155"/><MemPortTyVec>1 3 </MemPortTyVec>
</StgValue>
</bind>
</comp>

<comp id="12" class="1000" name="weights_V21156">
<pin_list>
<pin id="13" dir="1" index="0" bw="1" slack="0"/>
</pin_list>
<bind>
<StgValue><ssdm name="weights_V21156"/><MemPortTyVec>1 3 </MemPortTyVec>
</StgValue>
</bind>
</comp>

<comp id="14" class="1000" name="weights_V21157">
<pin_list>
<pin id="15" dir="1" index="0" bw="1" slack="0"/>
</pin_list>
<bind>
<StgValue><ssdm name="weights_V21157"/><MemPortTyVec>1 3 </MemPortTyVec>
</StgValue>
</bind>
</comp>

<comp id="16" class="1000" name="weights_V21158">
<pin_list>
<pin id="17" dir="1" index="0" bw="1" slack="0"/>
</pin_list>
<bind>
<StgValue><ssdm name="weights_V21158"/><MemPortTyVec>1 3 </MemPortTyVec>
</StgValue>
</bind>
</comp>

<comp id="18" class="1000" name="weights_V21159">
<pin_list>
<pin id="19" dir="1" index="0" bw="1" slack="0"/>
</pin_list>
<bind>
<StgValue><ssdm name="weights_V21159"/><MemPortTyVec>1 3 </MemPortTyVec>
</StgValue>
</bind>
</comp>

<comp id="20" class="1000" name="weights_V21260">
<pin_list>
<pin id="21" dir="1" index="0" bw="1" slack="0"/>
</pin_list>
<bind>
<StgValue><ssdm name="weights_V21260"/><MemPortTyVec>1 3 </MemPortTyVec>
</StgValue>
</bind>
</comp>

<comp id="22" class="1000" name="weights_V21261">
<pin_list>
<pin id="23" dir="1" index="0" bw="1" slack="0"/>
</pin_list>
<bind>
<StgValue><ssdm name="weights_V21261"/><MemPortTyVec>1 3 </MemPortTyVec>
</StgValue>
</bind>
</comp>

<comp id="24" class="1000" name="weights_V21262">
<pin_list>
<pin id="25" dir="1" index="0" bw="1" slack="0"/>
</pin_list>
<bind>
<StgValue><ssdm name="weights_V21262"/><MemPortTyVec>1 3 </MemPortTyVec>
</StgValue>
</bind>
</comp>

<comp id="26" class="1000" name="weights_V21263">
<pin_list>
<pin id="27" dir="1" index="0" bw="1" slack="0"/>
</pin_list>
<bind>
<StgValue><ssdm name="weights_V21263"/><MemPortTyVec>1 3 </MemPortTyVec>
</StgValue>
</bind>
</comp>

<comp id="28" class="1000" name="weights_V21264">
<pin_list>
<pin id="29" dir="1" index="0" bw="1" slack="0"/>
</pin_list>
<bind>
<StgValue><ssdm name="weights_V21264"/><MemPortTyVec>1 3 </MemPortTyVec>
</StgValue>
</bind>
</comp>

<comp id="30" class="1000" name="weights_V21365">
<pin_list>
<pin id="31" dir="1" index="0" bw="1" slack="0"/>
</pin_list>
<bind>
<StgValue><ssdm name="weights_V21365"/><MemPortTyVec>1 3 </MemPortTyVec>
</StgValue>
</bind>
</comp>

<comp id="32" class="1000" name="weights_V21366">
<pin_list>
<pin id="33" dir="1" index="0" bw="1" slack="0"/>
</pin_list>
<bind>
<StgValue><ssdm name="weights_V21366"/><MemPortTyVec>1 3 </MemPortTyVec>
</StgValue>
</bind>
</comp>

<comp id="34" class="1000" name="weights_V21367">
<pin_list>
<pin id="35" dir="1" index="0" bw="1" slack="0"/>
</pin_list>
<bind>
<StgValue><ssdm name="weights_V21367"/><MemPortTyVec>1 3 </MemPortTyVec>
</StgValue>
</bind>
</comp>

<comp id="36" class="1000" name="weights_V21368">
<pin_list>
<pin id="37" dir="1" index="0" bw="1" slack="0"/>
</pin_list>
<bind>
<StgValue><ssdm name="weights_V21368"/><MemPortTyVec>1 3 </MemPortTyVec>
</StgValue>
</bind>
</comp>

<comp id="38" class="1000" name="weights_V21369">
<pin_list>
<pin id="39" dir="1" index="0" bw="1" slack="0"/>
</pin_list>
<bind>
<StgValue><ssdm name="weights_V21369"/><MemPortTyVec>1 3 </MemPortTyVec>
</StgValue>
</bind>
</comp>

<comp id="40" class="1000" name="weights_V21470">
<pin_list>
<pin id="41" dir="1" index="0" bw="1" slack="0"/>
</pin_list>
<bind>
<StgValue><ssdm name="weights_V21470"/><MemPortTyVec>1 3 </MemPortTyVec>
</StgValue>
</bind>
</comp>

<comp id="42" class="1000" name="weights_V21471">
<pin_list>
<pin id="43" dir="1" index="0" bw="1" slack="0"/>
</pin_list>
<bind>
<StgValue><ssdm name="weights_V21471"/><MemPortTyVec>1 3 </MemPortTyVec>
</StgValue>
</bind>
</comp>

<comp id="44" class="1000" name="weights_V21472">
<pin_list>
<pin id="45" dir="1" index="0" bw="1" slack="0"/>
</pin_list>
<bind>
<StgValue><ssdm name="weights_V21472"/><MemPortTyVec>1 3 </MemPortTyVec>
</StgValue>
</bind>
</comp>

<comp id="46" class="1000" name="weights_V21473">
<pin_list>
<pin id="47" dir="1" index="0" bw="1" slack="0"/>
</pin_list>
<bind>
<StgValue><ssdm name="weights_V21473"/><MemPortTyVec>1 3 </MemPortTyVec>
</StgValue>
</bind>
</comp>

<comp id="48" class="1000" name="weights_V21474">
<pin_list>
<pin id="49" dir="1" index="0" bw="1" slack="0"/>
</pin_list>
<bind>
<StgValue><ssdm name="weights_V21474"/><MemPortTyVec>1 3 </MemPortTyVec>
</StgValue>
</bind>
</comp>

<comp id="50" class="1000" name="in_V_V5">
<pin_list>
<pin id="51" dir="1" index="0" bw="1" slack="0"/>
</pin_list>
<bind>
<StgValue><ssdm name="in_V_V5"/></StgValue>
</bind>
</comp>

<comp id="52" class="1000" name="in_V_V5140">
<pin_list>
<pin id="53" dir="1" index="0" bw="1" slack="0"/>
</pin_list>
<bind>
<StgValue><ssdm name="in_V_V5140"/></StgValue>
</bind>
</comp>

<comp id="54" class="1000" name="in_V_V5141">
<pin_list>
<pin id="55" dir="1" index="0" bw="1" slack="0"/>
</pin_list>
<bind>
<StgValue><ssdm name="in_V_V5141"/></StgValue>
</bind>
</comp>

<comp id="56" class="1000" name="in_V_V5142">
<pin_list>
<pin id="57" dir="1" index="0" bw="1" slack="0"/>
</pin_list>
<bind>
<StgValue><ssdm name="in_V_V5142"/></StgValue>
</bind>
</comp>

<comp id="58" class="1000" name="in_V_V5143">
<pin_list>
<pin id="59" dir="1" index="0" bw="1" slack="0"/>
</pin_list>
<bind>
<StgValue><ssdm name="in_V_V5143"/></StgValue>
</bind>
</comp>

<comp id="60" class="1000" name="in_V_V528">
<pin_list>
<pin id="61" dir="1" index="0" bw="1" slack="0"/>
</pin_list>
<bind>
<StgValue><ssdm name="in_V_V528"/></StgValue>
</bind>
</comp>

<comp id="62" class="1000" name="in_V_V528144">
<pin_list>
<pin id="63" dir="1" index="0" bw="1" slack="0"/>
</pin_list>
<bind>
<StgValue><ssdm name="in_V_V528144"/></StgValue>
</bind>
</comp>

<comp id="64" class="1000" name="in_V_V528145">
<pin_list>
<pin id="65" dir="1" index="0" bw="1" slack="0"/>
</pin_list>
<bind>
<StgValue><ssdm name="in_V_V528145"/></StgValue>
</bind>
</comp>

<comp id="66" class="1000" name="in_V_V528146">
<pin_list>
<pin id="67" dir="1" index="0" bw="1" slack="0"/>
</pin_list>
<bind>
<StgValue><ssdm name="in_V_V528146"/></StgValue>
</bind>
</comp>

<comp id="68" class="1000" name="in_V_V528147">
<pin_list>
<pin id="69" dir="1" index="0" bw="1" slack="0"/>
</pin_list>
<bind>
<StgValue><ssdm name="in_V_V528147"/></StgValue>
</bind>
</comp>

<comp id="70" class="1000" name="in_V_V529">
<pin_list>
<pin id="71" dir="1" index="0" bw="1" slack="0"/>
</pin_list>
<bind>
<StgValue><ssdm name="in_V_V529"/></StgValue>
</bind>
</comp>

<comp id="72" class="1000" name="in_V_V529148">
<pin_list>
<pin id="73" dir="1" index="0" bw="1" slack="0"/>
</pin_list>
<bind>
<StgValue><ssdm name="in_V_V529148"/></StgValue>
</bind>
</comp>

<comp id="74" class="1000" name="in_V_V529149">
<pin_list>
<pin id="75" dir="1" index="0" bw="1" slack="0"/>
</pin_list>
<bind>
<StgValue><ssdm name="in_V_V529149"/></StgValue>
</bind>
</comp>

<comp id="76" class="1000" name="in_V_V529150">
<pin_list>
<pin id="77" dir="1" index="0" bw="1" slack="0"/>
</pin_list>
<bind>
<StgValue><ssdm name="in_V_V529150"/></StgValue>
</bind>
</comp>

<comp id="78" class="1000" name="in_V_V529151">
<pin_list>
<pin id="79" dir="1" index="0" bw="1" slack="0"/>
</pin_list>
<bind>
<StgValue><ssdm name="in_V_V529151"/></StgValue>
</bind>
</comp>

<comp id="80" class="1000" name="in_V_V530">
<pin_list>
<pin id="81" dir="1" index="0" bw="1" slack="0"/>
</pin_list>
<bind>
<StgValue><ssdm name="in_V_V530"/></StgValue>
</bind>
</comp>

<comp id="82" class="1000" name="in_V_V530152">
<pin_list>
<pin id="83" dir="1" index="0" bw="1" slack="0"/>
</pin_list>
<bind>
<StgValue><ssdm name="in_V_V530152"/></StgValue>
</bind>
</comp>

<comp id="84" class="1000" name="in_V_V530153">
<pin_list>
<pin id="85" dir="1" index="0" bw="1" slack="0"/>
</pin_list>
<bind>
<StgValue><ssdm name="in_V_V530153"/></StgValue>
</bind>
</comp>

<comp id="86" class="1000" name="in_V_V530154">
<pin_list>
<pin id="87" dir="1" index="0" bw="1" slack="0"/>
</pin_list>
<bind>
<StgValue><ssdm name="in_V_V530154"/></StgValue>
</bind>
</comp>

<comp id="88" class="1000" name="in_V_V530155">
<pin_list>
<pin id="89" dir="1" index="0" bw="1" slack="0"/>
</pin_list>
<bind>
<StgValue><ssdm name="in_V_V530155"/></StgValue>
</bind>
</comp>

<comp id="90" class="1000" name="in_V_V531">
<pin_list>
<pin id="91" dir="1" index="0" bw="1" slack="0"/>
</pin_list>
<bind>
<StgValue><ssdm name="in_V_V531"/></StgValue>
</bind>
</comp>

<comp id="92" class="1000" name="in_V_V531156">
<pin_list>
<pin id="93" dir="1" index="0" bw="1" slack="0"/>
</pin_list>
<bind>
<StgValue><ssdm name="in_V_V531156"/></StgValue>
</bind>
</comp>

<comp id="94" class="1000" name="in_V_V531157">
<pin_list>
<pin id="95" dir="1" index="0" bw="1" slack="0"/>
</pin_list>
<bind>
<StgValue><ssdm name="in_V_V531157"/></StgValue>
</bind>
</comp>

<comp id="96" class="1000" name="in_V_V531158">
<pin_list>
<pin id="97" dir="1" index="0" bw="1" slack="0"/>
</pin_list>
<bind>
<StgValue><ssdm name="in_V_V531158"/></StgValue>
</bind>
</comp>

<comp id="98" class="1000" name="in_V_V531159">
<pin_list>
<pin id="99" dir="1" index="0" bw="1" slack="0"/>
</pin_list>
<bind>
<StgValue><ssdm name="in_V_V531159"/></StgValue>
</bind>
</comp>

<comp id="100" class="1000" name="out_V_V8">
<pin_list>
<pin id="101" dir="1" index="0" bw="1" slack="0"/>
</pin_list>
<bind>
<StgValue><ssdm name="out_V_V8"/></StgValue>
</bind>
</comp>

<comp id="102" class="1000" name="pow_reduce_anonymo_20">
<pin_list>
<pin id="103" dir="1" index="0" bw="1" slack="0"/>
</pin_list>
<bind>
<StgValue><ssdm name="pow_reduce_anonymo_20"/><MemPortTyVec>1 </MemPortTyVec>
</StgValue>
</bind>
</comp>

<comp id="104" class="1000" name="pow_reduce_anonymo_19">
<pin_list>
<pin id="105" dir="1" index="0" bw="1" slack="0"/>
</pin_list>
<bind>
<StgValue><ssdm name="pow_reduce_anonymo_19"/><MemPortTyVec>1 </MemPortTyVec>
</StgValue>
</bind>
</comp>

<comp id="106" class="1000" name="pow_reduce_anonymo_16">
<pin_list>
<pin id="107" dir="1" index="0" bw="1" slack="0"/>
</pin_list>
<bind>
<StgValue><ssdm name="pow_reduce_anonymo_16"/><MemPortTyVec>1 </MemPortTyVec>
</StgValue>
</bind>
</comp>

<comp id="108" class="1000" name="pow_reduce_anonymo_17">
<pin_list>
<pin id="109" dir="1" index="0" bw="1" slack="0"/>
</pin_list>
<bind>
<StgValue><ssdm name="pow_reduce_anonymo_17"/><MemPortTyVec>1 </MemPortTyVec>
</StgValue>
</bind>
</comp>

<comp id="110" class="1000" name="pow_reduce_anonymo_9">
<pin_list>
<pin id="111" dir="1" index="0" bw="1" slack="0"/>
</pin_list>
<bind>
<StgValue><ssdm name="pow_reduce_anonymo_9"/><MemPortTyVec>1 </MemPortTyVec>
</StgValue>
</bind>
</comp>

<comp id="112" class="1000" name="pow_reduce_anonymo_12">
<pin_list>
<pin id="113" dir="1" index="0" bw="1" slack="0"/>
</pin_list>
<bind>
<StgValue><ssdm name="pow_reduce_anonymo_12"/><MemPortTyVec>1 </MemPortTyVec>
</StgValue>
</bind>
</comp>

<comp id="114" class="1000" name="pow_reduce_anonymo_13">
<pin_list>
<pin id="115" dir="1" index="0" bw="1" slack="0"/>
</pin_list>
<bind>
<StgValue><ssdm name="pow_reduce_anonymo_13"/><MemPortTyVec>1 </MemPortTyVec>
</StgValue>
</bind>
</comp>

<comp id="116" class="1000" name="pow_reduce_anonymo_14">
<pin_list>
<pin id="117" dir="1" index="0" bw="1" slack="0"/>
</pin_list>
<bind>
<StgValue><ssdm name="pow_reduce_anonymo_14"/><MemPortTyVec>1 </MemPortTyVec>
</StgValue>
</bind>
</comp>

<comp id="118" class="1000" name="pow_reduce_anonymo_15">
<pin_list>
<pin id="119" dir="1" index="0" bw="1" slack="0"/>
</pin_list>
<bind>
<StgValue><ssdm name="pow_reduce_anonymo_15"/><MemPortTyVec>1 </MemPortTyVec>
</StgValue>
</bind>
</comp>

<comp id="120" class="1000" name="pow_reduce_anonymo_18">
<pin_list>
<pin id="121" dir="1" index="0" bw="1" slack="0"/>
</pin_list>
<bind>
<StgValue><ssdm name="pow_reduce_anonymo_18"/><MemPortTyVec>1 </MemPortTyVec>
</StgValue>
</bind>
</comp>

<comp id="122" class="1000" name="pow_reduce_anonymo">
<pin_list>
<pin id="123" dir="1" index="0" bw="1" slack="0"/>
</pin_list>
<bind>
<StgValue><ssdm name="pow_reduce_anonymo"/><MemPortTyVec>1 1 </MemPortTyVec>
</StgValue>
</bind>
</comp>

<comp id="124" class="1000" name="pow_reduce_anonymo_21">
<pin_list>
<pin id="125" dir="1" index="0" bw="1" slack="0"/>
</pin_list>
<bind>
<StgValue><ssdm name="pow_reduce_anonymo_21"/><MemPortTyVec>1 </MemPortTyVec>
</StgValue>
</bind>
</comp>

<comp id="126" class="1001" name="const_126">
<pin_list>
<pin id="127" dir="1" index="0" bw="1" slack="0"/>
</pin_list>
<bind>
<StgValue><ssdm name="conv507"/></StgValue>
</bind>
</comp>

<comp id="128" class="1001" name="const_128">
<pin_list>
<pin id="129" dir="1" index="0" bw="1" slack="2147483647"/>
</pin_list>
<bind>
<StgValue><ssdm name="_ssdm_op_SpecStableContent"/></StgValue>
</bind>
</comp>

<comp id="130" class="1001" name="const_130">
<pin_list>
<pin id="131" dir="1" index="0" bw="1" slack="2147483647"/>
</pin_list>
<bind>
<StgValue><ssdm name="_ssdm_op_SpecMemCore"/></StgValue>
</bind>
</comp>

<comp id="132" class="1001" name="const_132">
<pin_list>
<pin id="133" dir="1" index="0" bw="1" slack="2147483647"/>
</pin_list>
<bind>
<StgValue><ssdm name="p_str4"/></StgValue>
</bind>
</comp>

<comp id="134" class="1001" name="const_134">
<pin_list>
<pin id="135" dir="1" index="0" bw="1" slack="2147483647"/>
</pin_list>
<bind>
<StgValue><ssdm name="p_str36"/></StgValue>
</bind>
</comp>

<comp id="136" class="1001" name="const_136">
<pin_list>
<pin id="137" dir="1" index="0" bw="1" slack="2147483647"/>
</pin_list>
<bind>
<StgValue><ssdm name=""/></StgValue>
</bind>
</comp>

<comp id="138" class="1001" name="const_138">
<pin_list>
<pin id="139" dir="1" index="0" bw="1" slack="2147483647"/>
</pin_list>
<bind>
<StgValue><ssdm name="_ssdm_op_SpecInterface"/></StgValue>
</bind>
</comp>

<comp id="140" class="1001" name="const_140">
<pin_list>
<pin id="141" dir="1" index="0" bw="1" slack="2147483647"/>
</pin_list>
<bind>
<StgValue><ssdm name="ap_fifo_str"/></StgValue>
</bind>
</comp>

<comp id="142" class="1001" name="const_142">
<pin_list>
<pin id="143" dir="1" index="0" bw="1" slack="2147483647"/>
</pin_list>
<bind>
<StgValue><ssdm name=""/></StgValue>
</bind>
</comp>

<comp id="144" class="1001" name="const_144">
<pin_list>
<pin id="145" dir="1" index="0" bw="1" slack="2147483647"/>
</pin_list>
<bind>
<StgValue><ssdm name="p_str"/></StgValue>
</bind>
</comp>

<comp id="146" class="1001" name="const_146">
<pin_list>
<pin id="147" dir="1" index="0" bw="1" slack="2147483647"/>
</pin_list>
<bind>
<StgValue><ssdm name=""/></StgValue>
</bind>
</comp>

<comp id="148" class="1001" name="const_148">
<pin_list>
<pin id="149" dir="1" index="0" bw="1" slack="2147483647"/>
</pin_list>
<bind>
<StgValue><ssdm name=""/></StgValue>
</bind>
</comp>

<comp id="150" class="1004" name="grp_conv507_fu_150">
<pin_list>
<pin id="151" dir="0" index="0" bw="0" slack="0"/>
<pin id="152" dir="0" index="1" bw="16" slack="0"/>
<pin id="153" dir="0" index="2" bw="16" slack="0"/>
<pin id="154" dir="0" index="3" bw="16" slack="0"/>
<pin id="155" dir="0" index="4" bw="16" slack="0"/>
<pin id="156" dir="0" index="5" bw="16" slack="0"/>
<pin id="157" dir="0" index="6" bw="16" slack="0"/>
<pin id="158" dir="0" index="7" bw="16" slack="0"/>
<pin id="159" dir="0" index="8" bw="16" slack="0"/>
<pin id="160" dir="0" index="9" bw="16" slack="0"/>
<pin id="161" dir="0" index="10" bw="16" slack="0"/>
<pin id="162" dir="0" index="11" bw="16" slack="0"/>
<pin id="163" dir="0" index="12" bw="16" slack="0"/>
<pin id="164" dir="0" index="13" bw="16" slack="0"/>
<pin id="165" dir="0" index="14" bw="16" slack="0"/>
<pin id="166" dir="0" index="15" bw="16" slack="0"/>
<pin id="167" dir="0" index="16" bw="16" slack="0"/>
<pin id="168" dir="0" index="17" bw="16" slack="0"/>
<pin id="169" dir="0" index="18" bw="16" slack="0"/>
<pin id="170" dir="0" index="19" bw="16" slack="0"/>
<pin id="171" dir="0" index="20" bw="16" slack="0"/>
<pin id="172" dir="0" index="21" bw="16" slack="0"/>
<pin id="173" dir="0" index="22" bw="16" slack="0"/>
<pin id="174" dir="0" index="23" bw="16" slack="0"/>
<pin id="175" dir="0" index="24" bw="16" slack="0"/>
<pin id="176" dir="0" index="25" bw="16" slack="0"/>
<pin id="177" dir="0" index="26" bw="16" slack="0"/>
<pin id="178" dir="0" index="27" bw="16" slack="0"/>
<pin id="179" dir="0" index="28" bw="16" slack="0"/>
<pin id="180" dir="0" index="29" bw="16" slack="0"/>
<pin id="181" dir="0" index="30" bw="16" slack="0"/>
<pin id="182" dir="0" index="31" bw="16" slack="0"/>
<pin id="183" dir="0" index="32" bw="16" slack="0"/>
<pin id="184" dir="0" index="33" bw="16" slack="0"/>
<pin id="185" dir="0" index="34" bw="16" slack="0"/>
<pin id="186" dir="0" index="35" bw="16" slack="0"/>
<pin id="187" dir="0" index="36" bw="16" slack="0"/>
<pin id="188" dir="0" index="37" bw="16" slack="0"/>
<pin id="189" dir="0" index="38" bw="16" slack="0"/>
<pin id="190" dir="0" index="39" bw="16" slack="0"/>
<pin id="191" dir="0" index="40" bw="16" slack="0"/>
<pin id="192" dir="0" index="41" bw="16" slack="0"/>
<pin id="193" dir="0" index="42" bw="16" slack="0"/>
<pin id="194" dir="0" index="43" bw="16" slack="0"/>
<pin id="195" dir="0" index="44" bw="16" slack="0"/>
<pin id="196" dir="0" index="45" bw="16" slack="0"/>
<pin id="197" dir="0" index="46" bw="16" slack="0"/>
<pin id="198" dir="0" index="47" bw="16" slack="0"/>
<pin id="199" dir="0" index="48" bw="16" slack="0"/>
<pin id="200" dir="0" index="49" bw="16" slack="0"/>
<pin id="201" dir="0" index="50" bw="16" slack="0"/>
<pin id="202" dir="0" index="51" bw="30" slack="0"/>
<pin id="203" dir="0" index="52" bw="6" slack="0"/>
<pin id="204" dir="0" index="53" bw="109" slack="0"/>
<pin id="205" dir="0" index="54" bw="105" slack="0"/>
<pin id="206" dir="0" index="55" bw="102" slack="0"/>
<pin id="207" dir="0" index="56" bw="97" slack="0"/>
<pin id="208" dir="0" index="57" bw="92" slack="0"/>
<pin id="209" dir="0" index="58" bw="87" slack="0"/>
<pin id="210" dir="0" index="59" bw="82" slack="0"/>
<pin id="211" dir="0" index="60" bw="77" slack="0"/>
<pin id="212" dir="0" index="61" bw="58" slack="0"/>
<pin id="213" dir="0" index="62" bw="26" slack="0"/>
<pin id="214" dir="0" index="63" bw="42" slack="0"/>
<pin id="215" dir="1" index="64" bw="0" slack="2147483647"/>
</pin_list>
<bind>
<opcode="call(48) " fcode="call"/>
<opset="call_ln68/1 "/>
</bind>
</comp>

</comp_list>

<net_list>
<net id="216"><net_src comp="126" pin="0"/><net_sink comp="150" pin=0"/></net>

<net id="217"><net_src comp="50" pin="0"/><net_sink comp="150" pin=1"/></net>

<net id="218"><net_src comp="52" pin="0"/><net_sink comp="150" pin=2"/></net>

<net id="219"><net_src comp="54" pin="0"/><net_sink comp="150" pin=3"/></net>

<net id="220"><net_src comp="56" pin="0"/><net_sink comp="150" pin=4"/></net>

<net id="221"><net_src comp="58" pin="0"/><net_sink comp="150" pin=5"/></net>

<net id="222"><net_src comp="60" pin="0"/><net_sink comp="150" pin=6"/></net>

<net id="223"><net_src comp="62" pin="0"/><net_sink comp="150" pin=7"/></net>

<net id="224"><net_src comp="64" pin="0"/><net_sink comp="150" pin=8"/></net>

<net id="225"><net_src comp="66" pin="0"/><net_sink comp="150" pin=9"/></net>

<net id="226"><net_src comp="68" pin="0"/><net_sink comp="150" pin=10"/></net>

<net id="227"><net_src comp="70" pin="0"/><net_sink comp="150" pin=11"/></net>

<net id="228"><net_src comp="72" pin="0"/><net_sink comp="150" pin=12"/></net>

<net id="229"><net_src comp="74" pin="0"/><net_sink comp="150" pin=13"/></net>

<net id="230"><net_src comp="76" pin="0"/><net_sink comp="150" pin=14"/></net>

<net id="231"><net_src comp="78" pin="0"/><net_sink comp="150" pin=15"/></net>

<net id="232"><net_src comp="80" pin="0"/><net_sink comp="150" pin=16"/></net>

<net id="233"><net_src comp="82" pin="0"/><net_sink comp="150" pin=17"/></net>

<net id="234"><net_src comp="84" pin="0"/><net_sink comp="150" pin=18"/></net>

<net id="235"><net_src comp="86" pin="0"/><net_sink comp="150" pin=19"/></net>

<net id="236"><net_src comp="88" pin="0"/><net_sink comp="150" pin=20"/></net>

<net id="237"><net_src comp="90" pin="0"/><net_sink comp="150" pin=21"/></net>

<net id="238"><net_src comp="92" pin="0"/><net_sink comp="150" pin=22"/></net>

<net id="239"><net_src comp="94" pin="0"/><net_sink comp="150" pin=23"/></net>

<net id="240"><net_src comp="96" pin="0"/><net_sink comp="150" pin=24"/></net>

<net id="241"><net_src comp="98" pin="0"/><net_sink comp="150" pin=25"/></net>

<net id="242"><net_src comp="0" pin="0"/><net_sink comp="150" pin=26"/></net>

<net id="243"><net_src comp="2" pin="0"/><net_sink comp="150" pin=27"/></net>

<net id="244"><net_src comp="4" pin="0"/><net_sink comp="150" pin=28"/></net>

<net id="245"><net_src comp="6" pin="0"/><net_sink comp="150" pin=29"/></net>

<net id="246"><net_src comp="8" pin="0"/><net_sink comp="150" pin=30"/></net>

<net id="247"><net_src comp="10" pin="0"/><net_sink comp="150" pin=31"/></net>

<net id="248"><net_src comp="12" pin="0"/><net_sink comp="150" pin=32"/></net>

<net id="249"><net_src comp="14" pin="0"/><net_sink comp="150" pin=33"/></net>

<net id="250"><net_src comp="16" pin="0"/><net_sink comp="150" pin=34"/></net>

<net id="251"><net_src comp="18" pin="0"/><net_sink comp="150" pin=35"/></net>

<net id="252"><net_src comp="20" pin="0"/><net_sink comp="150" pin=36"/></net>

<net id="253"><net_src comp="22" pin="0"/><net_sink comp="150" pin=37"/></net>

<net id="254"><net_src comp="24" pin="0"/><net_sink comp="150" pin=38"/></net>

<net id="255"><net_src comp="26" pin="0"/><net_sink comp="150" pin=39"/></net>

<net id="256"><net_src comp="28" pin="0"/><net_sink comp="150" pin=40"/></net>

<net id="257"><net_src comp="30" pin="0"/><net_sink comp="150" pin=41"/></net>

<net id="258"><net_src comp="32" pin="0"/><net_sink comp="150" pin=42"/></net>

<net id="259"><net_src comp="34" pin="0"/><net_sink comp="150" pin=43"/></net>

<net id="260"><net_src comp="36" pin="0"/><net_sink comp="150" pin=44"/></net>

<net id="261"><net_src comp="38" pin="0"/><net_sink comp="150" pin=45"/></net>

<net id="262"><net_src comp="40" pin="0"/><net_sink comp="150" pin=46"/></net>

<net id="263"><net_src comp="42" pin="0"/><net_sink comp="150" pin=47"/></net>

<net id="264"><net_src comp="44" pin="0"/><net_sink comp="150" pin=48"/></net>

<net id="265"><net_src comp="46" pin="0"/><net_sink comp="150" pin=49"/></net>

<net id="266"><net_src comp="48" pin="0"/><net_sink comp="150" pin=50"/></net>

<net id="267"><net_src comp="100" pin="0"/><net_sink comp="150" pin=51"/></net>

<net id="268"><net_src comp="102" pin="0"/><net_sink comp="150" pin=52"/></net>

<net id="269"><net_src comp="104" pin="0"/><net_sink comp="150" pin=53"/></net>

<net id="270"><net_src comp="106" pin="0"/><net_sink comp="150" pin=54"/></net>

<net id="271"><net_src comp="108" pin="0"/><net_sink comp="150" pin=55"/></net>

<net id="272"><net_src comp="110" pin="0"/><net_sink comp="150" pin=56"/></net>

<net id="273"><net_src comp="112" pin="0"/><net_sink comp="150" pin=57"/></net>

<net id="274"><net_src comp="114" pin="0"/><net_sink comp="150" pin=58"/></net>

<net id="275"><net_src comp="116" pin="0"/><net_sink comp="150" pin=59"/></net>

<net id="276"><net_src comp="118" pin="0"/><net_sink comp="150" pin=60"/></net>

<net id="277"><net_src comp="120" pin="0"/><net_sink comp="150" pin=61"/></net>

<net id="278"><net_src comp="122" pin="0"/><net_sink comp="150" pin=62"/></net>

<net id="279"><net_src comp="124" pin="0"/><net_sink comp="150" pin=63"/></net>

</net_list>

</model> 
---------------- Datapath Model END ------------------

* FSMD analyzer results:
  - Output states:
	Port: weights_V21050 | {}
	Port: weights_V21051 | {}
	Port: weights_V21052 | {}
	Port: weights_V21053 | {}
	Port: weights_V21054 | {}
	Port: weights_V21155 | {}
	Port: weights_V21156 | {}
	Port: weights_V21157 | {}
	Port: weights_V21158 | {}
	Port: weights_V21159 | {}
	Port: weights_V21260 | {}
	Port: weights_V21261 | {}
	Port: weights_V21262 | {}
	Port: weights_V21263 | {}
	Port: weights_V21264 | {}
	Port: weights_V21365 | {}
	Port: weights_V21366 | {}
	Port: weights_V21367 | {}
	Port: weights_V21368 | {}
	Port: weights_V21369 | {}
	Port: weights_V21470 | {}
	Port: weights_V21471 | {}
	Port: weights_V21472 | {}
	Port: weights_V21473 | {}
	Port: weights_V21474 | {}
	Port: out_V_V8 | {1 2 }
	Port: pow_reduce_anonymo_20 | {}
	Port: pow_reduce_anonymo_19 | {}
	Port: pow_reduce_anonymo_16 | {}
	Port: pow_reduce_anonymo_17 | {}
	Port: pow_reduce_anonymo_9 | {}
	Port: pow_reduce_anonymo_12 | {}
	Port: pow_reduce_anonymo_13 | {}
	Port: pow_reduce_anonymo_14 | {}
	Port: pow_reduce_anonymo_15 | {}
	Port: pow_reduce_anonymo_18 | {}
	Port: pow_reduce_anonymo | {}
	Port: pow_reduce_anonymo_21 | {}
 - Input state : 
	Port: Conv_0_conv338 : weights_V21050 | {1 2 }
	Port: Conv_0_conv338 : weights_V21051 | {1 2 }
	Port: Conv_0_conv338 : weights_V21052 | {1 2 }
	Port: Conv_0_conv338 : weights_V21053 | {1 2 }
	Port: Conv_0_conv338 : weights_V21054 | {1 2 }
	Port: Conv_0_conv338 : weights_V21155 | {1 2 }
	Port: Conv_0_conv338 : weights_V21156 | {1 2 }
	Port: Conv_0_conv338 : weights_V21157 | {1 2 }
	Port: Conv_0_conv338 : weights_V21158 | {1 2 }
	Port: Conv_0_conv338 : weights_V21159 | {1 2 }
	Port: Conv_0_conv338 : weights_V21260 | {1 2 }
	Port: Conv_0_conv338 : weights_V21261 | {1 2 }
	Port: Conv_0_conv338 : weights_V21262 | {1 2 }
	Port: Conv_0_conv338 : weights_V21263 | {1 2 }
	Port: Conv_0_conv338 : weights_V21264 | {1 2 }
	Port: Conv_0_conv338 : weights_V21365 | {1 2 }
	Port: Conv_0_conv338 : weights_V21366 | {1 2 }
	Port: Conv_0_conv338 : weights_V21367 | {1 2 }
	Port: Conv_0_conv338 : weights_V21368 | {1 2 }
	Port: Conv_0_conv338 : weights_V21369 | {1 2 }
	Port: Conv_0_conv338 : weights_V21470 | {1 2 }
	Port: Conv_0_conv338 : weights_V21471 | {1 2 }
	Port: Conv_0_conv338 : weights_V21472 | {1 2 }
	Port: Conv_0_conv338 : weights_V21473 | {1 2 }
	Port: Conv_0_conv338 : weights_V21474 | {1 2 }
	Port: Conv_0_conv338 : in_V_V5 | {1 2 }
	Port: Conv_0_conv338 : in_V_V5140 | {1 2 }
	Port: Conv_0_conv338 : in_V_V5141 | {1 2 }
	Port: Conv_0_conv338 : in_V_V5142 | {1 2 }
	Port: Conv_0_conv338 : in_V_V5143 | {1 2 }
	Port: Conv_0_conv338 : in_V_V528 | {1 2 }
	Port: Conv_0_conv338 : in_V_V528144 | {1 2 }
	Port: Conv_0_conv338 : in_V_V528145 | {1 2 }
	Port: Conv_0_conv338 : in_V_V528146 | {1 2 }
	Port: Conv_0_conv338 : in_V_V528147 | {1 2 }
	Port: Conv_0_conv338 : in_V_V529 | {1 2 }
	Port: Conv_0_conv338 : in_V_V529148 | {1 2 }
	Port: Conv_0_conv338 : in_V_V529149 | {1 2 }
	Port: Conv_0_conv338 : in_V_V529150 | {1 2 }
	Port: Conv_0_conv338 : in_V_V529151 | {1 2 }
	Port: Conv_0_conv338 : in_V_V530 | {1 2 }
	Port: Conv_0_conv338 : in_V_V530152 | {1 2 }
	Port: Conv_0_conv338 : in_V_V530153 | {1 2 }
	Port: Conv_0_conv338 : in_V_V530154 | {1 2 }
	Port: Conv_0_conv338 : in_V_V530155 | {1 2 }
	Port: Conv_0_conv338 : in_V_V531 | {1 2 }
	Port: Conv_0_conv338 : in_V_V531156 | {1 2 }
	Port: Conv_0_conv338 : in_V_V531157 | {1 2 }
	Port: Conv_0_conv338 : in_V_V531158 | {1 2 }
	Port: Conv_0_conv338 : in_V_V531159 | {1 2 }
	Port: Conv_0_conv338 : pow_reduce_anonymo_20 | {1 2 }
	Port: Conv_0_conv338 : pow_reduce_anonymo_19 | {1 2 }
	Port: Conv_0_conv338 : pow_reduce_anonymo_16 | {1 2 }
	Port: Conv_0_conv338 : pow_reduce_anonymo_17 | {1 2 }
	Port: Conv_0_conv338 : pow_reduce_anonymo_9 | {1 2 }
	Port: Conv_0_conv338 : pow_reduce_anonymo_12 | {1 2 }
	Port: Conv_0_conv338 : pow_reduce_anonymo_13 | {1 2 }
	Port: Conv_0_conv338 : pow_reduce_anonymo_14 | {1 2 }
	Port: Conv_0_conv338 : pow_reduce_anonymo_15 | {1 2 }
	Port: Conv_0_conv338 : pow_reduce_anonymo_18 | {1 2 }
	Port: Conv_0_conv338 : pow_reduce_anonymo | {1 2 }
	Port: Conv_0_conv338 : pow_reduce_anonymo_21 | {1 2 }
  - Chain level:
	State 1
	State 2


============================================================
+ Verbose Summary: Datapath Resource usage 
============================================================

* Functional unit list:
|----------|--------------------|---------|---------|---------|---------|
| Operation|   Functional Unit  |  DSP48E |  Delay  |    FF   |   LUT   |
|----------|--------------------|---------|---------|---------|---------|
|   call   | grp_conv507_fu_150 |  15240  | 24623.2 |6.58942e+06|2.35319e+06|
|----------|--------------------|---------|---------|---------|---------|
|   Total  |                    |  15240  | 24623.2 |6.58942e+06|2.35319e+06|
|----------|--------------------|---------|---------|---------|---------|

Memories:
N/A

* Register list:
N/A

* Multiplexer (MUX) list: 
|--------|------|------|------|--------|
|  Comp  |  Pin | Size |  BW  | S x BW |
|--------|------|------|------|--------|
|  Total |      |      |      |    0   |
|--------|------|------|------|--------|



* Summary:
+-----------+--------+--------+--------+--------+
|           | DSP48E |  Delay |   FF   |   LUT  |
+-----------+--------+--------+--------+--------+
|  Function |  15240 |  24623 | 6589417| 2353186|
|   Memory  |    -   |    -   |    -   |    -   |
|Multiplexer|    -   |    -   |    -   |    -   |
|  Register |    -   |    -   |    -   |    -   |
+-----------+--------+--------+--------+--------+
|   Total   |  15240 |  24623 | 6589417| 2353186|
+-----------+--------+--------+--------+--------+
