

================================================================
== Vivado HLS Report for 'Conv_0_conv339'
================================================================
* Date:           Sat Feb 15 07:55:33 2025

* Version:        2019.2 (Build 2704478 on Wed Nov 06 22:10:23 MST 2019)
* Project:        partition_0
* Solution:       solution
* Product family: zynq
* Target device:  xc7z020-clg484-1


================================================================
== Performance Estimates
================================================================
+ Timing: 
    * Summary: 
    +--------+---------+----------+------------+
    |  Clock |  Target | Estimated| Uncertainty|
    +--------+---------+----------+------------+
    |ap_clk  | 5.00 ns | 6.562 ns |   0.62 ns  |
    +--------+---------+----------+------------+

+ Latency: 
    * Summary: 
    +---------+---------+----------+----------+-----+-----+---------+
    |  Latency (cycles) |  Latency (absolute) |  Interval | Pipeline|
    |   min   |   max   |    min   |    max   | min | max |   Type  |
    +---------+---------+----------+----------+-----+-----+---------+
    |        ?|        ?|         ?|         ?|    ?|    ?|   none  |
    +---------+---------+----------+----------+-----+-----+---------+

    + Detail: 
        * Instance: 
        +--------------------+---------+---------+---------+----------+----------+-----+-----+----------+
        |                    |         |  Latency (cycles) |  Latency (absolute) |  Interval | Pipeline |
        |      Instance      |  Module |   min   |   max   |    min   |    max   | min | max |   Type   |
        +--------------------+---------+---------+---------+----------+----------+-----+-----+----------+
        |grp_conv505_fu_150  |conv505  |        ?|        ?|         ?|         ?|    ?|    ?| dataflow |
        +--------------------+---------+---------+---------+----------+----------+-----+-----+----------+

        * Loop: 
        N/A



================================================================
== Utilization Estimates
================================================================
* Summary: 
+-----------------+---------+-------+---------+---------+-----+
|       Name      | BRAM_18K| DSP48E|    FF   |   LUT   | URAM|
+-----------------+---------+-------+---------+---------+-----+
|DSP              |        -|      -|        -|        -|    -|
|Expression       |        -|      -|        0|        6|    -|
|FIFO             |        -|      -|        -|        -|    -|
|Instance         |    10656|  15240|  7482086|  2840937|    -|
|Memory           |        -|      -|        -|        -|    -|
|Multiplexer      |        -|      -|        -|      258|    -|
|Register         |        -|      -|        6|        -|    -|
+-----------------+---------+-------+---------+---------+-----+
|Total            |    10656|  15240|  7482092|  2841201|    0|
+-----------------+---------+-------+---------+---------+-----+
|Available        |      280|    220|   106400|    53200|    0|
+-----------------+---------+-------+---------+---------+-----+
|Utilization (%)  |     3805|   6927|     7032|     5340|    0|
+-----------------+---------+-------+---------+---------+-----+

+ Detail: 
    * Instance: 
    +--------------------+---------+---------+-------+---------+---------+-----+
    |      Instance      |  Module | BRAM_18K| DSP48E|    FF   |   LUT   | URAM|
    +--------------------+---------+---------+-------+---------+---------+-----+
    |grp_conv505_fu_150  |conv505  |    10656|  15240|  7482086|  2840937|    0|
    +--------------------+---------+---------+-------+---------+---------+-----+
    |Total               |         |    10656|  15240|  7482086|  2840937|    0|
    +--------------------+---------+---------+-------+---------+---------+-----+

    * DSP48E: 
    N/A

    * Memory: 
    N/A

    * FIFO: 
    N/A

    * Expression: 
    +-------------------------------------+----------+-------+---+----+------------+------------+
    |            Variable Name            | Operation| DSP48E| FF| LUT| Bitwidth P0| Bitwidth P1|
    +-------------------------------------+----------+-------+---+----+------------+------------+
    |ap_block_state1                      |    or    |      0|  0|   2|           1|           1|
    |ap_sync_grp_conv505_fu_150_ap_done   |    or    |      0|  0|   2|           1|           1|
    |ap_sync_grp_conv505_fu_150_ap_ready  |    or    |      0|  0|   2|           1|           1|
    +-------------------------------------+----------+-------+---+----+------------+------------+
    |Total                                |          |      0|  0|   6|           3|           3|
    +-------------------------------------+----------+-------+---+----+------------+------------+

    * Multiplexer: 
    +-------------------+----+-----------+-----+-----------+
    |        Name       | LUT| Input Size| Bits| Total Bits|
    +-------------------+----+-----------+-----+-----------+
    |ap_NS_fsm          |  15|          3|    1|          3|
    |ap_done            |   9|          2|    1|          2|
    |in_V_V6160_read    |   9|          2|    1|          2|
    |in_V_V6161_read    |   9|          2|    1|          2|
    |in_V_V6162_read    |   9|          2|    1|          2|
    |in_V_V6163_read    |   9|          2|    1|          2|
    |in_V_V632164_read  |   9|          2|    1|          2|
    |in_V_V632165_read  |   9|          2|    1|          2|
    |in_V_V632166_read  |   9|          2|    1|          2|
    |in_V_V632167_read  |   9|          2|    1|          2|
    |in_V_V632_read     |   9|          2|    1|          2|
    |in_V_V633168_read  |   9|          2|    1|          2|
    |in_V_V633169_read  |   9|          2|    1|          2|
    |in_V_V633170_read  |   9|          2|    1|          2|
    |in_V_V633171_read  |   9|          2|    1|          2|
    |in_V_V633_read     |   9|          2|    1|          2|
    |in_V_V634172_read  |   9|          2|    1|          2|
    |in_V_V634173_read  |   9|          2|    1|          2|
    |in_V_V634174_read  |   9|          2|    1|          2|
    |in_V_V634175_read  |   9|          2|    1|          2|
    |in_V_V634_read     |   9|          2|    1|          2|
    |in_V_V635176_read  |   9|          2|    1|          2|
    |in_V_V635177_read  |   9|          2|    1|          2|
    |in_V_V635178_read  |   9|          2|    1|          2|
    |in_V_V635179_read  |   9|          2|    1|          2|
    |in_V_V635_read     |   9|          2|    1|          2|
    |in_V_V6_read       |   9|          2|    1|          2|
    |out_V_V9_write     |   9|          2|    1|          2|
    +-------------------+----+-----------+-----+-----------+
    |Total              | 258|         57|   28|         57|
    +-------------------+----+-----------+-----+-----------+

    * Register: 
    +-----------------------------------------+---+----+-----+-----------+
    |                   Name                  | FF| LUT| Bits| Const Bits|
    +-----------------------------------------+---+----+-----+-----------+
    |ap_CS_fsm                                |  2|   0|    2|          0|
    |ap_done_reg                              |  1|   0|    1|          0|
    |ap_sync_reg_grp_conv505_fu_150_ap_done   |  1|   0|    1|          0|
    |ap_sync_reg_grp_conv505_fu_150_ap_ready  |  1|   0|    1|          0|
    |grp_conv505_fu_150_ap_start_reg          |  1|   0|    1|          0|
    +-----------------------------------------+---+----+-----+-----------+
    |Total                                    |  6|   0|    6|          0|
    +-----------------------------------------+---+----+-----+-----------+



================================================================
== Interface
================================================================
* Summary: 
+-------------------------+-----+-----+------------+----------------+--------------+
|        RTL Ports        | Dir | Bits|  Protocol  |  Source Object |    C Type    |
+-------------------------+-----+-----+------------+----------------+--------------+
|ap_clk                   |  in |    1| ap_ctrl_hs | Conv_0_conv339 | return value |
|ap_rst                   |  in |    1| ap_ctrl_hs | Conv_0_conv339 | return value |
|ap_start                 |  in |    1| ap_ctrl_hs | Conv_0_conv339 | return value |
|ap_done                  | out |    1| ap_ctrl_hs | Conv_0_conv339 | return value |
|ap_continue              |  in |    1| ap_ctrl_hs | Conv_0_conv339 | return value |
|ap_idle                  | out |    1| ap_ctrl_hs | Conv_0_conv339 | return value |
|ap_ready                 | out |    1| ap_ctrl_hs | Conv_0_conv339 | return value |
|weights_V31575_address0  | out |    2|  ap_stable | weights_V31575 |     array    |
|weights_V31575_ce0       | out |    1|  ap_stable | weights_V31575 |     array    |
|weights_V31575_q0        |  in |   16|  ap_stable | weights_V31575 |     array    |
|weights_V31576_address0  | out |    2|  ap_stable | weights_V31576 |     array    |
|weights_V31576_ce0       | out |    1|  ap_stable | weights_V31576 |     array    |
|weights_V31576_q0        |  in |   16|  ap_stable | weights_V31576 |     array    |
|weights_V31577_address0  | out |    2|  ap_stable | weights_V31577 |     array    |
|weights_V31577_ce0       | out |    1|  ap_stable | weights_V31577 |     array    |
|weights_V31577_q0        |  in |   16|  ap_stable | weights_V31577 |     array    |
|weights_V31578_address0  | out |    2|  ap_stable | weights_V31578 |     array    |
|weights_V31578_ce0       | out |    1|  ap_stable | weights_V31578 |     array    |
|weights_V31578_q0        |  in |   16|  ap_stable | weights_V31578 |     array    |
|weights_V31579_address0  | out |    2|  ap_stable | weights_V31579 |     array    |
|weights_V31579_ce0       | out |    1|  ap_stable | weights_V31579 |     array    |
|weights_V31579_q0        |  in |   16|  ap_stable | weights_V31579 |     array    |
|weights_V31680_address0  | out |    2|  ap_stable | weights_V31680 |     array    |
|weights_V31680_ce0       | out |    1|  ap_stable | weights_V31680 |     array    |
|weights_V31680_q0        |  in |   16|  ap_stable | weights_V31680 |     array    |
|weights_V31681_address0  | out |    2|  ap_stable | weights_V31681 |     array    |
|weights_V31681_ce0       | out |    1|  ap_stable | weights_V31681 |     array    |
|weights_V31681_q0        |  in |   16|  ap_stable | weights_V31681 |     array    |
|weights_V31682_address0  | out |    2|  ap_stable | weights_V31682 |     array    |
|weights_V31682_ce0       | out |    1|  ap_stable | weights_V31682 |     array    |
|weights_V31682_q0        |  in |   16|  ap_stable | weights_V31682 |     array    |
|weights_V31683_address0  | out |    2|  ap_stable | weights_V31683 |     array    |
|weights_V31683_ce0       | out |    1|  ap_stable | weights_V31683 |     array    |
|weights_V31683_q0        |  in |   16|  ap_stable | weights_V31683 |     array    |
|weights_V31684_address0  | out |    2|  ap_stable | weights_V31684 |     array    |
|weights_V31684_ce0       | out |    1|  ap_stable | weights_V31684 |     array    |
|weights_V31684_q0        |  in |   16|  ap_stable | weights_V31684 |     array    |
|weights_V31785_address0  | out |    2|  ap_stable | weights_V31785 |     array    |
|weights_V31785_ce0       | out |    1|  ap_stable | weights_V31785 |     array    |
|weights_V31785_q0        |  in |   16|  ap_stable | weights_V31785 |     array    |
|weights_V31786_address0  | out |    2|  ap_stable | weights_V31786 |     array    |
|weights_V31786_ce0       | out |    1|  ap_stable | weights_V31786 |     array    |
|weights_V31786_q0        |  in |   16|  ap_stable | weights_V31786 |     array    |
|weights_V31787_address0  | out |    2|  ap_stable | weights_V31787 |     array    |
|weights_V31787_ce0       | out |    1|  ap_stable | weights_V31787 |     array    |
|weights_V31787_q0        |  in |   16|  ap_stable | weights_V31787 |     array    |
|weights_V31788_address0  | out |    2|  ap_stable | weights_V31788 |     array    |
|weights_V31788_ce0       | out |    1|  ap_stable | weights_V31788 |     array    |
|weights_V31788_q0        |  in |   16|  ap_stable | weights_V31788 |     array    |
|weights_V31789_address0  | out |    2|  ap_stable | weights_V31789 |     array    |
|weights_V31789_ce0       | out |    1|  ap_stable | weights_V31789 |     array    |
|weights_V31789_q0        |  in |   16|  ap_stable | weights_V31789 |     array    |
|weights_V31890_address0  | out |    2|  ap_stable | weights_V31890 |     array    |
|weights_V31890_ce0       | out |    1|  ap_stable | weights_V31890 |     array    |
|weights_V31890_q0        |  in |   16|  ap_stable | weights_V31890 |     array    |
|weights_V31891_address0  | out |    2|  ap_stable | weights_V31891 |     array    |
|weights_V31891_ce0       | out |    1|  ap_stable | weights_V31891 |     array    |
|weights_V31891_q0        |  in |   16|  ap_stable | weights_V31891 |     array    |
|weights_V31892_address0  | out |    2|  ap_stable | weights_V31892 |     array    |
|weights_V31892_ce0       | out |    1|  ap_stable | weights_V31892 |     array    |
|weights_V31892_q0        |  in |   16|  ap_stable | weights_V31892 |     array    |
|weights_V31893_address0  | out |    2|  ap_stable | weights_V31893 |     array    |
|weights_V31893_ce0       | out |    1|  ap_stable | weights_V31893 |     array    |
|weights_V31893_q0        |  in |   16|  ap_stable | weights_V31893 |     array    |
|weights_V31894_address0  | out |    2|  ap_stable | weights_V31894 |     array    |
|weights_V31894_ce0       | out |    1|  ap_stable | weights_V31894 |     array    |
|weights_V31894_q0        |  in |   16|  ap_stable | weights_V31894 |     array    |
|weights_V31995_address0  | out |    2|  ap_stable | weights_V31995 |     array    |
|weights_V31995_ce0       | out |    1|  ap_stable | weights_V31995 |     array    |
|weights_V31995_q0        |  in |   16|  ap_stable | weights_V31995 |     array    |
|weights_V31996_address0  | out |    2|  ap_stable | weights_V31996 |     array    |
|weights_V31996_ce0       | out |    1|  ap_stable | weights_V31996 |     array    |
|weights_V31996_q0        |  in |   16|  ap_stable | weights_V31996 |     array    |
|weights_V31997_address0  | out |    2|  ap_stable | weights_V31997 |     array    |
|weights_V31997_ce0       | out |    1|  ap_stable | weights_V31997 |     array    |
|weights_V31997_q0        |  in |   16|  ap_stable | weights_V31997 |     array    |
|weights_V31998_address0  | out |    2|  ap_stable | weights_V31998 |     array    |
|weights_V31998_ce0       | out |    1|  ap_stable | weights_V31998 |     array    |
|weights_V31998_q0        |  in |   16|  ap_stable | weights_V31998 |     array    |
|weights_V31999_address0  | out |    2|  ap_stable | weights_V31999 |     array    |
|weights_V31999_ce0       | out |    1|  ap_stable | weights_V31999 |     array    |
|weights_V31999_q0        |  in |   16|  ap_stable | weights_V31999 |     array    |
|in_V_V6_dout             |  in |   16|   ap_fifo  |     in_V_V6    |    pointer   |
|in_V_V6_empty_n          |  in |    1|   ap_fifo  |     in_V_V6    |    pointer   |
|in_V_V6_read             | out |    1|   ap_fifo  |     in_V_V6    |    pointer   |
|in_V_V6160_dout          |  in |   16|   ap_fifo  |   in_V_V6160   |    pointer   |
|in_V_V6160_empty_n       |  in |    1|   ap_fifo  |   in_V_V6160   |    pointer   |
|in_V_V6160_read          | out |    1|   ap_fifo  |   in_V_V6160   |    pointer   |
|in_V_V6161_dout          |  in |   16|   ap_fifo  |   in_V_V6161   |    pointer   |
|in_V_V6161_empty_n       |  in |    1|   ap_fifo  |   in_V_V6161   |    pointer   |
|in_V_V6161_read          | out |    1|   ap_fifo  |   in_V_V6161   |    pointer   |
|in_V_V6162_dout          |  in |   16|   ap_fifo  |   in_V_V6162   |    pointer   |
|in_V_V6162_empty_n       |  in |    1|   ap_fifo  |   in_V_V6162   |    pointer   |
|in_V_V6162_read          | out |    1|   ap_fifo  |   in_V_V6162   |    pointer   |
|in_V_V6163_dout          |  in |   16|   ap_fifo  |   in_V_V6163   |    pointer   |
|in_V_V6163_empty_n       |  in |    1|   ap_fifo  |   in_V_V6163   |    pointer   |
|in_V_V6163_read          | out |    1|   ap_fifo  |   in_V_V6163   |    pointer   |
|in_V_V632_dout           |  in |   16|   ap_fifo  |    in_V_V632   |    pointer   |
|in_V_V632_empty_n        |  in |    1|   ap_fifo  |    in_V_V632   |    pointer   |
|in_V_V632_read           | out |    1|   ap_fifo  |    in_V_V632   |    pointer   |
|in_V_V632164_dout        |  in |   16|   ap_fifo  |  in_V_V632164  |    pointer   |
|in_V_V632164_empty_n     |  in |    1|   ap_fifo  |  in_V_V632164  |    pointer   |
|in_V_V632164_read        | out |    1|   ap_fifo  |  in_V_V632164  |    pointer   |
|in_V_V632165_dout        |  in |   16|   ap_fifo  |  in_V_V632165  |    pointer   |
|in_V_V632165_empty_n     |  in |    1|   ap_fifo  |  in_V_V632165  |    pointer   |
|in_V_V632165_read        | out |    1|   ap_fifo  |  in_V_V632165  |    pointer   |
|in_V_V632166_dout        |  in |   16|   ap_fifo  |  in_V_V632166  |    pointer   |
|in_V_V632166_empty_n     |  in |    1|   ap_fifo  |  in_V_V632166  |    pointer   |
|in_V_V632166_read        | out |    1|   ap_fifo  |  in_V_V632166  |    pointer   |
|in_V_V632167_dout        |  in |   16|   ap_fifo  |  in_V_V632167  |    pointer   |
|in_V_V632167_empty_n     |  in |    1|   ap_fifo  |  in_V_V632167  |    pointer   |
|in_V_V632167_read        | out |    1|   ap_fifo  |  in_V_V632167  |    pointer   |
|in_V_V633_dout           |  in |   16|   ap_fifo  |    in_V_V633   |    pointer   |
|in_V_V633_empty_n        |  in |    1|   ap_fifo  |    in_V_V633   |    pointer   |
|in_V_V633_read           | out |    1|   ap_fifo  |    in_V_V633   |    pointer   |
|in_V_V633168_dout        |  in |   16|   ap_fifo  |  in_V_V633168  |    pointer   |
|in_V_V633168_empty_n     |  in |    1|   ap_fifo  |  in_V_V633168  |    pointer   |
|in_V_V633168_read        | out |    1|   ap_fifo  |  in_V_V633168  |    pointer   |
|in_V_V633169_dout        |  in |   16|   ap_fifo  |  in_V_V633169  |    pointer   |
|in_V_V633169_empty_n     |  in |    1|   ap_fifo  |  in_V_V633169  |    pointer   |
|in_V_V633169_read        | out |    1|   ap_fifo  |  in_V_V633169  |    pointer   |
|in_V_V633170_dout        |  in |   16|   ap_fifo  |  in_V_V633170  |    pointer   |
|in_V_V633170_empty_n     |  in |    1|   ap_fifo  |  in_V_V633170  |    pointer   |
|in_V_V633170_read        | out |    1|   ap_fifo  |  in_V_V633170  |    pointer   |
|in_V_V633171_dout        |  in |   16|   ap_fifo  |  in_V_V633171  |    pointer   |
|in_V_V633171_empty_n     |  in |    1|   ap_fifo  |  in_V_V633171  |    pointer   |
|in_V_V633171_read        | out |    1|   ap_fifo  |  in_V_V633171  |    pointer   |
|in_V_V634_dout           |  in |   16|   ap_fifo  |    in_V_V634   |    pointer   |
|in_V_V634_empty_n        |  in |    1|   ap_fifo  |    in_V_V634   |    pointer   |
|in_V_V634_read           | out |    1|   ap_fifo  |    in_V_V634   |    pointer   |
|in_V_V634172_dout        |  in |   16|   ap_fifo  |  in_V_V634172  |    pointer   |
|in_V_V634172_empty_n     |  in |    1|   ap_fifo  |  in_V_V634172  |    pointer   |
|in_V_V634172_read        | out |    1|   ap_fifo  |  in_V_V634172  |    pointer   |
|in_V_V634173_dout        |  in |   16|   ap_fifo  |  in_V_V634173  |    pointer   |
|in_V_V634173_empty_n     |  in |    1|   ap_fifo  |  in_V_V634173  |    pointer   |
|in_V_V634173_read        | out |    1|   ap_fifo  |  in_V_V634173  |    pointer   |
|in_V_V634174_dout        |  in |   16|   ap_fifo  |  in_V_V634174  |    pointer   |
|in_V_V634174_empty_n     |  in |    1|   ap_fifo  |  in_V_V634174  |    pointer   |
|in_V_V634174_read        | out |    1|   ap_fifo  |  in_V_V634174  |    pointer   |
|in_V_V634175_dout        |  in |   16|   ap_fifo  |  in_V_V634175  |    pointer   |
|in_V_V634175_empty_n     |  in |    1|   ap_fifo  |  in_V_V634175  |    pointer   |
|in_V_V634175_read        | out |    1|   ap_fifo  |  in_V_V634175  |    pointer   |
|in_V_V635_dout           |  in |   16|   ap_fifo  |    in_V_V635   |    pointer   |
|in_V_V635_empty_n        |  in |    1|   ap_fifo  |    in_V_V635   |    pointer   |
|in_V_V635_read           | out |    1|   ap_fifo  |    in_V_V635   |    pointer   |
|in_V_V635176_dout        |  in |   16|   ap_fifo  |  in_V_V635176  |    pointer   |
|in_V_V635176_empty_n     |  in |    1|   ap_fifo  |  in_V_V635176  |    pointer   |
|in_V_V635176_read        | out |    1|   ap_fifo  |  in_V_V635176  |    pointer   |
|in_V_V635177_dout        |  in |   16|   ap_fifo  |  in_V_V635177  |    pointer   |
|in_V_V635177_empty_n     |  in |    1|   ap_fifo  |  in_V_V635177  |    pointer   |
|in_V_V635177_read        | out |    1|   ap_fifo  |  in_V_V635177  |    pointer   |
|in_V_V635178_dout        |  in |   16|   ap_fifo  |  in_V_V635178  |    pointer   |
|in_V_V635178_empty_n     |  in |    1|   ap_fifo  |  in_V_V635178  |    pointer   |
|in_V_V635178_read        | out |    1|   ap_fifo  |  in_V_V635178  |    pointer   |
|in_V_V635179_dout        |  in |   16|   ap_fifo  |  in_V_V635179  |    pointer   |
|in_V_V635179_empty_n     |  in |    1|   ap_fifo  |  in_V_V635179  |    pointer   |
|in_V_V635179_read        | out |    1|   ap_fifo  |  in_V_V635179  |    pointer   |
|out_V_V9_din             | out |   30|   ap_fifo  |    out_V_V9    |    pointer   |
|out_V_V9_full_n          |  in |    1|   ap_fifo  |    out_V_V9    |    pointer   |
|out_V_V9_write           | out |    1|   ap_fifo  |    out_V_V9    |    pointer   |
+-------------------------+-----+-----+------------+----------------+--------------+

============================================================
+ Verbose Summary: Synthesis Manager
============================================================
InlineROM: 1
ExposeGlobal: 0
============================================================
+ Verbose Summary: CDFG Model
============================================================
IsTopModel: 0
ResetActiveHigh: 1
IsCombinational: 2
IsDatapathOnly: 0
HasWiredReturn: 1
HasMFsm: 0
HasVarLatency: 1
IsPipeline: 0
IsRtlPipelined: 0
IsInstanceOverlapped: 0
IsDontTouch: 0
HasImplIP: 0
IsGatedGlobalClock: 0


============================================================
+ Verbose Summary: Schedule
============================================================
* Number of FSM states : 2
* Pipeline : 0
* Dataflow Pipeline: 0

* FSM state transitions: 
1 --> 2 
2 --> 

* FSM state operations: 

State 1 <SV = 0> <Delay = 0.00>
ST_1 : Operation 3 [2/2] (0.00ns)   --->   "call fastcc void @conv505(i16* %in_V_V6, i16* %in_V_V6160, i16* %in_V_V6161, i16* %in_V_V6162, i16* %in_V_V6163, i16* %in_V_V632, i16* %in_V_V632164, i16* %in_V_V632165, i16* %in_V_V632166, i16* %in_V_V632167, i16* %in_V_V633, i16* %in_V_V633168, i16* %in_V_V633169, i16* %in_V_V633170, i16* %in_V_V633171, i16* %in_V_V634, i16* %in_V_V634172, i16* %in_V_V634173, i16* %in_V_V634174, i16* %in_V_V634175, i16* %in_V_V635, i16* %in_V_V635176, i16* %in_V_V635177, i16* %in_V_V635178, i16* %in_V_V635179, [4 x i16]* %weights_V31575, [4 x i16]* %weights_V31576, [4 x i16]* %weights_V31577, [4 x i16]* %weights_V31578, [4 x i16]* %weights_V31579, [4 x i16]* %weights_V31680, [4 x i16]* %weights_V31681, [4 x i16]* %weights_V31682, [4 x i16]* %weights_V31683, [4 x i16]* %weights_V31684, [4 x i16]* %weights_V31785, [4 x i16]* %weights_V31786, [4 x i16]* %weights_V31787, [4 x i16]* %weights_V31788, [4 x i16]* %weights_V31789, [4 x i16]* %weights_V31890, [4 x i16]* %weights_V31891, [4 x i16]* %weights_V31892, [4 x i16]* %weights_V31893, [4 x i16]* %weights_V31894, [4 x i16]* %weights_V31995, [4 x i16]* %weights_V31996, [4 x i16]* %weights_V31997, [4 x i16]* %weights_V31998, [4 x i16]* %weights_V31999, i30* %out_V_V9)" [partition_0/src/Conv_0.cpp:68]   --->   Operation 3 'call' <Predicate = true> <Delay = 0.00> <CoreType = "Generic">   --->   Core 0 '' <Latency = 0> <II = 1> <Delay = 1.00> <Generic> <Opcode : >

State 2 <SV = 1> <Delay = 0.00>
ST_2 : Operation 4 [1/1] (0.00ns)   --->   "call void (...)* @_ssdm_op_SpecStableContent([4 x i16]* %weights_V31575)"   --->   Operation 4 'specstablecontent' <Predicate = true> <Delay = 0.00>
ST_2 : Operation 5 [1/1] (0.00ns)   --->   "call void (...)* @_ssdm_op_SpecStableContent([4 x i16]* %weights_V31576)"   --->   Operation 5 'specstablecontent' <Predicate = true> <Delay = 0.00>
ST_2 : Operation 6 [1/1] (0.00ns)   --->   "call void (...)* @_ssdm_op_SpecStableContent([4 x i16]* %weights_V31577)"   --->   Operation 6 'specstablecontent' <Predicate = true> <Delay = 0.00>
ST_2 : Operation 7 [1/1] (0.00ns)   --->   "call void (...)* @_ssdm_op_SpecStableContent([4 x i16]* %weights_V31578)"   --->   Operation 7 'specstablecontent' <Predicate = true> <Delay = 0.00>
ST_2 : Operation 8 [1/1] (0.00ns)   --->   "call void (...)* @_ssdm_op_SpecStableContent([4 x i16]* %weights_V31579)"   --->   Operation 8 'specstablecontent' <Predicate = true> <Delay = 0.00>
ST_2 : Operation 9 [1/1] (0.00ns)   --->   "call void (...)* @_ssdm_op_SpecStableContent([4 x i16]* %weights_V31680)"   --->   Operation 9 'specstablecontent' <Predicate = true> <Delay = 0.00>
ST_2 : Operation 10 [1/1] (0.00ns)   --->   "call void (...)* @_ssdm_op_SpecStableContent([4 x i16]* %weights_V31681)"   --->   Operation 10 'specstablecontent' <Predicate = true> <Delay = 0.00>
ST_2 : Operation 11 [1/1] (0.00ns)   --->   "call void (...)* @_ssdm_op_SpecStableContent([4 x i16]* %weights_V31682)"   --->   Operation 11 'specstablecontent' <Predicate = true> <Delay = 0.00>
ST_2 : Operation 12 [1/1] (0.00ns)   --->   "call void (...)* @_ssdm_op_SpecStableContent([4 x i16]* %weights_V31683)"   --->   Operation 12 'specstablecontent' <Predicate = true> <Delay = 0.00>
ST_2 : Operation 13 [1/1] (0.00ns)   --->   "call void (...)* @_ssdm_op_SpecStableContent([4 x i16]* %weights_V31684)"   --->   Operation 13 'specstablecontent' <Predicate = true> <Delay = 0.00>
ST_2 : Operation 14 [1/1] (0.00ns)   --->   "call void (...)* @_ssdm_op_SpecStableContent([4 x i16]* %weights_V31785)"   --->   Operation 14 'specstablecontent' <Predicate = true> <Delay = 0.00>
ST_2 : Operation 15 [1/1] (0.00ns)   --->   "call void (...)* @_ssdm_op_SpecStableContent([4 x i16]* %weights_V31786)"   --->   Operation 15 'specstablecontent' <Predicate = true> <Delay = 0.00>
ST_2 : Operation 16 [1/1] (0.00ns)   --->   "call void (...)* @_ssdm_op_SpecStableContent([4 x i16]* %weights_V31787)"   --->   Operation 16 'specstablecontent' <Predicate = true> <Delay = 0.00>
ST_2 : Operation 17 [1/1] (0.00ns)   --->   "call void (...)* @_ssdm_op_SpecStableContent([4 x i16]* %weights_V31788)"   --->   Operation 17 'specstablecontent' <Predicate = true> <Delay = 0.00>
ST_2 : Operation 18 [1/1] (0.00ns)   --->   "call void (...)* @_ssdm_op_SpecStableContent([4 x i16]* %weights_V31789)"   --->   Operation 18 'specstablecontent' <Predicate = true> <Delay = 0.00>
ST_2 : Operation 19 [1/1] (0.00ns)   --->   "call void (...)* @_ssdm_op_SpecStableContent([4 x i16]* %weights_V31890)"   --->   Operation 19 'specstablecontent' <Predicate = true> <Delay = 0.00>
ST_2 : Operation 20 [1/1] (0.00ns)   --->   "call void (...)* @_ssdm_op_SpecStableContent([4 x i16]* %weights_V31891)"   --->   Operation 20 'specstablecontent' <Predicate = true> <Delay = 0.00>
ST_2 : Operation 21 [1/1] (0.00ns)   --->   "call void (...)* @_ssdm_op_SpecStableContent([4 x i16]* %weights_V31892)"   --->   Operation 21 'specstablecontent' <Predicate = true> <Delay = 0.00>
ST_2 : Operation 22 [1/1] (0.00ns)   --->   "call void (...)* @_ssdm_op_SpecStableContent([4 x i16]* %weights_V31893)"   --->   Operation 22 'specstablecontent' <Predicate = true> <Delay = 0.00>
ST_2 : Operation 23 [1/1] (0.00ns)   --->   "call void (...)* @_ssdm_op_SpecStableContent([4 x i16]* %weights_V31894)"   --->   Operation 23 'specstablecontent' <Predicate = true> <Delay = 0.00>
ST_2 : Operation 24 [1/1] (0.00ns)   --->   "call void (...)* @_ssdm_op_SpecStableContent([4 x i16]* %weights_V31995)"   --->   Operation 24 'specstablecontent' <Predicate = true> <Delay = 0.00>
ST_2 : Operation 25 [1/1] (0.00ns)   --->   "call void (...)* @_ssdm_op_SpecStableContent([4 x i16]* %weights_V31996)"   --->   Operation 25 'specstablecontent' <Predicate = true> <Delay = 0.00>
ST_2 : Operation 26 [1/1] (0.00ns)   --->   "call void (...)* @_ssdm_op_SpecStableContent([4 x i16]* %weights_V31997)"   --->   Operation 26 'specstablecontent' <Predicate = true> <Delay = 0.00>
ST_2 : Operation 27 [1/1] (0.00ns)   --->   "call void (...)* @_ssdm_op_SpecStableContent([4 x i16]* %weights_V31998)"   --->   Operation 27 'specstablecontent' <Predicate = true> <Delay = 0.00>
ST_2 : Operation 28 [1/1] (0.00ns)   --->   "call void (...)* @_ssdm_op_SpecStableContent([4 x i16]* %weights_V31999)"   --->   Operation 28 'specstablecontent' <Predicate = true> <Delay = 0.00>
ST_2 : Operation 29 [1/1] (0.00ns)   --->   "call void (...)* @_ssdm_op_SpecMemCore([4 x i16]* %weights_V31999, [1 x i8]* @p_str4, [4 x i8]* @p_str36, [1 x i8]* @p_str4, i32 -1, [1 x i8]* @p_str4, [1 x i8]* @p_str4, [1 x i8]* @p_str4, [1 x i8]* @p_str4, [1 x i8]* @p_str4)"   --->   Operation 29 'specmemcore' <Predicate = true> <Delay = 0.00>
ST_2 : Operation 30 [1/1] (0.00ns)   --->   "call void (...)* @_ssdm_op_SpecMemCore([4 x i16]* %weights_V31998, [1 x i8]* @p_str4, [4 x i8]* @p_str36, [1 x i8]* @p_str4, i32 -1, [1 x i8]* @p_str4, [1 x i8]* @p_str4, [1 x i8]* @p_str4, [1 x i8]* @p_str4, [1 x i8]* @p_str4)"   --->   Operation 30 'specmemcore' <Predicate = true> <Delay = 0.00>
ST_2 : Operation 31 [1/1] (0.00ns)   --->   "call void (...)* @_ssdm_op_SpecMemCore([4 x i16]* %weights_V31997, [1 x i8]* @p_str4, [4 x i8]* @p_str36, [1 x i8]* @p_str4, i32 -1, [1 x i8]* @p_str4, [1 x i8]* @p_str4, [1 x i8]* @p_str4, [1 x i8]* @p_str4, [1 x i8]* @p_str4)"   --->   Operation 31 'specmemcore' <Predicate = true> <Delay = 0.00>
ST_2 : Operation 32 [1/1] (0.00ns)   --->   "call void (...)* @_ssdm_op_SpecMemCore([4 x i16]* %weights_V31996, [1 x i8]* @p_str4, [4 x i8]* @p_str36, [1 x i8]* @p_str4, i32 -1, [1 x i8]* @p_str4, [1 x i8]* @p_str4, [1 x i8]* @p_str4, [1 x i8]* @p_str4, [1 x i8]* @p_str4)"   --->   Operation 32 'specmemcore' <Predicate = true> <Delay = 0.00>
ST_2 : Operation 33 [1/1] (0.00ns)   --->   "call void (...)* @_ssdm_op_SpecMemCore([4 x i16]* %weights_V31995, [1 x i8]* @p_str4, [4 x i8]* @p_str36, [1 x i8]* @p_str4, i32 -1, [1 x i8]* @p_str4, [1 x i8]* @p_str4, [1 x i8]* @p_str4, [1 x i8]* @p_str4, [1 x i8]* @p_str4)"   --->   Operation 33 'specmemcore' <Predicate = true> <Delay = 0.00>
ST_2 : Operation 34 [1/1] (0.00ns)   --->   "call void (...)* @_ssdm_op_SpecMemCore([4 x i16]* %weights_V31894, [1 x i8]* @p_str4, [4 x i8]* @p_str36, [1 x i8]* @p_str4, i32 -1, [1 x i8]* @p_str4, [1 x i8]* @p_str4, [1 x i8]* @p_str4, [1 x i8]* @p_str4, [1 x i8]* @p_str4)"   --->   Operation 34 'specmemcore' <Predicate = true> <Delay = 0.00>
ST_2 : Operation 35 [1/1] (0.00ns)   --->   "call void (...)* @_ssdm_op_SpecMemCore([4 x i16]* %weights_V31893, [1 x i8]* @p_str4, [4 x i8]* @p_str36, [1 x i8]* @p_str4, i32 -1, [1 x i8]* @p_str4, [1 x i8]* @p_str4, [1 x i8]* @p_str4, [1 x i8]* @p_str4, [1 x i8]* @p_str4)"   --->   Operation 35 'specmemcore' <Predicate = true> <Delay = 0.00>
ST_2 : Operation 36 [1/1] (0.00ns)   --->   "call void (...)* @_ssdm_op_SpecMemCore([4 x i16]* %weights_V31892, [1 x i8]* @p_str4, [4 x i8]* @p_str36, [1 x i8]* @p_str4, i32 -1, [1 x i8]* @p_str4, [1 x i8]* @p_str4, [1 x i8]* @p_str4, [1 x i8]* @p_str4, [1 x i8]* @p_str4)"   --->   Operation 36 'specmemcore' <Predicate = true> <Delay = 0.00>
ST_2 : Operation 37 [1/1] (0.00ns)   --->   "call void (...)* @_ssdm_op_SpecMemCore([4 x i16]* %weights_V31891, [1 x i8]* @p_str4, [4 x i8]* @p_str36, [1 x i8]* @p_str4, i32 -1, [1 x i8]* @p_str4, [1 x i8]* @p_str4, [1 x i8]* @p_str4, [1 x i8]* @p_str4, [1 x i8]* @p_str4)"   --->   Operation 37 'specmemcore' <Predicate = true> <Delay = 0.00>
ST_2 : Operation 38 [1/1] (0.00ns)   --->   "call void (...)* @_ssdm_op_SpecMemCore([4 x i16]* %weights_V31890, [1 x i8]* @p_str4, [4 x i8]* @p_str36, [1 x i8]* @p_str4, i32 -1, [1 x i8]* @p_str4, [1 x i8]* @p_str4, [1 x i8]* @p_str4, [1 x i8]* @p_str4, [1 x i8]* @p_str4)"   --->   Operation 38 'specmemcore' <Predicate = true> <Delay = 0.00>
ST_2 : Operation 39 [1/1] (0.00ns)   --->   "call void (...)* @_ssdm_op_SpecMemCore([4 x i16]* %weights_V31789, [1 x i8]* @p_str4, [4 x i8]* @p_str36, [1 x i8]* @p_str4, i32 -1, [1 x i8]* @p_str4, [1 x i8]* @p_str4, [1 x i8]* @p_str4, [1 x i8]* @p_str4, [1 x i8]* @p_str4)"   --->   Operation 39 'specmemcore' <Predicate = true> <Delay = 0.00>
ST_2 : Operation 40 [1/1] (0.00ns)   --->   "call void (...)* @_ssdm_op_SpecMemCore([4 x i16]* %weights_V31788, [1 x i8]* @p_str4, [4 x i8]* @p_str36, [1 x i8]* @p_str4, i32 -1, [1 x i8]* @p_str4, [1 x i8]* @p_str4, [1 x i8]* @p_str4, [1 x i8]* @p_str4, [1 x i8]* @p_str4)"   --->   Operation 40 'specmemcore' <Predicate = true> <Delay = 0.00>
ST_2 : Operation 41 [1/1] (0.00ns)   --->   "call void (...)* @_ssdm_op_SpecMemCore([4 x i16]* %weights_V31787, [1 x i8]* @p_str4, [4 x i8]* @p_str36, [1 x i8]* @p_str4, i32 -1, [1 x i8]* @p_str4, [1 x i8]* @p_str4, [1 x i8]* @p_str4, [1 x i8]* @p_str4, [1 x i8]* @p_str4)"   --->   Operation 41 'specmemcore' <Predicate = true> <Delay = 0.00>
ST_2 : Operation 42 [1/1] (0.00ns)   --->   "call void (...)* @_ssdm_op_SpecMemCore([4 x i16]* %weights_V31786, [1 x i8]* @p_str4, [4 x i8]* @p_str36, [1 x i8]* @p_str4, i32 -1, [1 x i8]* @p_str4, [1 x i8]* @p_str4, [1 x i8]* @p_str4, [1 x i8]* @p_str4, [1 x i8]* @p_str4)"   --->   Operation 42 'specmemcore' <Predicate = true> <Delay = 0.00>
ST_2 : Operation 43 [1/1] (0.00ns)   --->   "call void (...)* @_ssdm_op_SpecMemCore([4 x i16]* %weights_V31785, [1 x i8]* @p_str4, [4 x i8]* @p_str36, [1 x i8]* @p_str4, i32 -1, [1 x i8]* @p_str4, [1 x i8]* @p_str4, [1 x i8]* @p_str4, [1 x i8]* @p_str4, [1 x i8]* @p_str4)"   --->   Operation 43 'specmemcore' <Predicate = true> <Delay = 0.00>
ST_2 : Operation 44 [1/1] (0.00ns)   --->   "call void (...)* @_ssdm_op_SpecMemCore([4 x i16]* %weights_V31684, [1 x i8]* @p_str4, [4 x i8]* @p_str36, [1 x i8]* @p_str4, i32 -1, [1 x i8]* @p_str4, [1 x i8]* @p_str4, [1 x i8]* @p_str4, [1 x i8]* @p_str4, [1 x i8]* @p_str4)"   --->   Operation 44 'specmemcore' <Predicate = true> <Delay = 0.00>
ST_2 : Operation 45 [1/1] (0.00ns)   --->   "call void (...)* @_ssdm_op_SpecMemCore([4 x i16]* %weights_V31683, [1 x i8]* @p_str4, [4 x i8]* @p_str36, [1 x i8]* @p_str4, i32 -1, [1 x i8]* @p_str4, [1 x i8]* @p_str4, [1 x i8]* @p_str4, [1 x i8]* @p_str4, [1 x i8]* @p_str4)"   --->   Operation 45 'specmemcore' <Predicate = true> <Delay = 0.00>
ST_2 : Operation 46 [1/1] (0.00ns)   --->   "call void (...)* @_ssdm_op_SpecMemCore([4 x i16]* %weights_V31682, [1 x i8]* @p_str4, [4 x i8]* @p_str36, [1 x i8]* @p_str4, i32 -1, [1 x i8]* @p_str4, [1 x i8]* @p_str4, [1 x i8]* @p_str4, [1 x i8]* @p_str4, [1 x i8]* @p_str4)"   --->   Operation 46 'specmemcore' <Predicate = true> <Delay = 0.00>
ST_2 : Operation 47 [1/1] (0.00ns)   --->   "call void (...)* @_ssdm_op_SpecMemCore([4 x i16]* %weights_V31681, [1 x i8]* @p_str4, [4 x i8]* @p_str36, [1 x i8]* @p_str4, i32 -1, [1 x i8]* @p_str4, [1 x i8]* @p_str4, [1 x i8]* @p_str4, [1 x i8]* @p_str4, [1 x i8]* @p_str4)"   --->   Operation 47 'specmemcore' <Predicate = true> <Delay = 0.00>
ST_2 : Operation 48 [1/1] (0.00ns)   --->   "call void (...)* @_ssdm_op_SpecMemCore([4 x i16]* %weights_V31680, [1 x i8]* @p_str4, [4 x i8]* @p_str36, [1 x i8]* @p_str4, i32 -1, [1 x i8]* @p_str4, [1 x i8]* @p_str4, [1 x i8]* @p_str4, [1 x i8]* @p_str4, [1 x i8]* @p_str4)"   --->   Operation 48 'specmemcore' <Predicate = true> <Delay = 0.00>
ST_2 : Operation 49 [1/1] (0.00ns)   --->   "call void (...)* @_ssdm_op_SpecMemCore([4 x i16]* %weights_V31579, [1 x i8]* @p_str4, [4 x i8]* @p_str36, [1 x i8]* @p_str4, i32 -1, [1 x i8]* @p_str4, [1 x i8]* @p_str4, [1 x i8]* @p_str4, [1 x i8]* @p_str4, [1 x i8]* @p_str4)"   --->   Operation 49 'specmemcore' <Predicate = true> <Delay = 0.00>
ST_2 : Operation 50 [1/1] (0.00ns)   --->   "call void (...)* @_ssdm_op_SpecMemCore([4 x i16]* %weights_V31578, [1 x i8]* @p_str4, [4 x i8]* @p_str36, [1 x i8]* @p_str4, i32 -1, [1 x i8]* @p_str4, [1 x i8]* @p_str4, [1 x i8]* @p_str4, [1 x i8]* @p_str4, [1 x i8]* @p_str4)"   --->   Operation 50 'specmemcore' <Predicate = true> <Delay = 0.00>
ST_2 : Operation 51 [1/1] (0.00ns)   --->   "call void (...)* @_ssdm_op_SpecMemCore([4 x i16]* %weights_V31577, [1 x i8]* @p_str4, [4 x i8]* @p_str36, [1 x i8]* @p_str4, i32 -1, [1 x i8]* @p_str4, [1 x i8]* @p_str4, [1 x i8]* @p_str4, [1 x i8]* @p_str4, [1 x i8]* @p_str4)"   --->   Operation 51 'specmemcore' <Predicate = true> <Delay = 0.00>
ST_2 : Operation 52 [1/1] (0.00ns)   --->   "call void (...)* @_ssdm_op_SpecMemCore([4 x i16]* %weights_V31576, [1 x i8]* @p_str4, [4 x i8]* @p_str36, [1 x i8]* @p_str4, i32 -1, [1 x i8]* @p_str4, [1 x i8]* @p_str4, [1 x i8]* @p_str4, [1 x i8]* @p_str4, [1 x i8]* @p_str4)"   --->   Operation 52 'specmemcore' <Predicate = true> <Delay = 0.00>
ST_2 : Operation 53 [1/1] (0.00ns)   --->   "call void (...)* @_ssdm_op_SpecMemCore([4 x i16]* %weights_V31575, [1 x i8]* @p_str4, [4 x i8]* @p_str36, [1 x i8]* @p_str4, i32 -1, [1 x i8]* @p_str4, [1 x i8]* @p_str4, [1 x i8]* @p_str4, [1 x i8]* @p_str4, [1 x i8]* @p_str4)"   --->   Operation 53 'specmemcore' <Predicate = true> <Delay = 0.00>
ST_2 : Operation 54 [1/1] (0.00ns)   --->   "call void (...)* @_ssdm_op_SpecInterface(i30* %out_V_V9, [8 x i8]* @ap_fifo_str, i32 0, i32 0, [1 x i8]* @p_str, i32 0, i32 0, [1 x i8]* @p_str, [1 x i8]* @p_str, [1 x i8]* @p_str, i32 2, i32 2, i32 16, i32 16, [1 x i8]* @p_str, [1 x i8]* @p_str)"   --->   Operation 54 'specinterface' <Predicate = true> <Delay = 0.00>
ST_2 : Operation 55 [1/1] (0.00ns)   --->   "call void (...)* @_ssdm_op_SpecInterface(i16* %in_V_V635179, [8 x i8]* @ap_fifo_str, i32 0, i32 0, [1 x i8]* @p_str, i32 0, i32 0, [1 x i8]* @p_str, [1 x i8]* @p_str, [1 x i8]* @p_str, i32 2, i32 2, i32 16, i32 16, [1 x i8]* @p_str, [1 x i8]* @p_str)"   --->   Operation 55 'specinterface' <Predicate = true> <Delay = 0.00>
ST_2 : Operation 56 [1/1] (0.00ns)   --->   "call void (...)* @_ssdm_op_SpecInterface(i16* %in_V_V635178, [8 x i8]* @ap_fifo_str, i32 0, i32 0, [1 x i8]* @p_str, i32 0, i32 0, [1 x i8]* @p_str, [1 x i8]* @p_str, [1 x i8]* @p_str, i32 2, i32 2, i32 16, i32 16, [1 x i8]* @p_str, [1 x i8]* @p_str)"   --->   Operation 56 'specinterface' <Predicate = true> <Delay = 0.00>
ST_2 : Operation 57 [1/1] (0.00ns)   --->   "call void (...)* @_ssdm_op_SpecInterface(i16* %in_V_V635177, [8 x i8]* @ap_fifo_str, i32 0, i32 0, [1 x i8]* @p_str, i32 0, i32 0, [1 x i8]* @p_str, [1 x i8]* @p_str, [1 x i8]* @p_str, i32 2, i32 2, i32 16, i32 16, [1 x i8]* @p_str, [1 x i8]* @p_str)"   --->   Operation 57 'specinterface' <Predicate = true> <Delay = 0.00>
ST_2 : Operation 58 [1/1] (0.00ns)   --->   "call void (...)* @_ssdm_op_SpecInterface(i16* %in_V_V635176, [8 x i8]* @ap_fifo_str, i32 0, i32 0, [1 x i8]* @p_str, i32 0, i32 0, [1 x i8]* @p_str, [1 x i8]* @p_str, [1 x i8]* @p_str, i32 2, i32 2, i32 16, i32 16, [1 x i8]* @p_str, [1 x i8]* @p_str)"   --->   Operation 58 'specinterface' <Predicate = true> <Delay = 0.00>
ST_2 : Operation 59 [1/1] (0.00ns)   --->   "call void (...)* @_ssdm_op_SpecInterface(i16* %in_V_V635, [8 x i8]* @ap_fifo_str, i32 0, i32 0, [1 x i8]* @p_str, i32 0, i32 0, [1 x i8]* @p_str, [1 x i8]* @p_str, [1 x i8]* @p_str, i32 2, i32 2, i32 16, i32 16, [1 x i8]* @p_str, [1 x i8]* @p_str)"   --->   Operation 59 'specinterface' <Predicate = true> <Delay = 0.00>
ST_2 : Operation 60 [1/1] (0.00ns)   --->   "call void (...)* @_ssdm_op_SpecInterface(i16* %in_V_V634175, [8 x i8]* @ap_fifo_str, i32 0, i32 0, [1 x i8]* @p_str, i32 0, i32 0, [1 x i8]* @p_str, [1 x i8]* @p_str, [1 x i8]* @p_str, i32 2, i32 2, i32 16, i32 16, [1 x i8]* @p_str, [1 x i8]* @p_str)"   --->   Operation 60 'specinterface' <Predicate = true> <Delay = 0.00>
ST_2 : Operation 61 [1/1] (0.00ns)   --->   "call void (...)* @_ssdm_op_SpecInterface(i16* %in_V_V634174, [8 x i8]* @ap_fifo_str, i32 0, i32 0, [1 x i8]* @p_str, i32 0, i32 0, [1 x i8]* @p_str, [1 x i8]* @p_str, [1 x i8]* @p_str, i32 2, i32 2, i32 16, i32 16, [1 x i8]* @p_str, [1 x i8]* @p_str)"   --->   Operation 61 'specinterface' <Predicate = true> <Delay = 0.00>
ST_2 : Operation 62 [1/1] (0.00ns)   --->   "call void (...)* @_ssdm_op_SpecInterface(i16* %in_V_V634173, [8 x i8]* @ap_fifo_str, i32 0, i32 0, [1 x i8]* @p_str, i32 0, i32 0, [1 x i8]* @p_str, [1 x i8]* @p_str, [1 x i8]* @p_str, i32 2, i32 2, i32 16, i32 16, [1 x i8]* @p_str, [1 x i8]* @p_str)"   --->   Operation 62 'specinterface' <Predicate = true> <Delay = 0.00>
ST_2 : Operation 63 [1/1] (0.00ns)   --->   "call void (...)* @_ssdm_op_SpecInterface(i16* %in_V_V634172, [8 x i8]* @ap_fifo_str, i32 0, i32 0, [1 x i8]* @p_str, i32 0, i32 0, [1 x i8]* @p_str, [1 x i8]* @p_str, [1 x i8]* @p_str, i32 2, i32 2, i32 16, i32 16, [1 x i8]* @p_str, [1 x i8]* @p_str)"   --->   Operation 63 'specinterface' <Predicate = true> <Delay = 0.00>
ST_2 : Operation 64 [1/1] (0.00ns)   --->   "call void (...)* @_ssdm_op_SpecInterface(i16* %in_V_V634, [8 x i8]* @ap_fifo_str, i32 0, i32 0, [1 x i8]* @p_str, i32 0, i32 0, [1 x i8]* @p_str, [1 x i8]* @p_str, [1 x i8]* @p_str, i32 2, i32 2, i32 16, i32 16, [1 x i8]* @p_str, [1 x i8]* @p_str)"   --->   Operation 64 'specinterface' <Predicate = true> <Delay = 0.00>
ST_2 : Operation 65 [1/1] (0.00ns)   --->   "call void (...)* @_ssdm_op_SpecInterface(i16* %in_V_V633171, [8 x i8]* @ap_fifo_str, i32 0, i32 0, [1 x i8]* @p_str, i32 0, i32 0, [1 x i8]* @p_str, [1 x i8]* @p_str, [1 x i8]* @p_str, i32 2, i32 2, i32 16, i32 16, [1 x i8]* @p_str, [1 x i8]* @p_str)"   --->   Operation 65 'specinterface' <Predicate = true> <Delay = 0.00>
ST_2 : Operation 66 [1/1] (0.00ns)   --->   "call void (...)* @_ssdm_op_SpecInterface(i16* %in_V_V633170, [8 x i8]* @ap_fifo_str, i32 0, i32 0, [1 x i8]* @p_str, i32 0, i32 0, [1 x i8]* @p_str, [1 x i8]* @p_str, [1 x i8]* @p_str, i32 2, i32 2, i32 16, i32 16, [1 x i8]* @p_str, [1 x i8]* @p_str)"   --->   Operation 66 'specinterface' <Predicate = true> <Delay = 0.00>
ST_2 : Operation 67 [1/1] (0.00ns)   --->   "call void (...)* @_ssdm_op_SpecInterface(i16* %in_V_V633169, [8 x i8]* @ap_fifo_str, i32 0, i32 0, [1 x i8]* @p_str, i32 0, i32 0, [1 x i8]* @p_str, [1 x i8]* @p_str, [1 x i8]* @p_str, i32 2, i32 2, i32 16, i32 16, [1 x i8]* @p_str, [1 x i8]* @p_str)"   --->   Operation 67 'specinterface' <Predicate = true> <Delay = 0.00>
ST_2 : Operation 68 [1/1] (0.00ns)   --->   "call void (...)* @_ssdm_op_SpecInterface(i16* %in_V_V633168, [8 x i8]* @ap_fifo_str, i32 0, i32 0, [1 x i8]* @p_str, i32 0, i32 0, [1 x i8]* @p_str, [1 x i8]* @p_str, [1 x i8]* @p_str, i32 2, i32 2, i32 16, i32 16, [1 x i8]* @p_str, [1 x i8]* @p_str)"   --->   Operation 68 'specinterface' <Predicate = true> <Delay = 0.00>
ST_2 : Operation 69 [1/1] (0.00ns)   --->   "call void (...)* @_ssdm_op_SpecInterface(i16* %in_V_V633, [8 x i8]* @ap_fifo_str, i32 0, i32 0, [1 x i8]* @p_str, i32 0, i32 0, [1 x i8]* @p_str, [1 x i8]* @p_str, [1 x i8]* @p_str, i32 2, i32 2, i32 16, i32 16, [1 x i8]* @p_str, [1 x i8]* @p_str)"   --->   Operation 69 'specinterface' <Predicate = true> <Delay = 0.00>
ST_2 : Operation 70 [1/1] (0.00ns)   --->   "call void (...)* @_ssdm_op_SpecInterface(i16* %in_V_V632167, [8 x i8]* @ap_fifo_str, i32 0, i32 0, [1 x i8]* @p_str, i32 0, i32 0, [1 x i8]* @p_str, [1 x i8]* @p_str, [1 x i8]* @p_str, i32 2, i32 2, i32 16, i32 16, [1 x i8]* @p_str, [1 x i8]* @p_str)"   --->   Operation 70 'specinterface' <Predicate = true> <Delay = 0.00>
ST_2 : Operation 71 [1/1] (0.00ns)   --->   "call void (...)* @_ssdm_op_SpecInterface(i16* %in_V_V632166, [8 x i8]* @ap_fifo_str, i32 0, i32 0, [1 x i8]* @p_str, i32 0, i32 0, [1 x i8]* @p_str, [1 x i8]* @p_str, [1 x i8]* @p_str, i32 2, i32 2, i32 16, i32 16, [1 x i8]* @p_str, [1 x i8]* @p_str)"   --->   Operation 71 'specinterface' <Predicate = true> <Delay = 0.00>
ST_2 : Operation 72 [1/1] (0.00ns)   --->   "call void (...)* @_ssdm_op_SpecInterface(i16* %in_V_V632165, [8 x i8]* @ap_fifo_str, i32 0, i32 0, [1 x i8]* @p_str, i32 0, i32 0, [1 x i8]* @p_str, [1 x i8]* @p_str, [1 x i8]* @p_str, i32 2, i32 2, i32 16, i32 16, [1 x i8]* @p_str, [1 x i8]* @p_str)"   --->   Operation 72 'specinterface' <Predicate = true> <Delay = 0.00>
ST_2 : Operation 73 [1/1] (0.00ns)   --->   "call void (...)* @_ssdm_op_SpecInterface(i16* %in_V_V632164, [8 x i8]* @ap_fifo_str, i32 0, i32 0, [1 x i8]* @p_str, i32 0, i32 0, [1 x i8]* @p_str, [1 x i8]* @p_str, [1 x i8]* @p_str, i32 2, i32 2, i32 16, i32 16, [1 x i8]* @p_str, [1 x i8]* @p_str)"   --->   Operation 73 'specinterface' <Predicate = true> <Delay = 0.00>
ST_2 : Operation 74 [1/1] (0.00ns)   --->   "call void (...)* @_ssdm_op_SpecInterface(i16* %in_V_V632, [8 x i8]* @ap_fifo_str, i32 0, i32 0, [1 x i8]* @p_str, i32 0, i32 0, [1 x i8]* @p_str, [1 x i8]* @p_str, [1 x i8]* @p_str, i32 2, i32 2, i32 16, i32 16, [1 x i8]* @p_str, [1 x i8]* @p_str)"   --->   Operation 74 'specinterface' <Predicate = true> <Delay = 0.00>
ST_2 : Operation 75 [1/1] (0.00ns)   --->   "call void (...)* @_ssdm_op_SpecInterface(i16* %in_V_V6163, [8 x i8]* @ap_fifo_str, i32 0, i32 0, [1 x i8]* @p_str, i32 0, i32 0, [1 x i8]* @p_str, [1 x i8]* @p_str, [1 x i8]* @p_str, i32 2, i32 2, i32 16, i32 16, [1 x i8]* @p_str, [1 x i8]* @p_str)"   --->   Operation 75 'specinterface' <Predicate = true> <Delay = 0.00>
ST_2 : Operation 76 [1/1] (0.00ns)   --->   "call void (...)* @_ssdm_op_SpecInterface(i16* %in_V_V6162, [8 x i8]* @ap_fifo_str, i32 0, i32 0, [1 x i8]* @p_str, i32 0, i32 0, [1 x i8]* @p_str, [1 x i8]* @p_str, [1 x i8]* @p_str, i32 2, i32 2, i32 16, i32 16, [1 x i8]* @p_str, [1 x i8]* @p_str)"   --->   Operation 76 'specinterface' <Predicate = true> <Delay = 0.00>
ST_2 : Operation 77 [1/1] (0.00ns)   --->   "call void (...)* @_ssdm_op_SpecInterface(i16* %in_V_V6161, [8 x i8]* @ap_fifo_str, i32 0, i32 0, [1 x i8]* @p_str, i32 0, i32 0, [1 x i8]* @p_str, [1 x i8]* @p_str, [1 x i8]* @p_str, i32 2, i32 2, i32 16, i32 16, [1 x i8]* @p_str, [1 x i8]* @p_str)"   --->   Operation 77 'specinterface' <Predicate = true> <Delay = 0.00>
ST_2 : Operation 78 [1/1] (0.00ns)   --->   "call void (...)* @_ssdm_op_SpecInterface(i16* %in_V_V6160, [8 x i8]* @ap_fifo_str, i32 0, i32 0, [1 x i8]* @p_str, i32 0, i32 0, [1 x i8]* @p_str, [1 x i8]* @p_str, [1 x i8]* @p_str, i32 2, i32 2, i32 16, i32 16, [1 x i8]* @p_str, [1 x i8]* @p_str)"   --->   Operation 78 'specinterface' <Predicate = true> <Delay = 0.00>
ST_2 : Operation 79 [1/1] (0.00ns)   --->   "call void (...)* @_ssdm_op_SpecInterface(i16* %in_V_V6, [8 x i8]* @ap_fifo_str, i32 0, i32 0, [1 x i8]* @p_str, i32 0, i32 0, [1 x i8]* @p_str, [1 x i8]* @p_str, [1 x i8]* @p_str, i32 2, i32 2, i32 16, i32 16, [1 x i8]* @p_str, [1 x i8]* @p_str)"   --->   Operation 79 'specinterface' <Predicate = true> <Delay = 0.00>
ST_2 : Operation 80 [1/2] (0.00ns)   --->   "call fastcc void @conv505(i16* %in_V_V6, i16* %in_V_V6160, i16* %in_V_V6161, i16* %in_V_V6162, i16* %in_V_V6163, i16* %in_V_V632, i16* %in_V_V632164, i16* %in_V_V632165, i16* %in_V_V632166, i16* %in_V_V632167, i16* %in_V_V633, i16* %in_V_V633168, i16* %in_V_V633169, i16* %in_V_V633170, i16* %in_V_V633171, i16* %in_V_V634, i16* %in_V_V634172, i16* %in_V_V634173, i16* %in_V_V634174, i16* %in_V_V634175, i16* %in_V_V635, i16* %in_V_V635176, i16* %in_V_V635177, i16* %in_V_V635178, i16* %in_V_V635179, [4 x i16]* %weights_V31575, [4 x i16]* %weights_V31576, [4 x i16]* %weights_V31577, [4 x i16]* %weights_V31578, [4 x i16]* %weights_V31579, [4 x i16]* %weights_V31680, [4 x i16]* %weights_V31681, [4 x i16]* %weights_V31682, [4 x i16]* %weights_V31683, [4 x i16]* %weights_V31684, [4 x i16]* %weights_V31785, [4 x i16]* %weights_V31786, [4 x i16]* %weights_V31787, [4 x i16]* %weights_V31788, [4 x i16]* %weights_V31789, [4 x i16]* %weights_V31890, [4 x i16]* %weights_V31891, [4 x i16]* %weights_V31892, [4 x i16]* %weights_V31893, [4 x i16]* %weights_V31894, [4 x i16]* %weights_V31995, [4 x i16]* %weights_V31996, [4 x i16]* %weights_V31997, [4 x i16]* %weights_V31998, [4 x i16]* %weights_V31999, i30* %out_V_V9)" [partition_0/src/Conv_0.cpp:68]   --->   Operation 80 'call' <Predicate = true> <Delay = 0.00> <CoreType = "Generic">   --->   Core 0 '' <Latency = 0> <II = 1> <Delay = 1.00> <Generic> <Opcode : >
ST_2 : Operation 81 [1/1] (0.00ns)   --->   "ret void" [partition_0/src/Conv_0.cpp:86]   --->   Operation 81 'ret' <Predicate = true> <Delay = 0.00>


============================================================
+ Verbose Summary: Binding
============================================================
STG Binding: 
---------------- STG Properties BEGIN ----------------
- Is combinational: 0
- Is one-state seq: 0
- Is datapath-only: 0
- Is pipelined: 0
- Is top level: 0
Port [ Return ] is wired: 1; IO mode=ap_ctrl_hs:ce=0
Port [ weights_V31575]:  wired=1; compound=1; hidden=0; nouse=0; global=0; static=0; extern=0; dir=0; type=1; pingpong=0; private_global=0; MemPort=[13]; IO mode=ap_stable:ce=0
Port [ weights_V31576]:  wired=1; compound=1; hidden=0; nouse=0; global=0; static=0; extern=0; dir=0; type=1; pingpong=0; private_global=0; MemPort=[13]; IO mode=ap_stable:ce=0
Port [ weights_V31577]:  wired=1; compound=1; hidden=0; nouse=0; global=0; static=0; extern=0; dir=0; type=1; pingpong=0; private_global=0; MemPort=[13]; IO mode=ap_stable:ce=0
Port [ weights_V31578]:  wired=1; compound=1; hidden=0; nouse=0; global=0; static=0; extern=0; dir=0; type=1; pingpong=0; private_global=0; MemPort=[13]; IO mode=ap_stable:ce=0
Port [ weights_V31579]:  wired=1; compound=1; hidden=0; nouse=0; global=0; static=0; extern=0; dir=0; type=1; pingpong=0; private_global=0; MemPort=[13]; IO mode=ap_stable:ce=0
Port [ weights_V31680]:  wired=1; compound=1; hidden=0; nouse=0; global=0; static=0; extern=0; dir=0; type=1; pingpong=0; private_global=0; MemPort=[13]; IO mode=ap_stable:ce=0
Port [ weights_V31681]:  wired=1; compound=1; hidden=0; nouse=0; global=0; static=0; extern=0; dir=0; type=1; pingpong=0; private_global=0; MemPort=[13]; IO mode=ap_stable:ce=0
Port [ weights_V31682]:  wired=1; compound=1; hidden=0; nouse=0; global=0; static=0; extern=0; dir=0; type=1; pingpong=0; private_global=0; MemPort=[13]; IO mode=ap_stable:ce=0
Port [ weights_V31683]:  wired=1; compound=1; hidden=0; nouse=0; global=0; static=0; extern=0; dir=0; type=1; pingpong=0; private_global=0; MemPort=[13]; IO mode=ap_stable:ce=0
Port [ weights_V31684]:  wired=1; compound=1; hidden=0; nouse=0; global=0; static=0; extern=0; dir=0; type=1; pingpong=0; private_global=0; MemPort=[13]; IO mode=ap_stable:ce=0
Port [ weights_V31785]:  wired=1; compound=1; hidden=0; nouse=0; global=0; static=0; extern=0; dir=0; type=1; pingpong=0; private_global=0; MemPort=[13]; IO mode=ap_stable:ce=0
Port [ weights_V31786]:  wired=1; compound=1; hidden=0; nouse=0; global=0; static=0; extern=0; dir=0; type=1; pingpong=0; private_global=0; MemPort=[13]; IO mode=ap_stable:ce=0
Port [ weights_V31787]:  wired=1; compound=1; hidden=0; nouse=0; global=0; static=0; extern=0; dir=0; type=1; pingpong=0; private_global=0; MemPort=[13]; IO mode=ap_stable:ce=0
Port [ weights_V31788]:  wired=1; compound=1; hidden=0; nouse=0; global=0; static=0; extern=0; dir=0; type=1; pingpong=0; private_global=0; MemPort=[13]; IO mode=ap_stable:ce=0
Port [ weights_V31789]:  wired=1; compound=1; hidden=0; nouse=0; global=0; static=0; extern=0; dir=0; type=1; pingpong=0; private_global=0; MemPort=[13]; IO mode=ap_stable:ce=0
Port [ weights_V31890]:  wired=1; compound=1; hidden=0; nouse=0; global=0; static=0; extern=0; dir=0; type=1; pingpong=0; private_global=0; MemPort=[13]; IO mode=ap_stable:ce=0
Port [ weights_V31891]:  wired=1; compound=1; hidden=0; nouse=0; global=0; static=0; extern=0; dir=0; type=1; pingpong=0; private_global=0; MemPort=[13]; IO mode=ap_stable:ce=0
Port [ weights_V31892]:  wired=1; compound=1; hidden=0; nouse=0; global=0; static=0; extern=0; dir=0; type=1; pingpong=0; private_global=0; MemPort=[13]; IO mode=ap_stable:ce=0
Port [ weights_V31893]:  wired=1; compound=1; hidden=0; nouse=0; global=0; static=0; extern=0; dir=0; type=1; pingpong=0; private_global=0; MemPort=[13]; IO mode=ap_stable:ce=0
Port [ weights_V31894]:  wired=1; compound=1; hidden=0; nouse=0; global=0; static=0; extern=0; dir=0; type=1; pingpong=0; private_global=0; MemPort=[13]; IO mode=ap_stable:ce=0
Port [ weights_V31995]:  wired=1; compound=1; hidden=0; nouse=0; global=0; static=0; extern=0; dir=0; type=1; pingpong=0; private_global=0; MemPort=[13]; IO mode=ap_stable:ce=0
Port [ weights_V31996]:  wired=1; compound=1; hidden=0; nouse=0; global=0; static=0; extern=0; dir=0; type=1; pingpong=0; private_global=0; MemPort=[13]; IO mode=ap_stable:ce=0
Port [ weights_V31997]:  wired=1; compound=1; hidden=0; nouse=0; global=0; static=0; extern=0; dir=0; type=1; pingpong=0; private_global=0; MemPort=[13]; IO mode=ap_stable:ce=0
Port [ weights_V31998]:  wired=1; compound=1; hidden=0; nouse=0; global=0; static=0; extern=0; dir=0; type=1; pingpong=0; private_global=0; MemPort=[13]; IO mode=ap_stable:ce=0
Port [ weights_V31999]:  wired=1; compound=1; hidden=0; nouse=0; global=0; static=0; extern=0; dir=0; type=1; pingpong=0; private_global=0; MemPort=[13]; IO mode=ap_stable:ce=0
Port [ in_V_V6]:  wired=1; compound=1; hidden=0; nouse=0; global=0; static=0; extern=0; dir=0; type=3; pingpong=0; private_global=0; IO mode=ap_fifo:ce=0
Port [ in_V_V6160]:  wired=1; compound=1; hidden=0; nouse=0; global=0; static=0; extern=0; dir=0; type=3; pingpong=0; private_global=0; IO mode=ap_fifo:ce=0
Port [ in_V_V6161]:  wired=1; compound=1; hidden=0; nouse=0; global=0; static=0; extern=0; dir=0; type=3; pingpong=0; private_global=0; IO mode=ap_fifo:ce=0
Port [ in_V_V6162]:  wired=1; compound=1; hidden=0; nouse=0; global=0; static=0; extern=0; dir=0; type=3; pingpong=0; private_global=0; IO mode=ap_fifo:ce=0
Port [ in_V_V6163]:  wired=1; compound=1; hidden=0; nouse=0; global=0; static=0; extern=0; dir=0; type=3; pingpong=0; private_global=0; IO mode=ap_fifo:ce=0
Port [ in_V_V632]:  wired=1; compound=1; hidden=0; nouse=0; global=0; static=0; extern=0; dir=0; type=3; pingpong=0; private_global=0; IO mode=ap_fifo:ce=0
Port [ in_V_V632164]:  wired=1; compound=1; hidden=0; nouse=0; global=0; static=0; extern=0; dir=0; type=3; pingpong=0; private_global=0; IO mode=ap_fifo:ce=0
Port [ in_V_V632165]:  wired=1; compound=1; hidden=0; nouse=0; global=0; static=0; extern=0; dir=0; type=3; pingpong=0; private_global=0; IO mode=ap_fifo:ce=0
Port [ in_V_V632166]:  wired=1; compound=1; hidden=0; nouse=0; global=0; static=0; extern=0; dir=0; type=3; pingpong=0; private_global=0; IO mode=ap_fifo:ce=0
Port [ in_V_V632167]:  wired=1; compound=1; hidden=0; nouse=0; global=0; static=0; extern=0; dir=0; type=3; pingpong=0; private_global=0; IO mode=ap_fifo:ce=0
Port [ in_V_V633]:  wired=1; compound=1; hidden=0; nouse=0; global=0; static=0; extern=0; dir=0; type=3; pingpong=0; private_global=0; IO mode=ap_fifo:ce=0
Port [ in_V_V633168]:  wired=1; compound=1; hidden=0; nouse=0; global=0; static=0; extern=0; dir=0; type=3; pingpong=0; private_global=0; IO mode=ap_fifo:ce=0
Port [ in_V_V633169]:  wired=1; compound=1; hidden=0; nouse=0; global=0; static=0; extern=0; dir=0; type=3; pingpong=0; private_global=0; IO mode=ap_fifo:ce=0
Port [ in_V_V633170]:  wired=1; compound=1; hidden=0; nouse=0; global=0; static=0; extern=0; dir=0; type=3; pingpong=0; private_global=0; IO mode=ap_fifo:ce=0
Port [ in_V_V633171]:  wired=1; compound=1; hidden=0; nouse=0; global=0; static=0; extern=0; dir=0; type=3; pingpong=0; private_global=0; IO mode=ap_fifo:ce=0
Port [ in_V_V634]:  wired=1; compound=1; hidden=0; nouse=0; global=0; static=0; extern=0; dir=0; type=3; pingpong=0; private_global=0; IO mode=ap_fifo:ce=0
Port [ in_V_V634172]:  wired=1; compound=1; hidden=0; nouse=0; global=0; static=0; extern=0; dir=0; type=3; pingpong=0; private_global=0; IO mode=ap_fifo:ce=0
Port [ in_V_V634173]:  wired=1; compound=1; hidden=0; nouse=0; global=0; static=0; extern=0; dir=0; type=3; pingpong=0; private_global=0; IO mode=ap_fifo:ce=0
Port [ in_V_V634174]:  wired=1; compound=1; hidden=0; nouse=0; global=0; static=0; extern=0; dir=0; type=3; pingpong=0; private_global=0; IO mode=ap_fifo:ce=0
Port [ in_V_V634175]:  wired=1; compound=1; hidden=0; nouse=0; global=0; static=0; extern=0; dir=0; type=3; pingpong=0; private_global=0; IO mode=ap_fifo:ce=0
Port [ in_V_V635]:  wired=1; compound=1; hidden=0; nouse=0; global=0; static=0; extern=0; dir=0; type=3; pingpong=0; private_global=0; IO mode=ap_fifo:ce=0
Port [ in_V_V635176]:  wired=1; compound=1; hidden=0; nouse=0; global=0; static=0; extern=0; dir=0; type=3; pingpong=0; private_global=0; IO mode=ap_fifo:ce=0
Port [ in_V_V635177]:  wired=1; compound=1; hidden=0; nouse=0; global=0; static=0; extern=0; dir=0; type=3; pingpong=0; private_global=0; IO mode=ap_fifo:ce=0
Port [ in_V_V635178]:  wired=1; compound=1; hidden=0; nouse=0; global=0; static=0; extern=0; dir=0; type=3; pingpong=0; private_global=0; IO mode=ap_fifo:ce=0
Port [ in_V_V635179]:  wired=1; compound=1; hidden=0; nouse=0; global=0; static=0; extern=0; dir=0; type=3; pingpong=0; private_global=0; IO mode=ap_fifo:ce=0
Port [ out_V_V9]:  wired=1; compound=1; hidden=0; nouse=0; global=0; static=0; extern=0; dir=1; type=3; pingpong=0; private_global=0; IO mode=ap_fifo:ce=0
Port [ pow_reduce_anonymo_20]:  wired=0; compound=1; hidden=1; nouse=1; global=1; static=1; extern=0; dir=0; type=1; pingpong=0; private_global=0; linkage=7; visibility=0; MemPort=[1]; IO mode=ap_memory:ce=0
Port [ pow_reduce_anonymo_19]:  wired=0; compound=1; hidden=1; nouse=1; global=1; static=1; extern=0; dir=0; type=1; pingpong=0; private_global=0; linkage=7; visibility=0; MemPort=[1]; IO mode=ap_memory:ce=0
Port [ pow_reduce_anonymo_16]:  wired=0; compound=1; hidden=1; nouse=1; global=1; static=1; extern=0; dir=0; type=1; pingpong=0; private_global=0; linkage=7; visibility=0; MemPort=[1]; IO mode=ap_memory:ce=0
Port [ pow_reduce_anonymo_17]:  wired=0; compound=1; hidden=1; nouse=1; global=1; static=1; extern=0; dir=0; type=1; pingpong=0; private_global=0; linkage=7; visibility=0; MemPort=[1]; IO mode=ap_memory:ce=0
Port [ pow_reduce_anonymo_9]:  wired=0; compound=1; hidden=1; nouse=1; global=1; static=1; extern=0; dir=0; type=1; pingpong=0; private_global=0; linkage=7; visibility=0; MemPort=[1]; IO mode=ap_memory:ce=0
Port [ pow_reduce_anonymo_12]:  wired=0; compound=1; hidden=1; nouse=1; global=1; static=1; extern=0; dir=0; type=1; pingpong=0; private_global=0; linkage=7; visibility=0; MemPort=[1]; IO mode=ap_memory:ce=0
Port [ pow_reduce_anonymo_13]:  wired=0; compound=1; hidden=1; nouse=1; global=1; static=1; extern=0; dir=0; type=1; pingpong=0; private_global=0; linkage=7; visibility=0; MemPort=[1]; IO mode=ap_memory:ce=0
Port [ pow_reduce_anonymo_14]:  wired=0; compound=1; hidden=1; nouse=1; global=1; static=1; extern=0; dir=0; type=1; pingpong=0; private_global=0; linkage=7; visibility=0; MemPort=[1]; IO mode=ap_memory:ce=0
Port [ pow_reduce_anonymo_15]:  wired=0; compound=1; hidden=1; nouse=1; global=1; static=1; extern=0; dir=0; type=1; pingpong=0; private_global=0; linkage=7; visibility=0; MemPort=[1]; IO mode=ap_memory:ce=0
Port [ pow_reduce_anonymo_18]:  wired=0; compound=1; hidden=1; nouse=1; global=1; static=1; extern=0; dir=0; type=1; pingpong=0; private_global=0; linkage=7; visibility=0; MemPort=[1]; IO mode=ap_memory:ce=0
Port [ pow_reduce_anonymo]:  wired=0; compound=1; hidden=1; nouse=1; global=1; static=1; extern=0; dir=0; type=1; pingpong=0; private_global=0; linkage=7; visibility=0; MemPort=[11]; IO mode=ap_memory:ce=0
Port [ pow_reduce_anonymo_21]:  wired=0; compound=1; hidden=1; nouse=1; global=1; static=1; extern=0; dir=0; type=1; pingpong=0; private_global=0; linkage=7; visibility=0; MemPort=[1]; IO mode=ap_memory:ce=0
---------------- STG Properties END ------------------

---------------- Datapath Model BEGIN ----------------

<LifeTime>
<method=bitvector/>
specstablecontent_ln0 (specstablecontent) [ 000]
specstablecontent_ln0 (specstablecontent) [ 000]
specstablecontent_ln0 (specstablecontent) [ 000]
specstablecontent_ln0 (specstablecontent) [ 000]
specstablecontent_ln0 (specstablecontent) [ 000]
specstablecontent_ln0 (specstablecontent) [ 000]
specstablecontent_ln0 (specstablecontent) [ 000]
specstablecontent_ln0 (specstablecontent) [ 000]
specstablecontent_ln0 (specstablecontent) [ 000]
specstablecontent_ln0 (specstablecontent) [ 000]
specstablecontent_ln0 (specstablecontent) [ 000]
specstablecontent_ln0 (specstablecontent) [ 000]
specstablecontent_ln0 (specstablecontent) [ 000]
specstablecontent_ln0 (specstablecontent) [ 000]
specstablecontent_ln0 (specstablecontent) [ 000]
specstablecontent_ln0 (specstablecontent) [ 000]
specstablecontent_ln0 (specstablecontent) [ 000]
specstablecontent_ln0 (specstablecontent) [ 000]
specstablecontent_ln0 (specstablecontent) [ 000]
specstablecontent_ln0 (specstablecontent) [ 000]
specstablecontent_ln0 (specstablecontent) [ 000]
specstablecontent_ln0 (specstablecontent) [ 000]
specstablecontent_ln0 (specstablecontent) [ 000]
specstablecontent_ln0 (specstablecontent) [ 000]
specstablecontent_ln0 (specstablecontent) [ 000]
specmemcore_ln0       (specmemcore      ) [ 000]
specmemcore_ln0       (specmemcore      ) [ 000]
specmemcore_ln0       (specmemcore      ) [ 000]
specmemcore_ln0       (specmemcore      ) [ 000]
specmemcore_ln0       (specmemcore      ) [ 000]
specmemcore_ln0       (specmemcore      ) [ 000]
specmemcore_ln0       (specmemcore      ) [ 000]
specmemcore_ln0       (specmemcore      ) [ 000]
specmemcore_ln0       (specmemcore      ) [ 000]
specmemcore_ln0       (specmemcore      ) [ 000]
specmemcore_ln0       (specmemcore      ) [ 000]
specmemcore_ln0       (specmemcore      ) [ 000]
specmemcore_ln0       (specmemcore      ) [ 000]
specmemcore_ln0       (specmemcore      ) [ 000]
specmemcore_ln0       (specmemcore      ) [ 000]
specmemcore_ln0       (specmemcore      ) [ 000]
specmemcore_ln0       (specmemcore      ) [ 000]
specmemcore_ln0       (specmemcore      ) [ 000]
specmemcore_ln0       (specmemcore      ) [ 000]
specmemcore_ln0       (specmemcore      ) [ 000]
specmemcore_ln0       (specmemcore      ) [ 000]
specmemcore_ln0       (specmemcore      ) [ 000]
specmemcore_ln0       (specmemcore      ) [ 000]
specmemcore_ln0       (specmemcore      ) [ 000]
specmemcore_ln0       (specmemcore      ) [ 000]
specinterface_ln0     (specinterface    ) [ 000]
specinterface_ln0     (specinterface    ) [ 000]
specinterface_ln0     (specinterface    ) [ 000]
specinterface_ln0     (specinterface    ) [ 000]
specinterface_ln0     (specinterface    ) [ 000]
specinterface_ln0     (specinterface    ) [ 000]
specinterface_ln0     (specinterface    ) [ 000]
specinterface_ln0     (specinterface    ) [ 000]
specinterface_ln0     (specinterface    ) [ 000]
specinterface_ln0     (specinterface    ) [ 000]
specinterface_ln0     (specinterface    ) [ 000]
specinterface_ln0     (specinterface    ) [ 000]
specinterface_ln0     (specinterface    ) [ 000]
specinterface_ln0     (specinterface    ) [ 000]
specinterface_ln0     (specinterface    ) [ 000]
specinterface_ln0     (specinterface    ) [ 000]
specinterface_ln0     (specinterface    ) [ 000]
specinterface_ln0     (specinterface    ) [ 000]
specinterface_ln0     (specinterface    ) [ 000]
specinterface_ln0     (specinterface    ) [ 000]
specinterface_ln0     (specinterface    ) [ 000]
specinterface_ln0     (specinterface    ) [ 000]
specinterface_ln0     (specinterface    ) [ 000]
specinterface_ln0     (specinterface    ) [ 000]
specinterface_ln0     (specinterface    ) [ 000]
specinterface_ln0     (specinterface    ) [ 000]
call_ln68             (call             ) [ 000]
ret_ln86              (ret              ) [ 000]
</LifeTime>

<model>

<comp_list>
<comp id="0" class="1000" name="weights_V31575">
<pin_list>
<pin id="1" dir="1" index="0" bw="1" slack="0"/>
</pin_list>
<bind>
<StgValue><ssdm name="weights_V31575"/><MemPortTyVec>1 3 </MemPortTyVec>
</StgValue>
</bind>
</comp>

<comp id="2" class="1000" name="weights_V31576">
<pin_list>
<pin id="3" dir="1" index="0" bw="1" slack="0"/>
</pin_list>
<bind>
<StgValue><ssdm name="weights_V31576"/><MemPortTyVec>1 3 </MemPortTyVec>
</StgValue>
</bind>
</comp>

<comp id="4" class="1000" name="weights_V31577">
<pin_list>
<pin id="5" dir="1" index="0" bw="1" slack="0"/>
</pin_list>
<bind>
<StgValue><ssdm name="weights_V31577"/><MemPortTyVec>1 3 </MemPortTyVec>
</StgValue>
</bind>
</comp>

<comp id="6" class="1000" name="weights_V31578">
<pin_list>
<pin id="7" dir="1" index="0" bw="1" slack="0"/>
</pin_list>
<bind>
<StgValue><ssdm name="weights_V31578"/><MemPortTyVec>1 3 </MemPortTyVec>
</StgValue>
</bind>
</comp>

<comp id="8" class="1000" name="weights_V31579">
<pin_list>
<pin id="9" dir="1" index="0" bw="1" slack="0"/>
</pin_list>
<bind>
<StgValue><ssdm name="weights_V31579"/><MemPortTyVec>1 3 </MemPortTyVec>
</StgValue>
</bind>
</comp>

<comp id="10" class="1000" name="weights_V31680">
<pin_list>
<pin id="11" dir="1" index="0" bw="1" slack="0"/>
</pin_list>
<bind>
<StgValue><ssdm name="weights_V31680"/><MemPortTyVec>1 3 </MemPortTyVec>
</StgValue>
</bind>
</comp>

<comp id="12" class="1000" name="weights_V31681">
<pin_list>
<pin id="13" dir="1" index="0" bw="1" slack="0"/>
</pin_list>
<bind>
<StgValue><ssdm name="weights_V31681"/><MemPortTyVec>1 3 </MemPortTyVec>
</StgValue>
</bind>
</comp>

<comp id="14" class="1000" name="weights_V31682">
<pin_list>
<pin id="15" dir="1" index="0" bw="1" slack="0"/>
</pin_list>
<bind>
<StgValue><ssdm name="weights_V31682"/><MemPortTyVec>1 3 </MemPortTyVec>
</StgValue>
</bind>
</comp>

<comp id="16" class="1000" name="weights_V31683">
<pin_list>
<pin id="17" dir="1" index="0" bw="1" slack="0"/>
</pin_list>
<bind>
<StgValue><ssdm name="weights_V31683"/><MemPortTyVec>1 3 </MemPortTyVec>
</StgValue>
</bind>
</comp>

<comp id="18" class="1000" name="weights_V31684">
<pin_list>
<pin id="19" dir="1" index="0" bw="1" slack="0"/>
</pin_list>
<bind>
<StgValue><ssdm name="weights_V31684"/><MemPortTyVec>1 3 </MemPortTyVec>
</StgValue>
</bind>
</comp>

<comp id="20" class="1000" name="weights_V31785">
<pin_list>
<pin id="21" dir="1" index="0" bw="1" slack="0"/>
</pin_list>
<bind>
<StgValue><ssdm name="weights_V31785"/><MemPortTyVec>1 3 </MemPortTyVec>
</StgValue>
</bind>
</comp>

<comp id="22" class="1000" name="weights_V31786">
<pin_list>
<pin id="23" dir="1" index="0" bw="1" slack="0"/>
</pin_list>
<bind>
<StgValue><ssdm name="weights_V31786"/><MemPortTyVec>1 3 </MemPortTyVec>
</StgValue>
</bind>
</comp>

<comp id="24" class="1000" name="weights_V31787">
<pin_list>
<pin id="25" dir="1" index="0" bw="1" slack="0"/>
</pin_list>
<bind>
<StgValue><ssdm name="weights_V31787"/><MemPortTyVec>1 3 </MemPortTyVec>
</StgValue>
</bind>
</comp>

<comp id="26" class="1000" name="weights_V31788">
<pin_list>
<pin id="27" dir="1" index="0" bw="1" slack="0"/>
</pin_list>
<bind>
<StgValue><ssdm name="weights_V31788"/><MemPortTyVec>1 3 </MemPortTyVec>
</StgValue>
</bind>
</comp>

<comp id="28" class="1000" name="weights_V31789">
<pin_list>
<pin id="29" dir="1" index="0" bw="1" slack="0"/>
</pin_list>
<bind>
<StgValue><ssdm name="weights_V31789"/><MemPortTyVec>1 3 </MemPortTyVec>
</StgValue>
</bind>
</comp>

<comp id="30" class="1000" name="weights_V31890">
<pin_list>
<pin id="31" dir="1" index="0" bw="1" slack="0"/>
</pin_list>
<bind>
<StgValue><ssdm name="weights_V31890"/><MemPortTyVec>1 3 </MemPortTyVec>
</StgValue>
</bind>
</comp>

<comp id="32" class="1000" name="weights_V31891">
<pin_list>
<pin id="33" dir="1" index="0" bw="1" slack="0"/>
</pin_list>
<bind>
<StgValue><ssdm name="weights_V31891"/><MemPortTyVec>1 3 </MemPortTyVec>
</StgValue>
</bind>
</comp>

<comp id="34" class="1000" name="weights_V31892">
<pin_list>
<pin id="35" dir="1" index="0" bw="1" slack="0"/>
</pin_list>
<bind>
<StgValue><ssdm name="weights_V31892"/><MemPortTyVec>1 3 </MemPortTyVec>
</StgValue>
</bind>
</comp>

<comp id="36" class="1000" name="weights_V31893">
<pin_list>
<pin id="37" dir="1" index="0" bw="1" slack="0"/>
</pin_list>
<bind>
<StgValue><ssdm name="weights_V31893"/><MemPortTyVec>1 3 </MemPortTyVec>
</StgValue>
</bind>
</comp>

<comp id="38" class="1000" name="weights_V31894">
<pin_list>
<pin id="39" dir="1" index="0" bw="1" slack="0"/>
</pin_list>
<bind>
<StgValue><ssdm name="weights_V31894"/><MemPortTyVec>1 3 </MemPortTyVec>
</StgValue>
</bind>
</comp>

<comp id="40" class="1000" name="weights_V31995">
<pin_list>
<pin id="41" dir="1" index="0" bw="1" slack="0"/>
</pin_list>
<bind>
<StgValue><ssdm name="weights_V31995"/><MemPortTyVec>1 3 </MemPortTyVec>
</StgValue>
</bind>
</comp>

<comp id="42" class="1000" name="weights_V31996">
<pin_list>
<pin id="43" dir="1" index="0" bw="1" slack="0"/>
</pin_list>
<bind>
<StgValue><ssdm name="weights_V31996"/><MemPortTyVec>1 3 </MemPortTyVec>
</StgValue>
</bind>
</comp>

<comp id="44" class="1000" name="weights_V31997">
<pin_list>
<pin id="45" dir="1" index="0" bw="1" slack="0"/>
</pin_list>
<bind>
<StgValue><ssdm name="weights_V31997"/><MemPortTyVec>1 3 </MemPortTyVec>
</StgValue>
</bind>
</comp>

<comp id="46" class="1000" name="weights_V31998">
<pin_list>
<pin id="47" dir="1" index="0" bw="1" slack="0"/>
</pin_list>
<bind>
<StgValue><ssdm name="weights_V31998"/><MemPortTyVec>1 3 </MemPortTyVec>
</StgValue>
</bind>
</comp>

<comp id="48" class="1000" name="weights_V31999">
<pin_list>
<pin id="49" dir="1" index="0" bw="1" slack="0"/>
</pin_list>
<bind>
<StgValue><ssdm name="weights_V31999"/><MemPortTyVec>1 3 </MemPortTyVec>
</StgValue>
</bind>
</comp>

<comp id="50" class="1000" name="in_V_V6">
<pin_list>
<pin id="51" dir="1" index="0" bw="1" slack="0"/>
</pin_list>
<bind>
<StgValue><ssdm name="in_V_V6"/></StgValue>
</bind>
</comp>

<comp id="52" class="1000" name="in_V_V6160">
<pin_list>
<pin id="53" dir="1" index="0" bw="1" slack="0"/>
</pin_list>
<bind>
<StgValue><ssdm name="in_V_V6160"/></StgValue>
</bind>
</comp>

<comp id="54" class="1000" name="in_V_V6161">
<pin_list>
<pin id="55" dir="1" index="0" bw="1" slack="0"/>
</pin_list>
<bind>
<StgValue><ssdm name="in_V_V6161"/></StgValue>
</bind>
</comp>

<comp id="56" class="1000" name="in_V_V6162">
<pin_list>
<pin id="57" dir="1" index="0" bw="1" slack="0"/>
</pin_list>
<bind>
<StgValue><ssdm name="in_V_V6162"/></StgValue>
</bind>
</comp>

<comp id="58" class="1000" name="in_V_V6163">
<pin_list>
<pin id="59" dir="1" index="0" bw="1" slack="0"/>
</pin_list>
<bind>
<StgValue><ssdm name="in_V_V6163"/></StgValue>
</bind>
</comp>

<comp id="60" class="1000" name="in_V_V632">
<pin_list>
<pin id="61" dir="1" index="0" bw="1" slack="0"/>
</pin_list>
<bind>
<StgValue><ssdm name="in_V_V632"/></StgValue>
</bind>
</comp>

<comp id="62" class="1000" name="in_V_V632164">
<pin_list>
<pin id="63" dir="1" index="0" bw="1" slack="0"/>
</pin_list>
<bind>
<StgValue><ssdm name="in_V_V632164"/></StgValue>
</bind>
</comp>

<comp id="64" class="1000" name="in_V_V632165">
<pin_list>
<pin id="65" dir="1" index="0" bw="1" slack="0"/>
</pin_list>
<bind>
<StgValue><ssdm name="in_V_V632165"/></StgValue>
</bind>
</comp>

<comp id="66" class="1000" name="in_V_V632166">
<pin_list>
<pin id="67" dir="1" index="0" bw="1" slack="0"/>
</pin_list>
<bind>
<StgValue><ssdm name="in_V_V632166"/></StgValue>
</bind>
</comp>

<comp id="68" class="1000" name="in_V_V632167">
<pin_list>
<pin id="69" dir="1" index="0" bw="1" slack="0"/>
</pin_list>
<bind>
<StgValue><ssdm name="in_V_V632167"/></StgValue>
</bind>
</comp>

<comp id="70" class="1000" name="in_V_V633">
<pin_list>
<pin id="71" dir="1" index="0" bw="1" slack="0"/>
</pin_list>
<bind>
<StgValue><ssdm name="in_V_V633"/></StgValue>
</bind>
</comp>

<comp id="72" class="1000" name="in_V_V633168">
<pin_list>
<pin id="73" dir="1" index="0" bw="1" slack="0"/>
</pin_list>
<bind>
<StgValue><ssdm name="in_V_V633168"/></StgValue>
</bind>
</comp>

<comp id="74" class="1000" name="in_V_V633169">
<pin_list>
<pin id="75" dir="1" index="0" bw="1" slack="0"/>
</pin_list>
<bind>
<StgValue><ssdm name="in_V_V633169"/></StgValue>
</bind>
</comp>

<comp id="76" class="1000" name="in_V_V633170">
<pin_list>
<pin id="77" dir="1" index="0" bw="1" slack="0"/>
</pin_list>
<bind>
<StgValue><ssdm name="in_V_V633170"/></StgValue>
</bind>
</comp>

<comp id="78" class="1000" name="in_V_V633171">
<pin_list>
<pin id="79" dir="1" index="0" bw="1" slack="0"/>
</pin_list>
<bind>
<StgValue><ssdm name="in_V_V633171"/></StgValue>
</bind>
</comp>

<comp id="80" class="1000" name="in_V_V634">
<pin_list>
<pin id="81" dir="1" index="0" bw="1" slack="0"/>
</pin_list>
<bind>
<StgValue><ssdm name="in_V_V634"/></StgValue>
</bind>
</comp>

<comp id="82" class="1000" name="in_V_V634172">
<pin_list>
<pin id="83" dir="1" index="0" bw="1" slack="0"/>
</pin_list>
<bind>
<StgValue><ssdm name="in_V_V634172"/></StgValue>
</bind>
</comp>

<comp id="84" class="1000" name="in_V_V634173">
<pin_list>
<pin id="85" dir="1" index="0" bw="1" slack="0"/>
</pin_list>
<bind>
<StgValue><ssdm name="in_V_V634173"/></StgValue>
</bind>
</comp>

<comp id="86" class="1000" name="in_V_V634174">
<pin_list>
<pin id="87" dir="1" index="0" bw="1" slack="0"/>
</pin_list>
<bind>
<StgValue><ssdm name="in_V_V634174"/></StgValue>
</bind>
</comp>

<comp id="88" class="1000" name="in_V_V634175">
<pin_list>
<pin id="89" dir="1" index="0" bw="1" slack="0"/>
</pin_list>
<bind>
<StgValue><ssdm name="in_V_V634175"/></StgValue>
</bind>
</comp>

<comp id="90" class="1000" name="in_V_V635">
<pin_list>
<pin id="91" dir="1" index="0" bw="1" slack="0"/>
</pin_list>
<bind>
<StgValue><ssdm name="in_V_V635"/></StgValue>
</bind>
</comp>

<comp id="92" class="1000" name="in_V_V635176">
<pin_list>
<pin id="93" dir="1" index="0" bw="1" slack="0"/>
</pin_list>
<bind>
<StgValue><ssdm name="in_V_V635176"/></StgValue>
</bind>
</comp>

<comp id="94" class="1000" name="in_V_V635177">
<pin_list>
<pin id="95" dir="1" index="0" bw="1" slack="0"/>
</pin_list>
<bind>
<StgValue><ssdm name="in_V_V635177"/></StgValue>
</bind>
</comp>

<comp id="96" class="1000" name="in_V_V635178">
<pin_list>
<pin id="97" dir="1" index="0" bw="1" slack="0"/>
</pin_list>
<bind>
<StgValue><ssdm name="in_V_V635178"/></StgValue>
</bind>
</comp>

<comp id="98" class="1000" name="in_V_V635179">
<pin_list>
<pin id="99" dir="1" index="0" bw="1" slack="0"/>
</pin_list>
<bind>
<StgValue><ssdm name="in_V_V635179"/></StgValue>
</bind>
</comp>

<comp id="100" class="1000" name="out_V_V9">
<pin_list>
<pin id="101" dir="1" index="0" bw="1" slack="0"/>
</pin_list>
<bind>
<StgValue><ssdm name="out_V_V9"/></StgValue>
</bind>
</comp>

<comp id="102" class="1000" name="pow_reduce_anonymo_20">
<pin_list>
<pin id="103" dir="1" index="0" bw="1" slack="0"/>
</pin_list>
<bind>
<StgValue><ssdm name="pow_reduce_anonymo_20"/><MemPortTyVec>1 </MemPortTyVec>
</StgValue>
</bind>
</comp>

<comp id="104" class="1000" name="pow_reduce_anonymo_19">
<pin_list>
<pin id="105" dir="1" index="0" bw="1" slack="0"/>
</pin_list>
<bind>
<StgValue><ssdm name="pow_reduce_anonymo_19"/><MemPortTyVec>1 </MemPortTyVec>
</StgValue>
</bind>
</comp>

<comp id="106" class="1000" name="pow_reduce_anonymo_16">
<pin_list>
<pin id="107" dir="1" index="0" bw="1" slack="0"/>
</pin_list>
<bind>
<StgValue><ssdm name="pow_reduce_anonymo_16"/><MemPortTyVec>1 </MemPortTyVec>
</StgValue>
</bind>
</comp>

<comp id="108" class="1000" name="pow_reduce_anonymo_17">
<pin_list>
<pin id="109" dir="1" index="0" bw="1" slack="0"/>
</pin_list>
<bind>
<StgValue><ssdm name="pow_reduce_anonymo_17"/><MemPortTyVec>1 </MemPortTyVec>
</StgValue>
</bind>
</comp>

<comp id="110" class="1000" name="pow_reduce_anonymo_9">
<pin_list>
<pin id="111" dir="1" index="0" bw="1" slack="0"/>
</pin_list>
<bind>
<StgValue><ssdm name="pow_reduce_anonymo_9"/><MemPortTyVec>1 </MemPortTyVec>
</StgValue>
</bind>
</comp>

<comp id="112" class="1000" name="pow_reduce_anonymo_12">
<pin_list>
<pin id="113" dir="1" index="0" bw="1" slack="0"/>
</pin_list>
<bind>
<StgValue><ssdm name="pow_reduce_anonymo_12"/><MemPortTyVec>1 </MemPortTyVec>
</StgValue>
</bind>
</comp>

<comp id="114" class="1000" name="pow_reduce_anonymo_13">
<pin_list>
<pin id="115" dir="1" index="0" bw="1" slack="0"/>
</pin_list>
<bind>
<StgValue><ssdm name="pow_reduce_anonymo_13"/><MemPortTyVec>1 </MemPortTyVec>
</StgValue>
</bind>
</comp>

<comp id="116" class="1000" name="pow_reduce_anonymo_14">
<pin_list>
<pin id="117" dir="1" index="0" bw="1" slack="0"/>
</pin_list>
<bind>
<StgValue><ssdm name="pow_reduce_anonymo_14"/><MemPortTyVec>1 </MemPortTyVec>
</StgValue>
</bind>
</comp>

<comp id="118" class="1000" name="pow_reduce_anonymo_15">
<pin_list>
<pin id="119" dir="1" index="0" bw="1" slack="0"/>
</pin_list>
<bind>
<StgValue><ssdm name="pow_reduce_anonymo_15"/><MemPortTyVec>1 </MemPortTyVec>
</StgValue>
</bind>
</comp>

<comp id="120" class="1000" name="pow_reduce_anonymo_18">
<pin_list>
<pin id="121" dir="1" index="0" bw="1" slack="0"/>
</pin_list>
<bind>
<StgValue><ssdm name="pow_reduce_anonymo_18"/><MemPortTyVec>1 </MemPortTyVec>
</StgValue>
</bind>
</comp>

<comp id="122" class="1000" name="pow_reduce_anonymo">
<pin_list>
<pin id="123" dir="1" index="0" bw="1" slack="0"/>
</pin_list>
<bind>
<StgValue><ssdm name="pow_reduce_anonymo"/><MemPortTyVec>1 1 </MemPortTyVec>
</StgValue>
</bind>
</comp>

<comp id="124" class="1000" name="pow_reduce_anonymo_21">
<pin_list>
<pin id="125" dir="1" index="0" bw="1" slack="0"/>
</pin_list>
<bind>
<StgValue><ssdm name="pow_reduce_anonymo_21"/><MemPortTyVec>1 </MemPortTyVec>
</StgValue>
</bind>
</comp>

<comp id="126" class="1001" name="const_126">
<pin_list>
<pin id="127" dir="1" index="0" bw="1" slack="0"/>
</pin_list>
<bind>
<StgValue><ssdm name="conv505"/></StgValue>
</bind>
</comp>

<comp id="128" class="1001" name="const_128">
<pin_list>
<pin id="129" dir="1" index="0" bw="1" slack="2147483647"/>
</pin_list>
<bind>
<StgValue><ssdm name="_ssdm_op_SpecStableContent"/></StgValue>
</bind>
</comp>

<comp id="130" class="1001" name="const_130">
<pin_list>
<pin id="131" dir="1" index="0" bw="1" slack="2147483647"/>
</pin_list>
<bind>
<StgValue><ssdm name="_ssdm_op_SpecMemCore"/></StgValue>
</bind>
</comp>

<comp id="132" class="1001" name="const_132">
<pin_list>
<pin id="133" dir="1" index="0" bw="1" slack="2147483647"/>
</pin_list>
<bind>
<StgValue><ssdm name="p_str4"/></StgValue>
</bind>
</comp>

<comp id="134" class="1001" name="const_134">
<pin_list>
<pin id="135" dir="1" index="0" bw="1" slack="2147483647"/>
</pin_list>
<bind>
<StgValue><ssdm name="p_str36"/></StgValue>
</bind>
</comp>

<comp id="136" class="1001" name="const_136">
<pin_list>
<pin id="137" dir="1" index="0" bw="1" slack="2147483647"/>
</pin_list>
<bind>
<StgValue><ssdm name=""/></StgValue>
</bind>
</comp>

<comp id="138" class="1001" name="const_138">
<pin_list>
<pin id="139" dir="1" index="0" bw="1" slack="2147483647"/>
</pin_list>
<bind>
<StgValue><ssdm name="_ssdm_op_SpecInterface"/></StgValue>
</bind>
</comp>

<comp id="140" class="1001" name="const_140">
<pin_list>
<pin id="141" dir="1" index="0" bw="1" slack="2147483647"/>
</pin_list>
<bind>
<StgValue><ssdm name="ap_fifo_str"/></StgValue>
</bind>
</comp>

<comp id="142" class="1001" name="const_142">
<pin_list>
<pin id="143" dir="1" index="0" bw="1" slack="2147483647"/>
</pin_list>
<bind>
<StgValue><ssdm name=""/></StgValue>
</bind>
</comp>

<comp id="144" class="1001" name="const_144">
<pin_list>
<pin id="145" dir="1" index="0" bw="1" slack="2147483647"/>
</pin_list>
<bind>
<StgValue><ssdm name="p_str"/></StgValue>
</bind>
</comp>

<comp id="146" class="1001" name="const_146">
<pin_list>
<pin id="147" dir="1" index="0" bw="1" slack="2147483647"/>
</pin_list>
<bind>
<StgValue><ssdm name=""/></StgValue>
</bind>
</comp>

<comp id="148" class="1001" name="const_148">
<pin_list>
<pin id="149" dir="1" index="0" bw="1" slack="2147483647"/>
</pin_list>
<bind>
<StgValue><ssdm name=""/></StgValue>
</bind>
</comp>

<comp id="150" class="1004" name="grp_conv505_fu_150">
<pin_list>
<pin id="151" dir="0" index="0" bw="0" slack="0"/>
<pin id="152" dir="0" index="1" bw="16" slack="0"/>
<pin id="153" dir="0" index="2" bw="16" slack="0"/>
<pin id="154" dir="0" index="3" bw="16" slack="0"/>
<pin id="155" dir="0" index="4" bw="16" slack="0"/>
<pin id="156" dir="0" index="5" bw="16" slack="0"/>
<pin id="157" dir="0" index="6" bw="16" slack="0"/>
<pin id="158" dir="0" index="7" bw="16" slack="0"/>
<pin id="159" dir="0" index="8" bw="16" slack="0"/>
<pin id="160" dir="0" index="9" bw="16" slack="0"/>
<pin id="161" dir="0" index="10" bw="16" slack="0"/>
<pin id="162" dir="0" index="11" bw="16" slack="0"/>
<pin id="163" dir="0" index="12" bw="16" slack="0"/>
<pin id="164" dir="0" index="13" bw="16" slack="0"/>
<pin id="165" dir="0" index="14" bw="16" slack="0"/>
<pin id="166" dir="0" index="15" bw="16" slack="0"/>
<pin id="167" dir="0" index="16" bw="16" slack="0"/>
<pin id="168" dir="0" index="17" bw="16" slack="0"/>
<pin id="169" dir="0" index="18" bw="16" slack="0"/>
<pin id="170" dir="0" index="19" bw="16" slack="0"/>
<pin id="171" dir="0" index="20" bw="16" slack="0"/>
<pin id="172" dir="0" index="21" bw="16" slack="0"/>
<pin id="173" dir="0" index="22" bw="16" slack="0"/>
<pin id="174" dir="0" index="23" bw="16" slack="0"/>
<pin id="175" dir="0" index="24" bw="16" slack="0"/>
<pin id="176" dir="0" index="25" bw="16" slack="0"/>
<pin id="177" dir="0" index="26" bw="16" slack="0"/>
<pin id="178" dir="0" index="27" bw="16" slack="0"/>
<pin id="179" dir="0" index="28" bw="16" slack="0"/>
<pin id="180" dir="0" index="29" bw="16" slack="0"/>
<pin id="181" dir="0" index="30" bw="16" slack="0"/>
<pin id="182" dir="0" index="31" bw="16" slack="0"/>
<pin id="183" dir="0" index="32" bw="16" slack="0"/>
<pin id="184" dir="0" index="33" bw="16" slack="0"/>
<pin id="185" dir="0" index="34" bw="16" slack="0"/>
<pin id="186" dir="0" index="35" bw="16" slack="0"/>
<pin id="187" dir="0" index="36" bw="16" slack="0"/>
<pin id="188" dir="0" index="37" bw="16" slack="0"/>
<pin id="189" dir="0" index="38" bw="16" slack="0"/>
<pin id="190" dir="0" index="39" bw="16" slack="0"/>
<pin id="191" dir="0" index="40" bw="16" slack="0"/>
<pin id="192" dir="0" index="41" bw="16" slack="0"/>
<pin id="193" dir="0" index="42" bw="16" slack="0"/>
<pin id="194" dir="0" index="43" bw="16" slack="0"/>
<pin id="195" dir="0" index="44" bw="16" slack="0"/>
<pin id="196" dir="0" index="45" bw="16" slack="0"/>
<pin id="197" dir="0" index="46" bw="16" slack="0"/>
<pin id="198" dir="0" index="47" bw="16" slack="0"/>
<pin id="199" dir="0" index="48" bw="16" slack="0"/>
<pin id="200" dir="0" index="49" bw="16" slack="0"/>
<pin id="201" dir="0" index="50" bw="16" slack="0"/>
<pin id="202" dir="0" index="51" bw="30" slack="0"/>
<pin id="203" dir="0" index="52" bw="6" slack="0"/>
<pin id="204" dir="0" index="53" bw="109" slack="0"/>
<pin id="205" dir="0" index="54" bw="105" slack="0"/>
<pin id="206" dir="0" index="55" bw="102" slack="0"/>
<pin id="207" dir="0" index="56" bw="97" slack="0"/>
<pin id="208" dir="0" index="57" bw="92" slack="0"/>
<pin id="209" dir="0" index="58" bw="87" slack="0"/>
<pin id="210" dir="0" index="59" bw="82" slack="0"/>
<pin id="211" dir="0" index="60" bw="77" slack="0"/>
<pin id="212" dir="0" index="61" bw="58" slack="0"/>
<pin id="213" dir="0" index="62" bw="26" slack="0"/>
<pin id="214" dir="0" index="63" bw="42" slack="0"/>
<pin id="215" dir="1" index="64" bw="0" slack="2147483647"/>
</pin_list>
<bind>
<opcode="call(48) " fcode="call"/>
<opset="call_ln68/1 "/>
</bind>
</comp>

</comp_list>

<net_list>
<net id="216"><net_src comp="126" pin="0"/><net_sink comp="150" pin=0"/></net>

<net id="217"><net_src comp="50" pin="0"/><net_sink comp="150" pin=1"/></net>

<net id="218"><net_src comp="52" pin="0"/><net_sink comp="150" pin=2"/></net>

<net id="219"><net_src comp="54" pin="0"/><net_sink comp="150" pin=3"/></net>

<net id="220"><net_src comp="56" pin="0"/><net_sink comp="150" pin=4"/></net>

<net id="221"><net_src comp="58" pin="0"/><net_sink comp="150" pin=5"/></net>

<net id="222"><net_src comp="60" pin="0"/><net_sink comp="150" pin=6"/></net>

<net id="223"><net_src comp="62" pin="0"/><net_sink comp="150" pin=7"/></net>

<net id="224"><net_src comp="64" pin="0"/><net_sink comp="150" pin=8"/></net>

<net id="225"><net_src comp="66" pin="0"/><net_sink comp="150" pin=9"/></net>

<net id="226"><net_src comp="68" pin="0"/><net_sink comp="150" pin=10"/></net>

<net id="227"><net_src comp="70" pin="0"/><net_sink comp="150" pin=11"/></net>

<net id="228"><net_src comp="72" pin="0"/><net_sink comp="150" pin=12"/></net>

<net id="229"><net_src comp="74" pin="0"/><net_sink comp="150" pin=13"/></net>

<net id="230"><net_src comp="76" pin="0"/><net_sink comp="150" pin=14"/></net>

<net id="231"><net_src comp="78" pin="0"/><net_sink comp="150" pin=15"/></net>

<net id="232"><net_src comp="80" pin="0"/><net_sink comp="150" pin=16"/></net>

<net id="233"><net_src comp="82" pin="0"/><net_sink comp="150" pin=17"/></net>

<net id="234"><net_src comp="84" pin="0"/><net_sink comp="150" pin=18"/></net>

<net id="235"><net_src comp="86" pin="0"/><net_sink comp="150" pin=19"/></net>

<net id="236"><net_src comp="88" pin="0"/><net_sink comp="150" pin=20"/></net>

<net id="237"><net_src comp="90" pin="0"/><net_sink comp="150" pin=21"/></net>

<net id="238"><net_src comp="92" pin="0"/><net_sink comp="150" pin=22"/></net>

<net id="239"><net_src comp="94" pin="0"/><net_sink comp="150" pin=23"/></net>

<net id="240"><net_src comp="96" pin="0"/><net_sink comp="150" pin=24"/></net>

<net id="241"><net_src comp="98" pin="0"/><net_sink comp="150" pin=25"/></net>

<net id="242"><net_src comp="0" pin="0"/><net_sink comp="150" pin=26"/></net>

<net id="243"><net_src comp="2" pin="0"/><net_sink comp="150" pin=27"/></net>

<net id="244"><net_src comp="4" pin="0"/><net_sink comp="150" pin=28"/></net>

<net id="245"><net_src comp="6" pin="0"/><net_sink comp="150" pin=29"/></net>

<net id="246"><net_src comp="8" pin="0"/><net_sink comp="150" pin=30"/></net>

<net id="247"><net_src comp="10" pin="0"/><net_sink comp="150" pin=31"/></net>

<net id="248"><net_src comp="12" pin="0"/><net_sink comp="150" pin=32"/></net>

<net id="249"><net_src comp="14" pin="0"/><net_sink comp="150" pin=33"/></net>

<net id="250"><net_src comp="16" pin="0"/><net_sink comp="150" pin=34"/></net>

<net id="251"><net_src comp="18" pin="0"/><net_sink comp="150" pin=35"/></net>

<net id="252"><net_src comp="20" pin="0"/><net_sink comp="150" pin=36"/></net>

<net id="253"><net_src comp="22" pin="0"/><net_sink comp="150" pin=37"/></net>

<net id="254"><net_src comp="24" pin="0"/><net_sink comp="150" pin=38"/></net>

<net id="255"><net_src comp="26" pin="0"/><net_sink comp="150" pin=39"/></net>

<net id="256"><net_src comp="28" pin="0"/><net_sink comp="150" pin=40"/></net>

<net id="257"><net_src comp="30" pin="0"/><net_sink comp="150" pin=41"/></net>

<net id="258"><net_src comp="32" pin="0"/><net_sink comp="150" pin=42"/></net>

<net id="259"><net_src comp="34" pin="0"/><net_sink comp="150" pin=43"/></net>

<net id="260"><net_src comp="36" pin="0"/><net_sink comp="150" pin=44"/></net>

<net id="261"><net_src comp="38" pin="0"/><net_sink comp="150" pin=45"/></net>

<net id="262"><net_src comp="40" pin="0"/><net_sink comp="150" pin=46"/></net>

<net id="263"><net_src comp="42" pin="0"/><net_sink comp="150" pin=47"/></net>

<net id="264"><net_src comp="44" pin="0"/><net_sink comp="150" pin=48"/></net>

<net id="265"><net_src comp="46" pin="0"/><net_sink comp="150" pin=49"/></net>

<net id="266"><net_src comp="48" pin="0"/><net_sink comp="150" pin=50"/></net>

<net id="267"><net_src comp="100" pin="0"/><net_sink comp="150" pin=51"/></net>

<net id="268"><net_src comp="102" pin="0"/><net_sink comp="150" pin=52"/></net>

<net id="269"><net_src comp="104" pin="0"/><net_sink comp="150" pin=53"/></net>

<net id="270"><net_src comp="106" pin="0"/><net_sink comp="150" pin=54"/></net>

<net id="271"><net_src comp="108" pin="0"/><net_sink comp="150" pin=55"/></net>

<net id="272"><net_src comp="110" pin="0"/><net_sink comp="150" pin=56"/></net>

<net id="273"><net_src comp="112" pin="0"/><net_sink comp="150" pin=57"/></net>

<net id="274"><net_src comp="114" pin="0"/><net_sink comp="150" pin=58"/></net>

<net id="275"><net_src comp="116" pin="0"/><net_sink comp="150" pin=59"/></net>

<net id="276"><net_src comp="118" pin="0"/><net_sink comp="150" pin=60"/></net>

<net id="277"><net_src comp="120" pin="0"/><net_sink comp="150" pin=61"/></net>

<net id="278"><net_src comp="122" pin="0"/><net_sink comp="150" pin=62"/></net>

<net id="279"><net_src comp="124" pin="0"/><net_sink comp="150" pin=63"/></net>

</net_list>

</model> 
---------------- Datapath Model END ------------------

* FSMD analyzer results:
  - Output states:
	Port: weights_V31575 | {}
	Port: weights_V31576 | {}
	Port: weights_V31577 | {}
	Port: weights_V31578 | {}
	Port: weights_V31579 | {}
	Port: weights_V31680 | {}
	Port: weights_V31681 | {}
	Port: weights_V31682 | {}
	Port: weights_V31683 | {}
	Port: weights_V31684 | {}
	Port: weights_V31785 | {}
	Port: weights_V31786 | {}
	Port: weights_V31787 | {}
	Port: weights_V31788 | {}
	Port: weights_V31789 | {}
	Port: weights_V31890 | {}
	Port: weights_V31891 | {}
	Port: weights_V31892 | {}
	Port: weights_V31893 | {}
	Port: weights_V31894 | {}
	Port: weights_V31995 | {}
	Port: weights_V31996 | {}
	Port: weights_V31997 | {}
	Port: weights_V31998 | {}
	Port: weights_V31999 | {}
	Port: out_V_V9 | {1 2 }
	Port: pow_reduce_anonymo_20 | {}
	Port: pow_reduce_anonymo_19 | {}
	Port: pow_reduce_anonymo_16 | {}
	Port: pow_reduce_anonymo_17 | {}
	Port: pow_reduce_anonymo_9 | {}
	Port: pow_reduce_anonymo_12 | {}
	Port: pow_reduce_anonymo_13 | {}
	Port: pow_reduce_anonymo_14 | {}
	Port: pow_reduce_anonymo_15 | {}
	Port: pow_reduce_anonymo_18 | {}
	Port: pow_reduce_anonymo | {}
	Port: pow_reduce_anonymo_21 | {}
 - Input state : 
	Port: Conv_0_conv339 : weights_V31575 | {1 2 }
	Port: Conv_0_conv339 : weights_V31576 | {1 2 }
	Port: Conv_0_conv339 : weights_V31577 | {1 2 }
	Port: Conv_0_conv339 : weights_V31578 | {1 2 }
	Port: Conv_0_conv339 : weights_V31579 | {1 2 }
	Port: Conv_0_conv339 : weights_V31680 | {1 2 }
	Port: Conv_0_conv339 : weights_V31681 | {1 2 }
	Port: Conv_0_conv339 : weights_V31682 | {1 2 }
	Port: Conv_0_conv339 : weights_V31683 | {1 2 }
	Port: Conv_0_conv339 : weights_V31684 | {1 2 }
	Port: Conv_0_conv339 : weights_V31785 | {1 2 }
	Port: Conv_0_conv339 : weights_V31786 | {1 2 }
	Port: Conv_0_conv339 : weights_V31787 | {1 2 }
	Port: Conv_0_conv339 : weights_V31788 | {1 2 }
	Port: Conv_0_conv339 : weights_V31789 | {1 2 }
	Port: Conv_0_conv339 : weights_V31890 | {1 2 }
	Port: Conv_0_conv339 : weights_V31891 | {1 2 }
	Port: Conv_0_conv339 : weights_V31892 | {1 2 }
	Port: Conv_0_conv339 : weights_V31893 | {1 2 }
	Port: Conv_0_conv339 : weights_V31894 | {1 2 }
	Port: Conv_0_conv339 : weights_V31995 | {1 2 }
	Port: Conv_0_conv339 : weights_V31996 | {1 2 }
	Port: Conv_0_conv339 : weights_V31997 | {1 2 }
	Port: Conv_0_conv339 : weights_V31998 | {1 2 }
	Port: Conv_0_conv339 : weights_V31999 | {1 2 }
	Port: Conv_0_conv339 : in_V_V6 | {1 2 }
	Port: Conv_0_conv339 : in_V_V6160 | {1 2 }
	Port: Conv_0_conv339 : in_V_V6161 | {1 2 }
	Port: Conv_0_conv339 : in_V_V6162 | {1 2 }
	Port: Conv_0_conv339 : in_V_V6163 | {1 2 }
	Port: Conv_0_conv339 : in_V_V632 | {1 2 }
	Port: Conv_0_conv339 : in_V_V632164 | {1 2 }
	Port: Conv_0_conv339 : in_V_V632165 | {1 2 }
	Port: Conv_0_conv339 : in_V_V632166 | {1 2 }
	Port: Conv_0_conv339 : in_V_V632167 | {1 2 }
	Port: Conv_0_conv339 : in_V_V633 | {1 2 }
	Port: Conv_0_conv339 : in_V_V633168 | {1 2 }
	Port: Conv_0_conv339 : in_V_V633169 | {1 2 }
	Port: Conv_0_conv339 : in_V_V633170 | {1 2 }
	Port: Conv_0_conv339 : in_V_V633171 | {1 2 }
	Port: Conv_0_conv339 : in_V_V634 | {1 2 }
	Port: Conv_0_conv339 : in_V_V634172 | {1 2 }
	Port: Conv_0_conv339 : in_V_V634173 | {1 2 }
	Port: Conv_0_conv339 : in_V_V634174 | {1 2 }
	Port: Conv_0_conv339 : in_V_V634175 | {1 2 }
	Port: Conv_0_conv339 : in_V_V635 | {1 2 }
	Port: Conv_0_conv339 : in_V_V635176 | {1 2 }
	Port: Conv_0_conv339 : in_V_V635177 | {1 2 }
	Port: Conv_0_conv339 : in_V_V635178 | {1 2 }
	Port: Conv_0_conv339 : in_V_V635179 | {1 2 }
	Port: Conv_0_conv339 : pow_reduce_anonymo_20 | {1 2 }
	Port: Conv_0_conv339 : pow_reduce_anonymo_19 | {1 2 }
	Port: Conv_0_conv339 : pow_reduce_anonymo_16 | {1 2 }
	Port: Conv_0_conv339 : pow_reduce_anonymo_17 | {1 2 }
	Port: Conv_0_conv339 : pow_reduce_anonymo_9 | {1 2 }
	Port: Conv_0_conv339 : pow_reduce_anonymo_12 | {1 2 }
	Port: Conv_0_conv339 : pow_reduce_anonymo_13 | {1 2 }
	Port: Conv_0_conv339 : pow_reduce_anonymo_14 | {1 2 }
	Port: Conv_0_conv339 : pow_reduce_anonymo_15 | {1 2 }
	Port: Conv_0_conv339 : pow_reduce_anonymo_18 | {1 2 }
	Port: Conv_0_conv339 : pow_reduce_anonymo | {1 2 }
	Port: Conv_0_conv339 : pow_reduce_anonymo_21 | {1 2 }
  - Chain level:
	State 1
	State 2


============================================================
+ Verbose Summary: Datapath Resource usage 
============================================================

* Functional unit list:
|----------|--------------------|---------|---------|---------|---------|
| Operation|   Functional Unit  |  DSP48E |  Delay  |    FF   |   LUT   |
|----------|--------------------|---------|---------|---------|---------|
|   call   | grp_conv505_fu_150 |  15240  | 24623.2 |6.58942e+06|2.35319e+06|
|----------|--------------------|---------|---------|---------|---------|
|   Total  |                    |  15240  | 24623.2 |6.58942e+06|2.35319e+06|
|----------|--------------------|---------|---------|---------|---------|

Memories:
N/A

* Register list:
N/A

* Multiplexer (MUX) list: 
|--------|------|------|------|--------|
|  Comp  |  Pin | Size |  BW  | S x BW |
|--------|------|------|------|--------|
|  Total |      |      |      |    0   |
|--------|------|------|------|--------|



* Summary:
+-----------+--------+--------+--------+--------+
|           | DSP48E |  Delay |   FF   |   LUT  |
+-----------+--------+--------+--------+--------+
|  Function |  15240 |  24623 | 6589417| 2353186|
|   Memory  |    -   |    -   |    -   |    -   |
|Multiplexer|    -   |    -   |    -   |    -   |
|  Register |    -   |    -   |    -   |    -   |
+-----------+--------+--------+--------+--------+
|   Total   |  15240 |  24623 | 6589417| 2353186|
+-----------+--------+--------+--------+--------+
