

================================================================
== Vivado HLS Report for 'Conv_0_squeeze_Relu_16'
================================================================
* Date:           Sat Feb 15 07:24:43 2025

* Version:        2019.2 (Build 2704478 on Wed Nov 06 22:10:23 MST 2019)
* Project:        partition_0
* Solution:       solution
* Product family: zynq
* Target device:  xc7z020-clg484-1


================================================================
== Performance Estimates
================================================================
+ Timing: 
    * Summary: 
    +--------+---------+----------+------------+
    |  Clock |  Target | Estimated| Uncertainty|
    +--------+---------+----------+------------+
    |ap_clk  | 5.00 ns | 4.375 ns |   0.62 ns  |
    +--------+---------+----------+------------+

+ Latency: 
    * Summary: 
    +---------+---------+-----------+-----------+------+------+----------+
    |  Latency (cycles) |   Latency (absolute)  |   Interval  | Pipeline |
    |   min   |   max   |    min    |    max    |  min |  max |   Type   |
    +---------+---------+-----------+-----------+------+------+----------+
    |     9216|     9217| 46.080 us | 46.085 us |  9216|  9216| dataflow |
    +---------+---------+-----------+-----------+------+------+----------+

    + Detail: 
        * Instance: 
        +-------------------+---------+---------+---------+-----------+-----------+------+------+----------+
        |                   |         |  Latency (cycles) |   Latency (absolute)  |   Interval  | Pipeline |
        |      Instance     |  Module |   min   |   max   |    min    |    max    |  min |  max |   Type   |
        +-------------------+---------+---------+---------+-----------+-----------+------+------+----------+
        |grp_squeeze_fu_60  |squeeze  |     9216|     9217| 46.080 us | 46.085 us |  9216|  9216| dataflow |
        +-------------------+---------+---------+---------+-----------+-----------+------+------+----------+

        * Loop: 
        N/A

============================================================
+ Verbose Summary: Synthesis Manager
============================================================
InlineROM: 1
ExposeGlobal: 0
============================================================
+ Verbose Summary: CDFG Model
============================================================
IsTopModel: 0
ResetActiveHigh: 1
IsCombinational: 2
IsDatapathOnly: 0
HasWiredReturn: 1
HasMFsm: 0
HasVarLatency: 1
IsPipeline: 0
IsRtlPipelined: 0
IsInstanceOverlapped: 0
IsDontTouch: 0
HasImplIP: 0
IsGatedGlobalClock: 0


============================================================
+ Verbose Summary: Schedule
============================================================
* Number of FSM states : 2
* Pipeline : 0
* Dataflow Pipeline: 1
  DF-Pipeline-0: Size = 2, States = { 1 2 }

* FSM state transitions: 
1 --> 2 
2 --> 

* FSM state operations: 

State 1 <SV = 0> <Delay = 0.00>
ST_1 : Operation 3 [2/2] (0.00ns)   --->   "call fastcc void @squeeze(i16* %in_0_V_V, i16* %in_1_V_V, i16* %in_2_V_V, i16* %in_3_V_V, i16* %out_0_V_V, i16* %out_1_V_V, i16* %out_2_V_V, i16* %out_3_V_V, i16* %out_4_V_V, i16* %out_5_V_V, i16* %out_6_V_V, i16* %out_7_V_V, i16* %out_8_V_V, i16* %out_9_V_V, i16* %out_10_V_V, i16* %out_11_V_V, i16* %out_12_V_V, i16* %out_13_V_V, i16* %out_14_V_V, i16* %out_15_V_V)" [partition_0/src/Conv_0_squeeze_Relu_1.cpp:21]   --->   Operation 3 'call' <Predicate = true> <Delay = 0.00> <CoreType = "Generic">   --->   Core 0 '' <Latency = 0> <II = 1> <Delay = 1.00> <Generic> <Opcode : >

State 2 <SV = 1> <Delay = 0.00>
ST_2 : Operation 4 [1/1] (0.00ns)   --->   "call void (...)* @_ssdm_op_SpecInterface(i16* %out_15_V_V, [8 x i8]* @ap_fifo_str, i32 0, i32 0, [1 x i8]* @p_str, i32 0, i32 0, [1 x i8]* @p_str, [1 x i8]* @p_str, [1 x i8]* @p_str, i32 2, i32 2, i32 16, i32 16, [1 x i8]* @p_str, [1 x i8]* @p_str)"   --->   Operation 4 'specinterface' <Predicate = true> <Delay = 0.00>
ST_2 : Operation 5 [1/1] (0.00ns)   --->   "call void (...)* @_ssdm_op_SpecInterface(i16* %out_14_V_V, [8 x i8]* @ap_fifo_str, i32 0, i32 0, [1 x i8]* @p_str, i32 0, i32 0, [1 x i8]* @p_str, [1 x i8]* @p_str, [1 x i8]* @p_str, i32 2, i32 2, i32 16, i32 16, [1 x i8]* @p_str, [1 x i8]* @p_str)"   --->   Operation 5 'specinterface' <Predicate = true> <Delay = 0.00>
ST_2 : Operation 6 [1/1] (0.00ns)   --->   "call void (...)* @_ssdm_op_SpecInterface(i16* %out_13_V_V, [8 x i8]* @ap_fifo_str, i32 0, i32 0, [1 x i8]* @p_str, i32 0, i32 0, [1 x i8]* @p_str, [1 x i8]* @p_str, [1 x i8]* @p_str, i32 2, i32 2, i32 16, i32 16, [1 x i8]* @p_str, [1 x i8]* @p_str)"   --->   Operation 6 'specinterface' <Predicate = true> <Delay = 0.00>
ST_2 : Operation 7 [1/1] (0.00ns)   --->   "call void (...)* @_ssdm_op_SpecInterface(i16* %out_12_V_V, [8 x i8]* @ap_fifo_str, i32 0, i32 0, [1 x i8]* @p_str, i32 0, i32 0, [1 x i8]* @p_str, [1 x i8]* @p_str, [1 x i8]* @p_str, i32 2, i32 2, i32 16, i32 16, [1 x i8]* @p_str, [1 x i8]* @p_str)"   --->   Operation 7 'specinterface' <Predicate = true> <Delay = 0.00>
ST_2 : Operation 8 [1/1] (0.00ns)   --->   "call void (...)* @_ssdm_op_SpecInterface(i16* %out_11_V_V, [8 x i8]* @ap_fifo_str, i32 0, i32 0, [1 x i8]* @p_str, i32 0, i32 0, [1 x i8]* @p_str, [1 x i8]* @p_str, [1 x i8]* @p_str, i32 2, i32 2, i32 16, i32 16, [1 x i8]* @p_str, [1 x i8]* @p_str)"   --->   Operation 8 'specinterface' <Predicate = true> <Delay = 0.00>
ST_2 : Operation 9 [1/1] (0.00ns)   --->   "call void (...)* @_ssdm_op_SpecInterface(i16* %out_10_V_V, [8 x i8]* @ap_fifo_str, i32 0, i32 0, [1 x i8]* @p_str, i32 0, i32 0, [1 x i8]* @p_str, [1 x i8]* @p_str, [1 x i8]* @p_str, i32 2, i32 2, i32 16, i32 16, [1 x i8]* @p_str, [1 x i8]* @p_str)"   --->   Operation 9 'specinterface' <Predicate = true> <Delay = 0.00>
ST_2 : Operation 10 [1/1] (0.00ns)   --->   "call void (...)* @_ssdm_op_SpecInterface(i16* %out_9_V_V, [8 x i8]* @ap_fifo_str, i32 0, i32 0, [1 x i8]* @p_str, i32 0, i32 0, [1 x i8]* @p_str, [1 x i8]* @p_str, [1 x i8]* @p_str, i32 2, i32 2, i32 16, i32 16, [1 x i8]* @p_str, [1 x i8]* @p_str)"   --->   Operation 10 'specinterface' <Predicate = true> <Delay = 0.00>
ST_2 : Operation 11 [1/1] (0.00ns)   --->   "call void (...)* @_ssdm_op_SpecInterface(i16* %out_8_V_V, [8 x i8]* @ap_fifo_str, i32 0, i32 0, [1 x i8]* @p_str, i32 0, i32 0, [1 x i8]* @p_str, [1 x i8]* @p_str, [1 x i8]* @p_str, i32 2, i32 2, i32 16, i32 16, [1 x i8]* @p_str, [1 x i8]* @p_str)"   --->   Operation 11 'specinterface' <Predicate = true> <Delay = 0.00>
ST_2 : Operation 12 [1/1] (0.00ns)   --->   "call void (...)* @_ssdm_op_SpecInterface(i16* %out_7_V_V, [8 x i8]* @ap_fifo_str, i32 0, i32 0, [1 x i8]* @p_str, i32 0, i32 0, [1 x i8]* @p_str, [1 x i8]* @p_str, [1 x i8]* @p_str, i32 2, i32 2, i32 16, i32 16, [1 x i8]* @p_str, [1 x i8]* @p_str)"   --->   Operation 12 'specinterface' <Predicate = true> <Delay = 0.00>
ST_2 : Operation 13 [1/1] (0.00ns)   --->   "call void (...)* @_ssdm_op_SpecInterface(i16* %out_6_V_V, [8 x i8]* @ap_fifo_str, i32 0, i32 0, [1 x i8]* @p_str, i32 0, i32 0, [1 x i8]* @p_str, [1 x i8]* @p_str, [1 x i8]* @p_str, i32 2, i32 2, i32 16, i32 16, [1 x i8]* @p_str, [1 x i8]* @p_str)"   --->   Operation 13 'specinterface' <Predicate = true> <Delay = 0.00>
ST_2 : Operation 14 [1/1] (0.00ns)   --->   "call void (...)* @_ssdm_op_SpecInterface(i16* %out_5_V_V, [8 x i8]* @ap_fifo_str, i32 0, i32 0, [1 x i8]* @p_str, i32 0, i32 0, [1 x i8]* @p_str, [1 x i8]* @p_str, [1 x i8]* @p_str, i32 2, i32 2, i32 16, i32 16, [1 x i8]* @p_str, [1 x i8]* @p_str)"   --->   Operation 14 'specinterface' <Predicate = true> <Delay = 0.00>
ST_2 : Operation 15 [1/1] (0.00ns)   --->   "call void (...)* @_ssdm_op_SpecInterface(i16* %out_4_V_V, [8 x i8]* @ap_fifo_str, i32 0, i32 0, [1 x i8]* @p_str, i32 0, i32 0, [1 x i8]* @p_str, [1 x i8]* @p_str, [1 x i8]* @p_str, i32 2, i32 2, i32 16, i32 16, [1 x i8]* @p_str, [1 x i8]* @p_str)"   --->   Operation 15 'specinterface' <Predicate = true> <Delay = 0.00>
ST_2 : Operation 16 [1/1] (0.00ns)   --->   "call void (...)* @_ssdm_op_SpecInterface(i16* %out_3_V_V, [8 x i8]* @ap_fifo_str, i32 0, i32 0, [1 x i8]* @p_str, i32 0, i32 0, [1 x i8]* @p_str, [1 x i8]* @p_str, [1 x i8]* @p_str, i32 2, i32 2, i32 16, i32 16, [1 x i8]* @p_str, [1 x i8]* @p_str)"   --->   Operation 16 'specinterface' <Predicate = true> <Delay = 0.00>
ST_2 : Operation 17 [1/1] (0.00ns)   --->   "call void (...)* @_ssdm_op_SpecInterface(i16* %out_2_V_V, [8 x i8]* @ap_fifo_str, i32 0, i32 0, [1 x i8]* @p_str, i32 0, i32 0, [1 x i8]* @p_str, [1 x i8]* @p_str, [1 x i8]* @p_str, i32 2, i32 2, i32 16, i32 16, [1 x i8]* @p_str, [1 x i8]* @p_str)"   --->   Operation 17 'specinterface' <Predicate = true> <Delay = 0.00>
ST_2 : Operation 18 [1/1] (0.00ns)   --->   "call void (...)* @_ssdm_op_SpecInterface(i16* %out_1_V_V, [8 x i8]* @ap_fifo_str, i32 0, i32 0, [1 x i8]* @p_str, i32 0, i32 0, [1 x i8]* @p_str, [1 x i8]* @p_str, [1 x i8]* @p_str, i32 2, i32 2, i32 16, i32 16, [1 x i8]* @p_str, [1 x i8]* @p_str)"   --->   Operation 18 'specinterface' <Predicate = true> <Delay = 0.00>
ST_2 : Operation 19 [1/1] (0.00ns)   --->   "call void (...)* @_ssdm_op_SpecInterface(i16* %out_0_V_V, [8 x i8]* @ap_fifo_str, i32 0, i32 0, [1 x i8]* @p_str, i32 0, i32 0, [1 x i8]* @p_str, [1 x i8]* @p_str, [1 x i8]* @p_str, i32 2, i32 2, i32 16, i32 16, [1 x i8]* @p_str, [1 x i8]* @p_str)"   --->   Operation 19 'specinterface' <Predicate = true> <Delay = 0.00>
ST_2 : Operation 20 [1/1] (0.00ns)   --->   "call void (...)* @_ssdm_op_SpecInterface(i16* %in_3_V_V, [8 x i8]* @ap_fifo_str, i32 0, i32 0, [1 x i8]* @p_str, i32 0, i32 0, [1 x i8]* @p_str, [1 x i8]* @p_str, [1 x i8]* @p_str, i32 2, i32 2, i32 16, i32 16, [1 x i8]* @p_str, [1 x i8]* @p_str)"   --->   Operation 20 'specinterface' <Predicate = true> <Delay = 0.00>
ST_2 : Operation 21 [1/1] (0.00ns)   --->   "call void (...)* @_ssdm_op_SpecInterface(i16* %in_2_V_V, [8 x i8]* @ap_fifo_str, i32 0, i32 0, [1 x i8]* @p_str, i32 0, i32 0, [1 x i8]* @p_str, [1 x i8]* @p_str, [1 x i8]* @p_str, i32 2, i32 2, i32 16, i32 16, [1 x i8]* @p_str, [1 x i8]* @p_str)"   --->   Operation 21 'specinterface' <Predicate = true> <Delay = 0.00>
ST_2 : Operation 22 [1/1] (0.00ns)   --->   "call void (...)* @_ssdm_op_SpecInterface(i16* %in_1_V_V, [8 x i8]* @ap_fifo_str, i32 0, i32 0, [1 x i8]* @p_str, i32 0, i32 0, [1 x i8]* @p_str, [1 x i8]* @p_str, [1 x i8]* @p_str, i32 2, i32 2, i32 16, i32 16, [1 x i8]* @p_str, [1 x i8]* @p_str)"   --->   Operation 22 'specinterface' <Predicate = true> <Delay = 0.00>
ST_2 : Operation 23 [1/1] (0.00ns)   --->   "call void (...)* @_ssdm_op_SpecInterface(i16* %in_0_V_V, [8 x i8]* @ap_fifo_str, i32 0, i32 0, [1 x i8]* @p_str, i32 0, i32 0, [1 x i8]* @p_str, [1 x i8]* @p_str, [1 x i8]* @p_str, i32 2, i32 2, i32 16, i32 16, [1 x i8]* @p_str, [1 x i8]* @p_str)"   --->   Operation 23 'specinterface' <Predicate = true> <Delay = 0.00>
ST_2 : Operation 24 [1/1] (0.00ns)   --->   "call void (...)* @_ssdm_op_SpecDataflowPipeline(i32 -1, i32 0, [1 x i8]* @p_str23) nounwind" [partition_0/src/Conv_0_squeeze_Relu_1.cpp:18]   --->   Operation 24 'specdataflowpipeline' <Predicate = true> <Delay = 0.00>
ST_2 : Operation 25 [1/2] (0.00ns)   --->   "call fastcc void @squeeze(i16* %in_0_V_V, i16* %in_1_V_V, i16* %in_2_V_V, i16* %in_3_V_V, i16* %out_0_V_V, i16* %out_1_V_V, i16* %out_2_V_V, i16* %out_3_V_V, i16* %out_4_V_V, i16* %out_5_V_V, i16* %out_6_V_V, i16* %out_7_V_V, i16* %out_8_V_V, i16* %out_9_V_V, i16* %out_10_V_V, i16* %out_11_V_V, i16* %out_12_V_V, i16* %out_13_V_V, i16* %out_14_V_V, i16* %out_15_V_V)" [partition_0/src/Conv_0_squeeze_Relu_1.cpp:21]   --->   Operation 25 'call' <Predicate = true> <Delay = 0.00> <CoreType = "Generic">   --->   Core 0 '' <Latency = 0> <II = 1> <Delay = 1.00> <Generic> <Opcode : >
ST_2 : Operation 26 [1/1] (0.00ns)   --->   "ret void" [partition_0/src/Conv_0_squeeze_Relu_1.cpp:32]   --->   Operation 26 'ret' <Predicate = true> <Delay = 0.00>


============================================================
+ Verbose Summary: Binding
============================================================
STG Binding: 
---------------- STG Properties BEGIN ----------------
- Is combinational: 0
- Is one-state seq: 0
- Is datapath-only: 0
- Is pipelined: 0
- Is top level: 0
Port [ Return ] is wired: 1; IO mode=ap_ctrl_hs:ce=0
Port [ in_0_V_V]:  wired=1; compound=1; hidden=0; nouse=0; global=0; static=0; extern=0; dir=0; type=3; pingpong=0; private_global=0; IO mode=ap_fifo:ce=0
Port [ in_1_V_V]:  wired=1; compound=1; hidden=0; nouse=0; global=0; static=0; extern=0; dir=0; type=3; pingpong=0; private_global=0; IO mode=ap_fifo:ce=0
Port [ in_2_V_V]:  wired=1; compound=1; hidden=0; nouse=0; global=0; static=0; extern=0; dir=0; type=3; pingpong=0; private_global=0; IO mode=ap_fifo:ce=0
Port [ in_3_V_V]:  wired=1; compound=1; hidden=0; nouse=0; global=0; static=0; extern=0; dir=0; type=3; pingpong=0; private_global=0; IO mode=ap_fifo:ce=0
Port [ out_0_V_V]:  wired=1; compound=1; hidden=0; nouse=0; global=0; static=0; extern=0; dir=1; type=3; pingpong=0; private_global=0; IO mode=ap_fifo:ce=0
Port [ out_1_V_V]:  wired=1; compound=1; hidden=0; nouse=0; global=0; static=0; extern=0; dir=1; type=3; pingpong=0; private_global=0; IO mode=ap_fifo:ce=0
Port [ out_2_V_V]:  wired=1; compound=1; hidden=0; nouse=0; global=0; static=0; extern=0; dir=1; type=3; pingpong=0; private_global=0; IO mode=ap_fifo:ce=0
Port [ out_3_V_V]:  wired=1; compound=1; hidden=0; nouse=0; global=0; static=0; extern=0; dir=1; type=3; pingpong=0; private_global=0; IO mode=ap_fifo:ce=0
Port [ out_4_V_V]:  wired=1; compound=1; hidden=0; nouse=0; global=0; static=0; extern=0; dir=1; type=3; pingpong=0; private_global=0; IO mode=ap_fifo:ce=0
Port [ out_5_V_V]:  wired=1; compound=1; hidden=0; nouse=0; global=0; static=0; extern=0; dir=1; type=3; pingpong=0; private_global=0; IO mode=ap_fifo:ce=0
Port [ out_6_V_V]:  wired=1; compound=1; hidden=0; nouse=0; global=0; static=0; extern=0; dir=1; type=3; pingpong=0; private_global=0; IO mode=ap_fifo:ce=0
Port [ out_7_V_V]:  wired=1; compound=1; hidden=0; nouse=0; global=0; static=0; extern=0; dir=1; type=3; pingpong=0; private_global=0; IO mode=ap_fifo:ce=0
Port [ out_8_V_V]:  wired=1; compound=1; hidden=0; nouse=0; global=0; static=0; extern=0; dir=1; type=3; pingpong=0; private_global=0; IO mode=ap_fifo:ce=0
Port [ out_9_V_V]:  wired=1; compound=1; hidden=0; nouse=0; global=0; static=0; extern=0; dir=1; type=3; pingpong=0; private_global=0; IO mode=ap_fifo:ce=0
Port [ out_10_V_V]:  wired=1; compound=1; hidden=0; nouse=0; global=0; static=0; extern=0; dir=1; type=3; pingpong=0; private_global=0; IO mode=ap_fifo:ce=0
Port [ out_11_V_V]:  wired=1; compound=1; hidden=0; nouse=0; global=0; static=0; extern=0; dir=1; type=3; pingpong=0; private_global=0; IO mode=ap_fifo:ce=0
Port [ out_12_V_V]:  wired=1; compound=1; hidden=0; nouse=0; global=0; static=0; extern=0; dir=1; type=3; pingpong=0; private_global=0; IO mode=ap_fifo:ce=0
Port [ out_13_V_V]:  wired=1; compound=1; hidden=0; nouse=0; global=0; static=0; extern=0; dir=1; type=3; pingpong=0; private_global=0; IO mode=ap_fifo:ce=0
Port [ out_14_V_V]:  wired=1; compound=1; hidden=0; nouse=0; global=0; static=0; extern=0; dir=1; type=3; pingpong=0; private_global=0; IO mode=ap_fifo:ce=0
Port [ out_15_V_V]:  wired=1; compound=1; hidden=0; nouse=0; global=0; static=0; extern=0; dir=1; type=3; pingpong=0; private_global=0; IO mode=ap_fifo:ce=0
---------------- STG Properties END ------------------

---------------- Datapath Model BEGIN ----------------

<LifeTime>
<method=bitvector/>
specinterface_ln0         (specinterface       ) [ 000]
specinterface_ln0         (specinterface       ) [ 000]
specinterface_ln0         (specinterface       ) [ 000]
specinterface_ln0         (specinterface       ) [ 000]
specinterface_ln0         (specinterface       ) [ 000]
specinterface_ln0         (specinterface       ) [ 000]
specinterface_ln0         (specinterface       ) [ 000]
specinterface_ln0         (specinterface       ) [ 000]
specinterface_ln0         (specinterface       ) [ 000]
specinterface_ln0         (specinterface       ) [ 000]
specinterface_ln0         (specinterface       ) [ 000]
specinterface_ln0         (specinterface       ) [ 000]
specinterface_ln0         (specinterface       ) [ 000]
specinterface_ln0         (specinterface       ) [ 000]
specinterface_ln0         (specinterface       ) [ 000]
specinterface_ln0         (specinterface       ) [ 000]
specinterface_ln0         (specinterface       ) [ 000]
specinterface_ln0         (specinterface       ) [ 000]
specinterface_ln0         (specinterface       ) [ 000]
specinterface_ln0         (specinterface       ) [ 000]
specdataflowpipeline_ln18 (specdataflowpipeline) [ 000]
call_ln21                 (call                ) [ 000]
ret_ln32                  (ret                 ) [ 000]
</LifeTime>

<model>

<comp_list>
<comp id="0" class="1000" name="in_0_V_V">
<pin_list>
<pin id="1" dir="1" index="0" bw="1" slack="0"/>
</pin_list>
<bind>
<StgValue><ssdm name="in_0_V_V"/></StgValue>
</bind>
</comp>

<comp id="2" class="1000" name="in_1_V_V">
<pin_list>
<pin id="3" dir="1" index="0" bw="1" slack="0"/>
</pin_list>
<bind>
<StgValue><ssdm name="in_1_V_V"/></StgValue>
</bind>
</comp>

<comp id="4" class="1000" name="in_2_V_V">
<pin_list>
<pin id="5" dir="1" index="0" bw="1" slack="0"/>
</pin_list>
<bind>
<StgValue><ssdm name="in_2_V_V"/></StgValue>
</bind>
</comp>

<comp id="6" class="1000" name="in_3_V_V">
<pin_list>
<pin id="7" dir="1" index="0" bw="1" slack="0"/>
</pin_list>
<bind>
<StgValue><ssdm name="in_3_V_V"/></StgValue>
</bind>
</comp>

<comp id="8" class="1000" name="out_0_V_V">
<pin_list>
<pin id="9" dir="1" index="0" bw="1" slack="0"/>
</pin_list>
<bind>
<StgValue><ssdm name="out_0_V_V"/></StgValue>
</bind>
</comp>

<comp id="10" class="1000" name="out_1_V_V">
<pin_list>
<pin id="11" dir="1" index="0" bw="1" slack="0"/>
</pin_list>
<bind>
<StgValue><ssdm name="out_1_V_V"/></StgValue>
</bind>
</comp>

<comp id="12" class="1000" name="out_2_V_V">
<pin_list>
<pin id="13" dir="1" index="0" bw="1" slack="0"/>
</pin_list>
<bind>
<StgValue><ssdm name="out_2_V_V"/></StgValue>
</bind>
</comp>

<comp id="14" class="1000" name="out_3_V_V">
<pin_list>
<pin id="15" dir="1" index="0" bw="1" slack="0"/>
</pin_list>
<bind>
<StgValue><ssdm name="out_3_V_V"/></StgValue>
</bind>
</comp>

<comp id="16" class="1000" name="out_4_V_V">
<pin_list>
<pin id="17" dir="1" index="0" bw="1" slack="0"/>
</pin_list>
<bind>
<StgValue><ssdm name="out_4_V_V"/></StgValue>
</bind>
</comp>

<comp id="18" class="1000" name="out_5_V_V">
<pin_list>
<pin id="19" dir="1" index="0" bw="1" slack="0"/>
</pin_list>
<bind>
<StgValue><ssdm name="out_5_V_V"/></StgValue>
</bind>
</comp>

<comp id="20" class="1000" name="out_6_V_V">
<pin_list>
<pin id="21" dir="1" index="0" bw="1" slack="0"/>
</pin_list>
<bind>
<StgValue><ssdm name="out_6_V_V"/></StgValue>
</bind>
</comp>

<comp id="22" class="1000" name="out_7_V_V">
<pin_list>
<pin id="23" dir="1" index="0" bw="1" slack="0"/>
</pin_list>
<bind>
<StgValue><ssdm name="out_7_V_V"/></StgValue>
</bind>
</comp>

<comp id="24" class="1000" name="out_8_V_V">
<pin_list>
<pin id="25" dir="1" index="0" bw="1" slack="0"/>
</pin_list>
<bind>
<StgValue><ssdm name="out_8_V_V"/></StgValue>
</bind>
</comp>

<comp id="26" class="1000" name="out_9_V_V">
<pin_list>
<pin id="27" dir="1" index="0" bw="1" slack="0"/>
</pin_list>
<bind>
<StgValue><ssdm name="out_9_V_V"/></StgValue>
</bind>
</comp>

<comp id="28" class="1000" name="out_10_V_V">
<pin_list>
<pin id="29" dir="1" index="0" bw="1" slack="0"/>
</pin_list>
<bind>
<StgValue><ssdm name="out_10_V_V"/></StgValue>
</bind>
</comp>

<comp id="30" class="1000" name="out_11_V_V">
<pin_list>
<pin id="31" dir="1" index="0" bw="1" slack="0"/>
</pin_list>
<bind>
<StgValue><ssdm name="out_11_V_V"/></StgValue>
</bind>
</comp>

<comp id="32" class="1000" name="out_12_V_V">
<pin_list>
<pin id="33" dir="1" index="0" bw="1" slack="0"/>
</pin_list>
<bind>
<StgValue><ssdm name="out_12_V_V"/></StgValue>
</bind>
</comp>

<comp id="34" class="1000" name="out_13_V_V">
<pin_list>
<pin id="35" dir="1" index="0" bw="1" slack="0"/>
</pin_list>
<bind>
<StgValue><ssdm name="out_13_V_V"/></StgValue>
</bind>
</comp>

<comp id="36" class="1000" name="out_14_V_V">
<pin_list>
<pin id="37" dir="1" index="0" bw="1" slack="0"/>
</pin_list>
<bind>
<StgValue><ssdm name="out_14_V_V"/></StgValue>
</bind>
</comp>

<comp id="38" class="1000" name="out_15_V_V">
<pin_list>
<pin id="39" dir="1" index="0" bw="1" slack="0"/>
</pin_list>
<bind>
<StgValue><ssdm name="out_15_V_V"/></StgValue>
</bind>
</comp>

<comp id="40" class="1001" name="const_40">
<pin_list>
<pin id="41" dir="1" index="0" bw="1" slack="0"/>
</pin_list>
<bind>
<StgValue><ssdm name="squeeze"/></StgValue>
</bind>
</comp>

<comp id="42" class="1001" name="const_42">
<pin_list>
<pin id="43" dir="1" index="0" bw="1" slack="2147483647"/>
</pin_list>
<bind>
<StgValue><ssdm name="_ssdm_op_SpecInterface"/></StgValue>
</bind>
</comp>

<comp id="44" class="1001" name="const_44">
<pin_list>
<pin id="45" dir="1" index="0" bw="1" slack="2147483647"/>
</pin_list>
<bind>
<StgValue><ssdm name="ap_fifo_str"/></StgValue>
</bind>
</comp>

<comp id="46" class="1001" name="const_46">
<pin_list>
<pin id="47" dir="1" index="0" bw="1" slack="2147483647"/>
</pin_list>
<bind>
<StgValue><ssdm name=""/></StgValue>
</bind>
</comp>

<comp id="48" class="1001" name="const_48">
<pin_list>
<pin id="49" dir="1" index="0" bw="1" slack="2147483647"/>
</pin_list>
<bind>
<StgValue><ssdm name="p_str"/></StgValue>
</bind>
</comp>

<comp id="50" class="1001" name="const_50">
<pin_list>
<pin id="51" dir="1" index="0" bw="1" slack="2147483647"/>
</pin_list>
<bind>
<StgValue><ssdm name=""/></StgValue>
</bind>
</comp>

<comp id="52" class="1001" name="const_52">
<pin_list>
<pin id="53" dir="1" index="0" bw="1" slack="2147483647"/>
</pin_list>
<bind>
<StgValue><ssdm name=""/></StgValue>
</bind>
</comp>

<comp id="54" class="1001" name="const_54">
<pin_list>
<pin id="55" dir="1" index="0" bw="1" slack="2147483647"/>
</pin_list>
<bind>
<StgValue><ssdm name="_ssdm_op_SpecDataflowPipeline"/></StgValue>
</bind>
</comp>

<comp id="56" class="1001" name="const_56">
<pin_list>
<pin id="57" dir="1" index="0" bw="1" slack="2147483647"/>
</pin_list>
<bind>
<StgValue><ssdm name=""/></StgValue>
</bind>
</comp>

<comp id="58" class="1001" name="const_58">
<pin_list>
<pin id="59" dir="1" index="0" bw="1" slack="2147483647"/>
</pin_list>
<bind>
<StgValue><ssdm name="p_str23"/></StgValue>
</bind>
</comp>

<comp id="60" class="1004" name="grp_squeeze_fu_60">
<pin_list>
<pin id="61" dir="0" index="0" bw="0" slack="0"/>
<pin id="62" dir="0" index="1" bw="16" slack="0"/>
<pin id="63" dir="0" index="2" bw="16" slack="0"/>
<pin id="64" dir="0" index="3" bw="16" slack="0"/>
<pin id="65" dir="0" index="4" bw="16" slack="0"/>
<pin id="66" dir="0" index="5" bw="16" slack="0"/>
<pin id="67" dir="0" index="6" bw="16" slack="0"/>
<pin id="68" dir="0" index="7" bw="16" slack="0"/>
<pin id="69" dir="0" index="8" bw="16" slack="0"/>
<pin id="70" dir="0" index="9" bw="16" slack="0"/>
<pin id="71" dir="0" index="10" bw="16" slack="0"/>
<pin id="72" dir="0" index="11" bw="16" slack="0"/>
<pin id="73" dir="0" index="12" bw="16" slack="0"/>
<pin id="74" dir="0" index="13" bw="16" slack="0"/>
<pin id="75" dir="0" index="14" bw="16" slack="0"/>
<pin id="76" dir="0" index="15" bw="16" slack="0"/>
<pin id="77" dir="0" index="16" bw="16" slack="0"/>
<pin id="78" dir="0" index="17" bw="16" slack="0"/>
<pin id="79" dir="0" index="18" bw="16" slack="0"/>
<pin id="80" dir="0" index="19" bw="16" slack="0"/>
<pin id="81" dir="0" index="20" bw="16" slack="0"/>
<pin id="82" dir="1" index="21" bw="0" slack="2147483647"/>
</pin_list>
<bind>
<opcode="call(48) " fcode="call"/>
<opset="call_ln21/1 "/>
</bind>
</comp>

</comp_list>

<net_list>
<net id="83"><net_src comp="40" pin="0"/><net_sink comp="60" pin=0"/></net>

<net id="84"><net_src comp="0" pin="0"/><net_sink comp="60" pin=1"/></net>

<net id="85"><net_src comp="2" pin="0"/><net_sink comp="60" pin=2"/></net>

<net id="86"><net_src comp="4" pin="0"/><net_sink comp="60" pin=3"/></net>

<net id="87"><net_src comp="6" pin="0"/><net_sink comp="60" pin=4"/></net>

<net id="88"><net_src comp="8" pin="0"/><net_sink comp="60" pin=5"/></net>

<net id="89"><net_src comp="10" pin="0"/><net_sink comp="60" pin=6"/></net>

<net id="90"><net_src comp="12" pin="0"/><net_sink comp="60" pin=7"/></net>

<net id="91"><net_src comp="14" pin="0"/><net_sink comp="60" pin=8"/></net>

<net id="92"><net_src comp="16" pin="0"/><net_sink comp="60" pin=9"/></net>

<net id="93"><net_src comp="18" pin="0"/><net_sink comp="60" pin=10"/></net>

<net id="94"><net_src comp="20" pin="0"/><net_sink comp="60" pin=11"/></net>

<net id="95"><net_src comp="22" pin="0"/><net_sink comp="60" pin=12"/></net>

<net id="96"><net_src comp="24" pin="0"/><net_sink comp="60" pin=13"/></net>

<net id="97"><net_src comp="26" pin="0"/><net_sink comp="60" pin=14"/></net>

<net id="98"><net_src comp="28" pin="0"/><net_sink comp="60" pin=15"/></net>

<net id="99"><net_src comp="30" pin="0"/><net_sink comp="60" pin=16"/></net>

<net id="100"><net_src comp="32" pin="0"/><net_sink comp="60" pin=17"/></net>

<net id="101"><net_src comp="34" pin="0"/><net_sink comp="60" pin=18"/></net>

<net id="102"><net_src comp="36" pin="0"/><net_sink comp="60" pin=19"/></net>

<net id="103"><net_src comp="38" pin="0"/><net_sink comp="60" pin=20"/></net>

</net_list>

</model> 
---------------- Datapath Model END ------------------

* FSMD analyzer results:
  - Output states:
	Port: out_0_V_V | {1 2 }
	Port: out_1_V_V | {1 2 }
	Port: out_2_V_V | {1 2 }
	Port: out_3_V_V | {1 2 }
	Port: out_4_V_V | {1 2 }
	Port: out_5_V_V | {1 2 }
	Port: out_6_V_V | {1 2 }
	Port: out_7_V_V | {1 2 }
	Port: out_8_V_V | {1 2 }
	Port: out_9_V_V | {1 2 }
	Port: out_10_V_V | {1 2 }
	Port: out_11_V_V | {1 2 }
	Port: out_12_V_V | {1 2 }
	Port: out_13_V_V | {1 2 }
	Port: out_14_V_V | {1 2 }
	Port: out_15_V_V | {1 2 }
 - Input state : 
	Port: Conv_0_squeeze_Relu_.16 : in_0_V_V | {1 2 }
	Port: Conv_0_squeeze_Relu_.16 : in_1_V_V | {1 2 }
	Port: Conv_0_squeeze_Relu_.16 : in_2_V_V | {1 2 }
	Port: Conv_0_squeeze_Relu_.16 : in_3_V_V | {1 2 }
  - Chain level:
	State 1
	State 2


============================================================
+ Verbose Summary: Datapath Resource usage 
============================================================

* Functional unit list:
|----------|-------------------|---------|---------|---------|
| Operation|  Functional Unit  |  Delay  |    FF   |   LUT   |
|----------|-------------------|---------|---------|---------|
|   call   | grp_squeeze_fu_60 | 5.44425 |   327   |   104   |
|----------|-------------------|---------|---------|---------|
|   Total  |                   | 5.44425 |   327   |   104   |
|----------|-------------------|---------|---------|---------|

Memories:
N/A

* Register list:
N/A

* Multiplexer (MUX) list: 
|--------|------|------|------|--------|
|  Comp  |  Pin | Size |  BW  | S x BW |
|--------|------|------|------|--------|
|  Total |      |      |      |    0   |
|--------|------|------|------|--------|



* Summary:
+-----------+--------+--------+--------+
|           |  Delay |   FF   |   LUT  |
+-----------+--------+--------+--------+
|  Function |    5   |   327  |   104  |
|   Memory  |    -   |    -   |    -   |
|Multiplexer|    -   |    -   |    -   |
|  Register |    -   |    -   |    -   |
+-----------+--------+--------+--------+
|   Total   |    5   |   327  |   104  |
+-----------+--------+--------+--------+
