

================================================================
== Vivado HLS Report for 'sliding_window'
================================================================
* Date:           Sat Feb 15 06:58:41 2025

* Version:        2019.2 (Build 2704478 on Wed Nov 06 22:10:23 MST 2019)
* Project:        partition_0
* Solution:       solution
* Product family: zynq
* Target device:  xc7z020-clg484-1


================================================================
== Performance Estimates
================================================================
+ Timing: 
    * Summary: 
    +--------+---------+----------+------------+
    |  Clock |  Target | Estimated| Uncertainty|
    +--------+---------+----------+------------+
    |ap_clk  | 5.00 ns | 4.375 ns |   0.62 ns  |
    +--------+---------+----------+------------+

+ Latency: 
    * Summary: 
    +---------+---------+----------+----------+-----+-----+----------+
    |  Latency (cycles) |  Latency (absolute) |  Interval | Pipeline |
    |   min   |   max   |    min   |    max   | min | max |   Type   |
    +---------+---------+----------+----------+-----+-----+----------+
    |      785|      786| 3.925 us | 3.930 us |  784|  784| dataflow |
    +---------+---------+----------+----------+-----+-----+----------+

    + Detail: 
        * Instance: 
        +----------------------------------+-----------------------+---------+---------+----------+----------+-----+-----+---------------------------------------------+
        |                                  |                       |  Latency (cycles) |  Latency (absolute) |  Interval |                   Pipeline                  |
        |             Instance             |         Module        |   min   |   max   |    min   |    max   | min | max |                     Type                    |
        +----------------------------------+-----------------------+---------+---------+----------+----------+-----+-----+---------------------------------------------+
        |grp_sliding_window_line_s_fu_230  |sliding_window_line_s  |      784|      785| 3.920 us | 3.925 us |  784|  784| loop rewind(delay=0 initiation interval(s)) |
        |grp_sliding_window_out_fu_261     |sliding_window_out     |      784|      785| 3.920 us | 3.925 us |  784|  784| loop rewind(delay=0 initiation interval(s)) |
        +----------------------------------+-----------------------+---------+---------+----------+----------+-----+-----+---------------------------------------------+

        * Loop: 
        N/A

============================================================
+ Verbose Summary: Synthesis Manager
============================================================
InlineROM: 1
ExposeGlobal: 0
============================================================
+ Verbose Summary: CDFG Model
============================================================
IsTopModel: 0
ResetActiveHigh: 1
IsCombinational: 2
IsDatapathOnly: 0
HasWiredReturn: 1
HasMFsm: 0
HasVarLatency: 1
IsPipeline: 0
IsRtlPipelined: 0
IsInstanceOverlapped: 0
IsDontTouch: 0
HasImplIP: 0
IsGatedGlobalClock: 0


============================================================
+ Verbose Summary: Schedule
============================================================
* Number of FSM states : 4
* Pipeline : 0
* Dataflow Pipeline: 1
  DF-Pipeline-0: Size = 4, States = { 1 2 3 4 }

* FSM state transitions: 
1 --> 2 
2 --> 3 
3 --> 4 
4 --> 

* FSM state operations: 

State 1 <SV = 0> <Delay = 0.00>
ST_1 : Operation 5 [1/1] (0.00ns)   --->   "%frame_buffer_0_0 = alloca i16, align 2"   --->   Operation 5 'alloca' 'frame_buffer_0_0' <Predicate = true> <Delay = 0.00> <Core = "FIFO">   --->   Core 32 'FIFO' <Latency = 0> <II = 1> <Delay = 3.59> <Storage> <Opcode : 'read' 'write' 'nbread' 'nbwrite'> <Ports = 0> <Width = 16> <Depth = 6> <FIFO>
ST_1 : Operation 6 [1/1] (0.00ns)   --->   "%frame_buffer_0_1 = alloca i16, align 2"   --->   Operation 6 'alloca' 'frame_buffer_0_1' <Predicate = true> <Delay = 0.00> <Core = "FIFO">   --->   Core 32 'FIFO' <Latency = 0> <II = 1> <Delay = 3.59> <Storage> <Opcode : 'read' 'write' 'nbread' 'nbwrite'> <Ports = 0> <Width = 16> <Depth = 6> <FIFO>
ST_1 : Operation 7 [1/1] (0.00ns)   --->   "%frame_buffer_0_2 = alloca i16, align 2"   --->   Operation 7 'alloca' 'frame_buffer_0_2' <Predicate = true> <Delay = 0.00> <Core = "FIFO">   --->   Core 32 'FIFO' <Latency = 0> <II = 1> <Delay = 3.59> <Storage> <Opcode : 'read' 'write' 'nbread' 'nbwrite'> <Ports = 0> <Width = 16> <Depth = 6> <FIFO>
ST_1 : Operation 8 [1/1] (0.00ns)   --->   "%frame_buffer_0_3 = alloca i16, align 2"   --->   Operation 8 'alloca' 'frame_buffer_0_3' <Predicate = true> <Delay = 0.00> <Core = "FIFO">   --->   Core 32 'FIFO' <Latency = 0> <II = 1> <Delay = 3.59> <Storage> <Opcode : 'read' 'write' 'nbread' 'nbwrite'> <Ports = 0> <Width = 16> <Depth = 6> <FIFO>
ST_1 : Operation 9 [1/1] (0.00ns)   --->   "%frame_buffer_0_4 = alloca i16, align 2"   --->   Operation 9 'alloca' 'frame_buffer_0_4' <Predicate = true> <Delay = 0.00> <Core = "FIFO">   --->   Core 32 'FIFO' <Latency = 0> <II = 1> <Delay = 3.59> <Storage> <Opcode : 'read' 'write' 'nbread' 'nbwrite'> <Ports = 0> <Width = 16> <Depth = 6> <FIFO>
ST_1 : Operation 10 [1/1] (0.00ns)   --->   "%frame_buffer_1_0 = alloca i16, align 2"   --->   Operation 10 'alloca' 'frame_buffer_1_0' <Predicate = true> <Delay = 0.00> <Core = "FIFO">   --->   Core 32 'FIFO' <Latency = 0> <II = 1> <Delay = 3.59> <Storage> <Opcode : 'read' 'write' 'nbread' 'nbwrite'> <Ports = 0> <Width = 16> <Depth = 6> <FIFO>
ST_1 : Operation 11 [1/1] (0.00ns)   --->   "%frame_buffer_1_1 = alloca i16, align 2"   --->   Operation 11 'alloca' 'frame_buffer_1_1' <Predicate = true> <Delay = 0.00> <Core = "FIFO">   --->   Core 32 'FIFO' <Latency = 0> <II = 1> <Delay = 3.59> <Storage> <Opcode : 'read' 'write' 'nbread' 'nbwrite'> <Ports = 0> <Width = 16> <Depth = 6> <FIFO>
ST_1 : Operation 12 [1/1] (0.00ns)   --->   "%frame_buffer_1_2 = alloca i16, align 2"   --->   Operation 12 'alloca' 'frame_buffer_1_2' <Predicate = true> <Delay = 0.00> <Core = "FIFO">   --->   Core 32 'FIFO' <Latency = 0> <II = 1> <Delay = 3.59> <Storage> <Opcode : 'read' 'write' 'nbread' 'nbwrite'> <Ports = 0> <Width = 16> <Depth = 6> <FIFO>
ST_1 : Operation 13 [1/1] (0.00ns)   --->   "%frame_buffer_1_3 = alloca i16, align 2"   --->   Operation 13 'alloca' 'frame_buffer_1_3' <Predicate = true> <Delay = 0.00> <Core = "FIFO">   --->   Core 32 'FIFO' <Latency = 0> <II = 1> <Delay = 3.59> <Storage> <Opcode : 'read' 'write' 'nbread' 'nbwrite'> <Ports = 0> <Width = 16> <Depth = 6> <FIFO>
ST_1 : Operation 14 [1/1] (0.00ns)   --->   "%frame_buffer_1_4 = alloca i16, align 2"   --->   Operation 14 'alloca' 'frame_buffer_1_4' <Predicate = true> <Delay = 0.00> <Core = "FIFO">   --->   Core 32 'FIFO' <Latency = 0> <II = 1> <Delay = 3.59> <Storage> <Opcode : 'read' 'write' 'nbread' 'nbwrite'> <Ports = 0> <Width = 16> <Depth = 6> <FIFO>
ST_1 : Operation 15 [1/1] (0.00ns)   --->   "%frame_buffer_2_0 = alloca i16, align 2"   --->   Operation 15 'alloca' 'frame_buffer_2_0' <Predicate = true> <Delay = 0.00> <Core = "FIFO">   --->   Core 32 'FIFO' <Latency = 0> <II = 1> <Delay = 3.59> <Storage> <Opcode : 'read' 'write' 'nbread' 'nbwrite'> <Ports = 0> <Width = 16> <Depth = 6> <FIFO>
ST_1 : Operation 16 [1/1] (0.00ns)   --->   "%frame_buffer_2_1 = alloca i16, align 2"   --->   Operation 16 'alloca' 'frame_buffer_2_1' <Predicate = true> <Delay = 0.00> <Core = "FIFO">   --->   Core 32 'FIFO' <Latency = 0> <II = 1> <Delay = 3.59> <Storage> <Opcode : 'read' 'write' 'nbread' 'nbwrite'> <Ports = 0> <Width = 16> <Depth = 6> <FIFO>
ST_1 : Operation 17 [1/1] (0.00ns)   --->   "%frame_buffer_2_2 = alloca i16, align 2"   --->   Operation 17 'alloca' 'frame_buffer_2_2' <Predicate = true> <Delay = 0.00> <Core = "FIFO">   --->   Core 32 'FIFO' <Latency = 0> <II = 1> <Delay = 3.59> <Storage> <Opcode : 'read' 'write' 'nbread' 'nbwrite'> <Ports = 0> <Width = 16> <Depth = 6> <FIFO>
ST_1 : Operation 18 [1/1] (0.00ns)   --->   "%frame_buffer_2_3 = alloca i16, align 2"   --->   Operation 18 'alloca' 'frame_buffer_2_3' <Predicate = true> <Delay = 0.00> <Core = "FIFO">   --->   Core 32 'FIFO' <Latency = 0> <II = 1> <Delay = 3.59> <Storage> <Opcode : 'read' 'write' 'nbread' 'nbwrite'> <Ports = 0> <Width = 16> <Depth = 6> <FIFO>
ST_1 : Operation 19 [1/1] (0.00ns)   --->   "%frame_buffer_2_4 = alloca i16, align 2"   --->   Operation 19 'alloca' 'frame_buffer_2_4' <Predicate = true> <Delay = 0.00> <Core = "FIFO">   --->   Core 32 'FIFO' <Latency = 0> <II = 1> <Delay = 3.59> <Storage> <Opcode : 'read' 'write' 'nbread' 'nbwrite'> <Ports = 0> <Width = 16> <Depth = 6> <FIFO>
ST_1 : Operation 20 [1/1] (0.00ns)   --->   "%frame_buffer_3_0 = alloca i16, align 2"   --->   Operation 20 'alloca' 'frame_buffer_3_0' <Predicate = true> <Delay = 0.00> <Core = "FIFO">   --->   Core 32 'FIFO' <Latency = 0> <II = 1> <Delay = 3.59> <Storage> <Opcode : 'read' 'write' 'nbread' 'nbwrite'> <Ports = 0> <Width = 16> <Depth = 6> <FIFO>
ST_1 : Operation 21 [1/1] (0.00ns)   --->   "%frame_buffer_3_1 = alloca i16, align 2"   --->   Operation 21 'alloca' 'frame_buffer_3_1' <Predicate = true> <Delay = 0.00> <Core = "FIFO">   --->   Core 32 'FIFO' <Latency = 0> <II = 1> <Delay = 3.59> <Storage> <Opcode : 'read' 'write' 'nbread' 'nbwrite'> <Ports = 0> <Width = 16> <Depth = 6> <FIFO>
ST_1 : Operation 22 [1/1] (0.00ns)   --->   "%frame_buffer_3_2 = alloca i16, align 2"   --->   Operation 22 'alloca' 'frame_buffer_3_2' <Predicate = true> <Delay = 0.00> <Core = "FIFO">   --->   Core 32 'FIFO' <Latency = 0> <II = 1> <Delay = 3.59> <Storage> <Opcode : 'read' 'write' 'nbread' 'nbwrite'> <Ports = 0> <Width = 16> <Depth = 6> <FIFO>
ST_1 : Operation 23 [1/1] (0.00ns)   --->   "%frame_buffer_3_3 = alloca i16, align 2"   --->   Operation 23 'alloca' 'frame_buffer_3_3' <Predicate = true> <Delay = 0.00> <Core = "FIFO">   --->   Core 32 'FIFO' <Latency = 0> <II = 1> <Delay = 3.59> <Storage> <Opcode : 'read' 'write' 'nbread' 'nbwrite'> <Ports = 0> <Width = 16> <Depth = 6> <FIFO>
ST_1 : Operation 24 [1/1] (0.00ns)   --->   "%frame_buffer_3_4 = alloca i16, align 2"   --->   Operation 24 'alloca' 'frame_buffer_3_4' <Predicate = true> <Delay = 0.00> <Core = "FIFO">   --->   Core 32 'FIFO' <Latency = 0> <II = 1> <Delay = 3.59> <Storage> <Opcode : 'read' 'write' 'nbread' 'nbwrite'> <Ports = 0> <Width = 16> <Depth = 6> <FIFO>
ST_1 : Operation 25 [1/1] (0.00ns)   --->   "%frame_buffer_4_0 = alloca i16, align 2"   --->   Operation 25 'alloca' 'frame_buffer_4_0' <Predicate = true> <Delay = 0.00> <Core = "FIFO">   --->   Core 32 'FIFO' <Latency = 0> <II = 1> <Delay = 3.59> <Storage> <Opcode : 'read' 'write' 'nbread' 'nbwrite'> <Ports = 0> <Width = 16> <Depth = 6> <FIFO>
ST_1 : Operation 26 [1/1] (0.00ns)   --->   "%frame_buffer_4_1 = alloca i16, align 2"   --->   Operation 26 'alloca' 'frame_buffer_4_1' <Predicate = true> <Delay = 0.00> <Core = "FIFO">   --->   Core 32 'FIFO' <Latency = 0> <II = 1> <Delay = 3.59> <Storage> <Opcode : 'read' 'write' 'nbread' 'nbwrite'> <Ports = 0> <Width = 16> <Depth = 6> <FIFO>
ST_1 : Operation 27 [1/1] (0.00ns)   --->   "%frame_buffer_4_2 = alloca i16, align 2"   --->   Operation 27 'alloca' 'frame_buffer_4_2' <Predicate = true> <Delay = 0.00> <Core = "FIFO">   --->   Core 32 'FIFO' <Latency = 0> <II = 1> <Delay = 3.59> <Storage> <Opcode : 'read' 'write' 'nbread' 'nbwrite'> <Ports = 0> <Width = 16> <Depth = 6> <FIFO>
ST_1 : Operation 28 [1/1] (0.00ns)   --->   "%frame_buffer_4_3 = alloca i16, align 2"   --->   Operation 28 'alloca' 'frame_buffer_4_3' <Predicate = true> <Delay = 0.00> <Core = "FIFO">   --->   Core 32 'FIFO' <Latency = 0> <II = 1> <Delay = 3.59> <Storage> <Opcode : 'read' 'write' 'nbread' 'nbwrite'> <Ports = 0> <Width = 16> <Depth = 6> <FIFO>
ST_1 : Operation 29 [1/1] (0.00ns)   --->   "%frame_buffer_4_4 = alloca i16, align 2"   --->   Operation 29 'alloca' 'frame_buffer_4_4' <Predicate = true> <Delay = 0.00> <Core = "FIFO">   --->   Core 32 'FIFO' <Latency = 0> <II = 1> <Delay = 3.59> <Storage> <Opcode : 'read' 'write' 'nbread' 'nbwrite'> <Ports = 0> <Width = 16> <Depth = 6> <FIFO>
ST_1 : Operation 30 [2/2] (0.00ns)   --->   "call fastcc void @sliding_window_line_(i16* %in_V_V, i16* %frame_buffer_0_0, i16* %frame_buffer_0_1, i16* %frame_buffer_0_2, i16* %frame_buffer_0_3, i16* %frame_buffer_0_4, i16* %frame_buffer_1_0, i16* %frame_buffer_1_1, i16* %frame_buffer_1_2, i16* %frame_buffer_1_3, i16* %frame_buffer_1_4, i16* %frame_buffer_2_0, i16* %frame_buffer_2_1, i16* %frame_buffer_2_2, i16* %frame_buffer_2_3, i16* %frame_buffer_2_4, i16* %frame_buffer_3_0, i16* %frame_buffer_3_1, i16* %frame_buffer_3_2, i16* %frame_buffer_3_3, i16* %frame_buffer_3_4, i16* %frame_buffer_4_0, i16* %frame_buffer_4_1, i16* %frame_buffer_4_2, i16* %frame_buffer_4_3, i16* %frame_buffer_4_4)" [/root/fpgaconvnet-tutorial/fpgaconvnet-hls/fpgaconvnet/hls/hardware/sliding_window.hpp:315]   --->   Operation 30 'call' <Predicate = true> <Delay = 0.00> <CoreType = "Generic">   --->   Core 0 '' <Latency = 0> <II = 1> <Delay = 1.00> <Generic> <Opcode : >

State 2 <SV = 1> <Delay = 0.00>
ST_2 : Operation 31 [1/2] (0.00ns)   --->   "call fastcc void @sliding_window_line_(i16* %in_V_V, i16* %frame_buffer_0_0, i16* %frame_buffer_0_1, i16* %frame_buffer_0_2, i16* %frame_buffer_0_3, i16* %frame_buffer_0_4, i16* %frame_buffer_1_0, i16* %frame_buffer_1_1, i16* %frame_buffer_1_2, i16* %frame_buffer_1_3, i16* %frame_buffer_1_4, i16* %frame_buffer_2_0, i16* %frame_buffer_2_1, i16* %frame_buffer_2_2, i16* %frame_buffer_2_3, i16* %frame_buffer_2_4, i16* %frame_buffer_3_0, i16* %frame_buffer_3_1, i16* %frame_buffer_3_2, i16* %frame_buffer_3_3, i16* %frame_buffer_3_4, i16* %frame_buffer_4_0, i16* %frame_buffer_4_1, i16* %frame_buffer_4_2, i16* %frame_buffer_4_3, i16* %frame_buffer_4_4)" [/root/fpgaconvnet-tutorial/fpgaconvnet-hls/fpgaconvnet/hls/hardware/sliding_window.hpp:315]   --->   Operation 31 'call' <Predicate = true> <Delay = 0.00> <CoreType = "Generic">   --->   Core 0 '' <Latency = 0> <II = 1> <Delay = 1.00> <Generic> <Opcode : >

State 3 <SV = 2> <Delay = 0.00>
ST_3 : Operation 32 [2/2] (0.00ns)   --->   "call fastcc void @sliding_window_out(i16* %frame_buffer_0_0, i16* %frame_buffer_0_1, i16* %frame_buffer_0_2, i16* %frame_buffer_0_3, i16* %frame_buffer_0_4, i16* %frame_buffer_1_0, i16* %frame_buffer_1_1, i16* %frame_buffer_1_2, i16* %frame_buffer_1_3, i16* %frame_buffer_1_4, i16* %frame_buffer_2_0, i16* %frame_buffer_2_1, i16* %frame_buffer_2_2, i16* %frame_buffer_2_3, i16* %frame_buffer_2_4, i16* %frame_buffer_3_0, i16* %frame_buffer_3_1, i16* %frame_buffer_3_2, i16* %frame_buffer_3_3, i16* %frame_buffer_3_4, i16* %frame_buffer_4_0, i16* %frame_buffer_4_1, i16* %frame_buffer_4_2, i16* %frame_buffer_4_3, i16* %frame_buffer_4_4, i16* %out_V_V, i16* %out_V_V1, i16* %out_V_V2, i16* %out_V_V3, i16* %out_V_V4, i16* %out_V_V15, i16* %out_V_V16, i16* %out_V_V17, i16* %out_V_V18, i16* %out_V_V19, i16* %out_V_V210, i16* %out_V_V211, i16* %out_V_V212, i16* %out_V_V213, i16* %out_V_V214, i16* %out_V_V315, i16* %out_V_V316, i16* %out_V_V317, i16* %out_V_V318, i16* %out_V_V319, i16* %out_V_V420, i16* %out_V_V421, i16* %out_V_V422, i16* %out_V_V423, i16* %out_V_V424)" [/root/fpgaconvnet-tutorial/fpgaconvnet-hls/fpgaconvnet/hls/hardware/sliding_window.hpp:329]   --->   Operation 32 'call' <Predicate = true> <Delay = 0.00> <CoreType = "Generic">   --->   Core 0 '' <Latency = 0> <II = 1> <Delay = 1.00> <Generic> <Opcode : >

State 4 <SV = 3> <Delay = 0.00>
ST_4 : Operation 33 [1/1] (0.00ns)   --->   "call void (...)* @_ssdm_op_SpecInterface(i16* %in_V_V, [8 x i8]* @ap_fifo_str, i32 0, i32 0, [1 x i8]* @p_str, i32 0, i32 0, [1 x i8]* @p_str, [1 x i8]* @p_str, [1 x i8]* @p_str, i32 2, i32 2, i32 16, i32 16, [1 x i8]* @p_str, [1 x i8]* @p_str)"   --->   Operation 33 'specinterface' <Predicate = true> <Delay = 0.00>
ST_4 : Operation 34 [1/1] (0.00ns)   --->   "call void (...)* @_ssdm_op_SpecInterface(i16* %out_V_V, [8 x i8]* @ap_fifo_str, i32 0, i32 0, [1 x i8]* @p_str, i32 0, i32 0, [1 x i8]* @p_str, [1 x i8]* @p_str, [1 x i8]* @p_str, i32 2, i32 2, i32 16, i32 16, [1 x i8]* @p_str, [1 x i8]* @p_str)"   --->   Operation 34 'specinterface' <Predicate = true> <Delay = 0.00>
ST_4 : Operation 35 [1/1] (0.00ns)   --->   "call void (...)* @_ssdm_op_SpecInterface(i16* %out_V_V1, [8 x i8]* @ap_fifo_str, i32 0, i32 0, [1 x i8]* @p_str, i32 0, i32 0, [1 x i8]* @p_str, [1 x i8]* @p_str, [1 x i8]* @p_str, i32 2, i32 2, i32 16, i32 16, [1 x i8]* @p_str, [1 x i8]* @p_str)"   --->   Operation 35 'specinterface' <Predicate = true> <Delay = 0.00>
ST_4 : Operation 36 [1/1] (0.00ns)   --->   "call void (...)* @_ssdm_op_SpecInterface(i16* %out_V_V2, [8 x i8]* @ap_fifo_str, i32 0, i32 0, [1 x i8]* @p_str, i32 0, i32 0, [1 x i8]* @p_str, [1 x i8]* @p_str, [1 x i8]* @p_str, i32 2, i32 2, i32 16, i32 16, [1 x i8]* @p_str, [1 x i8]* @p_str)"   --->   Operation 36 'specinterface' <Predicate = true> <Delay = 0.00>
ST_4 : Operation 37 [1/1] (0.00ns)   --->   "call void (...)* @_ssdm_op_SpecInterface(i16* %out_V_V3, [8 x i8]* @ap_fifo_str, i32 0, i32 0, [1 x i8]* @p_str, i32 0, i32 0, [1 x i8]* @p_str, [1 x i8]* @p_str, [1 x i8]* @p_str, i32 2, i32 2, i32 16, i32 16, [1 x i8]* @p_str, [1 x i8]* @p_str)"   --->   Operation 37 'specinterface' <Predicate = true> <Delay = 0.00>
ST_4 : Operation 38 [1/1] (0.00ns)   --->   "call void (...)* @_ssdm_op_SpecInterface(i16* %out_V_V4, [8 x i8]* @ap_fifo_str, i32 0, i32 0, [1 x i8]* @p_str, i32 0, i32 0, [1 x i8]* @p_str, [1 x i8]* @p_str, [1 x i8]* @p_str, i32 2, i32 2, i32 16, i32 16, [1 x i8]* @p_str, [1 x i8]* @p_str)"   --->   Operation 38 'specinterface' <Predicate = true> <Delay = 0.00>
ST_4 : Operation 39 [1/1] (0.00ns)   --->   "call void (...)* @_ssdm_op_SpecInterface(i16* %out_V_V15, [8 x i8]* @ap_fifo_str, i32 0, i32 0, [1 x i8]* @p_str, i32 0, i32 0, [1 x i8]* @p_str, [1 x i8]* @p_str, [1 x i8]* @p_str, i32 2, i32 2, i32 16, i32 16, [1 x i8]* @p_str, [1 x i8]* @p_str)"   --->   Operation 39 'specinterface' <Predicate = true> <Delay = 0.00>
ST_4 : Operation 40 [1/1] (0.00ns)   --->   "call void (...)* @_ssdm_op_SpecInterface(i16* %out_V_V16, [8 x i8]* @ap_fifo_str, i32 0, i32 0, [1 x i8]* @p_str, i32 0, i32 0, [1 x i8]* @p_str, [1 x i8]* @p_str, [1 x i8]* @p_str, i32 2, i32 2, i32 16, i32 16, [1 x i8]* @p_str, [1 x i8]* @p_str)"   --->   Operation 40 'specinterface' <Predicate = true> <Delay = 0.00>
ST_4 : Operation 41 [1/1] (0.00ns)   --->   "call void (...)* @_ssdm_op_SpecInterface(i16* %out_V_V17, [8 x i8]* @ap_fifo_str, i32 0, i32 0, [1 x i8]* @p_str, i32 0, i32 0, [1 x i8]* @p_str, [1 x i8]* @p_str, [1 x i8]* @p_str, i32 2, i32 2, i32 16, i32 16, [1 x i8]* @p_str, [1 x i8]* @p_str)"   --->   Operation 41 'specinterface' <Predicate = true> <Delay = 0.00>
ST_4 : Operation 42 [1/1] (0.00ns)   --->   "call void (...)* @_ssdm_op_SpecInterface(i16* %out_V_V18, [8 x i8]* @ap_fifo_str, i32 0, i32 0, [1 x i8]* @p_str, i32 0, i32 0, [1 x i8]* @p_str, [1 x i8]* @p_str, [1 x i8]* @p_str, i32 2, i32 2, i32 16, i32 16, [1 x i8]* @p_str, [1 x i8]* @p_str)"   --->   Operation 42 'specinterface' <Predicate = true> <Delay = 0.00>
ST_4 : Operation 43 [1/1] (0.00ns)   --->   "call void (...)* @_ssdm_op_SpecInterface(i16* %out_V_V19, [8 x i8]* @ap_fifo_str, i32 0, i32 0, [1 x i8]* @p_str, i32 0, i32 0, [1 x i8]* @p_str, [1 x i8]* @p_str, [1 x i8]* @p_str, i32 2, i32 2, i32 16, i32 16, [1 x i8]* @p_str, [1 x i8]* @p_str)"   --->   Operation 43 'specinterface' <Predicate = true> <Delay = 0.00>
ST_4 : Operation 44 [1/1] (0.00ns)   --->   "call void (...)* @_ssdm_op_SpecInterface(i16* %out_V_V210, [8 x i8]* @ap_fifo_str, i32 0, i32 0, [1 x i8]* @p_str, i32 0, i32 0, [1 x i8]* @p_str, [1 x i8]* @p_str, [1 x i8]* @p_str, i32 2, i32 2, i32 16, i32 16, [1 x i8]* @p_str, [1 x i8]* @p_str)"   --->   Operation 44 'specinterface' <Predicate = true> <Delay = 0.00>
ST_4 : Operation 45 [1/1] (0.00ns)   --->   "call void (...)* @_ssdm_op_SpecInterface(i16* %out_V_V211, [8 x i8]* @ap_fifo_str, i32 0, i32 0, [1 x i8]* @p_str, i32 0, i32 0, [1 x i8]* @p_str, [1 x i8]* @p_str, [1 x i8]* @p_str, i32 2, i32 2, i32 16, i32 16, [1 x i8]* @p_str, [1 x i8]* @p_str)"   --->   Operation 45 'specinterface' <Predicate = true> <Delay = 0.00>
ST_4 : Operation 46 [1/1] (0.00ns)   --->   "call void (...)* @_ssdm_op_SpecInterface(i16* %out_V_V212, [8 x i8]* @ap_fifo_str, i32 0, i32 0, [1 x i8]* @p_str, i32 0, i32 0, [1 x i8]* @p_str, [1 x i8]* @p_str, [1 x i8]* @p_str, i32 2, i32 2, i32 16, i32 16, [1 x i8]* @p_str, [1 x i8]* @p_str)"   --->   Operation 46 'specinterface' <Predicate = true> <Delay = 0.00>
ST_4 : Operation 47 [1/1] (0.00ns)   --->   "call void (...)* @_ssdm_op_SpecInterface(i16* %out_V_V213, [8 x i8]* @ap_fifo_str, i32 0, i32 0, [1 x i8]* @p_str, i32 0, i32 0, [1 x i8]* @p_str, [1 x i8]* @p_str, [1 x i8]* @p_str, i32 2, i32 2, i32 16, i32 16, [1 x i8]* @p_str, [1 x i8]* @p_str)"   --->   Operation 47 'specinterface' <Predicate = true> <Delay = 0.00>
ST_4 : Operation 48 [1/1] (0.00ns)   --->   "call void (...)* @_ssdm_op_SpecInterface(i16* %out_V_V214, [8 x i8]* @ap_fifo_str, i32 0, i32 0, [1 x i8]* @p_str, i32 0, i32 0, [1 x i8]* @p_str, [1 x i8]* @p_str, [1 x i8]* @p_str, i32 2, i32 2, i32 16, i32 16, [1 x i8]* @p_str, [1 x i8]* @p_str)"   --->   Operation 48 'specinterface' <Predicate = true> <Delay = 0.00>
ST_4 : Operation 49 [1/1] (0.00ns)   --->   "call void (...)* @_ssdm_op_SpecInterface(i16* %out_V_V315, [8 x i8]* @ap_fifo_str, i32 0, i32 0, [1 x i8]* @p_str, i32 0, i32 0, [1 x i8]* @p_str, [1 x i8]* @p_str, [1 x i8]* @p_str, i32 2, i32 2, i32 16, i32 16, [1 x i8]* @p_str, [1 x i8]* @p_str)"   --->   Operation 49 'specinterface' <Predicate = true> <Delay = 0.00>
ST_4 : Operation 50 [1/1] (0.00ns)   --->   "call void (...)* @_ssdm_op_SpecInterface(i16* %out_V_V316, [8 x i8]* @ap_fifo_str, i32 0, i32 0, [1 x i8]* @p_str, i32 0, i32 0, [1 x i8]* @p_str, [1 x i8]* @p_str, [1 x i8]* @p_str, i32 2, i32 2, i32 16, i32 16, [1 x i8]* @p_str, [1 x i8]* @p_str)"   --->   Operation 50 'specinterface' <Predicate = true> <Delay = 0.00>
ST_4 : Operation 51 [1/1] (0.00ns)   --->   "call void (...)* @_ssdm_op_SpecInterface(i16* %out_V_V317, [8 x i8]* @ap_fifo_str, i32 0, i32 0, [1 x i8]* @p_str, i32 0, i32 0, [1 x i8]* @p_str, [1 x i8]* @p_str, [1 x i8]* @p_str, i32 2, i32 2, i32 16, i32 16, [1 x i8]* @p_str, [1 x i8]* @p_str)"   --->   Operation 51 'specinterface' <Predicate = true> <Delay = 0.00>
ST_4 : Operation 52 [1/1] (0.00ns)   --->   "call void (...)* @_ssdm_op_SpecInterface(i16* %out_V_V318, [8 x i8]* @ap_fifo_str, i32 0, i32 0, [1 x i8]* @p_str, i32 0, i32 0, [1 x i8]* @p_str, [1 x i8]* @p_str, [1 x i8]* @p_str, i32 2, i32 2, i32 16, i32 16, [1 x i8]* @p_str, [1 x i8]* @p_str)"   --->   Operation 52 'specinterface' <Predicate = true> <Delay = 0.00>
ST_4 : Operation 53 [1/1] (0.00ns)   --->   "call void (...)* @_ssdm_op_SpecInterface(i16* %out_V_V319, [8 x i8]* @ap_fifo_str, i32 0, i32 0, [1 x i8]* @p_str, i32 0, i32 0, [1 x i8]* @p_str, [1 x i8]* @p_str, [1 x i8]* @p_str, i32 2, i32 2, i32 16, i32 16, [1 x i8]* @p_str, [1 x i8]* @p_str)"   --->   Operation 53 'specinterface' <Predicate = true> <Delay = 0.00>
ST_4 : Operation 54 [1/1] (0.00ns)   --->   "call void (...)* @_ssdm_op_SpecInterface(i16* %out_V_V420, [8 x i8]* @ap_fifo_str, i32 0, i32 0, [1 x i8]* @p_str, i32 0, i32 0, [1 x i8]* @p_str, [1 x i8]* @p_str, [1 x i8]* @p_str, i32 2, i32 2, i32 16, i32 16, [1 x i8]* @p_str, [1 x i8]* @p_str)"   --->   Operation 54 'specinterface' <Predicate = true> <Delay = 0.00>
ST_4 : Operation 55 [1/1] (0.00ns)   --->   "call void (...)* @_ssdm_op_SpecInterface(i16* %out_V_V421, [8 x i8]* @ap_fifo_str, i32 0, i32 0, [1 x i8]* @p_str, i32 0, i32 0, [1 x i8]* @p_str, [1 x i8]* @p_str, [1 x i8]* @p_str, i32 2, i32 2, i32 16, i32 16, [1 x i8]* @p_str, [1 x i8]* @p_str)"   --->   Operation 55 'specinterface' <Predicate = true> <Delay = 0.00>
ST_4 : Operation 56 [1/1] (0.00ns)   --->   "call void (...)* @_ssdm_op_SpecInterface(i16* %out_V_V422, [8 x i8]* @ap_fifo_str, i32 0, i32 0, [1 x i8]* @p_str, i32 0, i32 0, [1 x i8]* @p_str, [1 x i8]* @p_str, [1 x i8]* @p_str, i32 2, i32 2, i32 16, i32 16, [1 x i8]* @p_str, [1 x i8]* @p_str)"   --->   Operation 56 'specinterface' <Predicate = true> <Delay = 0.00>
ST_4 : Operation 57 [1/1] (0.00ns)   --->   "call void (...)* @_ssdm_op_SpecInterface(i16* %out_V_V423, [8 x i8]* @ap_fifo_str, i32 0, i32 0, [1 x i8]* @p_str, i32 0, i32 0, [1 x i8]* @p_str, [1 x i8]* @p_str, [1 x i8]* @p_str, i32 2, i32 2, i32 16, i32 16, [1 x i8]* @p_str, [1 x i8]* @p_str)"   --->   Operation 57 'specinterface' <Predicate = true> <Delay = 0.00>
ST_4 : Operation 58 [1/1] (0.00ns)   --->   "call void (...)* @_ssdm_op_SpecInterface(i16* %out_V_V424, [8 x i8]* @ap_fifo_str, i32 0, i32 0, [1 x i8]* @p_str, i32 0, i32 0, [1 x i8]* @p_str, [1 x i8]* @p_str, [1 x i8]* @p_str, i32 2, i32 2, i32 16, i32 16, [1 x i8]* @p_str, [1 x i8]* @p_str)"   --->   Operation 58 'specinterface' <Predicate = true> <Delay = 0.00>
ST_4 : Operation 59 [1/1] (0.00ns)   --->   "call void (...)* @_ssdm_op_SpecDataflowPipeline(i32 -1, i32 0, [1 x i8]* @p_str57) nounwind" [/root/fpgaconvnet-tutorial/fpgaconvnet-hls/fpgaconvnet/hls/hardware/sliding_window.hpp:301]   --->   Operation 59 'specdataflowpipeline' <Predicate = true> <Delay = 0.00>
ST_4 : Operation 60 [1/1] (0.00ns)   --->   "%empty = call i32 (...)* @_ssdm_op_SpecChannel([17 x i8]* @frame_buffer_OC_0_OC_4, i32 1, [1 x i8]* @p_str, [1 x i8]* @p_str, i32 2, i32 2, i16* %frame_buffer_0_0, i16* %frame_buffer_0_0)"   --->   Operation 60 'specchannel' 'empty' <Predicate = true> <Delay = 0.00>
ST_4 : Operation 61 [1/1] (0.00ns)   --->   "call void (...)* @_ssdm_op_SpecInterface(i16* %frame_buffer_0_0, [8 x i8]* @ap_fifo_str, i32 0, i32 0, [1 x i8]* @p_str, i32 0, i32 0, [1 x i8]* @p_str, [1 x i8]* @p_str, [1 x i8]* @p_str, i32 2, i32 2, i32 16, i32 16, [1 x i8]* @p_str, [1 x i8]* @p_str)"   --->   Operation 61 'specinterface' <Predicate = true> <Delay = 0.00>
ST_4 : Operation 62 [1/1] (0.00ns)   --->   "%empty_153 = call i32 (...)* @_ssdm_op_SpecChannel([17 x i8]* @frame_buffer_OC_0_OC_3, i32 1, [1 x i8]* @p_str, [1 x i8]* @p_str, i32 2, i32 2, i16* %frame_buffer_0_1, i16* %frame_buffer_0_1)"   --->   Operation 62 'specchannel' 'empty_153' <Predicate = true> <Delay = 0.00>
ST_4 : Operation 63 [1/1] (0.00ns)   --->   "call void (...)* @_ssdm_op_SpecInterface(i16* %frame_buffer_0_1, [8 x i8]* @ap_fifo_str, i32 0, i32 0, [1 x i8]* @p_str, i32 0, i32 0, [1 x i8]* @p_str, [1 x i8]* @p_str, [1 x i8]* @p_str, i32 2, i32 2, i32 16, i32 16, [1 x i8]* @p_str, [1 x i8]* @p_str)"   --->   Operation 63 'specinterface' <Predicate = true> <Delay = 0.00>
ST_4 : Operation 64 [1/1] (0.00ns)   --->   "%empty_154 = call i32 (...)* @_ssdm_op_SpecChannel([17 x i8]* @frame_buffer_OC_0_OC_2, i32 1, [1 x i8]* @p_str, [1 x i8]* @p_str, i32 2, i32 2, i16* %frame_buffer_0_2, i16* %frame_buffer_0_2)"   --->   Operation 64 'specchannel' 'empty_154' <Predicate = true> <Delay = 0.00>
ST_4 : Operation 65 [1/1] (0.00ns)   --->   "call void (...)* @_ssdm_op_SpecInterface(i16* %frame_buffer_0_2, [8 x i8]* @ap_fifo_str, i32 0, i32 0, [1 x i8]* @p_str, i32 0, i32 0, [1 x i8]* @p_str, [1 x i8]* @p_str, [1 x i8]* @p_str, i32 2, i32 2, i32 16, i32 16, [1 x i8]* @p_str, [1 x i8]* @p_str)"   --->   Operation 65 'specinterface' <Predicate = true> <Delay = 0.00>
ST_4 : Operation 66 [1/1] (0.00ns)   --->   "%empty_155 = call i32 (...)* @_ssdm_op_SpecChannel([17 x i8]* @frame_buffer_OC_0_OC_1, i32 1, [1 x i8]* @p_str, [1 x i8]* @p_str, i32 2, i32 2, i16* %frame_buffer_0_3, i16* %frame_buffer_0_3)"   --->   Operation 66 'specchannel' 'empty_155' <Predicate = true> <Delay = 0.00>
ST_4 : Operation 67 [1/1] (0.00ns)   --->   "call void (...)* @_ssdm_op_SpecInterface(i16* %frame_buffer_0_3, [8 x i8]* @ap_fifo_str, i32 0, i32 0, [1 x i8]* @p_str, i32 0, i32 0, [1 x i8]* @p_str, [1 x i8]* @p_str, [1 x i8]* @p_str, i32 2, i32 2, i32 16, i32 16, [1 x i8]* @p_str, [1 x i8]* @p_str)"   --->   Operation 67 'specinterface' <Predicate = true> <Delay = 0.00>
ST_4 : Operation 68 [1/1] (0.00ns)   --->   "%empty_156 = call i32 (...)* @_ssdm_op_SpecChannel([17 x i8]* @frame_buffer_OC_0_OC, i32 1, [1 x i8]* @p_str, [1 x i8]* @p_str, i32 2, i32 2, i16* %frame_buffer_0_4, i16* %frame_buffer_0_4)"   --->   Operation 68 'specchannel' 'empty_156' <Predicate = true> <Delay = 0.00>
ST_4 : Operation 69 [1/1] (0.00ns)   --->   "call void (...)* @_ssdm_op_SpecInterface(i16* %frame_buffer_0_4, [8 x i8]* @ap_fifo_str, i32 0, i32 0, [1 x i8]* @p_str, i32 0, i32 0, [1 x i8]* @p_str, [1 x i8]* @p_str, [1 x i8]* @p_str, i32 2, i32 2, i32 16, i32 16, [1 x i8]* @p_str, [1 x i8]* @p_str)"   --->   Operation 69 'specinterface' <Predicate = true> <Delay = 0.00>
ST_4 : Operation 70 [1/1] (0.00ns)   --->   "%empty_157 = call i32 (...)* @_ssdm_op_SpecChannel([17 x i8]* @frame_buffer_OC_1_OC_4, i32 1, [1 x i8]* @p_str, [1 x i8]* @p_str, i32 2, i32 2, i16* %frame_buffer_1_0, i16* %frame_buffer_1_0)"   --->   Operation 70 'specchannel' 'empty_157' <Predicate = true> <Delay = 0.00>
ST_4 : Operation 71 [1/1] (0.00ns)   --->   "call void (...)* @_ssdm_op_SpecInterface(i16* %frame_buffer_1_0, [8 x i8]* @ap_fifo_str, i32 0, i32 0, [1 x i8]* @p_str, i32 0, i32 0, [1 x i8]* @p_str, [1 x i8]* @p_str, [1 x i8]* @p_str, i32 2, i32 2, i32 16, i32 16, [1 x i8]* @p_str, [1 x i8]* @p_str)"   --->   Operation 71 'specinterface' <Predicate = true> <Delay = 0.00>
ST_4 : Operation 72 [1/1] (0.00ns)   --->   "%empty_158 = call i32 (...)* @_ssdm_op_SpecChannel([17 x i8]* @frame_buffer_OC_1_OC_3, i32 1, [1 x i8]* @p_str, [1 x i8]* @p_str, i32 2, i32 2, i16* %frame_buffer_1_1, i16* %frame_buffer_1_1)"   --->   Operation 72 'specchannel' 'empty_158' <Predicate = true> <Delay = 0.00>
ST_4 : Operation 73 [1/1] (0.00ns)   --->   "call void (...)* @_ssdm_op_SpecInterface(i16* %frame_buffer_1_1, [8 x i8]* @ap_fifo_str, i32 0, i32 0, [1 x i8]* @p_str, i32 0, i32 0, [1 x i8]* @p_str, [1 x i8]* @p_str, [1 x i8]* @p_str, i32 2, i32 2, i32 16, i32 16, [1 x i8]* @p_str, [1 x i8]* @p_str)"   --->   Operation 73 'specinterface' <Predicate = true> <Delay = 0.00>
ST_4 : Operation 74 [1/1] (0.00ns)   --->   "%empty_159 = call i32 (...)* @_ssdm_op_SpecChannel([17 x i8]* @frame_buffer_OC_1_OC_2, i32 1, [1 x i8]* @p_str, [1 x i8]* @p_str, i32 2, i32 2, i16* %frame_buffer_1_2, i16* %frame_buffer_1_2)"   --->   Operation 74 'specchannel' 'empty_159' <Predicate = true> <Delay = 0.00>
ST_4 : Operation 75 [1/1] (0.00ns)   --->   "call void (...)* @_ssdm_op_SpecInterface(i16* %frame_buffer_1_2, [8 x i8]* @ap_fifo_str, i32 0, i32 0, [1 x i8]* @p_str, i32 0, i32 0, [1 x i8]* @p_str, [1 x i8]* @p_str, [1 x i8]* @p_str, i32 2, i32 2, i32 16, i32 16, [1 x i8]* @p_str, [1 x i8]* @p_str)"   --->   Operation 75 'specinterface' <Predicate = true> <Delay = 0.00>
ST_4 : Operation 76 [1/1] (0.00ns)   --->   "%empty_160 = call i32 (...)* @_ssdm_op_SpecChannel([17 x i8]* @frame_buffer_OC_1_OC_1, i32 1, [1 x i8]* @p_str, [1 x i8]* @p_str, i32 2, i32 2, i16* %frame_buffer_1_3, i16* %frame_buffer_1_3)"   --->   Operation 76 'specchannel' 'empty_160' <Predicate = true> <Delay = 0.00>
ST_4 : Operation 77 [1/1] (0.00ns)   --->   "call void (...)* @_ssdm_op_SpecInterface(i16* %frame_buffer_1_3, [8 x i8]* @ap_fifo_str, i32 0, i32 0, [1 x i8]* @p_str, i32 0, i32 0, [1 x i8]* @p_str, [1 x i8]* @p_str, [1 x i8]* @p_str, i32 2, i32 2, i32 16, i32 16, [1 x i8]* @p_str, [1 x i8]* @p_str)"   --->   Operation 77 'specinterface' <Predicate = true> <Delay = 0.00>
ST_4 : Operation 78 [1/1] (0.00ns)   --->   "%empty_161 = call i32 (...)* @_ssdm_op_SpecChannel([17 x i8]* @frame_buffer_OC_1_OC, i32 1, [1 x i8]* @p_str, [1 x i8]* @p_str, i32 2, i32 2, i16* %frame_buffer_1_4, i16* %frame_buffer_1_4)"   --->   Operation 78 'specchannel' 'empty_161' <Predicate = true> <Delay = 0.00>
ST_4 : Operation 79 [1/1] (0.00ns)   --->   "call void (...)* @_ssdm_op_SpecInterface(i16* %frame_buffer_1_4, [8 x i8]* @ap_fifo_str, i32 0, i32 0, [1 x i8]* @p_str, i32 0, i32 0, [1 x i8]* @p_str, [1 x i8]* @p_str, [1 x i8]* @p_str, i32 2, i32 2, i32 16, i32 16, [1 x i8]* @p_str, [1 x i8]* @p_str)"   --->   Operation 79 'specinterface' <Predicate = true> <Delay = 0.00>
ST_4 : Operation 80 [1/1] (0.00ns)   --->   "%empty_162 = call i32 (...)* @_ssdm_op_SpecChannel([17 x i8]* @frame_buffer_OC_2_OC_4, i32 1, [1 x i8]* @p_str, [1 x i8]* @p_str, i32 2, i32 2, i16* %frame_buffer_2_0, i16* %frame_buffer_2_0)"   --->   Operation 80 'specchannel' 'empty_162' <Predicate = true> <Delay = 0.00>
ST_4 : Operation 81 [1/1] (0.00ns)   --->   "call void (...)* @_ssdm_op_SpecInterface(i16* %frame_buffer_2_0, [8 x i8]* @ap_fifo_str, i32 0, i32 0, [1 x i8]* @p_str, i32 0, i32 0, [1 x i8]* @p_str, [1 x i8]* @p_str, [1 x i8]* @p_str, i32 2, i32 2, i32 16, i32 16, [1 x i8]* @p_str, [1 x i8]* @p_str)"   --->   Operation 81 'specinterface' <Predicate = true> <Delay = 0.00>
ST_4 : Operation 82 [1/1] (0.00ns)   --->   "%empty_163 = call i32 (...)* @_ssdm_op_SpecChannel([17 x i8]* @frame_buffer_OC_2_OC_3, i32 1, [1 x i8]* @p_str, [1 x i8]* @p_str, i32 2, i32 2, i16* %frame_buffer_2_1, i16* %frame_buffer_2_1)"   --->   Operation 82 'specchannel' 'empty_163' <Predicate = true> <Delay = 0.00>
ST_4 : Operation 83 [1/1] (0.00ns)   --->   "call void (...)* @_ssdm_op_SpecInterface(i16* %frame_buffer_2_1, [8 x i8]* @ap_fifo_str, i32 0, i32 0, [1 x i8]* @p_str, i32 0, i32 0, [1 x i8]* @p_str, [1 x i8]* @p_str, [1 x i8]* @p_str, i32 2, i32 2, i32 16, i32 16, [1 x i8]* @p_str, [1 x i8]* @p_str)"   --->   Operation 83 'specinterface' <Predicate = true> <Delay = 0.00>
ST_4 : Operation 84 [1/1] (0.00ns)   --->   "%empty_164 = call i32 (...)* @_ssdm_op_SpecChannel([17 x i8]* @frame_buffer_OC_2_OC_2, i32 1, [1 x i8]* @p_str, [1 x i8]* @p_str, i32 2, i32 2, i16* %frame_buffer_2_2, i16* %frame_buffer_2_2)"   --->   Operation 84 'specchannel' 'empty_164' <Predicate = true> <Delay = 0.00>
ST_4 : Operation 85 [1/1] (0.00ns)   --->   "call void (...)* @_ssdm_op_SpecInterface(i16* %frame_buffer_2_2, [8 x i8]* @ap_fifo_str, i32 0, i32 0, [1 x i8]* @p_str, i32 0, i32 0, [1 x i8]* @p_str, [1 x i8]* @p_str, [1 x i8]* @p_str, i32 2, i32 2, i32 16, i32 16, [1 x i8]* @p_str, [1 x i8]* @p_str)"   --->   Operation 85 'specinterface' <Predicate = true> <Delay = 0.00>
ST_4 : Operation 86 [1/1] (0.00ns)   --->   "%empty_165 = call i32 (...)* @_ssdm_op_SpecChannel([17 x i8]* @frame_buffer_OC_2_OC_1, i32 1, [1 x i8]* @p_str, [1 x i8]* @p_str, i32 2, i32 2, i16* %frame_buffer_2_3, i16* %frame_buffer_2_3)"   --->   Operation 86 'specchannel' 'empty_165' <Predicate = true> <Delay = 0.00>
ST_4 : Operation 87 [1/1] (0.00ns)   --->   "call void (...)* @_ssdm_op_SpecInterface(i16* %frame_buffer_2_3, [8 x i8]* @ap_fifo_str, i32 0, i32 0, [1 x i8]* @p_str, i32 0, i32 0, [1 x i8]* @p_str, [1 x i8]* @p_str, [1 x i8]* @p_str, i32 2, i32 2, i32 16, i32 16, [1 x i8]* @p_str, [1 x i8]* @p_str)"   --->   Operation 87 'specinterface' <Predicate = true> <Delay = 0.00>
ST_4 : Operation 88 [1/1] (0.00ns)   --->   "%empty_166 = call i32 (...)* @_ssdm_op_SpecChannel([17 x i8]* @frame_buffer_OC_2_OC, i32 1, [1 x i8]* @p_str, [1 x i8]* @p_str, i32 2, i32 2, i16* %frame_buffer_2_4, i16* %frame_buffer_2_4)"   --->   Operation 88 'specchannel' 'empty_166' <Predicate = true> <Delay = 0.00>
ST_4 : Operation 89 [1/1] (0.00ns)   --->   "call void (...)* @_ssdm_op_SpecInterface(i16* %frame_buffer_2_4, [8 x i8]* @ap_fifo_str, i32 0, i32 0, [1 x i8]* @p_str, i32 0, i32 0, [1 x i8]* @p_str, [1 x i8]* @p_str, [1 x i8]* @p_str, i32 2, i32 2, i32 16, i32 16, [1 x i8]* @p_str, [1 x i8]* @p_str)"   --->   Operation 89 'specinterface' <Predicate = true> <Delay = 0.00>
ST_4 : Operation 90 [1/1] (0.00ns)   --->   "%empty_167 = call i32 (...)* @_ssdm_op_SpecChannel([17 x i8]* @frame_buffer_OC_3_OC_4, i32 1, [1 x i8]* @p_str, [1 x i8]* @p_str, i32 2, i32 2, i16* %frame_buffer_3_0, i16* %frame_buffer_3_0)"   --->   Operation 90 'specchannel' 'empty_167' <Predicate = true> <Delay = 0.00>
ST_4 : Operation 91 [1/1] (0.00ns)   --->   "call void (...)* @_ssdm_op_SpecInterface(i16* %frame_buffer_3_0, [8 x i8]* @ap_fifo_str, i32 0, i32 0, [1 x i8]* @p_str, i32 0, i32 0, [1 x i8]* @p_str, [1 x i8]* @p_str, [1 x i8]* @p_str, i32 2, i32 2, i32 16, i32 16, [1 x i8]* @p_str, [1 x i8]* @p_str)"   --->   Operation 91 'specinterface' <Predicate = true> <Delay = 0.00>
ST_4 : Operation 92 [1/1] (0.00ns)   --->   "%empty_168 = call i32 (...)* @_ssdm_op_SpecChannel([17 x i8]* @frame_buffer_OC_3_OC_3, i32 1, [1 x i8]* @p_str, [1 x i8]* @p_str, i32 2, i32 2, i16* %frame_buffer_3_1, i16* %frame_buffer_3_1)"   --->   Operation 92 'specchannel' 'empty_168' <Predicate = true> <Delay = 0.00>
ST_4 : Operation 93 [1/1] (0.00ns)   --->   "call void (...)* @_ssdm_op_SpecInterface(i16* %frame_buffer_3_1, [8 x i8]* @ap_fifo_str, i32 0, i32 0, [1 x i8]* @p_str, i32 0, i32 0, [1 x i8]* @p_str, [1 x i8]* @p_str, [1 x i8]* @p_str, i32 2, i32 2, i32 16, i32 16, [1 x i8]* @p_str, [1 x i8]* @p_str)"   --->   Operation 93 'specinterface' <Predicate = true> <Delay = 0.00>
ST_4 : Operation 94 [1/1] (0.00ns)   --->   "%empty_169 = call i32 (...)* @_ssdm_op_SpecChannel([17 x i8]* @frame_buffer_OC_3_OC_2, i32 1, [1 x i8]* @p_str, [1 x i8]* @p_str, i32 2, i32 2, i16* %frame_buffer_3_2, i16* %frame_buffer_3_2)"   --->   Operation 94 'specchannel' 'empty_169' <Predicate = true> <Delay = 0.00>
ST_4 : Operation 95 [1/1] (0.00ns)   --->   "call void (...)* @_ssdm_op_SpecInterface(i16* %frame_buffer_3_2, [8 x i8]* @ap_fifo_str, i32 0, i32 0, [1 x i8]* @p_str, i32 0, i32 0, [1 x i8]* @p_str, [1 x i8]* @p_str, [1 x i8]* @p_str, i32 2, i32 2, i32 16, i32 16, [1 x i8]* @p_str, [1 x i8]* @p_str)"   --->   Operation 95 'specinterface' <Predicate = true> <Delay = 0.00>
ST_4 : Operation 96 [1/1] (0.00ns)   --->   "%empty_170 = call i32 (...)* @_ssdm_op_SpecChannel([17 x i8]* @frame_buffer_OC_3_OC_1, i32 1, [1 x i8]* @p_str, [1 x i8]* @p_str, i32 2, i32 2, i16* %frame_buffer_3_3, i16* %frame_buffer_3_3)"   --->   Operation 96 'specchannel' 'empty_170' <Predicate = true> <Delay = 0.00>
ST_4 : Operation 97 [1/1] (0.00ns)   --->   "call void (...)* @_ssdm_op_SpecInterface(i16* %frame_buffer_3_3, [8 x i8]* @ap_fifo_str, i32 0, i32 0, [1 x i8]* @p_str, i32 0, i32 0, [1 x i8]* @p_str, [1 x i8]* @p_str, [1 x i8]* @p_str, i32 2, i32 2, i32 16, i32 16, [1 x i8]* @p_str, [1 x i8]* @p_str)"   --->   Operation 97 'specinterface' <Predicate = true> <Delay = 0.00>
ST_4 : Operation 98 [1/1] (0.00ns)   --->   "%empty_171 = call i32 (...)* @_ssdm_op_SpecChannel([17 x i8]* @frame_buffer_OC_3_OC, i32 1, [1 x i8]* @p_str, [1 x i8]* @p_str, i32 2, i32 2, i16* %frame_buffer_3_4, i16* %frame_buffer_3_4)"   --->   Operation 98 'specchannel' 'empty_171' <Predicate = true> <Delay = 0.00>
ST_4 : Operation 99 [1/1] (0.00ns)   --->   "call void (...)* @_ssdm_op_SpecInterface(i16* %frame_buffer_3_4, [8 x i8]* @ap_fifo_str, i32 0, i32 0, [1 x i8]* @p_str, i32 0, i32 0, [1 x i8]* @p_str, [1 x i8]* @p_str, [1 x i8]* @p_str, i32 2, i32 2, i32 16, i32 16, [1 x i8]* @p_str, [1 x i8]* @p_str)"   --->   Operation 99 'specinterface' <Predicate = true> <Delay = 0.00>
ST_4 : Operation 100 [1/1] (0.00ns)   --->   "%empty_172 = call i32 (...)* @_ssdm_op_SpecChannel([17 x i8]* @frame_buffer_OC_4_OC_4, i32 1, [1 x i8]* @p_str, [1 x i8]* @p_str, i32 2, i32 2, i16* %frame_buffer_4_0, i16* %frame_buffer_4_0)"   --->   Operation 100 'specchannel' 'empty_172' <Predicate = true> <Delay = 0.00>
ST_4 : Operation 101 [1/1] (0.00ns)   --->   "call void (...)* @_ssdm_op_SpecInterface(i16* %frame_buffer_4_0, [8 x i8]* @ap_fifo_str, i32 0, i32 0, [1 x i8]* @p_str, i32 0, i32 0, [1 x i8]* @p_str, [1 x i8]* @p_str, [1 x i8]* @p_str, i32 2, i32 2, i32 16, i32 16, [1 x i8]* @p_str, [1 x i8]* @p_str)"   --->   Operation 101 'specinterface' <Predicate = true> <Delay = 0.00>
ST_4 : Operation 102 [1/1] (0.00ns)   --->   "%empty_173 = call i32 (...)* @_ssdm_op_SpecChannel([17 x i8]* @frame_buffer_OC_4_OC_3, i32 1, [1 x i8]* @p_str, [1 x i8]* @p_str, i32 2, i32 2, i16* %frame_buffer_4_1, i16* %frame_buffer_4_1)"   --->   Operation 102 'specchannel' 'empty_173' <Predicate = true> <Delay = 0.00>
ST_4 : Operation 103 [1/1] (0.00ns)   --->   "call void (...)* @_ssdm_op_SpecInterface(i16* %frame_buffer_4_1, [8 x i8]* @ap_fifo_str, i32 0, i32 0, [1 x i8]* @p_str, i32 0, i32 0, [1 x i8]* @p_str, [1 x i8]* @p_str, [1 x i8]* @p_str, i32 2, i32 2, i32 16, i32 16, [1 x i8]* @p_str, [1 x i8]* @p_str)"   --->   Operation 103 'specinterface' <Predicate = true> <Delay = 0.00>
ST_4 : Operation 104 [1/1] (0.00ns)   --->   "%empty_174 = call i32 (...)* @_ssdm_op_SpecChannel([17 x i8]* @frame_buffer_OC_4_OC_2, i32 1, [1 x i8]* @p_str, [1 x i8]* @p_str, i32 2, i32 2, i16* %frame_buffer_4_2, i16* %frame_buffer_4_2)"   --->   Operation 104 'specchannel' 'empty_174' <Predicate = true> <Delay = 0.00>
ST_4 : Operation 105 [1/1] (0.00ns)   --->   "call void (...)* @_ssdm_op_SpecInterface(i16* %frame_buffer_4_2, [8 x i8]* @ap_fifo_str, i32 0, i32 0, [1 x i8]* @p_str, i32 0, i32 0, [1 x i8]* @p_str, [1 x i8]* @p_str, [1 x i8]* @p_str, i32 2, i32 2, i32 16, i32 16, [1 x i8]* @p_str, [1 x i8]* @p_str)"   --->   Operation 105 'specinterface' <Predicate = true> <Delay = 0.00>
ST_4 : Operation 106 [1/1] (0.00ns)   --->   "%empty_175 = call i32 (...)* @_ssdm_op_SpecChannel([17 x i8]* @frame_buffer_OC_4_OC_1, i32 1, [1 x i8]* @p_str, [1 x i8]* @p_str, i32 2, i32 2, i16* %frame_buffer_4_3, i16* %frame_buffer_4_3)"   --->   Operation 106 'specchannel' 'empty_175' <Predicate = true> <Delay = 0.00>
ST_4 : Operation 107 [1/1] (0.00ns)   --->   "call void (...)* @_ssdm_op_SpecInterface(i16* %frame_buffer_4_3, [8 x i8]* @ap_fifo_str, i32 0, i32 0, [1 x i8]* @p_str, i32 0, i32 0, [1 x i8]* @p_str, [1 x i8]* @p_str, [1 x i8]* @p_str, i32 2, i32 2, i32 16, i32 16, [1 x i8]* @p_str, [1 x i8]* @p_str)"   --->   Operation 107 'specinterface' <Predicate = true> <Delay = 0.00>
ST_4 : Operation 108 [1/1] (0.00ns)   --->   "%empty_176 = call i32 (...)* @_ssdm_op_SpecChannel([17 x i8]* @frame_buffer_OC_4_OC, i32 1, [1 x i8]* @p_str, [1 x i8]* @p_str, i32 2, i32 2, i16* %frame_buffer_4_4, i16* %frame_buffer_4_4)"   --->   Operation 108 'specchannel' 'empty_176' <Predicate = true> <Delay = 0.00>
ST_4 : Operation 109 [1/1] (0.00ns)   --->   "call void (...)* @_ssdm_op_SpecInterface(i16* %frame_buffer_4_4, [8 x i8]* @ap_fifo_str, i32 0, i32 0, [1 x i8]* @p_str, i32 0, i32 0, [1 x i8]* @p_str, [1 x i8]* @p_str, [1 x i8]* @p_str, i32 2, i32 2, i32 16, i32 16, [1 x i8]* @p_str, [1 x i8]* @p_str)"   --->   Operation 109 'specinterface' <Predicate = true> <Delay = 0.00>
ST_4 : Operation 110 [1/2] (0.00ns)   --->   "call fastcc void @sliding_window_out(i16* %frame_buffer_0_0, i16* %frame_buffer_0_1, i16* %frame_buffer_0_2, i16* %frame_buffer_0_3, i16* %frame_buffer_0_4, i16* %frame_buffer_1_0, i16* %frame_buffer_1_1, i16* %frame_buffer_1_2, i16* %frame_buffer_1_3, i16* %frame_buffer_1_4, i16* %frame_buffer_2_0, i16* %frame_buffer_2_1, i16* %frame_buffer_2_2, i16* %frame_buffer_2_3, i16* %frame_buffer_2_4, i16* %frame_buffer_3_0, i16* %frame_buffer_3_1, i16* %frame_buffer_3_2, i16* %frame_buffer_3_3, i16* %frame_buffer_3_4, i16* %frame_buffer_4_0, i16* %frame_buffer_4_1, i16* %frame_buffer_4_2, i16* %frame_buffer_4_3, i16* %frame_buffer_4_4, i16* %out_V_V, i16* %out_V_V1, i16* %out_V_V2, i16* %out_V_V3, i16* %out_V_V4, i16* %out_V_V15, i16* %out_V_V16, i16* %out_V_V17, i16* %out_V_V18, i16* %out_V_V19, i16* %out_V_V210, i16* %out_V_V211, i16* %out_V_V212, i16* %out_V_V213, i16* %out_V_V214, i16* %out_V_V315, i16* %out_V_V316, i16* %out_V_V317, i16* %out_V_V318, i16* %out_V_V319, i16* %out_V_V420, i16* %out_V_V421, i16* %out_V_V422, i16* %out_V_V423, i16* %out_V_V424)" [/root/fpgaconvnet-tutorial/fpgaconvnet-hls/fpgaconvnet/hls/hardware/sliding_window.hpp:329]   --->   Operation 110 'call' <Predicate = true> <Delay = 0.00> <CoreType = "Generic">   --->   Core 0 '' <Latency = 0> <II = 1> <Delay = 1.00> <Generic> <Opcode : >
ST_4 : Operation 111 [1/1] (0.00ns)   --->   "ret void" [/root/fpgaconvnet-tutorial/fpgaconvnet-hls/fpgaconvnet/hls/hardware/sliding_window.hpp:345]   --->   Operation 111 'ret' <Predicate = true> <Delay = 0.00>


============================================================
+ Verbose Summary: Binding
============================================================
STG Binding: 
---------------- STG Properties BEGIN ----------------
- Is combinational: 0
- Is one-state seq: 0
- Is datapath-only: 0
- Is pipelined: 0
- Is top level: 0
Port [ Return ] is wired: 1; IO mode=ap_ctrl_hs:ce=0
Port [ in_V_V]:  wired=1; compound=1; hidden=0; nouse=0; global=0; static=0; extern=0; dir=0; type=3; pingpong=0; private_global=0; IO mode=ap_fifo:ce=0
Port [ out_V_V]:  wired=1; compound=1; hidden=0; nouse=0; global=0; static=0; extern=0; dir=1; type=3; pingpong=0; private_global=0; IO mode=ap_fifo:ce=0
Port [ out_V_V1]:  wired=1; compound=1; hidden=0; nouse=0; global=0; static=0; extern=0; dir=1; type=3; pingpong=0; private_global=0; IO mode=ap_fifo:ce=0
Port [ out_V_V2]:  wired=1; compound=1; hidden=0; nouse=0; global=0; static=0; extern=0; dir=1; type=3; pingpong=0; private_global=0; IO mode=ap_fifo:ce=0
Port [ out_V_V3]:  wired=1; compound=1; hidden=0; nouse=0; global=0; static=0; extern=0; dir=1; type=3; pingpong=0; private_global=0; IO mode=ap_fifo:ce=0
Port [ out_V_V4]:  wired=1; compound=1; hidden=0; nouse=0; global=0; static=0; extern=0; dir=1; type=3; pingpong=0; private_global=0; IO mode=ap_fifo:ce=0
Port [ out_V_V15]:  wired=1; compound=1; hidden=0; nouse=0; global=0; static=0; extern=0; dir=1; type=3; pingpong=0; private_global=0; IO mode=ap_fifo:ce=0
Port [ out_V_V16]:  wired=1; compound=1; hidden=0; nouse=0; global=0; static=0; extern=0; dir=1; type=3; pingpong=0; private_global=0; IO mode=ap_fifo:ce=0
Port [ out_V_V17]:  wired=1; compound=1; hidden=0; nouse=0; global=0; static=0; extern=0; dir=1; type=3; pingpong=0; private_global=0; IO mode=ap_fifo:ce=0
Port [ out_V_V18]:  wired=1; compound=1; hidden=0; nouse=0; global=0; static=0; extern=0; dir=1; type=3; pingpong=0; private_global=0; IO mode=ap_fifo:ce=0
Port [ out_V_V19]:  wired=1; compound=1; hidden=0; nouse=0; global=0; static=0; extern=0; dir=1; type=3; pingpong=0; private_global=0; IO mode=ap_fifo:ce=0
Port [ out_V_V210]:  wired=1; compound=1; hidden=0; nouse=0; global=0; static=0; extern=0; dir=1; type=3; pingpong=0; private_global=0; IO mode=ap_fifo:ce=0
Port [ out_V_V211]:  wired=1; compound=1; hidden=0; nouse=0; global=0; static=0; extern=0; dir=1; type=3; pingpong=0; private_global=0; IO mode=ap_fifo:ce=0
Port [ out_V_V212]:  wired=1; compound=1; hidden=0; nouse=0; global=0; static=0; extern=0; dir=1; type=3; pingpong=0; private_global=0; IO mode=ap_fifo:ce=0
Port [ out_V_V213]:  wired=1; compound=1; hidden=0; nouse=0; global=0; static=0; extern=0; dir=1; type=3; pingpong=0; private_global=0; IO mode=ap_fifo:ce=0
Port [ out_V_V214]:  wired=1; compound=1; hidden=0; nouse=0; global=0; static=0; extern=0; dir=1; type=3; pingpong=0; private_global=0; IO mode=ap_fifo:ce=0
Port [ out_V_V315]:  wired=1; compound=1; hidden=0; nouse=0; global=0; static=0; extern=0; dir=1; type=3; pingpong=0; private_global=0; IO mode=ap_fifo:ce=0
Port [ out_V_V316]:  wired=1; compound=1; hidden=0; nouse=0; global=0; static=0; extern=0; dir=1; type=3; pingpong=0; private_global=0; IO mode=ap_fifo:ce=0
Port [ out_V_V317]:  wired=1; compound=1; hidden=0; nouse=0; global=0; static=0; extern=0; dir=1; type=3; pingpong=0; private_global=0; IO mode=ap_fifo:ce=0
Port [ out_V_V318]:  wired=1; compound=1; hidden=0; nouse=0; global=0; static=0; extern=0; dir=1; type=3; pingpong=0; private_global=0; IO mode=ap_fifo:ce=0
Port [ out_V_V319]:  wired=1; compound=1; hidden=0; nouse=0; global=0; static=0; extern=0; dir=1; type=3; pingpong=0; private_global=0; IO mode=ap_fifo:ce=0
Port [ out_V_V420]:  wired=1; compound=1; hidden=0; nouse=0; global=0; static=0; extern=0; dir=1; type=3; pingpong=0; private_global=0; IO mode=ap_fifo:ce=0
Port [ out_V_V421]:  wired=1; compound=1; hidden=0; nouse=0; global=0; static=0; extern=0; dir=1; type=3; pingpong=0; private_global=0; IO mode=ap_fifo:ce=0
Port [ out_V_V422]:  wired=1; compound=1; hidden=0; nouse=0; global=0; static=0; extern=0; dir=1; type=3; pingpong=0; private_global=0; IO mode=ap_fifo:ce=0
Port [ out_V_V423]:  wired=1; compound=1; hidden=0; nouse=0; global=0; static=0; extern=0; dir=1; type=3; pingpong=0; private_global=0; IO mode=ap_fifo:ce=0
Port [ out_V_V424]:  wired=1; compound=1; hidden=0; nouse=0; global=0; static=0; extern=0; dir=1; type=3; pingpong=0; private_global=0; IO mode=ap_fifo:ce=0
---------------- STG Properties END ------------------

---------------- Datapath Model BEGIN ----------------

<LifeTime>
<method=bitvector/>
frame_buffer_0_0           (alloca              ) [ 01111]
frame_buffer_0_1           (alloca              ) [ 01111]
frame_buffer_0_2           (alloca              ) [ 01111]
frame_buffer_0_3           (alloca              ) [ 01111]
frame_buffer_0_4           (alloca              ) [ 01111]
frame_buffer_1_0           (alloca              ) [ 01111]
frame_buffer_1_1           (alloca              ) [ 01111]
frame_buffer_1_2           (alloca              ) [ 01111]
frame_buffer_1_3           (alloca              ) [ 01111]
frame_buffer_1_4           (alloca              ) [ 01111]
frame_buffer_2_0           (alloca              ) [ 01111]
frame_buffer_2_1           (alloca              ) [ 01111]
frame_buffer_2_2           (alloca              ) [ 01111]
frame_buffer_2_3           (alloca              ) [ 01111]
frame_buffer_2_4           (alloca              ) [ 01111]
frame_buffer_3_0           (alloca              ) [ 01111]
frame_buffer_3_1           (alloca              ) [ 01111]
frame_buffer_3_2           (alloca              ) [ 01111]
frame_buffer_3_3           (alloca              ) [ 01111]
frame_buffer_3_4           (alloca              ) [ 01111]
frame_buffer_4_0           (alloca              ) [ 01111]
frame_buffer_4_1           (alloca              ) [ 01111]
frame_buffer_4_2           (alloca              ) [ 01111]
frame_buffer_4_3           (alloca              ) [ 01111]
frame_buffer_4_4           (alloca              ) [ 01111]
call_ln315                 (call                ) [ 00000]
specinterface_ln0          (specinterface       ) [ 00000]
specinterface_ln0          (specinterface       ) [ 00000]
specinterface_ln0          (specinterface       ) [ 00000]
specinterface_ln0          (specinterface       ) [ 00000]
specinterface_ln0          (specinterface       ) [ 00000]
specinterface_ln0          (specinterface       ) [ 00000]
specinterface_ln0          (specinterface       ) [ 00000]
specinterface_ln0          (specinterface       ) [ 00000]
specinterface_ln0          (specinterface       ) [ 00000]
specinterface_ln0          (specinterface       ) [ 00000]
specinterface_ln0          (specinterface       ) [ 00000]
specinterface_ln0          (specinterface       ) [ 00000]
specinterface_ln0          (specinterface       ) [ 00000]
specinterface_ln0          (specinterface       ) [ 00000]
specinterface_ln0          (specinterface       ) [ 00000]
specinterface_ln0          (specinterface       ) [ 00000]
specinterface_ln0          (specinterface       ) [ 00000]
specinterface_ln0          (specinterface       ) [ 00000]
specinterface_ln0          (specinterface       ) [ 00000]
specinterface_ln0          (specinterface       ) [ 00000]
specinterface_ln0          (specinterface       ) [ 00000]
specinterface_ln0          (specinterface       ) [ 00000]
specinterface_ln0          (specinterface       ) [ 00000]
specinterface_ln0          (specinterface       ) [ 00000]
specinterface_ln0          (specinterface       ) [ 00000]
specinterface_ln0          (specinterface       ) [ 00000]
specdataflowpipeline_ln301 (specdataflowpipeline) [ 00000]
empty                      (specchannel         ) [ 00000]
specinterface_ln0          (specinterface       ) [ 00000]
empty_153                  (specchannel         ) [ 00000]
specinterface_ln0          (specinterface       ) [ 00000]
empty_154                  (specchannel         ) [ 00000]
specinterface_ln0          (specinterface       ) [ 00000]
empty_155                  (specchannel         ) [ 00000]
specinterface_ln0          (specinterface       ) [ 00000]
empty_156                  (specchannel         ) [ 00000]
specinterface_ln0          (specinterface       ) [ 00000]
empty_157                  (specchannel         ) [ 00000]
specinterface_ln0          (specinterface       ) [ 00000]
empty_158                  (specchannel         ) [ 00000]
specinterface_ln0          (specinterface       ) [ 00000]
empty_159                  (specchannel         ) [ 00000]
specinterface_ln0          (specinterface       ) [ 00000]
empty_160                  (specchannel         ) [ 00000]
specinterface_ln0          (specinterface       ) [ 00000]
empty_161                  (specchannel         ) [ 00000]
specinterface_ln0          (specinterface       ) [ 00000]
empty_162                  (specchannel         ) [ 00000]
specinterface_ln0          (specinterface       ) [ 00000]
empty_163                  (specchannel         ) [ 00000]
specinterface_ln0          (specinterface       ) [ 00000]
empty_164                  (specchannel         ) [ 00000]
specinterface_ln0          (specinterface       ) [ 00000]
empty_165                  (specchannel         ) [ 00000]
specinterface_ln0          (specinterface       ) [ 00000]
empty_166                  (specchannel         ) [ 00000]
specinterface_ln0          (specinterface       ) [ 00000]
empty_167                  (specchannel         ) [ 00000]
specinterface_ln0          (specinterface       ) [ 00000]
empty_168                  (specchannel         ) [ 00000]
specinterface_ln0          (specinterface       ) [ 00000]
empty_169                  (specchannel         ) [ 00000]
specinterface_ln0          (specinterface       ) [ 00000]
empty_170                  (specchannel         ) [ 00000]
specinterface_ln0          (specinterface       ) [ 00000]
empty_171                  (specchannel         ) [ 00000]
specinterface_ln0          (specinterface       ) [ 00000]
empty_172                  (specchannel         ) [ 00000]
specinterface_ln0          (specinterface       ) [ 00000]
empty_173                  (specchannel         ) [ 00000]
specinterface_ln0          (specinterface       ) [ 00000]
empty_174                  (specchannel         ) [ 00000]
specinterface_ln0          (specinterface       ) [ 00000]
empty_175                  (specchannel         ) [ 00000]
specinterface_ln0          (specinterface       ) [ 00000]
empty_176                  (specchannel         ) [ 00000]
specinterface_ln0          (specinterface       ) [ 00000]
call_ln329                 (call                ) [ 00000]
ret_ln345                  (ret                 ) [ 00000]
</LifeTime>

<model>

<comp_list>
<comp id="0" class="1000" name="in_V_V">
<pin_list>
<pin id="1" dir="1" index="0" bw="1" slack="0"/>
</pin_list>
<bind>
<StgValue><ssdm name="in_V_V"/></StgValue>
</bind>
</comp>

<comp id="2" class="1000" name="out_V_V">
<pin_list>
<pin id="3" dir="1" index="0" bw="1" slack="0"/>
</pin_list>
<bind>
<StgValue><ssdm name="out_V_V"/></StgValue>
</bind>
</comp>

<comp id="4" class="1000" name="out_V_V1">
<pin_list>
<pin id="5" dir="1" index="0" bw="1" slack="0"/>
</pin_list>
<bind>
<StgValue><ssdm name="out_V_V1"/></StgValue>
</bind>
</comp>

<comp id="6" class="1000" name="out_V_V2">
<pin_list>
<pin id="7" dir="1" index="0" bw="1" slack="0"/>
</pin_list>
<bind>
<StgValue><ssdm name="out_V_V2"/></StgValue>
</bind>
</comp>

<comp id="8" class="1000" name="out_V_V3">
<pin_list>
<pin id="9" dir="1" index="0" bw="1" slack="0"/>
</pin_list>
<bind>
<StgValue><ssdm name="out_V_V3"/></StgValue>
</bind>
</comp>

<comp id="10" class="1000" name="out_V_V4">
<pin_list>
<pin id="11" dir="1" index="0" bw="1" slack="0"/>
</pin_list>
<bind>
<StgValue><ssdm name="out_V_V4"/></StgValue>
</bind>
</comp>

<comp id="12" class="1000" name="out_V_V15">
<pin_list>
<pin id="13" dir="1" index="0" bw="1" slack="0"/>
</pin_list>
<bind>
<StgValue><ssdm name="out_V_V15"/></StgValue>
</bind>
</comp>

<comp id="14" class="1000" name="out_V_V16">
<pin_list>
<pin id="15" dir="1" index="0" bw="1" slack="0"/>
</pin_list>
<bind>
<StgValue><ssdm name="out_V_V16"/></StgValue>
</bind>
</comp>

<comp id="16" class="1000" name="out_V_V17">
<pin_list>
<pin id="17" dir="1" index="0" bw="1" slack="0"/>
</pin_list>
<bind>
<StgValue><ssdm name="out_V_V17"/></StgValue>
</bind>
</comp>

<comp id="18" class="1000" name="out_V_V18">
<pin_list>
<pin id="19" dir="1" index="0" bw="1" slack="0"/>
</pin_list>
<bind>
<StgValue><ssdm name="out_V_V18"/></StgValue>
</bind>
</comp>

<comp id="20" class="1000" name="out_V_V19">
<pin_list>
<pin id="21" dir="1" index="0" bw="1" slack="0"/>
</pin_list>
<bind>
<StgValue><ssdm name="out_V_V19"/></StgValue>
</bind>
</comp>

<comp id="22" class="1000" name="out_V_V210">
<pin_list>
<pin id="23" dir="1" index="0" bw="1" slack="0"/>
</pin_list>
<bind>
<StgValue><ssdm name="out_V_V210"/></StgValue>
</bind>
</comp>

<comp id="24" class="1000" name="out_V_V211">
<pin_list>
<pin id="25" dir="1" index="0" bw="1" slack="0"/>
</pin_list>
<bind>
<StgValue><ssdm name="out_V_V211"/></StgValue>
</bind>
</comp>

<comp id="26" class="1000" name="out_V_V212">
<pin_list>
<pin id="27" dir="1" index="0" bw="1" slack="0"/>
</pin_list>
<bind>
<StgValue><ssdm name="out_V_V212"/></StgValue>
</bind>
</comp>

<comp id="28" class="1000" name="out_V_V213">
<pin_list>
<pin id="29" dir="1" index="0" bw="1" slack="0"/>
</pin_list>
<bind>
<StgValue><ssdm name="out_V_V213"/></StgValue>
</bind>
</comp>

<comp id="30" class="1000" name="out_V_V214">
<pin_list>
<pin id="31" dir="1" index="0" bw="1" slack="0"/>
</pin_list>
<bind>
<StgValue><ssdm name="out_V_V214"/></StgValue>
</bind>
</comp>

<comp id="32" class="1000" name="out_V_V315">
<pin_list>
<pin id="33" dir="1" index="0" bw="1" slack="0"/>
</pin_list>
<bind>
<StgValue><ssdm name="out_V_V315"/></StgValue>
</bind>
</comp>

<comp id="34" class="1000" name="out_V_V316">
<pin_list>
<pin id="35" dir="1" index="0" bw="1" slack="0"/>
</pin_list>
<bind>
<StgValue><ssdm name="out_V_V316"/></StgValue>
</bind>
</comp>

<comp id="36" class="1000" name="out_V_V317">
<pin_list>
<pin id="37" dir="1" index="0" bw="1" slack="0"/>
</pin_list>
<bind>
<StgValue><ssdm name="out_V_V317"/></StgValue>
</bind>
</comp>

<comp id="38" class="1000" name="out_V_V318">
<pin_list>
<pin id="39" dir="1" index="0" bw="1" slack="0"/>
</pin_list>
<bind>
<StgValue><ssdm name="out_V_V318"/></StgValue>
</bind>
</comp>

<comp id="40" class="1000" name="out_V_V319">
<pin_list>
<pin id="41" dir="1" index="0" bw="1" slack="0"/>
</pin_list>
<bind>
<StgValue><ssdm name="out_V_V319"/></StgValue>
</bind>
</comp>

<comp id="42" class="1000" name="out_V_V420">
<pin_list>
<pin id="43" dir="1" index="0" bw="1" slack="0"/>
</pin_list>
<bind>
<StgValue><ssdm name="out_V_V420"/></StgValue>
</bind>
</comp>

<comp id="44" class="1000" name="out_V_V421">
<pin_list>
<pin id="45" dir="1" index="0" bw="1" slack="0"/>
</pin_list>
<bind>
<StgValue><ssdm name="out_V_V421"/></StgValue>
</bind>
</comp>

<comp id="46" class="1000" name="out_V_V422">
<pin_list>
<pin id="47" dir="1" index="0" bw="1" slack="0"/>
</pin_list>
<bind>
<StgValue><ssdm name="out_V_V422"/></StgValue>
</bind>
</comp>

<comp id="48" class="1000" name="out_V_V423">
<pin_list>
<pin id="49" dir="1" index="0" bw="1" slack="0"/>
</pin_list>
<bind>
<StgValue><ssdm name="out_V_V423"/></StgValue>
</bind>
</comp>

<comp id="50" class="1000" name="out_V_V424">
<pin_list>
<pin id="51" dir="1" index="0" bw="1" slack="0"/>
</pin_list>
<bind>
<StgValue><ssdm name="out_V_V424"/></StgValue>
</bind>
</comp>

<comp id="52" class="1001" name="const_52">
<pin_list>
<pin id="53" dir="1" index="0" bw="1" slack="0"/>
</pin_list>
<bind>
<StgValue><ssdm name=""/></StgValue>
</bind>
</comp>

<comp id="54" class="1001" name="const_54">
<pin_list>
<pin id="55" dir="1" index="0" bw="1" slack="0"/>
</pin_list>
<bind>
<StgValue><ssdm name="sliding_window_line_"/></StgValue>
</bind>
</comp>

<comp id="56" class="1001" name="const_56">
<pin_list>
<pin id="57" dir="1" index="0" bw="1" slack="0"/>
</pin_list>
<bind>
<StgValue><ssdm name="sliding_window_out"/></StgValue>
</bind>
</comp>

<comp id="58" class="1001" name="const_58">
<pin_list>
<pin id="59" dir="1" index="0" bw="1" slack="2147483647"/>
</pin_list>
<bind>
<StgValue><ssdm name="_ssdm_op_SpecInterface"/></StgValue>
</bind>
</comp>

<comp id="60" class="1001" name="const_60">
<pin_list>
<pin id="61" dir="1" index="0" bw="1" slack="2147483647"/>
</pin_list>
<bind>
<StgValue><ssdm name="ap_fifo_str"/></StgValue>
</bind>
</comp>

<comp id="62" class="1001" name="const_62">
<pin_list>
<pin id="63" dir="1" index="0" bw="1" slack="2147483647"/>
</pin_list>
<bind>
<StgValue><ssdm name=""/></StgValue>
</bind>
</comp>

<comp id="64" class="1001" name="const_64">
<pin_list>
<pin id="65" dir="1" index="0" bw="1" slack="2147483647"/>
</pin_list>
<bind>
<StgValue><ssdm name="p_str"/></StgValue>
</bind>
</comp>

<comp id="66" class="1001" name="const_66">
<pin_list>
<pin id="67" dir="1" index="0" bw="1" slack="2147483647"/>
</pin_list>
<bind>
<StgValue><ssdm name=""/></StgValue>
</bind>
</comp>

<comp id="68" class="1001" name="const_68">
<pin_list>
<pin id="69" dir="1" index="0" bw="1" slack="2147483647"/>
</pin_list>
<bind>
<StgValue><ssdm name=""/></StgValue>
</bind>
</comp>

<comp id="70" class="1001" name="const_70">
<pin_list>
<pin id="71" dir="1" index="0" bw="1" slack="2147483647"/>
</pin_list>
<bind>
<StgValue><ssdm name="_ssdm_op_SpecDataflowPipeline"/></StgValue>
</bind>
</comp>

<comp id="72" class="1001" name="const_72">
<pin_list>
<pin id="73" dir="1" index="0" bw="1" slack="2147483647"/>
</pin_list>
<bind>
<StgValue><ssdm name=""/></StgValue>
</bind>
</comp>

<comp id="74" class="1001" name="const_74">
<pin_list>
<pin id="75" dir="1" index="0" bw="1" slack="2147483647"/>
</pin_list>
<bind>
<StgValue><ssdm name="p_str57"/></StgValue>
</bind>
</comp>

<comp id="76" class="1001" name="const_76">
<pin_list>
<pin id="77" dir="1" index="0" bw="1" slack="2147483647"/>
</pin_list>
<bind>
<StgValue><ssdm name="_ssdm_op_SpecChannel"/></StgValue>
</bind>
</comp>

<comp id="78" class="1001" name="const_78">
<pin_list>
<pin id="79" dir="1" index="0" bw="1" slack="2147483647"/>
</pin_list>
<bind>
<StgValue><ssdm name="frame_buffer_OC_0_OC_4"/></StgValue>
</bind>
</comp>

<comp id="80" class="1001" name="const_80">
<pin_list>
<pin id="81" dir="1" index="0" bw="1" slack="2147483647"/>
</pin_list>
<bind>
<StgValue><ssdm name=""/></StgValue>
</bind>
</comp>

<comp id="82" class="1001" name="const_82">
<pin_list>
<pin id="83" dir="1" index="0" bw="1" slack="2147483647"/>
</pin_list>
<bind>
<StgValue><ssdm name="frame_buffer_OC_0_OC_3"/></StgValue>
</bind>
</comp>

<comp id="84" class="1001" name="const_84">
<pin_list>
<pin id="85" dir="1" index="0" bw="1" slack="2147483647"/>
</pin_list>
<bind>
<StgValue><ssdm name="frame_buffer_OC_0_OC_2"/></StgValue>
</bind>
</comp>

<comp id="86" class="1001" name="const_86">
<pin_list>
<pin id="87" dir="1" index="0" bw="1" slack="2147483647"/>
</pin_list>
<bind>
<StgValue><ssdm name="frame_buffer_OC_0_OC_1"/></StgValue>
</bind>
</comp>

<comp id="88" class="1001" name="const_88">
<pin_list>
<pin id="89" dir="1" index="0" bw="1" slack="2147483647"/>
</pin_list>
<bind>
<StgValue><ssdm name="frame_buffer_OC_0_OC"/></StgValue>
</bind>
</comp>

<comp id="90" class="1001" name="const_90">
<pin_list>
<pin id="91" dir="1" index="0" bw="1" slack="2147483647"/>
</pin_list>
<bind>
<StgValue><ssdm name="frame_buffer_OC_1_OC_4"/></StgValue>
</bind>
</comp>

<comp id="92" class="1001" name="const_92">
<pin_list>
<pin id="93" dir="1" index="0" bw="1" slack="2147483647"/>
</pin_list>
<bind>
<StgValue><ssdm name="frame_buffer_OC_1_OC_3"/></StgValue>
</bind>
</comp>

<comp id="94" class="1001" name="const_94">
<pin_list>
<pin id="95" dir="1" index="0" bw="1" slack="2147483647"/>
</pin_list>
<bind>
<StgValue><ssdm name="frame_buffer_OC_1_OC_2"/></StgValue>
</bind>
</comp>

<comp id="96" class="1001" name="const_96">
<pin_list>
<pin id="97" dir="1" index="0" bw="1" slack="2147483647"/>
</pin_list>
<bind>
<StgValue><ssdm name="frame_buffer_OC_1_OC_1"/></StgValue>
</bind>
</comp>

<comp id="98" class="1001" name="const_98">
<pin_list>
<pin id="99" dir="1" index="0" bw="1" slack="2147483647"/>
</pin_list>
<bind>
<StgValue><ssdm name="frame_buffer_OC_1_OC"/></StgValue>
</bind>
</comp>

<comp id="100" class="1001" name="const_100">
<pin_list>
<pin id="101" dir="1" index="0" bw="1" slack="2147483647"/>
</pin_list>
<bind>
<StgValue><ssdm name="frame_buffer_OC_2_OC_4"/></StgValue>
</bind>
</comp>

<comp id="102" class="1001" name="const_102">
<pin_list>
<pin id="103" dir="1" index="0" bw="1" slack="2147483647"/>
</pin_list>
<bind>
<StgValue><ssdm name="frame_buffer_OC_2_OC_3"/></StgValue>
</bind>
</comp>

<comp id="104" class="1001" name="const_104">
<pin_list>
<pin id="105" dir="1" index="0" bw="1" slack="2147483647"/>
</pin_list>
<bind>
<StgValue><ssdm name="frame_buffer_OC_2_OC_2"/></StgValue>
</bind>
</comp>

<comp id="106" class="1001" name="const_106">
<pin_list>
<pin id="107" dir="1" index="0" bw="1" slack="2147483647"/>
</pin_list>
<bind>
<StgValue><ssdm name="frame_buffer_OC_2_OC_1"/></StgValue>
</bind>
</comp>

<comp id="108" class="1001" name="const_108">
<pin_list>
<pin id="109" dir="1" index="0" bw="1" slack="2147483647"/>
</pin_list>
<bind>
<StgValue><ssdm name="frame_buffer_OC_2_OC"/></StgValue>
</bind>
</comp>

<comp id="110" class="1001" name="const_110">
<pin_list>
<pin id="111" dir="1" index="0" bw="1" slack="2147483647"/>
</pin_list>
<bind>
<StgValue><ssdm name="frame_buffer_OC_3_OC_4"/></StgValue>
</bind>
</comp>

<comp id="112" class="1001" name="const_112">
<pin_list>
<pin id="113" dir="1" index="0" bw="1" slack="2147483647"/>
</pin_list>
<bind>
<StgValue><ssdm name="frame_buffer_OC_3_OC_3"/></StgValue>
</bind>
</comp>

<comp id="114" class="1001" name="const_114">
<pin_list>
<pin id="115" dir="1" index="0" bw="1" slack="2147483647"/>
</pin_list>
<bind>
<StgValue><ssdm name="frame_buffer_OC_3_OC_2"/></StgValue>
</bind>
</comp>

<comp id="116" class="1001" name="const_116">
<pin_list>
<pin id="117" dir="1" index="0" bw="1" slack="2147483647"/>
</pin_list>
<bind>
<StgValue><ssdm name="frame_buffer_OC_3_OC_1"/></StgValue>
</bind>
</comp>

<comp id="118" class="1001" name="const_118">
<pin_list>
<pin id="119" dir="1" index="0" bw="1" slack="2147483647"/>
</pin_list>
<bind>
<StgValue><ssdm name="frame_buffer_OC_3_OC"/></StgValue>
</bind>
</comp>

<comp id="120" class="1001" name="const_120">
<pin_list>
<pin id="121" dir="1" index="0" bw="1" slack="2147483647"/>
</pin_list>
<bind>
<StgValue><ssdm name="frame_buffer_OC_4_OC_4"/></StgValue>
</bind>
</comp>

<comp id="122" class="1001" name="const_122">
<pin_list>
<pin id="123" dir="1" index="0" bw="1" slack="2147483647"/>
</pin_list>
<bind>
<StgValue><ssdm name="frame_buffer_OC_4_OC_3"/></StgValue>
</bind>
</comp>

<comp id="124" class="1001" name="const_124">
<pin_list>
<pin id="125" dir="1" index="0" bw="1" slack="2147483647"/>
</pin_list>
<bind>
<StgValue><ssdm name="frame_buffer_OC_4_OC_2"/></StgValue>
</bind>
</comp>

<comp id="126" class="1001" name="const_126">
<pin_list>
<pin id="127" dir="1" index="0" bw="1" slack="2147483647"/>
</pin_list>
<bind>
<StgValue><ssdm name="frame_buffer_OC_4_OC_1"/></StgValue>
</bind>
</comp>

<comp id="128" class="1001" name="const_128">
<pin_list>
<pin id="129" dir="1" index="0" bw="1" slack="2147483647"/>
</pin_list>
<bind>
<StgValue><ssdm name="frame_buffer_OC_4_OC"/></StgValue>
</bind>
</comp>

<comp id="130" class="1004" name="frame_buffer_0_0_fu_130">
<pin_list>
<pin id="131" dir="0" index="0" bw="1" slack="0"/>
<pin id="132" dir="1" index="1" bw="16" slack="0"/>
</pin_list>
<bind>
<opcode="alloca(26) " fcode="alloca"/>
<opset="frame_buffer_0_0/1 "/>
</bind>
</comp>

<comp id="134" class="1004" name="frame_buffer_0_1_fu_134">
<pin_list>
<pin id="135" dir="0" index="0" bw="1" slack="0"/>
<pin id="136" dir="1" index="1" bw="16" slack="0"/>
</pin_list>
<bind>
<opcode="alloca(26) " fcode="alloca"/>
<opset="frame_buffer_0_1/1 "/>
</bind>
</comp>

<comp id="138" class="1004" name="frame_buffer_0_2_fu_138">
<pin_list>
<pin id="139" dir="0" index="0" bw="1" slack="0"/>
<pin id="140" dir="1" index="1" bw="16" slack="0"/>
</pin_list>
<bind>
<opcode="alloca(26) " fcode="alloca"/>
<opset="frame_buffer_0_2/1 "/>
</bind>
</comp>

<comp id="142" class="1004" name="frame_buffer_0_3_fu_142">
<pin_list>
<pin id="143" dir="0" index="0" bw="1" slack="0"/>
<pin id="144" dir="1" index="1" bw="16" slack="0"/>
</pin_list>
<bind>
<opcode="alloca(26) " fcode="alloca"/>
<opset="frame_buffer_0_3/1 "/>
</bind>
</comp>

<comp id="146" class="1004" name="frame_buffer_0_4_fu_146">
<pin_list>
<pin id="147" dir="0" index="0" bw="1" slack="0"/>
<pin id="148" dir="1" index="1" bw="16" slack="0"/>
</pin_list>
<bind>
<opcode="alloca(26) " fcode="alloca"/>
<opset="frame_buffer_0_4/1 "/>
</bind>
</comp>

<comp id="150" class="1004" name="frame_buffer_1_0_fu_150">
<pin_list>
<pin id="151" dir="0" index="0" bw="1" slack="0"/>
<pin id="152" dir="1" index="1" bw="16" slack="0"/>
</pin_list>
<bind>
<opcode="alloca(26) " fcode="alloca"/>
<opset="frame_buffer_1_0/1 "/>
</bind>
</comp>

<comp id="154" class="1004" name="frame_buffer_1_1_fu_154">
<pin_list>
<pin id="155" dir="0" index="0" bw="1" slack="0"/>
<pin id="156" dir="1" index="1" bw="16" slack="0"/>
</pin_list>
<bind>
<opcode="alloca(26) " fcode="alloca"/>
<opset="frame_buffer_1_1/1 "/>
</bind>
</comp>

<comp id="158" class="1004" name="frame_buffer_1_2_fu_158">
<pin_list>
<pin id="159" dir="0" index="0" bw="1" slack="0"/>
<pin id="160" dir="1" index="1" bw="16" slack="0"/>
</pin_list>
<bind>
<opcode="alloca(26) " fcode="alloca"/>
<opset="frame_buffer_1_2/1 "/>
</bind>
</comp>

<comp id="162" class="1004" name="frame_buffer_1_3_fu_162">
<pin_list>
<pin id="163" dir="0" index="0" bw="1" slack="0"/>
<pin id="164" dir="1" index="1" bw="16" slack="0"/>
</pin_list>
<bind>
<opcode="alloca(26) " fcode="alloca"/>
<opset="frame_buffer_1_3/1 "/>
</bind>
</comp>

<comp id="166" class="1004" name="frame_buffer_1_4_fu_166">
<pin_list>
<pin id="167" dir="0" index="0" bw="1" slack="0"/>
<pin id="168" dir="1" index="1" bw="16" slack="0"/>
</pin_list>
<bind>
<opcode="alloca(26) " fcode="alloca"/>
<opset="frame_buffer_1_4/1 "/>
</bind>
</comp>

<comp id="170" class="1004" name="frame_buffer_2_0_fu_170">
<pin_list>
<pin id="171" dir="0" index="0" bw="1" slack="0"/>
<pin id="172" dir="1" index="1" bw="16" slack="0"/>
</pin_list>
<bind>
<opcode="alloca(26) " fcode="alloca"/>
<opset="frame_buffer_2_0/1 "/>
</bind>
</comp>

<comp id="174" class="1004" name="frame_buffer_2_1_fu_174">
<pin_list>
<pin id="175" dir="0" index="0" bw="1" slack="0"/>
<pin id="176" dir="1" index="1" bw="16" slack="0"/>
</pin_list>
<bind>
<opcode="alloca(26) " fcode="alloca"/>
<opset="frame_buffer_2_1/1 "/>
</bind>
</comp>

<comp id="178" class="1004" name="frame_buffer_2_2_fu_178">
<pin_list>
<pin id="179" dir="0" index="0" bw="1" slack="0"/>
<pin id="180" dir="1" index="1" bw="16" slack="0"/>
</pin_list>
<bind>
<opcode="alloca(26) " fcode="alloca"/>
<opset="frame_buffer_2_2/1 "/>
</bind>
</comp>

<comp id="182" class="1004" name="frame_buffer_2_3_fu_182">
<pin_list>
<pin id="183" dir="0" index="0" bw="1" slack="0"/>
<pin id="184" dir="1" index="1" bw="16" slack="0"/>
</pin_list>
<bind>
<opcode="alloca(26) " fcode="alloca"/>
<opset="frame_buffer_2_3/1 "/>
</bind>
</comp>

<comp id="186" class="1004" name="frame_buffer_2_4_fu_186">
<pin_list>
<pin id="187" dir="0" index="0" bw="1" slack="0"/>
<pin id="188" dir="1" index="1" bw="16" slack="0"/>
</pin_list>
<bind>
<opcode="alloca(26) " fcode="alloca"/>
<opset="frame_buffer_2_4/1 "/>
</bind>
</comp>

<comp id="190" class="1004" name="frame_buffer_3_0_fu_190">
<pin_list>
<pin id="191" dir="0" index="0" bw="1" slack="0"/>
<pin id="192" dir="1" index="1" bw="16" slack="0"/>
</pin_list>
<bind>
<opcode="alloca(26) " fcode="alloca"/>
<opset="frame_buffer_3_0/1 "/>
</bind>
</comp>

<comp id="194" class="1004" name="frame_buffer_3_1_fu_194">
<pin_list>
<pin id="195" dir="0" index="0" bw="1" slack="0"/>
<pin id="196" dir="1" index="1" bw="16" slack="0"/>
</pin_list>
<bind>
<opcode="alloca(26) " fcode="alloca"/>
<opset="frame_buffer_3_1/1 "/>
</bind>
</comp>

<comp id="198" class="1004" name="frame_buffer_3_2_fu_198">
<pin_list>
<pin id="199" dir="0" index="0" bw="1" slack="0"/>
<pin id="200" dir="1" index="1" bw="16" slack="0"/>
</pin_list>
<bind>
<opcode="alloca(26) " fcode="alloca"/>
<opset="frame_buffer_3_2/1 "/>
</bind>
</comp>

<comp id="202" class="1004" name="frame_buffer_3_3_fu_202">
<pin_list>
<pin id="203" dir="0" index="0" bw="1" slack="0"/>
<pin id="204" dir="1" index="1" bw="16" slack="0"/>
</pin_list>
<bind>
<opcode="alloca(26) " fcode="alloca"/>
<opset="frame_buffer_3_3/1 "/>
</bind>
</comp>

<comp id="206" class="1004" name="frame_buffer_3_4_fu_206">
<pin_list>
<pin id="207" dir="0" index="0" bw="1" slack="0"/>
<pin id="208" dir="1" index="1" bw="16" slack="0"/>
</pin_list>
<bind>
<opcode="alloca(26) " fcode="alloca"/>
<opset="frame_buffer_3_4/1 "/>
</bind>
</comp>

<comp id="210" class="1004" name="frame_buffer_4_0_fu_210">
<pin_list>
<pin id="211" dir="0" index="0" bw="1" slack="0"/>
<pin id="212" dir="1" index="1" bw="16" slack="0"/>
</pin_list>
<bind>
<opcode="alloca(26) " fcode="alloca"/>
<opset="frame_buffer_4_0/1 "/>
</bind>
</comp>

<comp id="214" class="1004" name="frame_buffer_4_1_fu_214">
<pin_list>
<pin id="215" dir="0" index="0" bw="1" slack="0"/>
<pin id="216" dir="1" index="1" bw="16" slack="0"/>
</pin_list>
<bind>
<opcode="alloca(26) " fcode="alloca"/>
<opset="frame_buffer_4_1/1 "/>
</bind>
</comp>

<comp id="218" class="1004" name="frame_buffer_4_2_fu_218">
<pin_list>
<pin id="219" dir="0" index="0" bw="1" slack="0"/>
<pin id="220" dir="1" index="1" bw="16" slack="0"/>
</pin_list>
<bind>
<opcode="alloca(26) " fcode="alloca"/>
<opset="frame_buffer_4_2/1 "/>
</bind>
</comp>

<comp id="222" class="1004" name="frame_buffer_4_3_fu_222">
<pin_list>
<pin id="223" dir="0" index="0" bw="1" slack="0"/>
<pin id="224" dir="1" index="1" bw="16" slack="0"/>
</pin_list>
<bind>
<opcode="alloca(26) " fcode="alloca"/>
<opset="frame_buffer_4_3/1 "/>
</bind>
</comp>

<comp id="226" class="1004" name="frame_buffer_4_4_fu_226">
<pin_list>
<pin id="227" dir="0" index="0" bw="1" slack="0"/>
<pin id="228" dir="1" index="1" bw="16" slack="0"/>
</pin_list>
<bind>
<opcode="alloca(26) " fcode="alloca"/>
<opset="frame_buffer_4_4/1 "/>
</bind>
</comp>

<comp id="230" class="1004" name="grp_sliding_window_line_s_fu_230">
<pin_list>
<pin id="231" dir="0" index="0" bw="0" slack="0"/>
<pin id="232" dir="0" index="1" bw="16" slack="0"/>
<pin id="233" dir="0" index="2" bw="16" slack="0"/>
<pin id="234" dir="0" index="3" bw="16" slack="0"/>
<pin id="235" dir="0" index="4" bw="16" slack="0"/>
<pin id="236" dir="0" index="5" bw="16" slack="0"/>
<pin id="237" dir="0" index="6" bw="16" slack="0"/>
<pin id="238" dir="0" index="7" bw="16" slack="0"/>
<pin id="239" dir="0" index="8" bw="16" slack="0"/>
<pin id="240" dir="0" index="9" bw="16" slack="0"/>
<pin id="241" dir="0" index="10" bw="16" slack="0"/>
<pin id="242" dir="0" index="11" bw="16" slack="0"/>
<pin id="243" dir="0" index="12" bw="16" slack="0"/>
<pin id="244" dir="0" index="13" bw="16" slack="0"/>
<pin id="245" dir="0" index="14" bw="16" slack="0"/>
<pin id="246" dir="0" index="15" bw="16" slack="0"/>
<pin id="247" dir="0" index="16" bw="16" slack="0"/>
<pin id="248" dir="0" index="17" bw="16" slack="0"/>
<pin id="249" dir="0" index="18" bw="16" slack="0"/>
<pin id="250" dir="0" index="19" bw="16" slack="0"/>
<pin id="251" dir="0" index="20" bw="16" slack="0"/>
<pin id="252" dir="0" index="21" bw="16" slack="0"/>
<pin id="253" dir="0" index="22" bw="16" slack="0"/>
<pin id="254" dir="0" index="23" bw="16" slack="0"/>
<pin id="255" dir="0" index="24" bw="16" slack="0"/>
<pin id="256" dir="0" index="25" bw="16" slack="0"/>
<pin id="257" dir="0" index="26" bw="16" slack="0"/>
<pin id="258" dir="1" index="27" bw="0" slack="2147483647"/>
</pin_list>
<bind>
<opcode="call(48) " fcode="call"/>
<opset="call_ln315/1 "/>
</bind>
</comp>

<comp id="261" class="1004" name="grp_sliding_window_out_fu_261">
<pin_list>
<pin id="262" dir="0" index="0" bw="0" slack="0"/>
<pin id="263" dir="0" index="1" bw="16" slack="2"/>
<pin id="264" dir="0" index="2" bw="16" slack="2"/>
<pin id="265" dir="0" index="3" bw="16" slack="2"/>
<pin id="266" dir="0" index="4" bw="16" slack="2"/>
<pin id="267" dir="0" index="5" bw="16" slack="2"/>
<pin id="268" dir="0" index="6" bw="16" slack="2"/>
<pin id="269" dir="0" index="7" bw="16" slack="2"/>
<pin id="270" dir="0" index="8" bw="16" slack="2"/>
<pin id="271" dir="0" index="9" bw="16" slack="2"/>
<pin id="272" dir="0" index="10" bw="16" slack="2"/>
<pin id="273" dir="0" index="11" bw="16" slack="2"/>
<pin id="274" dir="0" index="12" bw="16" slack="2"/>
<pin id="275" dir="0" index="13" bw="16" slack="2"/>
<pin id="276" dir="0" index="14" bw="16" slack="2"/>
<pin id="277" dir="0" index="15" bw="16" slack="2"/>
<pin id="278" dir="0" index="16" bw="16" slack="2"/>
<pin id="279" dir="0" index="17" bw="16" slack="2"/>
<pin id="280" dir="0" index="18" bw="16" slack="2"/>
<pin id="281" dir="0" index="19" bw="16" slack="2"/>
<pin id="282" dir="0" index="20" bw="16" slack="2"/>
<pin id="283" dir="0" index="21" bw="16" slack="2"/>
<pin id="284" dir="0" index="22" bw="16" slack="2"/>
<pin id="285" dir="0" index="23" bw="16" slack="2"/>
<pin id="286" dir="0" index="24" bw="16" slack="2"/>
<pin id="287" dir="0" index="25" bw="16" slack="2"/>
<pin id="288" dir="0" index="26" bw="16" slack="0"/>
<pin id="289" dir="0" index="27" bw="16" slack="0"/>
<pin id="290" dir="0" index="28" bw="16" slack="0"/>
<pin id="291" dir="0" index="29" bw="16" slack="0"/>
<pin id="292" dir="0" index="30" bw="16" slack="0"/>
<pin id="293" dir="0" index="31" bw="16" slack="0"/>
<pin id="294" dir="0" index="32" bw="16" slack="0"/>
<pin id="295" dir="0" index="33" bw="16" slack="0"/>
<pin id="296" dir="0" index="34" bw="16" slack="0"/>
<pin id="297" dir="0" index="35" bw="16" slack="0"/>
<pin id="298" dir="0" index="36" bw="16" slack="0"/>
<pin id="299" dir="0" index="37" bw="16" slack="0"/>
<pin id="300" dir="0" index="38" bw="16" slack="0"/>
<pin id="301" dir="0" index="39" bw="16" slack="0"/>
<pin id="302" dir="0" index="40" bw="16" slack="0"/>
<pin id="303" dir="0" index="41" bw="16" slack="0"/>
<pin id="304" dir="0" index="42" bw="16" slack="0"/>
<pin id="305" dir="0" index="43" bw="16" slack="0"/>
<pin id="306" dir="0" index="44" bw="16" slack="0"/>
<pin id="307" dir="0" index="45" bw="16" slack="0"/>
<pin id="308" dir="0" index="46" bw="16" slack="0"/>
<pin id="309" dir="0" index="47" bw="16" slack="0"/>
<pin id="310" dir="0" index="48" bw="16" slack="0"/>
<pin id="311" dir="0" index="49" bw="16" slack="0"/>
<pin id="312" dir="0" index="50" bw="16" slack="0"/>
<pin id="313" dir="1" index="51" bw="0" slack="2147483647"/>
</pin_list>
<bind>
<opcode="call(48) " fcode="call"/>
<opset="call_ln329/3 "/>
</bind>
</comp>

<comp id="340" class="1005" name="frame_buffer_0_0_reg_340">
<pin_list>
<pin id="341" dir="0" index="0" bw="16" slack="0"/>
<pin id="342" dir="1" index="1" bw="16" slack="0"/>
</pin_list>
<bind>
<opset="frame_buffer_0_0 "/>
</bind>
</comp>

<comp id="346" class="1005" name="frame_buffer_0_1_reg_346">
<pin_list>
<pin id="347" dir="0" index="0" bw="16" slack="0"/>
<pin id="348" dir="1" index="1" bw="16" slack="0"/>
</pin_list>
<bind>
<opset="frame_buffer_0_1 "/>
</bind>
</comp>

<comp id="352" class="1005" name="frame_buffer_0_2_reg_352">
<pin_list>
<pin id="353" dir="0" index="0" bw="16" slack="0"/>
<pin id="354" dir="1" index="1" bw="16" slack="0"/>
</pin_list>
<bind>
<opset="frame_buffer_0_2 "/>
</bind>
</comp>

<comp id="358" class="1005" name="frame_buffer_0_3_reg_358">
<pin_list>
<pin id="359" dir="0" index="0" bw="16" slack="0"/>
<pin id="360" dir="1" index="1" bw="16" slack="0"/>
</pin_list>
<bind>
<opset="frame_buffer_0_3 "/>
</bind>
</comp>

<comp id="364" class="1005" name="frame_buffer_0_4_reg_364">
<pin_list>
<pin id="365" dir="0" index="0" bw="16" slack="0"/>
<pin id="366" dir="1" index="1" bw="16" slack="0"/>
</pin_list>
<bind>
<opset="frame_buffer_0_4 "/>
</bind>
</comp>

<comp id="370" class="1005" name="frame_buffer_1_0_reg_370">
<pin_list>
<pin id="371" dir="0" index="0" bw="16" slack="0"/>
<pin id="372" dir="1" index="1" bw="16" slack="0"/>
</pin_list>
<bind>
<opset="frame_buffer_1_0 "/>
</bind>
</comp>

<comp id="376" class="1005" name="frame_buffer_1_1_reg_376">
<pin_list>
<pin id="377" dir="0" index="0" bw="16" slack="0"/>
<pin id="378" dir="1" index="1" bw="16" slack="0"/>
</pin_list>
<bind>
<opset="frame_buffer_1_1 "/>
</bind>
</comp>

<comp id="382" class="1005" name="frame_buffer_1_2_reg_382">
<pin_list>
<pin id="383" dir="0" index="0" bw="16" slack="0"/>
<pin id="384" dir="1" index="1" bw="16" slack="0"/>
</pin_list>
<bind>
<opset="frame_buffer_1_2 "/>
</bind>
</comp>

<comp id="388" class="1005" name="frame_buffer_1_3_reg_388">
<pin_list>
<pin id="389" dir="0" index="0" bw="16" slack="0"/>
<pin id="390" dir="1" index="1" bw="16" slack="0"/>
</pin_list>
<bind>
<opset="frame_buffer_1_3 "/>
</bind>
</comp>

<comp id="394" class="1005" name="frame_buffer_1_4_reg_394">
<pin_list>
<pin id="395" dir="0" index="0" bw="16" slack="0"/>
<pin id="396" dir="1" index="1" bw="16" slack="0"/>
</pin_list>
<bind>
<opset="frame_buffer_1_4 "/>
</bind>
</comp>

<comp id="400" class="1005" name="frame_buffer_2_0_reg_400">
<pin_list>
<pin id="401" dir="0" index="0" bw="16" slack="0"/>
<pin id="402" dir="1" index="1" bw="16" slack="0"/>
</pin_list>
<bind>
<opset="frame_buffer_2_0 "/>
</bind>
</comp>

<comp id="406" class="1005" name="frame_buffer_2_1_reg_406">
<pin_list>
<pin id="407" dir="0" index="0" bw="16" slack="0"/>
<pin id="408" dir="1" index="1" bw="16" slack="0"/>
</pin_list>
<bind>
<opset="frame_buffer_2_1 "/>
</bind>
</comp>

<comp id="412" class="1005" name="frame_buffer_2_2_reg_412">
<pin_list>
<pin id="413" dir="0" index="0" bw="16" slack="0"/>
<pin id="414" dir="1" index="1" bw="16" slack="0"/>
</pin_list>
<bind>
<opset="frame_buffer_2_2 "/>
</bind>
</comp>

<comp id="418" class="1005" name="frame_buffer_2_3_reg_418">
<pin_list>
<pin id="419" dir="0" index="0" bw="16" slack="0"/>
<pin id="420" dir="1" index="1" bw="16" slack="0"/>
</pin_list>
<bind>
<opset="frame_buffer_2_3 "/>
</bind>
</comp>

<comp id="424" class="1005" name="frame_buffer_2_4_reg_424">
<pin_list>
<pin id="425" dir="0" index="0" bw="16" slack="0"/>
<pin id="426" dir="1" index="1" bw="16" slack="0"/>
</pin_list>
<bind>
<opset="frame_buffer_2_4 "/>
</bind>
</comp>

<comp id="430" class="1005" name="frame_buffer_3_0_reg_430">
<pin_list>
<pin id="431" dir="0" index="0" bw="16" slack="0"/>
<pin id="432" dir="1" index="1" bw="16" slack="0"/>
</pin_list>
<bind>
<opset="frame_buffer_3_0 "/>
</bind>
</comp>

<comp id="436" class="1005" name="frame_buffer_3_1_reg_436">
<pin_list>
<pin id="437" dir="0" index="0" bw="16" slack="0"/>
<pin id="438" dir="1" index="1" bw="16" slack="0"/>
</pin_list>
<bind>
<opset="frame_buffer_3_1 "/>
</bind>
</comp>

<comp id="442" class="1005" name="frame_buffer_3_2_reg_442">
<pin_list>
<pin id="443" dir="0" index="0" bw="16" slack="0"/>
<pin id="444" dir="1" index="1" bw="16" slack="0"/>
</pin_list>
<bind>
<opset="frame_buffer_3_2 "/>
</bind>
</comp>

<comp id="448" class="1005" name="frame_buffer_3_3_reg_448">
<pin_list>
<pin id="449" dir="0" index="0" bw="16" slack="0"/>
<pin id="450" dir="1" index="1" bw="16" slack="0"/>
</pin_list>
<bind>
<opset="frame_buffer_3_3 "/>
</bind>
</comp>

<comp id="454" class="1005" name="frame_buffer_3_4_reg_454">
<pin_list>
<pin id="455" dir="0" index="0" bw="16" slack="0"/>
<pin id="456" dir="1" index="1" bw="16" slack="0"/>
</pin_list>
<bind>
<opset="frame_buffer_3_4 "/>
</bind>
</comp>

<comp id="460" class="1005" name="frame_buffer_4_0_reg_460">
<pin_list>
<pin id="461" dir="0" index="0" bw="16" slack="0"/>
<pin id="462" dir="1" index="1" bw="16" slack="0"/>
</pin_list>
<bind>
<opset="frame_buffer_4_0 "/>
</bind>
</comp>

<comp id="466" class="1005" name="frame_buffer_4_1_reg_466">
<pin_list>
<pin id="467" dir="0" index="0" bw="16" slack="0"/>
<pin id="468" dir="1" index="1" bw="16" slack="0"/>
</pin_list>
<bind>
<opset="frame_buffer_4_1 "/>
</bind>
</comp>

<comp id="472" class="1005" name="frame_buffer_4_2_reg_472">
<pin_list>
<pin id="473" dir="0" index="0" bw="16" slack="0"/>
<pin id="474" dir="1" index="1" bw="16" slack="0"/>
</pin_list>
<bind>
<opset="frame_buffer_4_2 "/>
</bind>
</comp>

<comp id="478" class="1005" name="frame_buffer_4_3_reg_478">
<pin_list>
<pin id="479" dir="0" index="0" bw="16" slack="0"/>
<pin id="480" dir="1" index="1" bw="16" slack="0"/>
</pin_list>
<bind>
<opset="frame_buffer_4_3 "/>
</bind>
</comp>

<comp id="484" class="1005" name="frame_buffer_4_4_reg_484">
<pin_list>
<pin id="485" dir="0" index="0" bw="16" slack="0"/>
<pin id="486" dir="1" index="1" bw="16" slack="0"/>
</pin_list>
<bind>
<opset="frame_buffer_4_4 "/>
</bind>
</comp>

</comp_list>

<net_list>
<net id="133"><net_src comp="52" pin="0"/><net_sink comp="130" pin=0"/></net>

<net id="137"><net_src comp="52" pin="0"/><net_sink comp="134" pin=0"/></net>

<net id="141"><net_src comp="52" pin="0"/><net_sink comp="138" pin=0"/></net>

<net id="145"><net_src comp="52" pin="0"/><net_sink comp="142" pin=0"/></net>

<net id="149"><net_src comp="52" pin="0"/><net_sink comp="146" pin=0"/></net>

<net id="153"><net_src comp="52" pin="0"/><net_sink comp="150" pin=0"/></net>

<net id="157"><net_src comp="52" pin="0"/><net_sink comp="154" pin=0"/></net>

<net id="161"><net_src comp="52" pin="0"/><net_sink comp="158" pin=0"/></net>

<net id="165"><net_src comp="52" pin="0"/><net_sink comp="162" pin=0"/></net>

<net id="169"><net_src comp="52" pin="0"/><net_sink comp="166" pin=0"/></net>

<net id="173"><net_src comp="52" pin="0"/><net_sink comp="170" pin=0"/></net>

<net id="177"><net_src comp="52" pin="0"/><net_sink comp="174" pin=0"/></net>

<net id="181"><net_src comp="52" pin="0"/><net_sink comp="178" pin=0"/></net>

<net id="185"><net_src comp="52" pin="0"/><net_sink comp="182" pin=0"/></net>

<net id="189"><net_src comp="52" pin="0"/><net_sink comp="186" pin=0"/></net>

<net id="193"><net_src comp="52" pin="0"/><net_sink comp="190" pin=0"/></net>

<net id="197"><net_src comp="52" pin="0"/><net_sink comp="194" pin=0"/></net>

<net id="201"><net_src comp="52" pin="0"/><net_sink comp="198" pin=0"/></net>

<net id="205"><net_src comp="52" pin="0"/><net_sink comp="202" pin=0"/></net>

<net id="209"><net_src comp="52" pin="0"/><net_sink comp="206" pin=0"/></net>

<net id="213"><net_src comp="52" pin="0"/><net_sink comp="210" pin=0"/></net>

<net id="217"><net_src comp="52" pin="0"/><net_sink comp="214" pin=0"/></net>

<net id="221"><net_src comp="52" pin="0"/><net_sink comp="218" pin=0"/></net>

<net id="225"><net_src comp="52" pin="0"/><net_sink comp="222" pin=0"/></net>

<net id="229"><net_src comp="52" pin="0"/><net_sink comp="226" pin=0"/></net>

<net id="259"><net_src comp="54" pin="0"/><net_sink comp="230" pin=0"/></net>

<net id="260"><net_src comp="0" pin="0"/><net_sink comp="230" pin=1"/></net>

<net id="314"><net_src comp="56" pin="0"/><net_sink comp="261" pin=0"/></net>

<net id="315"><net_src comp="2" pin="0"/><net_sink comp="261" pin=26"/></net>

<net id="316"><net_src comp="4" pin="0"/><net_sink comp="261" pin=27"/></net>

<net id="317"><net_src comp="6" pin="0"/><net_sink comp="261" pin=28"/></net>

<net id="318"><net_src comp="8" pin="0"/><net_sink comp="261" pin=29"/></net>

<net id="319"><net_src comp="10" pin="0"/><net_sink comp="261" pin=30"/></net>

<net id="320"><net_src comp="12" pin="0"/><net_sink comp="261" pin=31"/></net>

<net id="321"><net_src comp="14" pin="0"/><net_sink comp="261" pin=32"/></net>

<net id="322"><net_src comp="16" pin="0"/><net_sink comp="261" pin=33"/></net>

<net id="323"><net_src comp="18" pin="0"/><net_sink comp="261" pin=34"/></net>

<net id="324"><net_src comp="20" pin="0"/><net_sink comp="261" pin=35"/></net>

<net id="325"><net_src comp="22" pin="0"/><net_sink comp="261" pin=36"/></net>

<net id="326"><net_src comp="24" pin="0"/><net_sink comp="261" pin=37"/></net>

<net id="327"><net_src comp="26" pin="0"/><net_sink comp="261" pin=38"/></net>

<net id="328"><net_src comp="28" pin="0"/><net_sink comp="261" pin=39"/></net>

<net id="329"><net_src comp="30" pin="0"/><net_sink comp="261" pin=40"/></net>

<net id="330"><net_src comp="32" pin="0"/><net_sink comp="261" pin=41"/></net>

<net id="331"><net_src comp="34" pin="0"/><net_sink comp="261" pin=42"/></net>

<net id="332"><net_src comp="36" pin="0"/><net_sink comp="261" pin=43"/></net>

<net id="333"><net_src comp="38" pin="0"/><net_sink comp="261" pin=44"/></net>

<net id="334"><net_src comp="40" pin="0"/><net_sink comp="261" pin=45"/></net>

<net id="335"><net_src comp="42" pin="0"/><net_sink comp="261" pin=46"/></net>

<net id="336"><net_src comp="44" pin="0"/><net_sink comp="261" pin=47"/></net>

<net id="337"><net_src comp="46" pin="0"/><net_sink comp="261" pin=48"/></net>

<net id="338"><net_src comp="48" pin="0"/><net_sink comp="261" pin=49"/></net>

<net id="339"><net_src comp="50" pin="0"/><net_sink comp="261" pin=50"/></net>

<net id="343"><net_src comp="130" pin="1"/><net_sink comp="340" pin=0"/></net>

<net id="344"><net_src comp="340" pin="1"/><net_sink comp="230" pin=2"/></net>

<net id="345"><net_src comp="340" pin="1"/><net_sink comp="261" pin=1"/></net>

<net id="349"><net_src comp="134" pin="1"/><net_sink comp="346" pin=0"/></net>

<net id="350"><net_src comp="346" pin="1"/><net_sink comp="230" pin=3"/></net>

<net id="351"><net_src comp="346" pin="1"/><net_sink comp="261" pin=2"/></net>

<net id="355"><net_src comp="138" pin="1"/><net_sink comp="352" pin=0"/></net>

<net id="356"><net_src comp="352" pin="1"/><net_sink comp="230" pin=4"/></net>

<net id="357"><net_src comp="352" pin="1"/><net_sink comp="261" pin=3"/></net>

<net id="361"><net_src comp="142" pin="1"/><net_sink comp="358" pin=0"/></net>

<net id="362"><net_src comp="358" pin="1"/><net_sink comp="230" pin=5"/></net>

<net id="363"><net_src comp="358" pin="1"/><net_sink comp="261" pin=4"/></net>

<net id="367"><net_src comp="146" pin="1"/><net_sink comp="364" pin=0"/></net>

<net id="368"><net_src comp="364" pin="1"/><net_sink comp="230" pin=6"/></net>

<net id="369"><net_src comp="364" pin="1"/><net_sink comp="261" pin=5"/></net>

<net id="373"><net_src comp="150" pin="1"/><net_sink comp="370" pin=0"/></net>

<net id="374"><net_src comp="370" pin="1"/><net_sink comp="230" pin=7"/></net>

<net id="375"><net_src comp="370" pin="1"/><net_sink comp="261" pin=6"/></net>

<net id="379"><net_src comp="154" pin="1"/><net_sink comp="376" pin=0"/></net>

<net id="380"><net_src comp="376" pin="1"/><net_sink comp="230" pin=8"/></net>

<net id="381"><net_src comp="376" pin="1"/><net_sink comp="261" pin=7"/></net>

<net id="385"><net_src comp="158" pin="1"/><net_sink comp="382" pin=0"/></net>

<net id="386"><net_src comp="382" pin="1"/><net_sink comp="230" pin=9"/></net>

<net id="387"><net_src comp="382" pin="1"/><net_sink comp="261" pin=8"/></net>

<net id="391"><net_src comp="162" pin="1"/><net_sink comp="388" pin=0"/></net>

<net id="392"><net_src comp="388" pin="1"/><net_sink comp="230" pin=10"/></net>

<net id="393"><net_src comp="388" pin="1"/><net_sink comp="261" pin=9"/></net>

<net id="397"><net_src comp="166" pin="1"/><net_sink comp="394" pin=0"/></net>

<net id="398"><net_src comp="394" pin="1"/><net_sink comp="230" pin=11"/></net>

<net id="399"><net_src comp="394" pin="1"/><net_sink comp="261" pin=10"/></net>

<net id="403"><net_src comp="170" pin="1"/><net_sink comp="400" pin=0"/></net>

<net id="404"><net_src comp="400" pin="1"/><net_sink comp="230" pin=12"/></net>

<net id="405"><net_src comp="400" pin="1"/><net_sink comp="261" pin=11"/></net>

<net id="409"><net_src comp="174" pin="1"/><net_sink comp="406" pin=0"/></net>

<net id="410"><net_src comp="406" pin="1"/><net_sink comp="230" pin=13"/></net>

<net id="411"><net_src comp="406" pin="1"/><net_sink comp="261" pin=12"/></net>

<net id="415"><net_src comp="178" pin="1"/><net_sink comp="412" pin=0"/></net>

<net id="416"><net_src comp="412" pin="1"/><net_sink comp="230" pin=14"/></net>

<net id="417"><net_src comp="412" pin="1"/><net_sink comp="261" pin=13"/></net>

<net id="421"><net_src comp="182" pin="1"/><net_sink comp="418" pin=0"/></net>

<net id="422"><net_src comp="418" pin="1"/><net_sink comp="230" pin=15"/></net>

<net id="423"><net_src comp="418" pin="1"/><net_sink comp="261" pin=14"/></net>

<net id="427"><net_src comp="186" pin="1"/><net_sink comp="424" pin=0"/></net>

<net id="428"><net_src comp="424" pin="1"/><net_sink comp="230" pin=16"/></net>

<net id="429"><net_src comp="424" pin="1"/><net_sink comp="261" pin=15"/></net>

<net id="433"><net_src comp="190" pin="1"/><net_sink comp="430" pin=0"/></net>

<net id="434"><net_src comp="430" pin="1"/><net_sink comp="230" pin=17"/></net>

<net id="435"><net_src comp="430" pin="1"/><net_sink comp="261" pin=16"/></net>

<net id="439"><net_src comp="194" pin="1"/><net_sink comp="436" pin=0"/></net>

<net id="440"><net_src comp="436" pin="1"/><net_sink comp="230" pin=18"/></net>

<net id="441"><net_src comp="436" pin="1"/><net_sink comp="261" pin=17"/></net>

<net id="445"><net_src comp="198" pin="1"/><net_sink comp="442" pin=0"/></net>

<net id="446"><net_src comp="442" pin="1"/><net_sink comp="230" pin=19"/></net>

<net id="447"><net_src comp="442" pin="1"/><net_sink comp="261" pin=18"/></net>

<net id="451"><net_src comp="202" pin="1"/><net_sink comp="448" pin=0"/></net>

<net id="452"><net_src comp="448" pin="1"/><net_sink comp="230" pin=20"/></net>

<net id="453"><net_src comp="448" pin="1"/><net_sink comp="261" pin=19"/></net>

<net id="457"><net_src comp="206" pin="1"/><net_sink comp="454" pin=0"/></net>

<net id="458"><net_src comp="454" pin="1"/><net_sink comp="230" pin=21"/></net>

<net id="459"><net_src comp="454" pin="1"/><net_sink comp="261" pin=20"/></net>

<net id="463"><net_src comp="210" pin="1"/><net_sink comp="460" pin=0"/></net>

<net id="464"><net_src comp="460" pin="1"/><net_sink comp="230" pin=22"/></net>

<net id="465"><net_src comp="460" pin="1"/><net_sink comp="261" pin=21"/></net>

<net id="469"><net_src comp="214" pin="1"/><net_sink comp="466" pin=0"/></net>

<net id="470"><net_src comp="466" pin="1"/><net_sink comp="230" pin=23"/></net>

<net id="471"><net_src comp="466" pin="1"/><net_sink comp="261" pin=22"/></net>

<net id="475"><net_src comp="218" pin="1"/><net_sink comp="472" pin=0"/></net>

<net id="476"><net_src comp="472" pin="1"/><net_sink comp="230" pin=24"/></net>

<net id="477"><net_src comp="472" pin="1"/><net_sink comp="261" pin=23"/></net>

<net id="481"><net_src comp="222" pin="1"/><net_sink comp="478" pin=0"/></net>

<net id="482"><net_src comp="478" pin="1"/><net_sink comp="230" pin=25"/></net>

<net id="483"><net_src comp="478" pin="1"/><net_sink comp="261" pin=24"/></net>

<net id="487"><net_src comp="226" pin="1"/><net_sink comp="484" pin=0"/></net>

<net id="488"><net_src comp="484" pin="1"/><net_sink comp="230" pin=26"/></net>

<net id="489"><net_src comp="484" pin="1"/><net_sink comp="261" pin=25"/></net>

</net_list>

</model> 
---------------- Datapath Model END ------------------

* FSMD analyzer results:
  - Output states:
	Port: out_V_V | {3 4 }
	Port: out_V_V1 | {3 4 }
	Port: out_V_V2 | {3 4 }
	Port: out_V_V3 | {3 4 }
	Port: out_V_V4 | {3 4 }
	Port: out_V_V15 | {3 4 }
	Port: out_V_V16 | {3 4 }
	Port: out_V_V17 | {3 4 }
	Port: out_V_V18 | {3 4 }
	Port: out_V_V19 | {3 4 }
	Port: out_V_V210 | {3 4 }
	Port: out_V_V211 | {3 4 }
	Port: out_V_V212 | {3 4 }
	Port: out_V_V213 | {3 4 }
	Port: out_V_V214 | {3 4 }
	Port: out_V_V315 | {3 4 }
	Port: out_V_V316 | {3 4 }
	Port: out_V_V317 | {3 4 }
	Port: out_V_V318 | {3 4 }
	Port: out_V_V319 | {3 4 }
	Port: out_V_V420 | {3 4 }
	Port: out_V_V421 | {3 4 }
	Port: out_V_V422 | {3 4 }
	Port: out_V_V423 | {3 4 }
	Port: out_V_V424 | {3 4 }
 - Input state : 
	Port: sliding_window : in_V_V | {1 2 }
  - Chain level:
	State 1
		call_ln315 : 1
	State 2
	State 3
	State 4


============================================================
+ Verbose Summary: Datapath Resource usage 
============================================================

* Functional unit list:
|----------|----------------------------------|---------|---------|---------|
| Operation|          Functional Unit         |  Delay  |    FF   |   LUT   |
|----------|----------------------------------|---------|---------|---------|
|   call   | grp_sliding_window_line_s_fu_230 |  40.687 |   880   |   391   |
|          |   grp_sliding_window_out_fu_261  |    0    |    45   |   134   |
|----------|----------------------------------|---------|---------|---------|
|   Total  |                                  |  40.687 |   925   |   525   |
|----------|----------------------------------|---------|---------|---------|

Memories:
N/A

* Register list:
+------------------------+--------+
|                        |   FF   |
+------------------------+--------+
|frame_buffer_0_0_reg_340|   16   |
|frame_buffer_0_1_reg_346|   16   |
|frame_buffer_0_2_reg_352|   16   |
|frame_buffer_0_3_reg_358|   16   |
|frame_buffer_0_4_reg_364|   16   |
|frame_buffer_1_0_reg_370|   16   |
|frame_buffer_1_1_reg_376|   16   |
|frame_buffer_1_2_reg_382|   16   |
|frame_buffer_1_3_reg_388|   16   |
|frame_buffer_1_4_reg_394|   16   |
|frame_buffer_2_0_reg_400|   16   |
|frame_buffer_2_1_reg_406|   16   |
|frame_buffer_2_2_reg_412|   16   |
|frame_buffer_2_3_reg_418|   16   |
|frame_buffer_2_4_reg_424|   16   |
|frame_buffer_3_0_reg_430|   16   |
|frame_buffer_3_1_reg_436|   16   |
|frame_buffer_3_2_reg_442|   16   |
|frame_buffer_3_3_reg_448|   16   |
|frame_buffer_3_4_reg_454|   16   |
|frame_buffer_4_0_reg_460|   16   |
|frame_buffer_4_1_reg_466|   16   |
|frame_buffer_4_2_reg_472|   16   |
|frame_buffer_4_3_reg_478|   16   |
|frame_buffer_4_4_reg_484|   16   |
+------------------------+--------+
|          Total         |   400  |
+------------------------+--------+

* Multiplexer (MUX) list: 
|--------|------|------|------|--------|
|  Comp  |  Pin | Size |  BW  | S x BW |
|--------|------|------|------|--------|
|  Total |      |      |      |    0   |
|--------|------|------|------|--------|



* Summary:
+-----------+--------+--------+--------+
|           |  Delay |   FF   |   LUT  |
+-----------+--------+--------+--------+
|  Function |   40   |   925  |   525  |
|   Memory  |    -   |    -   |    -   |
|Multiplexer|    -   |    -   |    -   |
|  Register |    -   |   400  |    -   |
+-----------+--------+--------+--------+
|   Total   |   40   |  1325  |   525  |
+-----------+--------+--------+--------+
