

================================================================
== Vivado HLS Report for 'squeeze_out_1'
================================================================
* Date:           Sat Feb 15 07:24:42 2025

* Version:        2019.2 (Build 2704478 on Wed Nov 06 22:10:23 MST 2019)
* Project:        partition_0
* Solution:       solution
* Product family: zynq
* Target device:  xc7z020-clg484-1


================================================================
== Performance Estimates
================================================================
+ Timing: 
    * Summary: 
    +--------+---------+----------+------------+
    |  Clock |  Target | Estimated| Uncertainty|
    +--------+---------+----------+------------+
    |ap_clk  | 5.00 ns | 4.375 ns |   0.62 ns  |
    +--------+---------+----------+------------+

+ Latency: 
    * Summary: 
    +---------+---------+----------+----------+-----+-----+---------------------------------------------+
    |  Latency (cycles) |  Latency (absolute) |  Interval |                   Pipeline                  |
    |   min   |   max   |    min   |    max   | min | max |                     Type                    |
    +---------+---------+----------+----------+-----+-----+---------------------------------------------+
    |      575|      576| 2.875 us | 2.880 us |  576|  576| loop rewind(delay=0 initiation interval(s)) |
    +---------+---------+----------+----------+-----+-----+---------------------------------------------+

    + Detail: 
        * Instance: 
        N/A

        * Loop: 
        +----------------------+---------+---------+----------+-----------+-----------+------+----------+
        |                      |  Latency (cycles) | Iteration|  Initiation Interval  | Trip |          |
        |       Loop Name      |   min   |   max   |  Latency |  achieved |   target  | Count| Pipelined|
        +----------------------+---------+---------+----------+-----------+-----------+------+----------+
        |- pixel_channel_loop  |      575|      575|         1|          1|          1|   576|    yes   |
        +----------------------+---------+---------+----------+-----------+-----------+------+----------+

============================================================
+ Verbose Summary: Synthesis Manager
============================================================
InlineROM: 1
ExposeGlobal: 0
============================================================
+ Verbose Summary: CDFG Model
============================================================
IsTopModel: 0
ResetActiveHigh: 1
IsCombinational: 2
IsDatapathOnly: 0
HasWiredReturn: 1
HasMFsm: 0
HasVarLatency: 1
IsPipeline: 0
IsRtlPipelined: 0
IsInstanceOverlapped: 0
IsDontTouch: 0
HasImplIP: 0
IsGatedGlobalClock: 0

+ Individual pipeline summary: 
  * Pipeline-0: initiation interval (II) = 1, depth = 1


============================================================
+ Verbose Summary: Schedule
============================================================
* Number of FSM states : 2
* Pipeline : 1
  Pipeline-0 : II = 1, D = 1, States = { 2 }
* Dataflow Pipeline: 0

* FSM state transitions: 
1 --> 2 
2 --> 2 

* FSM state operations: 

State 1 <SV = 0> <Delay = 1.76>
ST_1 : Operation 3 [1/1] (0.00ns)   --->   "call void (...)* @_ssdm_op_SpecInterface(i16* %in_15_V_V, [8 x i8]* @ap_fifo_str, i32 0, i32 0, [1 x i8]* @p_str, i32 0, i32 0, [1 x i8]* @p_str, [1 x i8]* @p_str, [1 x i8]* @p_str, i32 2, i32 2, i32 16, i32 16, [1 x i8]* @p_str, [1 x i8]* @p_str)"   --->   Operation 3 'specinterface' <Predicate = true> <Delay = 0.00>
ST_1 : Operation 4 [1/1] (0.00ns)   --->   "call void (...)* @_ssdm_op_SpecInterface(i16* %in_14_V_V, [8 x i8]* @ap_fifo_str, i32 0, i32 0, [1 x i8]* @p_str, i32 0, i32 0, [1 x i8]* @p_str, [1 x i8]* @p_str, [1 x i8]* @p_str, i32 2, i32 2, i32 16, i32 16, [1 x i8]* @p_str, [1 x i8]* @p_str)"   --->   Operation 4 'specinterface' <Predicate = true> <Delay = 0.00>
ST_1 : Operation 5 [1/1] (0.00ns)   --->   "call void (...)* @_ssdm_op_SpecInterface(i16* %in_13_V_V, [8 x i8]* @ap_fifo_str, i32 0, i32 0, [1 x i8]* @p_str, i32 0, i32 0, [1 x i8]* @p_str, [1 x i8]* @p_str, [1 x i8]* @p_str, i32 2, i32 2, i32 16, i32 16, [1 x i8]* @p_str, [1 x i8]* @p_str)"   --->   Operation 5 'specinterface' <Predicate = true> <Delay = 0.00>
ST_1 : Operation 6 [1/1] (0.00ns)   --->   "call void (...)* @_ssdm_op_SpecInterface(i16* %in_12_V_V, [8 x i8]* @ap_fifo_str, i32 0, i32 0, [1 x i8]* @p_str, i32 0, i32 0, [1 x i8]* @p_str, [1 x i8]* @p_str, [1 x i8]* @p_str, i32 2, i32 2, i32 16, i32 16, [1 x i8]* @p_str, [1 x i8]* @p_str)"   --->   Operation 6 'specinterface' <Predicate = true> <Delay = 0.00>
ST_1 : Operation 7 [1/1] (0.00ns)   --->   "call void (...)* @_ssdm_op_SpecInterface(i16* %in_11_V_V, [8 x i8]* @ap_fifo_str, i32 0, i32 0, [1 x i8]* @p_str, i32 0, i32 0, [1 x i8]* @p_str, [1 x i8]* @p_str, [1 x i8]* @p_str, i32 2, i32 2, i32 16, i32 16, [1 x i8]* @p_str, [1 x i8]* @p_str)"   --->   Operation 7 'specinterface' <Predicate = true> <Delay = 0.00>
ST_1 : Operation 8 [1/1] (0.00ns)   --->   "call void (...)* @_ssdm_op_SpecInterface(i16* %in_10_V_V, [8 x i8]* @ap_fifo_str, i32 0, i32 0, [1 x i8]* @p_str, i32 0, i32 0, [1 x i8]* @p_str, [1 x i8]* @p_str, [1 x i8]* @p_str, i32 2, i32 2, i32 16, i32 16, [1 x i8]* @p_str, [1 x i8]* @p_str)"   --->   Operation 8 'specinterface' <Predicate = true> <Delay = 0.00>
ST_1 : Operation 9 [1/1] (0.00ns)   --->   "call void (...)* @_ssdm_op_SpecInterface(i16* %in_9_V_V, [8 x i8]* @ap_fifo_str, i32 0, i32 0, [1 x i8]* @p_str, i32 0, i32 0, [1 x i8]* @p_str, [1 x i8]* @p_str, [1 x i8]* @p_str, i32 2, i32 2, i32 16, i32 16, [1 x i8]* @p_str, [1 x i8]* @p_str)"   --->   Operation 9 'specinterface' <Predicate = true> <Delay = 0.00>
ST_1 : Operation 10 [1/1] (0.00ns)   --->   "call void (...)* @_ssdm_op_SpecInterface(i16* %in_8_V_V, [8 x i8]* @ap_fifo_str, i32 0, i32 0, [1 x i8]* @p_str, i32 0, i32 0, [1 x i8]* @p_str, [1 x i8]* @p_str, [1 x i8]* @p_str, i32 2, i32 2, i32 16, i32 16, [1 x i8]* @p_str, [1 x i8]* @p_str)"   --->   Operation 10 'specinterface' <Predicate = true> <Delay = 0.00>
ST_1 : Operation 11 [1/1] (0.00ns)   --->   "call void (...)* @_ssdm_op_SpecInterface(i16* %in_7_V_V, [8 x i8]* @ap_fifo_str, i32 0, i32 0, [1 x i8]* @p_str, i32 0, i32 0, [1 x i8]* @p_str, [1 x i8]* @p_str, [1 x i8]* @p_str, i32 2, i32 2, i32 16, i32 16, [1 x i8]* @p_str, [1 x i8]* @p_str)"   --->   Operation 11 'specinterface' <Predicate = true> <Delay = 0.00>
ST_1 : Operation 12 [1/1] (0.00ns)   --->   "call void (...)* @_ssdm_op_SpecInterface(i16* %in_6_V_V, [8 x i8]* @ap_fifo_str, i32 0, i32 0, [1 x i8]* @p_str, i32 0, i32 0, [1 x i8]* @p_str, [1 x i8]* @p_str, [1 x i8]* @p_str, i32 2, i32 2, i32 16, i32 16, [1 x i8]* @p_str, [1 x i8]* @p_str)"   --->   Operation 12 'specinterface' <Predicate = true> <Delay = 0.00>
ST_1 : Operation 13 [1/1] (0.00ns)   --->   "call void (...)* @_ssdm_op_SpecInterface(i16* %in_5_V_V, [8 x i8]* @ap_fifo_str, i32 0, i32 0, [1 x i8]* @p_str, i32 0, i32 0, [1 x i8]* @p_str, [1 x i8]* @p_str, [1 x i8]* @p_str, i32 2, i32 2, i32 16, i32 16, [1 x i8]* @p_str, [1 x i8]* @p_str)"   --->   Operation 13 'specinterface' <Predicate = true> <Delay = 0.00>
ST_1 : Operation 14 [1/1] (0.00ns)   --->   "call void (...)* @_ssdm_op_SpecInterface(i16* %in_4_V_V, [8 x i8]* @ap_fifo_str, i32 0, i32 0, [1 x i8]* @p_str, i32 0, i32 0, [1 x i8]* @p_str, [1 x i8]* @p_str, [1 x i8]* @p_str, i32 2, i32 2, i32 16, i32 16, [1 x i8]* @p_str, [1 x i8]* @p_str)"   --->   Operation 14 'specinterface' <Predicate = true> <Delay = 0.00>
ST_1 : Operation 15 [1/1] (0.00ns)   --->   "call void (...)* @_ssdm_op_SpecInterface(i16* %in_3_V_V, [8 x i8]* @ap_fifo_str, i32 0, i32 0, [1 x i8]* @p_str, i32 0, i32 0, [1 x i8]* @p_str, [1 x i8]* @p_str, [1 x i8]* @p_str, i32 2, i32 2, i32 16, i32 16, [1 x i8]* @p_str, [1 x i8]* @p_str)"   --->   Operation 15 'specinterface' <Predicate = true> <Delay = 0.00>
ST_1 : Operation 16 [1/1] (0.00ns)   --->   "call void (...)* @_ssdm_op_SpecInterface(i16* %in_2_V_V, [8 x i8]* @ap_fifo_str, i32 0, i32 0, [1 x i8]* @p_str, i32 0, i32 0, [1 x i8]* @p_str, [1 x i8]* @p_str, [1 x i8]* @p_str, i32 2, i32 2, i32 16, i32 16, [1 x i8]* @p_str, [1 x i8]* @p_str)"   --->   Operation 16 'specinterface' <Predicate = true> <Delay = 0.00>
ST_1 : Operation 17 [1/1] (0.00ns)   --->   "call void (...)* @_ssdm_op_SpecInterface(i16* %in_1_V_V, [8 x i8]* @ap_fifo_str, i32 0, i32 0, [1 x i8]* @p_str, i32 0, i32 0, [1 x i8]* @p_str, [1 x i8]* @p_str, [1 x i8]* @p_str, i32 2, i32 2, i32 16, i32 16, [1 x i8]* @p_str, [1 x i8]* @p_str)"   --->   Operation 17 'specinterface' <Predicate = true> <Delay = 0.00>
ST_1 : Operation 18 [1/1] (0.00ns)   --->   "call void (...)* @_ssdm_op_SpecInterface(i16* %in_0_V_V, [8 x i8]* @ap_fifo_str, i32 0, i32 0, [1 x i8]* @p_str, i32 0, i32 0, [1 x i8]* @p_str, [1 x i8]* @p_str, [1 x i8]* @p_str, i32 2, i32 2, i32 16, i32 16, [1 x i8]* @p_str, [1 x i8]* @p_str)"   --->   Operation 18 'specinterface' <Predicate = true> <Delay = 0.00>
ST_1 : Operation 19 [1/1] (0.00ns)   --->   "call void (...)* @_ssdm_op_SpecInterface(i16* %out_15_V_V, [8 x i8]* @ap_fifo_str, i32 0, i32 0, [1 x i8]* @p_str, i32 0, i32 0, [1 x i8]* @p_str, [1 x i8]* @p_str, [1 x i8]* @p_str, i32 2, i32 2, i32 16, i32 16, [1 x i8]* @p_str, [1 x i8]* @p_str)"   --->   Operation 19 'specinterface' <Predicate = true> <Delay = 0.00>
ST_1 : Operation 20 [1/1] (0.00ns)   --->   "call void (...)* @_ssdm_op_SpecInterface(i16* %out_14_V_V, [8 x i8]* @ap_fifo_str, i32 0, i32 0, [1 x i8]* @p_str, i32 0, i32 0, [1 x i8]* @p_str, [1 x i8]* @p_str, [1 x i8]* @p_str, i32 2, i32 2, i32 16, i32 16, [1 x i8]* @p_str, [1 x i8]* @p_str)"   --->   Operation 20 'specinterface' <Predicate = true> <Delay = 0.00>
ST_1 : Operation 21 [1/1] (0.00ns)   --->   "call void (...)* @_ssdm_op_SpecInterface(i16* %out_13_V_V, [8 x i8]* @ap_fifo_str, i32 0, i32 0, [1 x i8]* @p_str, i32 0, i32 0, [1 x i8]* @p_str, [1 x i8]* @p_str, [1 x i8]* @p_str, i32 2, i32 2, i32 16, i32 16, [1 x i8]* @p_str, [1 x i8]* @p_str)"   --->   Operation 21 'specinterface' <Predicate = true> <Delay = 0.00>
ST_1 : Operation 22 [1/1] (0.00ns)   --->   "call void (...)* @_ssdm_op_SpecInterface(i16* %out_12_V_V, [8 x i8]* @ap_fifo_str, i32 0, i32 0, [1 x i8]* @p_str, i32 0, i32 0, [1 x i8]* @p_str, [1 x i8]* @p_str, [1 x i8]* @p_str, i32 2, i32 2, i32 16, i32 16, [1 x i8]* @p_str, [1 x i8]* @p_str)"   --->   Operation 22 'specinterface' <Predicate = true> <Delay = 0.00>
ST_1 : Operation 23 [1/1] (0.00ns)   --->   "call void (...)* @_ssdm_op_SpecInterface(i16* %out_11_V_V, [8 x i8]* @ap_fifo_str, i32 0, i32 0, [1 x i8]* @p_str, i32 0, i32 0, [1 x i8]* @p_str, [1 x i8]* @p_str, [1 x i8]* @p_str, i32 2, i32 2, i32 16, i32 16, [1 x i8]* @p_str, [1 x i8]* @p_str)"   --->   Operation 23 'specinterface' <Predicate = true> <Delay = 0.00>
ST_1 : Operation 24 [1/1] (0.00ns)   --->   "call void (...)* @_ssdm_op_SpecInterface(i16* %out_10_V_V, [8 x i8]* @ap_fifo_str, i32 0, i32 0, [1 x i8]* @p_str, i32 0, i32 0, [1 x i8]* @p_str, [1 x i8]* @p_str, [1 x i8]* @p_str, i32 2, i32 2, i32 16, i32 16, [1 x i8]* @p_str, [1 x i8]* @p_str)"   --->   Operation 24 'specinterface' <Predicate = true> <Delay = 0.00>
ST_1 : Operation 25 [1/1] (0.00ns)   --->   "call void (...)* @_ssdm_op_SpecInterface(i16* %out_9_V_V, [8 x i8]* @ap_fifo_str, i32 0, i32 0, [1 x i8]* @p_str, i32 0, i32 0, [1 x i8]* @p_str, [1 x i8]* @p_str, [1 x i8]* @p_str, i32 2, i32 2, i32 16, i32 16, [1 x i8]* @p_str, [1 x i8]* @p_str)"   --->   Operation 25 'specinterface' <Predicate = true> <Delay = 0.00>
ST_1 : Operation 26 [1/1] (0.00ns)   --->   "call void (...)* @_ssdm_op_SpecInterface(i16* %out_8_V_V, [8 x i8]* @ap_fifo_str, i32 0, i32 0, [1 x i8]* @p_str, i32 0, i32 0, [1 x i8]* @p_str, [1 x i8]* @p_str, [1 x i8]* @p_str, i32 2, i32 2, i32 16, i32 16, [1 x i8]* @p_str, [1 x i8]* @p_str)"   --->   Operation 26 'specinterface' <Predicate = true> <Delay = 0.00>
ST_1 : Operation 27 [1/1] (0.00ns)   --->   "call void (...)* @_ssdm_op_SpecInterface(i16* %out_7_V_V, [8 x i8]* @ap_fifo_str, i32 0, i32 0, [1 x i8]* @p_str, i32 0, i32 0, [1 x i8]* @p_str, [1 x i8]* @p_str, [1 x i8]* @p_str, i32 2, i32 2, i32 16, i32 16, [1 x i8]* @p_str, [1 x i8]* @p_str)"   --->   Operation 27 'specinterface' <Predicate = true> <Delay = 0.00>
ST_1 : Operation 28 [1/1] (0.00ns)   --->   "call void (...)* @_ssdm_op_SpecInterface(i16* %out_6_V_V, [8 x i8]* @ap_fifo_str, i32 0, i32 0, [1 x i8]* @p_str, i32 0, i32 0, [1 x i8]* @p_str, [1 x i8]* @p_str, [1 x i8]* @p_str, i32 2, i32 2, i32 16, i32 16, [1 x i8]* @p_str, [1 x i8]* @p_str)"   --->   Operation 28 'specinterface' <Predicate = true> <Delay = 0.00>
ST_1 : Operation 29 [1/1] (0.00ns)   --->   "call void (...)* @_ssdm_op_SpecInterface(i16* %out_5_V_V, [8 x i8]* @ap_fifo_str, i32 0, i32 0, [1 x i8]* @p_str, i32 0, i32 0, [1 x i8]* @p_str, [1 x i8]* @p_str, [1 x i8]* @p_str, i32 2, i32 2, i32 16, i32 16, [1 x i8]* @p_str, [1 x i8]* @p_str)"   --->   Operation 29 'specinterface' <Predicate = true> <Delay = 0.00>
ST_1 : Operation 30 [1/1] (0.00ns)   --->   "call void (...)* @_ssdm_op_SpecInterface(i16* %out_4_V_V, [8 x i8]* @ap_fifo_str, i32 0, i32 0, [1 x i8]* @p_str, i32 0, i32 0, [1 x i8]* @p_str, [1 x i8]* @p_str, [1 x i8]* @p_str, i32 2, i32 2, i32 16, i32 16, [1 x i8]* @p_str, [1 x i8]* @p_str)"   --->   Operation 30 'specinterface' <Predicate = true> <Delay = 0.00>
ST_1 : Operation 31 [1/1] (0.00ns)   --->   "call void (...)* @_ssdm_op_SpecInterface(i16* %out_3_V_V, [8 x i8]* @ap_fifo_str, i32 0, i32 0, [1 x i8]* @p_str, i32 0, i32 0, [1 x i8]* @p_str, [1 x i8]* @p_str, [1 x i8]* @p_str, i32 2, i32 2, i32 16, i32 16, [1 x i8]* @p_str, [1 x i8]* @p_str)"   --->   Operation 31 'specinterface' <Predicate = true> <Delay = 0.00>
ST_1 : Operation 32 [1/1] (0.00ns)   --->   "call void (...)* @_ssdm_op_SpecInterface(i16* %out_2_V_V, [8 x i8]* @ap_fifo_str, i32 0, i32 0, [1 x i8]* @p_str, i32 0, i32 0, [1 x i8]* @p_str, [1 x i8]* @p_str, [1 x i8]* @p_str, i32 2, i32 2, i32 16, i32 16, [1 x i8]* @p_str, [1 x i8]* @p_str)"   --->   Operation 32 'specinterface' <Predicate = true> <Delay = 0.00>
ST_1 : Operation 33 [1/1] (0.00ns)   --->   "call void (...)* @_ssdm_op_SpecInterface(i16* %out_1_V_V, [8 x i8]* @ap_fifo_str, i32 0, i32 0, [1 x i8]* @p_str, i32 0, i32 0, [1 x i8]* @p_str, [1 x i8]* @p_str, [1 x i8]* @p_str, i32 2, i32 2, i32 16, i32 16, [1 x i8]* @p_str, [1 x i8]* @p_str)"   --->   Operation 33 'specinterface' <Predicate = true> <Delay = 0.00>
ST_1 : Operation 34 [1/1] (0.00ns)   --->   "call void (...)* @_ssdm_op_SpecInterface(i16* %out_0_V_V, [8 x i8]* @ap_fifo_str, i32 0, i32 0, [1 x i8]* @p_str, i32 0, i32 0, [1 x i8]* @p_str, [1 x i8]* @p_str, [1 x i8]* @p_str, i32 2, i32 2, i32 16, i32 16, [1 x i8]* @p_str, [1 x i8]* @p_str)"   --->   Operation 34 'specinterface' <Predicate = true> <Delay = 0.00>
ST_1 : Operation 35 [1/1] (1.76ns)   --->   "br label %rewind_header" [/root/fpgaconvnet-tutorial/fpgaconvnet-hls/fpgaconvnet/hls/hardware/squeeze.hpp:122]   --->   Operation 35 'br' <Predicate = true> <Delay = 1.76>

State 2 <SV = 1> <Delay = 4.37>
ST_2 : Operation 36 [1/1] (0.00ns)   --->   "%do_init = phi i1 [ true, %0 ], [ false, %pixel_channel_loop ], [ true, %1 ]"   --->   Operation 36 'phi' 'do_init' <Predicate = true> <Delay = 0.00>
ST_2 : Operation 37 [1/1] (0.00ns)   --->   "%i_01 = phi i10 [ 0, %0 ], [ %i, %pixel_channel_loop ], [ 0, %1 ]"   --->   Operation 37 'phi' 'i_01' <Predicate = true> <Delay = 0.00>
ST_2 : Operation 38 [1/1] (0.00ns)   --->   "br i1 %do_init, label %rewind_init, label %pixel_channel_loop"   --->   Operation 38 'br' <Predicate = true> <Delay = 0.00>
ST_2 : Operation 39 [1/1] (0.00ns)   --->   "br label %pixel_channel_loop" [/root/fpgaconvnet-tutorial/fpgaconvnet-hls/fpgaconvnet/hls/hardware/squeeze.hpp:122]   --->   Operation 39 'br' <Predicate = (do_init)> <Delay = 0.00>
ST_2 : Operation 40 [1/1] (0.00ns)   --->   "call void (...)* @_ssdm_op_SpecLoopName([19 x i8]* @p_str225) nounwind" [/root/fpgaconvnet-tutorial/fpgaconvnet-hls/fpgaconvnet/hls/hardware/squeeze.hpp:122]   --->   Operation 40 'specloopname' <Predicate = true> <Delay = 0.00>
ST_2 : Operation 41 [1/1] (0.00ns)   --->   "%tmp = call i32 (...)* @_ssdm_op_SpecRegionBegin([19 x i8]* @p_str225)" [/root/fpgaconvnet-tutorial/fpgaconvnet-hls/fpgaconvnet/hls/hardware/squeeze.hpp:122]   --->   Operation 41 'specregionbegin' 'tmp' <Predicate = true> <Delay = 0.00>
ST_2 : Operation 42 [1/1] (0.00ns)   --->   "call void (...)* @_ssdm_op_SpecPipeline(i32 1, i32 1, i32 1, i32 0, [1 x i8]* @p_str23) nounwind" [/root/fpgaconvnet-tutorial/fpgaconvnet-hls/fpgaconvnet/hls/hardware/squeeze.hpp:125]   --->   Operation 42 'specpipeline' <Predicate = true> <Delay = 0.00>
ST_2 : Operation 43 [1/1] (2.18ns)   --->   "%tmp_V = call i16 @_ssdm_op_Read.ap_fifo.volatile.i16P(i16* %in_0_V_V)" [/root/fpgaconvnet-tutorial/fpgaconvnet-hls/fpgaconvnet/hls/hardware/squeeze.hpp:129]   --->   Operation 43 'read' 'tmp_V' <Predicate = true> <Delay = 2.18> <Core = "FIFO_SRL">   --->   Core 36 'FIFO_SRL' <Latency = 0> <II = 1> <Delay = 3.63> <Storage> <Opcode : 'read' 'write' 'nbread' 'nbwrite'> <Ports = 0> <Width = 16> <Depth = 0> <FIFO>
ST_2 : Operation 44 [1/1] (2.18ns)   --->   "call void @_ssdm_op_Write.ap_fifo.volatile.i16P(i16* %out_0_V_V, i16 %tmp_V)" [/root/fpgaconvnet-tutorial/fpgaconvnet-hls/fpgaconvnet/hls/hardware/squeeze.hpp:129]   --->   Operation 44 'write' <Predicate = true> <Delay = 2.18> <Core = "FIFO_SRL">   --->   Core 36 'FIFO_SRL' <Latency = 0> <II = 1> <Delay = 3.63> <Storage> <Opcode : 'read' 'write' 'nbread' 'nbwrite'> <Ports = 0> <Width = 16> <Depth = 0> <FIFO>
ST_2 : Operation 45 [1/1] (2.18ns)   --->   "%tmp_V_1 = call i16 @_ssdm_op_Read.ap_fifo.volatile.i16P(i16* %in_1_V_V)" [/root/fpgaconvnet-tutorial/fpgaconvnet-hls/fpgaconvnet/hls/hardware/squeeze.hpp:129]   --->   Operation 45 'read' 'tmp_V_1' <Predicate = true> <Delay = 2.18> <Core = "FIFO_SRL">   --->   Core 36 'FIFO_SRL' <Latency = 0> <II = 1> <Delay = 3.63> <Storage> <Opcode : 'read' 'write' 'nbread' 'nbwrite'> <Ports = 0> <Width = 16> <Depth = 0> <FIFO>
ST_2 : Operation 46 [1/1] (2.18ns)   --->   "call void @_ssdm_op_Write.ap_fifo.volatile.i16P(i16* %out_1_V_V, i16 %tmp_V_1)" [/root/fpgaconvnet-tutorial/fpgaconvnet-hls/fpgaconvnet/hls/hardware/squeeze.hpp:129]   --->   Operation 46 'write' <Predicate = true> <Delay = 2.18> <Core = "FIFO_SRL">   --->   Core 36 'FIFO_SRL' <Latency = 0> <II = 1> <Delay = 3.63> <Storage> <Opcode : 'read' 'write' 'nbread' 'nbwrite'> <Ports = 0> <Width = 16> <Depth = 0> <FIFO>
ST_2 : Operation 47 [1/1] (2.18ns)   --->   "%tmp_V_2 = call i16 @_ssdm_op_Read.ap_fifo.volatile.i16P(i16* %in_2_V_V)" [/root/fpgaconvnet-tutorial/fpgaconvnet-hls/fpgaconvnet/hls/hardware/squeeze.hpp:129]   --->   Operation 47 'read' 'tmp_V_2' <Predicate = true> <Delay = 2.18> <Core = "FIFO_SRL">   --->   Core 36 'FIFO_SRL' <Latency = 0> <II = 1> <Delay = 3.63> <Storage> <Opcode : 'read' 'write' 'nbread' 'nbwrite'> <Ports = 0> <Width = 16> <Depth = 0> <FIFO>
ST_2 : Operation 48 [1/1] (2.18ns)   --->   "call void @_ssdm_op_Write.ap_fifo.volatile.i16P(i16* %out_2_V_V, i16 %tmp_V_2)" [/root/fpgaconvnet-tutorial/fpgaconvnet-hls/fpgaconvnet/hls/hardware/squeeze.hpp:129]   --->   Operation 48 'write' <Predicate = true> <Delay = 2.18> <Core = "FIFO_SRL">   --->   Core 36 'FIFO_SRL' <Latency = 0> <II = 1> <Delay = 3.63> <Storage> <Opcode : 'read' 'write' 'nbread' 'nbwrite'> <Ports = 0> <Width = 16> <Depth = 0> <FIFO>
ST_2 : Operation 49 [1/1] (2.18ns)   --->   "%tmp_V_3 = call i16 @_ssdm_op_Read.ap_fifo.volatile.i16P(i16* %in_3_V_V)" [/root/fpgaconvnet-tutorial/fpgaconvnet-hls/fpgaconvnet/hls/hardware/squeeze.hpp:129]   --->   Operation 49 'read' 'tmp_V_3' <Predicate = true> <Delay = 2.18> <Core = "FIFO_SRL">   --->   Core 36 'FIFO_SRL' <Latency = 0> <II = 1> <Delay = 3.63> <Storage> <Opcode : 'read' 'write' 'nbread' 'nbwrite'> <Ports = 0> <Width = 16> <Depth = 0> <FIFO>
ST_2 : Operation 50 [1/1] (2.18ns)   --->   "call void @_ssdm_op_Write.ap_fifo.volatile.i16P(i16* %out_3_V_V, i16 %tmp_V_3)" [/root/fpgaconvnet-tutorial/fpgaconvnet-hls/fpgaconvnet/hls/hardware/squeeze.hpp:129]   --->   Operation 50 'write' <Predicate = true> <Delay = 2.18> <Core = "FIFO_SRL">   --->   Core 36 'FIFO_SRL' <Latency = 0> <II = 1> <Delay = 3.63> <Storage> <Opcode : 'read' 'write' 'nbread' 'nbwrite'> <Ports = 0> <Width = 16> <Depth = 0> <FIFO>
ST_2 : Operation 51 [1/1] (2.18ns)   --->   "%tmp_V_4 = call i16 @_ssdm_op_Read.ap_fifo.volatile.i16P(i16* %in_4_V_V)" [/root/fpgaconvnet-tutorial/fpgaconvnet-hls/fpgaconvnet/hls/hardware/squeeze.hpp:129]   --->   Operation 51 'read' 'tmp_V_4' <Predicate = true> <Delay = 2.18> <Core = "FIFO_SRL">   --->   Core 36 'FIFO_SRL' <Latency = 0> <II = 1> <Delay = 3.63> <Storage> <Opcode : 'read' 'write' 'nbread' 'nbwrite'> <Ports = 0> <Width = 16> <Depth = 0> <FIFO>
ST_2 : Operation 52 [1/1] (2.18ns)   --->   "call void @_ssdm_op_Write.ap_fifo.volatile.i16P(i16* %out_4_V_V, i16 %tmp_V_4)" [/root/fpgaconvnet-tutorial/fpgaconvnet-hls/fpgaconvnet/hls/hardware/squeeze.hpp:129]   --->   Operation 52 'write' <Predicate = true> <Delay = 2.18> <Core = "FIFO_SRL">   --->   Core 36 'FIFO_SRL' <Latency = 0> <II = 1> <Delay = 3.63> <Storage> <Opcode : 'read' 'write' 'nbread' 'nbwrite'> <Ports = 0> <Width = 16> <Depth = 0> <FIFO>
ST_2 : Operation 53 [1/1] (2.18ns)   --->   "%tmp_V_5 = call i16 @_ssdm_op_Read.ap_fifo.volatile.i16P(i16* %in_5_V_V)" [/root/fpgaconvnet-tutorial/fpgaconvnet-hls/fpgaconvnet/hls/hardware/squeeze.hpp:129]   --->   Operation 53 'read' 'tmp_V_5' <Predicate = true> <Delay = 2.18> <Core = "FIFO_SRL">   --->   Core 36 'FIFO_SRL' <Latency = 0> <II = 1> <Delay = 3.63> <Storage> <Opcode : 'read' 'write' 'nbread' 'nbwrite'> <Ports = 0> <Width = 16> <Depth = 0> <FIFO>
ST_2 : Operation 54 [1/1] (2.18ns)   --->   "call void @_ssdm_op_Write.ap_fifo.volatile.i16P(i16* %out_5_V_V, i16 %tmp_V_5)" [/root/fpgaconvnet-tutorial/fpgaconvnet-hls/fpgaconvnet/hls/hardware/squeeze.hpp:129]   --->   Operation 54 'write' <Predicate = true> <Delay = 2.18> <Core = "FIFO_SRL">   --->   Core 36 'FIFO_SRL' <Latency = 0> <II = 1> <Delay = 3.63> <Storage> <Opcode : 'read' 'write' 'nbread' 'nbwrite'> <Ports = 0> <Width = 16> <Depth = 0> <FIFO>
ST_2 : Operation 55 [1/1] (2.18ns)   --->   "%tmp_V_6 = call i16 @_ssdm_op_Read.ap_fifo.volatile.i16P(i16* %in_6_V_V)" [/root/fpgaconvnet-tutorial/fpgaconvnet-hls/fpgaconvnet/hls/hardware/squeeze.hpp:129]   --->   Operation 55 'read' 'tmp_V_6' <Predicate = true> <Delay = 2.18> <Core = "FIFO_SRL">   --->   Core 36 'FIFO_SRL' <Latency = 0> <II = 1> <Delay = 3.63> <Storage> <Opcode : 'read' 'write' 'nbread' 'nbwrite'> <Ports = 0> <Width = 16> <Depth = 0> <FIFO>
ST_2 : Operation 56 [1/1] (2.18ns)   --->   "call void @_ssdm_op_Write.ap_fifo.volatile.i16P(i16* %out_6_V_V, i16 %tmp_V_6)" [/root/fpgaconvnet-tutorial/fpgaconvnet-hls/fpgaconvnet/hls/hardware/squeeze.hpp:129]   --->   Operation 56 'write' <Predicate = true> <Delay = 2.18> <Core = "FIFO_SRL">   --->   Core 36 'FIFO_SRL' <Latency = 0> <II = 1> <Delay = 3.63> <Storage> <Opcode : 'read' 'write' 'nbread' 'nbwrite'> <Ports = 0> <Width = 16> <Depth = 0> <FIFO>
ST_2 : Operation 57 [1/1] (2.18ns)   --->   "%tmp_V_7 = call i16 @_ssdm_op_Read.ap_fifo.volatile.i16P(i16* %in_7_V_V)" [/root/fpgaconvnet-tutorial/fpgaconvnet-hls/fpgaconvnet/hls/hardware/squeeze.hpp:129]   --->   Operation 57 'read' 'tmp_V_7' <Predicate = true> <Delay = 2.18> <Core = "FIFO_SRL">   --->   Core 36 'FIFO_SRL' <Latency = 0> <II = 1> <Delay = 3.63> <Storage> <Opcode : 'read' 'write' 'nbread' 'nbwrite'> <Ports = 0> <Width = 16> <Depth = 0> <FIFO>
ST_2 : Operation 58 [1/1] (2.18ns)   --->   "call void @_ssdm_op_Write.ap_fifo.volatile.i16P(i16* %out_7_V_V, i16 %tmp_V_7)" [/root/fpgaconvnet-tutorial/fpgaconvnet-hls/fpgaconvnet/hls/hardware/squeeze.hpp:129]   --->   Operation 58 'write' <Predicate = true> <Delay = 2.18> <Core = "FIFO_SRL">   --->   Core 36 'FIFO_SRL' <Latency = 0> <II = 1> <Delay = 3.63> <Storage> <Opcode : 'read' 'write' 'nbread' 'nbwrite'> <Ports = 0> <Width = 16> <Depth = 0> <FIFO>
ST_2 : Operation 59 [1/1] (2.18ns)   --->   "%tmp_V_8 = call i16 @_ssdm_op_Read.ap_fifo.volatile.i16P(i16* %in_8_V_V)" [/root/fpgaconvnet-tutorial/fpgaconvnet-hls/fpgaconvnet/hls/hardware/squeeze.hpp:129]   --->   Operation 59 'read' 'tmp_V_8' <Predicate = true> <Delay = 2.18> <Core = "FIFO_SRL">   --->   Core 36 'FIFO_SRL' <Latency = 0> <II = 1> <Delay = 3.63> <Storage> <Opcode : 'read' 'write' 'nbread' 'nbwrite'> <Ports = 0> <Width = 16> <Depth = 0> <FIFO>
ST_2 : Operation 60 [1/1] (2.18ns)   --->   "call void @_ssdm_op_Write.ap_fifo.volatile.i16P(i16* %out_8_V_V, i16 %tmp_V_8)" [/root/fpgaconvnet-tutorial/fpgaconvnet-hls/fpgaconvnet/hls/hardware/squeeze.hpp:129]   --->   Operation 60 'write' <Predicate = true> <Delay = 2.18> <Core = "FIFO_SRL">   --->   Core 36 'FIFO_SRL' <Latency = 0> <II = 1> <Delay = 3.63> <Storage> <Opcode : 'read' 'write' 'nbread' 'nbwrite'> <Ports = 0> <Width = 16> <Depth = 0> <FIFO>
ST_2 : Operation 61 [1/1] (2.18ns)   --->   "%tmp_V_9 = call i16 @_ssdm_op_Read.ap_fifo.volatile.i16P(i16* %in_9_V_V)" [/root/fpgaconvnet-tutorial/fpgaconvnet-hls/fpgaconvnet/hls/hardware/squeeze.hpp:129]   --->   Operation 61 'read' 'tmp_V_9' <Predicate = true> <Delay = 2.18> <Core = "FIFO_SRL">   --->   Core 36 'FIFO_SRL' <Latency = 0> <II = 1> <Delay = 3.63> <Storage> <Opcode : 'read' 'write' 'nbread' 'nbwrite'> <Ports = 0> <Width = 16> <Depth = 0> <FIFO>
ST_2 : Operation 62 [1/1] (2.18ns)   --->   "call void @_ssdm_op_Write.ap_fifo.volatile.i16P(i16* %out_9_V_V, i16 %tmp_V_9)" [/root/fpgaconvnet-tutorial/fpgaconvnet-hls/fpgaconvnet/hls/hardware/squeeze.hpp:129]   --->   Operation 62 'write' <Predicate = true> <Delay = 2.18> <Core = "FIFO_SRL">   --->   Core 36 'FIFO_SRL' <Latency = 0> <II = 1> <Delay = 3.63> <Storage> <Opcode : 'read' 'write' 'nbread' 'nbwrite'> <Ports = 0> <Width = 16> <Depth = 0> <FIFO>
ST_2 : Operation 63 [1/1] (2.18ns)   --->   "%tmp_V_10 = call i16 @_ssdm_op_Read.ap_fifo.volatile.i16P(i16* %in_10_V_V)" [/root/fpgaconvnet-tutorial/fpgaconvnet-hls/fpgaconvnet/hls/hardware/squeeze.hpp:129]   --->   Operation 63 'read' 'tmp_V_10' <Predicate = true> <Delay = 2.18> <Core = "FIFO_SRL">   --->   Core 36 'FIFO_SRL' <Latency = 0> <II = 1> <Delay = 3.63> <Storage> <Opcode : 'read' 'write' 'nbread' 'nbwrite'> <Ports = 0> <Width = 16> <Depth = 0> <FIFO>
ST_2 : Operation 64 [1/1] (2.18ns)   --->   "call void @_ssdm_op_Write.ap_fifo.volatile.i16P(i16* %out_10_V_V, i16 %tmp_V_10)" [/root/fpgaconvnet-tutorial/fpgaconvnet-hls/fpgaconvnet/hls/hardware/squeeze.hpp:129]   --->   Operation 64 'write' <Predicate = true> <Delay = 2.18> <Core = "FIFO_SRL">   --->   Core 36 'FIFO_SRL' <Latency = 0> <II = 1> <Delay = 3.63> <Storage> <Opcode : 'read' 'write' 'nbread' 'nbwrite'> <Ports = 0> <Width = 16> <Depth = 0> <FIFO>
ST_2 : Operation 65 [1/1] (2.18ns)   --->   "%tmp_V_11 = call i16 @_ssdm_op_Read.ap_fifo.volatile.i16P(i16* %in_11_V_V)" [/root/fpgaconvnet-tutorial/fpgaconvnet-hls/fpgaconvnet/hls/hardware/squeeze.hpp:129]   --->   Operation 65 'read' 'tmp_V_11' <Predicate = true> <Delay = 2.18> <Core = "FIFO_SRL">   --->   Core 36 'FIFO_SRL' <Latency = 0> <II = 1> <Delay = 3.63> <Storage> <Opcode : 'read' 'write' 'nbread' 'nbwrite'> <Ports = 0> <Width = 16> <Depth = 0> <FIFO>
ST_2 : Operation 66 [1/1] (2.18ns)   --->   "call void @_ssdm_op_Write.ap_fifo.volatile.i16P(i16* %out_11_V_V, i16 %tmp_V_11)" [/root/fpgaconvnet-tutorial/fpgaconvnet-hls/fpgaconvnet/hls/hardware/squeeze.hpp:129]   --->   Operation 66 'write' <Predicate = true> <Delay = 2.18> <Core = "FIFO_SRL">   --->   Core 36 'FIFO_SRL' <Latency = 0> <II = 1> <Delay = 3.63> <Storage> <Opcode : 'read' 'write' 'nbread' 'nbwrite'> <Ports = 0> <Width = 16> <Depth = 0> <FIFO>
ST_2 : Operation 67 [1/1] (2.18ns)   --->   "%tmp_V_12 = call i16 @_ssdm_op_Read.ap_fifo.volatile.i16P(i16* %in_12_V_V)" [/root/fpgaconvnet-tutorial/fpgaconvnet-hls/fpgaconvnet/hls/hardware/squeeze.hpp:129]   --->   Operation 67 'read' 'tmp_V_12' <Predicate = true> <Delay = 2.18> <Core = "FIFO_SRL">   --->   Core 36 'FIFO_SRL' <Latency = 0> <II = 1> <Delay = 3.63> <Storage> <Opcode : 'read' 'write' 'nbread' 'nbwrite'> <Ports = 0> <Width = 16> <Depth = 0> <FIFO>
ST_2 : Operation 68 [1/1] (2.18ns)   --->   "call void @_ssdm_op_Write.ap_fifo.volatile.i16P(i16* %out_12_V_V, i16 %tmp_V_12)" [/root/fpgaconvnet-tutorial/fpgaconvnet-hls/fpgaconvnet/hls/hardware/squeeze.hpp:129]   --->   Operation 68 'write' <Predicate = true> <Delay = 2.18> <Core = "FIFO_SRL">   --->   Core 36 'FIFO_SRL' <Latency = 0> <II = 1> <Delay = 3.63> <Storage> <Opcode : 'read' 'write' 'nbread' 'nbwrite'> <Ports = 0> <Width = 16> <Depth = 0> <FIFO>
ST_2 : Operation 69 [1/1] (2.18ns)   --->   "%tmp_V_13 = call i16 @_ssdm_op_Read.ap_fifo.volatile.i16P(i16* %in_13_V_V)" [/root/fpgaconvnet-tutorial/fpgaconvnet-hls/fpgaconvnet/hls/hardware/squeeze.hpp:129]   --->   Operation 69 'read' 'tmp_V_13' <Predicate = true> <Delay = 2.18> <Core = "FIFO_SRL">   --->   Core 36 'FIFO_SRL' <Latency = 0> <II = 1> <Delay = 3.63> <Storage> <Opcode : 'read' 'write' 'nbread' 'nbwrite'> <Ports = 0> <Width = 16> <Depth = 0> <FIFO>
ST_2 : Operation 70 [1/1] (2.18ns)   --->   "call void @_ssdm_op_Write.ap_fifo.volatile.i16P(i16* %out_13_V_V, i16 %tmp_V_13)" [/root/fpgaconvnet-tutorial/fpgaconvnet-hls/fpgaconvnet/hls/hardware/squeeze.hpp:129]   --->   Operation 70 'write' <Predicate = true> <Delay = 2.18> <Core = "FIFO_SRL">   --->   Core 36 'FIFO_SRL' <Latency = 0> <II = 1> <Delay = 3.63> <Storage> <Opcode : 'read' 'write' 'nbread' 'nbwrite'> <Ports = 0> <Width = 16> <Depth = 0> <FIFO>
ST_2 : Operation 71 [1/1] (2.18ns)   --->   "%tmp_V_14 = call i16 @_ssdm_op_Read.ap_fifo.volatile.i16P(i16* %in_14_V_V)" [/root/fpgaconvnet-tutorial/fpgaconvnet-hls/fpgaconvnet/hls/hardware/squeeze.hpp:129]   --->   Operation 71 'read' 'tmp_V_14' <Predicate = true> <Delay = 2.18> <Core = "FIFO_SRL">   --->   Core 36 'FIFO_SRL' <Latency = 0> <II = 1> <Delay = 3.63> <Storage> <Opcode : 'read' 'write' 'nbread' 'nbwrite'> <Ports = 0> <Width = 16> <Depth = 0> <FIFO>
ST_2 : Operation 72 [1/1] (2.18ns)   --->   "call void @_ssdm_op_Write.ap_fifo.volatile.i16P(i16* %out_14_V_V, i16 %tmp_V_14)" [/root/fpgaconvnet-tutorial/fpgaconvnet-hls/fpgaconvnet/hls/hardware/squeeze.hpp:129]   --->   Operation 72 'write' <Predicate = true> <Delay = 2.18> <Core = "FIFO_SRL">   --->   Core 36 'FIFO_SRL' <Latency = 0> <II = 1> <Delay = 3.63> <Storage> <Opcode : 'read' 'write' 'nbread' 'nbwrite'> <Ports = 0> <Width = 16> <Depth = 0> <FIFO>
ST_2 : Operation 73 [1/1] (2.18ns)   --->   "%tmp_V_15 = call i16 @_ssdm_op_Read.ap_fifo.volatile.i16P(i16* %in_15_V_V)" [/root/fpgaconvnet-tutorial/fpgaconvnet-hls/fpgaconvnet/hls/hardware/squeeze.hpp:129]   --->   Operation 73 'read' 'tmp_V_15' <Predicate = true> <Delay = 2.18> <Core = "FIFO_SRL">   --->   Core 36 'FIFO_SRL' <Latency = 0> <II = 1> <Delay = 3.63> <Storage> <Opcode : 'read' 'write' 'nbread' 'nbwrite'> <Ports = 0> <Width = 16> <Depth = 0> <FIFO>
ST_2 : Operation 74 [1/1] (2.18ns)   --->   "call void @_ssdm_op_Write.ap_fifo.volatile.i16P(i16* %out_15_V_V, i16 %tmp_V_15)" [/root/fpgaconvnet-tutorial/fpgaconvnet-hls/fpgaconvnet/hls/hardware/squeeze.hpp:129]   --->   Operation 74 'write' <Predicate = true> <Delay = 2.18> <Core = "FIFO_SRL">   --->   Core 36 'FIFO_SRL' <Latency = 0> <II = 1> <Delay = 3.63> <Storage> <Opcode : 'read' 'write' 'nbread' 'nbwrite'> <Ports = 0> <Width = 16> <Depth = 0> <FIFO>
ST_2 : Operation 75 [1/1] (0.00ns)   --->   "%empty = call i32 (...)* @_ssdm_op_SpecRegionEnd([19 x i8]* @p_str225, i32 %tmp)" [/root/fpgaconvnet-tutorial/fpgaconvnet-hls/fpgaconvnet/hls/hardware/squeeze.hpp:135]   --->   Operation 75 'specregionend' 'empty' <Predicate = true> <Delay = 0.00>
ST_2 : Operation 76 [1/1] (1.73ns)   --->   "%i = add i10 %i_01, 1" [/root/fpgaconvnet-tutorial/fpgaconvnet-hls/fpgaconvnet/hls/hardware/squeeze.hpp:122]   --->   Operation 76 'add' 'i' <Predicate = true> <Delay = 1.73> <Core = "AddSub">   --->   Core 14 'AddSub' <Latency = 0> <II = 1> <Delay = 1.73> <FuncUnit> <Opcode : 'add' 'sub'> <InPorts = 2> <OutPorts = 1>
ST_2 : Operation 77 [1/1] (1.77ns)   --->   "%icmp_ln122 = icmp eq i10 %i_01, -449" [/root/fpgaconvnet-tutorial/fpgaconvnet-hls/fpgaconvnet/hls/hardware/squeeze.hpp:122]   --->   Operation 77 'icmp' 'icmp_ln122' <Predicate = true> <Delay = 1.77> <Core = "Cmp">   --->   Core 25 'Cmp' <Latency = 0> <II = 1> <Delay = 1.77> <FuncUnit> <Opcode : 'icmp'> <InPorts = 2> <OutPorts = 1>
ST_2 : Operation 78 [1/1] (0.00ns)   --->   "%empty_79 = call i32 (...)* @_ssdm_op_SpecLoopTripCount(i64 576, i64 576, i64 576)"   --->   Operation 78 'speclooptripcount' 'empty_79' <Predicate = true> <Delay = 0.00>
ST_2 : Operation 79 [1/1] (0.00ns)   --->   "br i1 %icmp_ln122, label %1, label %rewind_header" [/root/fpgaconvnet-tutorial/fpgaconvnet-hls/fpgaconvnet/hls/hardware/squeeze.hpp:122]   --->   Operation 79 'br' <Predicate = true> <Delay = 0.00>
ST_2 : Operation 80 [1/1] (0.00ns)   --->   "call void (...)* @_ssdm_op_Return()" [/root/fpgaconvnet-tutorial/fpgaconvnet-hls/fpgaconvnet/hls/hardware/squeeze.hpp:137]   --->   Operation 80 'return' <Predicate = (icmp_ln122)> <Delay = 0.00>
ST_2 : Operation 81 [1/1] (0.00ns)   --->   "br label %rewind_header" [/root/fpgaconvnet-tutorial/fpgaconvnet-hls/fpgaconvnet/hls/hardware/squeeze.hpp:137]   --->   Operation 81 'br' <Predicate = (icmp_ln122)> <Delay = 0.00>


============================================================
+ Verbose Summary: Timing violations
============================================================
Target clock period: 5ns, clock uncertainty: 0.625ns.

 <State 1>: 1.77ns
The critical path consists of the following:
	multiplexor before 'phi' operation ('do_init') [67]  (1.77 ns)

 <State 2>: 4.38ns
The critical path consists of the following:
	fifo read on port 'in_0_V_V' (/root/fpgaconvnet-tutorial/fpgaconvnet-hls/fpgaconvnet/hls/hardware/squeeze.hpp:129) [76]  (2.19 ns)
	fifo write on port 'out_0_V_V' (/root/fpgaconvnet-tutorial/fpgaconvnet-hls/fpgaconvnet/hls/hardware/squeeze.hpp:129) [77]  (2.19 ns)


============================================================
+ Verbose Summary: Binding
============================================================
N/A
* FSMD analyzer results:
  - Output states:
 - Input state : 
  - Chain level:
	State 1
	State 2


============================================================
+ Verbose Summary: Datapath Resource usage 
============================================================
N/A
