

================================================================
== Vivado HLS Report for 'squeeze_in'
================================================================
* Date:           Sat Feb 15 07:24:41 2025

* Version:        2019.2 (Build 2704478 on Wed Nov 06 22:10:23 MST 2019)
* Project:        partition_0
* Solution:       solution
* Product family: zynq
* Target device:  xc7z020-clg484-1


================================================================
== Performance Estimates
================================================================
+ Timing: 
    * Summary: 
    +--------+---------+----------+------------+
    |  Clock |  Target | Estimated| Uncertainty|
    +--------+---------+----------+------------+
    |ap_clk  | 5.00 ns | 4.375 ns |   0.62 ns  |
    +--------+---------+----------+------------+

+ Latency: 
    * Summary: 
    +---------+---------+-----------+-----------+------+------+---------------------------------------------+
    |  Latency (cycles) |   Latency (absolute)  |   Interval  |                   Pipeline                  |
    |   min   |   max   |    min    |    max    |  min |  max |                     Type                    |
    +---------+---------+-----------+-----------+------+------+---------------------------------------------+
    |     9216|     9217| 46.080 us | 46.085 us |  9216|  9216| loop rewind(delay=0 initiation interval(s)) |
    +---------+---------+-----------+-----------+------+------+---------------------------------------------+

    + Detail: 
        * Instance: 
        N/A

        * Loop: 
        +----------------------+---------+---------+----------+-----------+-----------+------+----------+
        |                      |  Latency (cycles) | Iteration|  Initiation Interval  | Trip |          |
        |       Loop Name      |   min   |   max   |  Latency |  achieved |   target  | Count| Pipelined|
        +----------------------+---------+---------+----------+-----------+-----------+------+----------+
        |- pixel_channel_loop  |     9216|     9216|         5|          4|          1|  2304|    yes   |
        +----------------------+---------+---------+----------+-----------+-----------+------+----------+

============================================================
+ Verbose Summary: Synthesis Manager
============================================================
InlineROM: 1
ExposeGlobal: 0
============================================================
+ Verbose Summary: CDFG Model
============================================================
IsTopModel: 0
ResetActiveHigh: 1
IsCombinational: 2
IsDatapathOnly: 0
HasWiredReturn: 1
HasMFsm: 0
HasVarLatency: 1
IsPipeline: 0
IsRtlPipelined: 0
IsInstanceOverlapped: 0
IsDontTouch: 0
HasImplIP: 0
IsGatedGlobalClock: 0

+ Individual pipeline summary: 
  * Pipeline-0: initiation interval (II) = 4, depth = 5


============================================================
+ Verbose Summary: Schedule
============================================================
* Number of FSM states : 6
* Pipeline : 1
  Pipeline-0 : II = 4, D = 5, States = { 2 3 4 5 6 }
* Dataflow Pipeline: 0

* FSM state transitions: 
1 --> 2 
2 --> 3 
3 --> 4 
4 --> 5 
5 --> 6 
6 --> 2 

* FSM state operations: 

State 1 <SV = 0> <Delay = 1.76>
ST_1 : Operation 7 [1/1] (0.00ns)   --->   "call void (...)* @_ssdm_op_SpecInterface(i16* %out_15_V_V, [8 x i8]* @ap_fifo_str, i32 0, i32 0, [1 x i8]* @p_str, i32 0, i32 0, [1 x i8]* @p_str, [1 x i8]* @p_str, [1 x i8]* @p_str, i32 2, i32 2, i32 16, i32 16, [1 x i8]* @p_str, [1 x i8]* @p_str)"   --->   Operation 7 'specinterface' <Predicate = true> <Delay = 0.00>
ST_1 : Operation 8 [1/1] (0.00ns)   --->   "call void (...)* @_ssdm_op_SpecInterface(i16* %out_14_V_V, [8 x i8]* @ap_fifo_str, i32 0, i32 0, [1 x i8]* @p_str, i32 0, i32 0, [1 x i8]* @p_str, [1 x i8]* @p_str, [1 x i8]* @p_str, i32 2, i32 2, i32 16, i32 16, [1 x i8]* @p_str, [1 x i8]* @p_str)"   --->   Operation 8 'specinterface' <Predicate = true> <Delay = 0.00>
ST_1 : Operation 9 [1/1] (0.00ns)   --->   "call void (...)* @_ssdm_op_SpecInterface(i16* %out_13_V_V, [8 x i8]* @ap_fifo_str, i32 0, i32 0, [1 x i8]* @p_str, i32 0, i32 0, [1 x i8]* @p_str, [1 x i8]* @p_str, [1 x i8]* @p_str, i32 2, i32 2, i32 16, i32 16, [1 x i8]* @p_str, [1 x i8]* @p_str)"   --->   Operation 9 'specinterface' <Predicate = true> <Delay = 0.00>
ST_1 : Operation 10 [1/1] (0.00ns)   --->   "call void (...)* @_ssdm_op_SpecInterface(i16* %out_12_V_V, [8 x i8]* @ap_fifo_str, i32 0, i32 0, [1 x i8]* @p_str, i32 0, i32 0, [1 x i8]* @p_str, [1 x i8]* @p_str, [1 x i8]* @p_str, i32 2, i32 2, i32 16, i32 16, [1 x i8]* @p_str, [1 x i8]* @p_str)"   --->   Operation 10 'specinterface' <Predicate = true> <Delay = 0.00>
ST_1 : Operation 11 [1/1] (0.00ns)   --->   "call void (...)* @_ssdm_op_SpecInterface(i16* %out_11_V_V, [8 x i8]* @ap_fifo_str, i32 0, i32 0, [1 x i8]* @p_str, i32 0, i32 0, [1 x i8]* @p_str, [1 x i8]* @p_str, [1 x i8]* @p_str, i32 2, i32 2, i32 16, i32 16, [1 x i8]* @p_str, [1 x i8]* @p_str)"   --->   Operation 11 'specinterface' <Predicate = true> <Delay = 0.00>
ST_1 : Operation 12 [1/1] (0.00ns)   --->   "call void (...)* @_ssdm_op_SpecInterface(i16* %out_10_V_V, [8 x i8]* @ap_fifo_str, i32 0, i32 0, [1 x i8]* @p_str, i32 0, i32 0, [1 x i8]* @p_str, [1 x i8]* @p_str, [1 x i8]* @p_str, i32 2, i32 2, i32 16, i32 16, [1 x i8]* @p_str, [1 x i8]* @p_str)"   --->   Operation 12 'specinterface' <Predicate = true> <Delay = 0.00>
ST_1 : Operation 13 [1/1] (0.00ns)   --->   "call void (...)* @_ssdm_op_SpecInterface(i16* %out_9_V_V, [8 x i8]* @ap_fifo_str, i32 0, i32 0, [1 x i8]* @p_str, i32 0, i32 0, [1 x i8]* @p_str, [1 x i8]* @p_str, [1 x i8]* @p_str, i32 2, i32 2, i32 16, i32 16, [1 x i8]* @p_str, [1 x i8]* @p_str)"   --->   Operation 13 'specinterface' <Predicate = true> <Delay = 0.00>
ST_1 : Operation 14 [1/1] (0.00ns)   --->   "call void (...)* @_ssdm_op_SpecInterface(i16* %out_8_V_V, [8 x i8]* @ap_fifo_str, i32 0, i32 0, [1 x i8]* @p_str, i32 0, i32 0, [1 x i8]* @p_str, [1 x i8]* @p_str, [1 x i8]* @p_str, i32 2, i32 2, i32 16, i32 16, [1 x i8]* @p_str, [1 x i8]* @p_str)"   --->   Operation 14 'specinterface' <Predicate = true> <Delay = 0.00>
ST_1 : Operation 15 [1/1] (0.00ns)   --->   "call void (...)* @_ssdm_op_SpecInterface(i16* %out_7_V_V, [8 x i8]* @ap_fifo_str, i32 0, i32 0, [1 x i8]* @p_str, i32 0, i32 0, [1 x i8]* @p_str, [1 x i8]* @p_str, [1 x i8]* @p_str, i32 2, i32 2, i32 16, i32 16, [1 x i8]* @p_str, [1 x i8]* @p_str)"   --->   Operation 15 'specinterface' <Predicate = true> <Delay = 0.00>
ST_1 : Operation 16 [1/1] (0.00ns)   --->   "call void (...)* @_ssdm_op_SpecInterface(i16* %out_6_V_V, [8 x i8]* @ap_fifo_str, i32 0, i32 0, [1 x i8]* @p_str, i32 0, i32 0, [1 x i8]* @p_str, [1 x i8]* @p_str, [1 x i8]* @p_str, i32 2, i32 2, i32 16, i32 16, [1 x i8]* @p_str, [1 x i8]* @p_str)"   --->   Operation 16 'specinterface' <Predicate = true> <Delay = 0.00>
ST_1 : Operation 17 [1/1] (0.00ns)   --->   "call void (...)* @_ssdm_op_SpecInterface(i16* %out_5_V_V, [8 x i8]* @ap_fifo_str, i32 0, i32 0, [1 x i8]* @p_str, i32 0, i32 0, [1 x i8]* @p_str, [1 x i8]* @p_str, [1 x i8]* @p_str, i32 2, i32 2, i32 16, i32 16, [1 x i8]* @p_str, [1 x i8]* @p_str)"   --->   Operation 17 'specinterface' <Predicate = true> <Delay = 0.00>
ST_1 : Operation 18 [1/1] (0.00ns)   --->   "call void (...)* @_ssdm_op_SpecInterface(i16* %out_4_V_V, [8 x i8]* @ap_fifo_str, i32 0, i32 0, [1 x i8]* @p_str, i32 0, i32 0, [1 x i8]* @p_str, [1 x i8]* @p_str, [1 x i8]* @p_str, i32 2, i32 2, i32 16, i32 16, [1 x i8]* @p_str, [1 x i8]* @p_str)"   --->   Operation 18 'specinterface' <Predicate = true> <Delay = 0.00>
ST_1 : Operation 19 [1/1] (0.00ns)   --->   "call void (...)* @_ssdm_op_SpecInterface(i16* %out_3_V_V, [8 x i8]* @ap_fifo_str, i32 0, i32 0, [1 x i8]* @p_str, i32 0, i32 0, [1 x i8]* @p_str, [1 x i8]* @p_str, [1 x i8]* @p_str, i32 2, i32 2, i32 16, i32 16, [1 x i8]* @p_str, [1 x i8]* @p_str)"   --->   Operation 19 'specinterface' <Predicate = true> <Delay = 0.00>
ST_1 : Operation 20 [1/1] (0.00ns)   --->   "call void (...)* @_ssdm_op_SpecInterface(i16* %out_2_V_V, [8 x i8]* @ap_fifo_str, i32 0, i32 0, [1 x i8]* @p_str, i32 0, i32 0, [1 x i8]* @p_str, [1 x i8]* @p_str, [1 x i8]* @p_str, i32 2, i32 2, i32 16, i32 16, [1 x i8]* @p_str, [1 x i8]* @p_str)"   --->   Operation 20 'specinterface' <Predicate = true> <Delay = 0.00>
ST_1 : Operation 21 [1/1] (0.00ns)   --->   "call void (...)* @_ssdm_op_SpecInterface(i16* %out_1_V_V, [8 x i8]* @ap_fifo_str, i32 0, i32 0, [1 x i8]* @p_str, i32 0, i32 0, [1 x i8]* @p_str, [1 x i8]* @p_str, [1 x i8]* @p_str, i32 2, i32 2, i32 16, i32 16, [1 x i8]* @p_str, [1 x i8]* @p_str)"   --->   Operation 21 'specinterface' <Predicate = true> <Delay = 0.00>
ST_1 : Operation 22 [1/1] (0.00ns)   --->   "call void (...)* @_ssdm_op_SpecInterface(i16* %out_0_V_V, [8 x i8]* @ap_fifo_str, i32 0, i32 0, [1 x i8]* @p_str, i32 0, i32 0, [1 x i8]* @p_str, [1 x i8]* @p_str, [1 x i8]* @p_str, i32 2, i32 2, i32 16, i32 16, [1 x i8]* @p_str, [1 x i8]* @p_str)"   --->   Operation 22 'specinterface' <Predicate = true> <Delay = 0.00>
ST_1 : Operation 23 [1/1] (0.00ns)   --->   "call void (...)* @_ssdm_op_SpecInterface(i16* %in_3_V_V, [8 x i8]* @ap_fifo_str, i32 0, i32 0, [1 x i8]* @p_str, i32 0, i32 0, [1 x i8]* @p_str, [1 x i8]* @p_str, [1 x i8]* @p_str, i32 2, i32 2, i32 16, i32 16, [1 x i8]* @p_str, [1 x i8]* @p_str)"   --->   Operation 23 'specinterface' <Predicate = true> <Delay = 0.00>
ST_1 : Operation 24 [1/1] (0.00ns)   --->   "call void (...)* @_ssdm_op_SpecInterface(i16* %in_2_V_V, [8 x i8]* @ap_fifo_str, i32 0, i32 0, [1 x i8]* @p_str, i32 0, i32 0, [1 x i8]* @p_str, [1 x i8]* @p_str, [1 x i8]* @p_str, i32 2, i32 2, i32 16, i32 16, [1 x i8]* @p_str, [1 x i8]* @p_str)"   --->   Operation 24 'specinterface' <Predicate = true> <Delay = 0.00>
ST_1 : Operation 25 [1/1] (0.00ns)   --->   "call void (...)* @_ssdm_op_SpecInterface(i16* %in_1_V_V, [8 x i8]* @ap_fifo_str, i32 0, i32 0, [1 x i8]* @p_str, i32 0, i32 0, [1 x i8]* @p_str, [1 x i8]* @p_str, [1 x i8]* @p_str, i32 2, i32 2, i32 16, i32 16, [1 x i8]* @p_str, [1 x i8]* @p_str)"   --->   Operation 25 'specinterface' <Predicate = true> <Delay = 0.00>
ST_1 : Operation 26 [1/1] (0.00ns)   --->   "call void (...)* @_ssdm_op_SpecInterface(i16* %in_0_V_V, [8 x i8]* @ap_fifo_str, i32 0, i32 0, [1 x i8]* @p_str, i32 0, i32 0, [1 x i8]* @p_str, [1 x i8]* @p_str, [1 x i8]* @p_str, i32 2, i32 2, i32 16, i32 16, [1 x i8]* @p_str, [1 x i8]* @p_str)"   --->   Operation 26 'specinterface' <Predicate = true> <Delay = 0.00>
ST_1 : Operation 27 [1/1] (1.76ns)   --->   "br label %rewind_header" [/root/fpgaconvnet-tutorial/fpgaconvnet-hls/fpgaconvnet/hls/hardware/squeeze.hpp:64]   --->   Operation 27 'br' <Predicate = true> <Delay = 1.76>

State 2 <SV = 1> <Delay = 0.00>
ST_2 : Operation 28 [1/1] (0.00ns)   --->   "%cache_index_01 = phi i4 [ 0, %0 ], [ %cache_index, %pixel_channel_loop_end ], [ 0, %4 ]"   --->   Operation 28 'phi' 'cache_index_01' <Predicate = true> <Delay = 0.00>

State 3 <SV = 2> <Delay = 4.37>
ST_3 : Operation 29 [1/1] (2.18ns)   --->   "%tmp_V = call i16 @_ssdm_op_Read.ap_fifo.volatile.i16P(i16* %in_0_V_V)" [/root/fpgaconvnet-tutorial/fpgaconvnet-hls/fpgaconvnet/hls/hardware/squeeze.hpp:71]   --->   Operation 29 'read' 'tmp_V' <Predicate = true> <Delay = 2.18> <Core = "FIFO_SRL">   --->   Core 36 'FIFO_SRL' <Latency = 0> <II = 1> <Delay = 3.63> <Storage> <Opcode : 'read' 'write' 'nbread' 'nbwrite'> <Ports = 0> <Width = 16> <Depth = 0> <FIFO>
ST_3 : Operation 30 [1/1] (2.18ns)   --->   "call void @_ssdm_op_Write.ap_fifo.volatile.i16P(i16* %out_12_V_V, i16 %tmp_V)" [/root/fpgaconvnet-tutorial/fpgaconvnet-hls/fpgaconvnet/hls/hardware/squeeze.hpp:71]   --->   Operation 30 'write' <Predicate = (cache_index_01 == 12)> <Delay = 2.18> <Core = "FIFO_SRL">   --->   Core 36 'FIFO_SRL' <Latency = 0> <II = 1> <Delay = 3.63> <Storage> <Opcode : 'read' 'write' 'nbread' 'nbwrite'> <Ports = 0> <Width = 16> <Depth = 0> <FIFO>
ST_3 : Operation 31 [1/1] (0.00ns)   --->   "br label %1" [/root/fpgaconvnet-tutorial/fpgaconvnet-hls/fpgaconvnet/hls/hardware/squeeze.hpp:71]   --->   Operation 31 'br' <Predicate = (cache_index_01 == 12)> <Delay = 0.00>
ST_3 : Operation 32 [1/1] (2.18ns)   --->   "call void @_ssdm_op_Write.ap_fifo.volatile.i16P(i16* %out_8_V_V, i16 %tmp_V)" [/root/fpgaconvnet-tutorial/fpgaconvnet-hls/fpgaconvnet/hls/hardware/squeeze.hpp:71]   --->   Operation 32 'write' <Predicate = (cache_index_01 == 8)> <Delay = 2.18> <Core = "FIFO_SRL">   --->   Core 36 'FIFO_SRL' <Latency = 0> <II = 1> <Delay = 3.63> <Storage> <Opcode : 'read' 'write' 'nbread' 'nbwrite'> <Ports = 0> <Width = 16> <Depth = 0> <FIFO>
ST_3 : Operation 33 [1/1] (0.00ns)   --->   "br label %1" [/root/fpgaconvnet-tutorial/fpgaconvnet-hls/fpgaconvnet/hls/hardware/squeeze.hpp:71]   --->   Operation 33 'br' <Predicate = (cache_index_01 == 8)> <Delay = 0.00>
ST_3 : Operation 34 [1/1] (2.18ns)   --->   "call void @_ssdm_op_Write.ap_fifo.volatile.i16P(i16* %out_4_V_V, i16 %tmp_V)" [/root/fpgaconvnet-tutorial/fpgaconvnet-hls/fpgaconvnet/hls/hardware/squeeze.hpp:71]   --->   Operation 34 'write' <Predicate = (cache_index_01 == 4)> <Delay = 2.18> <Core = "FIFO_SRL">   --->   Core 36 'FIFO_SRL' <Latency = 0> <II = 1> <Delay = 3.63> <Storage> <Opcode : 'read' 'write' 'nbread' 'nbwrite'> <Ports = 0> <Width = 16> <Depth = 0> <FIFO>
ST_3 : Operation 35 [1/1] (0.00ns)   --->   "br label %1" [/root/fpgaconvnet-tutorial/fpgaconvnet-hls/fpgaconvnet/hls/hardware/squeeze.hpp:71]   --->   Operation 35 'br' <Predicate = (cache_index_01 == 4)> <Delay = 0.00>
ST_3 : Operation 36 [1/1] (2.18ns)   --->   "call void @_ssdm_op_Write.ap_fifo.volatile.i16P(i16* %out_0_V_V, i16 %tmp_V)" [/root/fpgaconvnet-tutorial/fpgaconvnet-hls/fpgaconvnet/hls/hardware/squeeze.hpp:71]   --->   Operation 36 'write' <Predicate = (cache_index_01 == 0)> <Delay = 2.18> <Core = "FIFO_SRL">   --->   Core 36 'FIFO_SRL' <Latency = 0> <II = 1> <Delay = 3.63> <Storage> <Opcode : 'read' 'write' 'nbread' 'nbwrite'> <Ports = 0> <Width = 16> <Depth = 0> <FIFO>
ST_3 : Operation 37 [1/1] (0.00ns)   --->   "br label %1" [/root/fpgaconvnet-tutorial/fpgaconvnet-hls/fpgaconvnet/hls/hardware/squeeze.hpp:71]   --->   Operation 37 'br' <Predicate = (cache_index_01 == 0)> <Delay = 0.00>
ST_3 : Operation 38 [1/1] (2.18ns)   --->   "call void @_ssdm_op_Write.ap_fifo.volatile.i16P(i16* %out_15_V_V, i16 %tmp_V)" [/root/fpgaconvnet-tutorial/fpgaconvnet-hls/fpgaconvnet/hls/hardware/squeeze.hpp:71]   --->   Operation 38 'write' <Predicate = (cache_index_01 != 0 & cache_index_01 != 4 & cache_index_01 != 8 & cache_index_01 != 12)> <Delay = 2.18> <Core = "FIFO_SRL">   --->   Core 36 'FIFO_SRL' <Latency = 0> <II = 1> <Delay = 3.63> <Storage> <Opcode : 'read' 'write' 'nbread' 'nbwrite'> <Ports = 0> <Width = 16> <Depth = 0> <FIFO>
ST_3 : Operation 39 [1/1] (0.00ns)   --->   "br label %1" [/root/fpgaconvnet-tutorial/fpgaconvnet-hls/fpgaconvnet/hls/hardware/squeeze.hpp:71]   --->   Operation 39 'br' <Predicate = (cache_index_01 != 0 & cache_index_01 != 4 & cache_index_01 != 8 & cache_index_01 != 12)> <Delay = 0.00>

State 4 <SV = 3> <Delay = 4.37>
ST_4 : Operation 40 [1/1] (2.18ns)   --->   "%tmp_V_53 = call i16 @_ssdm_op_Read.ap_fifo.volatile.i16P(i16* %in_1_V_V)" [/root/fpgaconvnet-tutorial/fpgaconvnet-hls/fpgaconvnet/hls/hardware/squeeze.hpp:71]   --->   Operation 40 'read' 'tmp_V_53' <Predicate = true> <Delay = 2.18> <Core = "FIFO_SRL">   --->   Core 36 'FIFO_SRL' <Latency = 0> <II = 1> <Delay = 3.63> <Storage> <Opcode : 'read' 'write' 'nbread' 'nbwrite'> <Ports = 0> <Width = 16> <Depth = 0> <FIFO>
ST_4 : Operation 41 [1/1] (2.18ns)   --->   "call void @_ssdm_op_Write.ap_fifo.volatile.i16P(i16* %out_9_V_V, i16 %tmp_V_53)" [/root/fpgaconvnet-tutorial/fpgaconvnet-hls/fpgaconvnet/hls/hardware/squeeze.hpp:71]   --->   Operation 41 'write' <Predicate = (cache_index_01 == 8)> <Delay = 2.18> <Core = "FIFO_SRL">   --->   Core 36 'FIFO_SRL' <Latency = 0> <II = 1> <Delay = 3.63> <Storage> <Opcode : 'read' 'write' 'nbread' 'nbwrite'> <Ports = 0> <Width = 16> <Depth = 0> <FIFO>
ST_4 : Operation 42 [1/1] (0.00ns)   --->   "br label %2" [/root/fpgaconvnet-tutorial/fpgaconvnet-hls/fpgaconvnet/hls/hardware/squeeze.hpp:71]   --->   Operation 42 'br' <Predicate = (cache_index_01 == 8)> <Delay = 0.00>
ST_4 : Operation 43 [1/1] (2.18ns)   --->   "call void @_ssdm_op_Write.ap_fifo.volatile.i16P(i16* %out_13_V_V, i16 %tmp_V_53)" [/root/fpgaconvnet-tutorial/fpgaconvnet-hls/fpgaconvnet/hls/hardware/squeeze.hpp:71]   --->   Operation 43 'write' <Predicate = (cache_index_01 == 12)> <Delay = 2.18> <Core = "FIFO_SRL">   --->   Core 36 'FIFO_SRL' <Latency = 0> <II = 1> <Delay = 3.63> <Storage> <Opcode : 'read' 'write' 'nbread' 'nbwrite'> <Ports = 0> <Width = 16> <Depth = 0> <FIFO>
ST_4 : Operation 44 [1/1] (0.00ns)   --->   "br label %2" [/root/fpgaconvnet-tutorial/fpgaconvnet-hls/fpgaconvnet/hls/hardware/squeeze.hpp:71]   --->   Operation 44 'br' <Predicate = (cache_index_01 == 12)> <Delay = 0.00>
ST_4 : Operation 45 [1/1] (2.18ns)   --->   "call void @_ssdm_op_Write.ap_fifo.volatile.i16P(i16* %out_5_V_V, i16 %tmp_V_53)" [/root/fpgaconvnet-tutorial/fpgaconvnet-hls/fpgaconvnet/hls/hardware/squeeze.hpp:71]   --->   Operation 45 'write' <Predicate = (cache_index_01 == 4)> <Delay = 2.18> <Core = "FIFO_SRL">   --->   Core 36 'FIFO_SRL' <Latency = 0> <II = 1> <Delay = 3.63> <Storage> <Opcode : 'read' 'write' 'nbread' 'nbwrite'> <Ports = 0> <Width = 16> <Depth = 0> <FIFO>
ST_4 : Operation 46 [1/1] (0.00ns)   --->   "br label %2" [/root/fpgaconvnet-tutorial/fpgaconvnet-hls/fpgaconvnet/hls/hardware/squeeze.hpp:71]   --->   Operation 46 'br' <Predicate = (cache_index_01 == 4)> <Delay = 0.00>
ST_4 : Operation 47 [1/1] (2.18ns)   --->   "call void @_ssdm_op_Write.ap_fifo.volatile.i16P(i16* %out_1_V_V, i16 %tmp_V_53)" [/root/fpgaconvnet-tutorial/fpgaconvnet-hls/fpgaconvnet/hls/hardware/squeeze.hpp:71]   --->   Operation 47 'write' <Predicate = (cache_index_01 == 0)> <Delay = 2.18> <Core = "FIFO_SRL">   --->   Core 36 'FIFO_SRL' <Latency = 0> <II = 1> <Delay = 3.63> <Storage> <Opcode : 'read' 'write' 'nbread' 'nbwrite'> <Ports = 0> <Width = 16> <Depth = 0> <FIFO>
ST_4 : Operation 48 [1/1] (0.00ns)   --->   "br label %2" [/root/fpgaconvnet-tutorial/fpgaconvnet-hls/fpgaconvnet/hls/hardware/squeeze.hpp:71]   --->   Operation 48 'br' <Predicate = (cache_index_01 == 0)> <Delay = 0.00>
ST_4 : Operation 49 [1/1] (2.18ns)   --->   "call void @_ssdm_op_Write.ap_fifo.volatile.i16P(i16* %out_15_V_V, i16 %tmp_V_53)" [/root/fpgaconvnet-tutorial/fpgaconvnet-hls/fpgaconvnet/hls/hardware/squeeze.hpp:71]   --->   Operation 49 'write' <Predicate = (cache_index_01 != 0 & cache_index_01 != 4 & cache_index_01 != 8 & cache_index_01 != 12)> <Delay = 2.18> <Core = "FIFO_SRL">   --->   Core 36 'FIFO_SRL' <Latency = 0> <II = 1> <Delay = 3.63> <Storage> <Opcode : 'read' 'write' 'nbread' 'nbwrite'> <Ports = 0> <Width = 16> <Depth = 0> <FIFO>
ST_4 : Operation 50 [1/1] (0.00ns)   --->   "br label %2" [/root/fpgaconvnet-tutorial/fpgaconvnet-hls/fpgaconvnet/hls/hardware/squeeze.hpp:71]   --->   Operation 50 'br' <Predicate = (cache_index_01 != 0 & cache_index_01 != 4 & cache_index_01 != 8 & cache_index_01 != 12)> <Delay = 0.00>

State 5 <SV = 4> <Delay = 4.37>
ST_5 : Operation 51 [1/1] (0.00ns)   --->   "%do_init = phi i1 [ true, %0 ], [ false, %pixel_channel_loop_end ], [ true, %4 ]"   --->   Operation 51 'phi' 'do_init' <Predicate = true> <Delay = 0.00>
ST_5 : Operation 52 [1/1] (0.00ns)   --->   "%i_02 = phi i12 [ 0, %0 ], [ %i, %pixel_channel_loop_end ], [ 0, %4 ]"   --->   Operation 52 'phi' 'i_02' <Predicate = true> <Delay = 0.00>
ST_5 : Operation 53 [1/1] (0.00ns)   --->   "br i1 %do_init, label %rewind_init, label %pixel_channel_loop_begin"   --->   Operation 53 'br' <Predicate = true> <Delay = 0.00>
ST_5 : Operation 54 [1/1] (1.54ns)   --->   "%i = add i12 %i_02, 1" [/root/fpgaconvnet-tutorial/fpgaconvnet-hls/fpgaconvnet/hls/hardware/squeeze.hpp:64]   --->   Operation 54 'add' 'i' <Predicate = true> <Delay = 1.54> <Core = "AddSub">   --->   Core 14 'AddSub' <Latency = 0> <II = 1> <Delay = 1.73> <FuncUnit> <Opcode : 'add' 'sub'> <InPorts = 2> <OutPorts = 1>
ST_5 : Operation 55 [1/1] (1.30ns)   --->   "switch i4 %cache_index_01, label %branch63 [
    i4 0, label %branch48
    i4 4, label %branch52
    i4 -8, label %branch56
    i4 -4, label %branch60
  ]" [/root/fpgaconvnet-tutorial/fpgaconvnet-hls/fpgaconvnet/hls/hardware/squeeze.hpp:71]   --->   Operation 55 'switch' <Predicate = true> <Delay = 1.30>
ST_5 : Operation 56 [1/1] (1.30ns)   --->   "switch i4 %cache_index_01, label %branch47 [
    i4 0, label %branch33
    i4 4, label %branch37
    i4 -4, label %branch45
    i4 -8, label %branch41
  ]" [/root/fpgaconvnet-tutorial/fpgaconvnet-hls/fpgaconvnet/hls/hardware/squeeze.hpp:71]   --->   Operation 56 'switch' <Predicate = true> <Delay = 1.30>
ST_5 : Operation 57 [1/1] (2.18ns)   --->   "%tmp_V_54 = call i16 @_ssdm_op_Read.ap_fifo.volatile.i16P(i16* %in_2_V_V)" [/root/fpgaconvnet-tutorial/fpgaconvnet-hls/fpgaconvnet/hls/hardware/squeeze.hpp:71]   --->   Operation 57 'read' 'tmp_V_54' <Predicate = true> <Delay = 2.18> <Core = "FIFO_SRL">   --->   Core 36 'FIFO_SRL' <Latency = 0> <II = 1> <Delay = 3.63> <Storage> <Opcode : 'read' 'write' 'nbread' 'nbwrite'> <Ports = 0> <Width = 16> <Depth = 0> <FIFO>
ST_5 : Operation 58 [1/1] (1.30ns)   --->   "switch i4 %cache_index_01, label %branch31 [
    i4 0, label %branch18
    i4 -4, label %branch30
    i4 4, label %branch22
    i4 -8, label %branch26
  ]" [/root/fpgaconvnet-tutorial/fpgaconvnet-hls/fpgaconvnet/hls/hardware/squeeze.hpp:71]   --->   Operation 58 'switch' <Predicate = true> <Delay = 1.30>
ST_5 : Operation 59 [1/1] (2.18ns)   --->   "call void @_ssdm_op_Write.ap_fifo.volatile.i16P(i16* %out_10_V_V, i16 %tmp_V_54)" [/root/fpgaconvnet-tutorial/fpgaconvnet-hls/fpgaconvnet/hls/hardware/squeeze.hpp:71]   --->   Operation 59 'write' <Predicate = (cache_index_01 == 8)> <Delay = 2.18> <Core = "FIFO_SRL">   --->   Core 36 'FIFO_SRL' <Latency = 0> <II = 1> <Delay = 3.63> <Storage> <Opcode : 'read' 'write' 'nbread' 'nbwrite'> <Ports = 0> <Width = 16> <Depth = 0> <FIFO>
ST_5 : Operation 60 [1/1] (0.00ns)   --->   "br label %3" [/root/fpgaconvnet-tutorial/fpgaconvnet-hls/fpgaconvnet/hls/hardware/squeeze.hpp:71]   --->   Operation 60 'br' <Predicate = (cache_index_01 == 8)> <Delay = 0.00>
ST_5 : Operation 61 [1/1] (2.18ns)   --->   "call void @_ssdm_op_Write.ap_fifo.volatile.i16P(i16* %out_6_V_V, i16 %tmp_V_54)" [/root/fpgaconvnet-tutorial/fpgaconvnet-hls/fpgaconvnet/hls/hardware/squeeze.hpp:71]   --->   Operation 61 'write' <Predicate = (cache_index_01 == 4)> <Delay = 2.18> <Core = "FIFO_SRL">   --->   Core 36 'FIFO_SRL' <Latency = 0> <II = 1> <Delay = 3.63> <Storage> <Opcode : 'read' 'write' 'nbread' 'nbwrite'> <Ports = 0> <Width = 16> <Depth = 0> <FIFO>
ST_5 : Operation 62 [1/1] (0.00ns)   --->   "br label %3" [/root/fpgaconvnet-tutorial/fpgaconvnet-hls/fpgaconvnet/hls/hardware/squeeze.hpp:71]   --->   Operation 62 'br' <Predicate = (cache_index_01 == 4)> <Delay = 0.00>
ST_5 : Operation 63 [1/1] (2.18ns)   --->   "call void @_ssdm_op_Write.ap_fifo.volatile.i16P(i16* %out_14_V_V, i16 %tmp_V_54)" [/root/fpgaconvnet-tutorial/fpgaconvnet-hls/fpgaconvnet/hls/hardware/squeeze.hpp:71]   --->   Operation 63 'write' <Predicate = (cache_index_01 == 12)> <Delay = 2.18> <Core = "FIFO_SRL">   --->   Core 36 'FIFO_SRL' <Latency = 0> <II = 1> <Delay = 3.63> <Storage> <Opcode : 'read' 'write' 'nbread' 'nbwrite'> <Ports = 0> <Width = 16> <Depth = 0> <FIFO>
ST_5 : Operation 64 [1/1] (0.00ns)   --->   "br label %3" [/root/fpgaconvnet-tutorial/fpgaconvnet-hls/fpgaconvnet/hls/hardware/squeeze.hpp:71]   --->   Operation 64 'br' <Predicate = (cache_index_01 == 12)> <Delay = 0.00>
ST_5 : Operation 65 [1/1] (2.18ns)   --->   "call void @_ssdm_op_Write.ap_fifo.volatile.i16P(i16* %out_2_V_V, i16 %tmp_V_54)" [/root/fpgaconvnet-tutorial/fpgaconvnet-hls/fpgaconvnet/hls/hardware/squeeze.hpp:71]   --->   Operation 65 'write' <Predicate = (cache_index_01 == 0)> <Delay = 2.18> <Core = "FIFO_SRL">   --->   Core 36 'FIFO_SRL' <Latency = 0> <II = 1> <Delay = 3.63> <Storage> <Opcode : 'read' 'write' 'nbread' 'nbwrite'> <Ports = 0> <Width = 16> <Depth = 0> <FIFO>
ST_5 : Operation 66 [1/1] (0.00ns)   --->   "br label %3" [/root/fpgaconvnet-tutorial/fpgaconvnet-hls/fpgaconvnet/hls/hardware/squeeze.hpp:71]   --->   Operation 66 'br' <Predicate = (cache_index_01 == 0)> <Delay = 0.00>
ST_5 : Operation 67 [1/1] (2.18ns)   --->   "call void @_ssdm_op_Write.ap_fifo.volatile.i16P(i16* %out_15_V_V, i16 %tmp_V_54)" [/root/fpgaconvnet-tutorial/fpgaconvnet-hls/fpgaconvnet/hls/hardware/squeeze.hpp:71]   --->   Operation 67 'write' <Predicate = (cache_index_01 != 0 & cache_index_01 != 4 & cache_index_01 != 8 & cache_index_01 != 12)> <Delay = 2.18> <Core = "FIFO_SRL">   --->   Core 36 'FIFO_SRL' <Latency = 0> <II = 1> <Delay = 3.63> <Storage> <Opcode : 'read' 'write' 'nbread' 'nbwrite'> <Ports = 0> <Width = 16> <Depth = 0> <FIFO>
ST_5 : Operation 68 [1/1] (0.00ns)   --->   "br label %3" [/root/fpgaconvnet-tutorial/fpgaconvnet-hls/fpgaconvnet/hls/hardware/squeeze.hpp:71]   --->   Operation 68 'br' <Predicate = (cache_index_01 != 0 & cache_index_01 != 4 & cache_index_01 != 8 & cache_index_01 != 12)> <Delay = 0.00>
ST_5 : Operation 69 [1/1] (2.18ns)   --->   "%tmp_V_55 = call i16 @_ssdm_op_Read.ap_fifo.volatile.i16P(i16* %in_3_V_V)" [/root/fpgaconvnet-tutorial/fpgaconvnet-hls/fpgaconvnet/hls/hardware/squeeze.hpp:71]   --->   Operation 69 'read' 'tmp_V_55' <Predicate = true> <Delay = 2.18> <Core = "FIFO_SRL">   --->   Core 36 'FIFO_SRL' <Latency = 0> <II = 1> <Delay = 3.63> <Storage> <Opcode : 'read' 'write' 'nbread' 'nbwrite'> <Ports = 0> <Width = 16> <Depth = 0> <FIFO>
ST_5 : Operation 70 [1/1] (1.30ns)   --->   "switch i4 %cache_index_01, label %branch15 [
    i4 0, label %branch3
    i4 -8, label %branch11
    i4 4, label %branch7
  ]" [/root/fpgaconvnet-tutorial/fpgaconvnet-hls/fpgaconvnet/hls/hardware/squeeze.hpp:71]   --->   Operation 70 'switch' <Predicate = true> <Delay = 1.30>
ST_5 : Operation 71 [1/1] (1.73ns)   --->   "%cache_index = add i4 %cache_index_01, 4" [/root/fpgaconvnet-tutorial/fpgaconvnet-hls/fpgaconvnet/hls/hardware/squeeze.hpp:75]   --->   Operation 71 'add' 'cache_index' <Predicate = true> <Delay = 1.73> <Core = "AddSub">   --->   Core 14 'AddSub' <Latency = 0> <II = 1> <Delay = 1.73> <FuncUnit> <Opcode : 'add' 'sub'> <InPorts = 2> <OutPorts = 1>
ST_5 : Operation 72 [1/1] (1.99ns)   --->   "%icmp_ln64 = icmp eq i12 %i_02, -1793" [/root/fpgaconvnet-tutorial/fpgaconvnet-hls/fpgaconvnet/hls/hardware/squeeze.hpp:64]   --->   Operation 72 'icmp' 'icmp_ln64' <Predicate = true> <Delay = 1.99> <Core = "Cmp">   --->   Core 25 'Cmp' <Latency = 0> <II = 1> <Delay = 1.99> <FuncUnit> <Opcode : 'icmp'> <InPorts = 2> <OutPorts = 1>
ST_5 : Operation 73 [1/1] (0.00ns)   --->   "br label %rewind_header" [/root/fpgaconvnet-tutorial/fpgaconvnet-hls/fpgaconvnet/hls/hardware/squeeze.hpp:79]   --->   Operation 73 'br' <Predicate = (icmp_ln64)> <Delay = 0.00>

State 6 <SV = 5> <Delay = 2.18>
ST_6 : Operation 74 [1/1] (0.00ns)   --->   "br label %pixel_channel_loop_begin" [/root/fpgaconvnet-tutorial/fpgaconvnet-hls/fpgaconvnet/hls/hardware/squeeze.hpp:64]   --->   Operation 74 'br' <Predicate = (do_init)> <Delay = 0.00>
ST_6 : Operation 75 [1/1] (0.00ns)   --->   "call void (...)* @_ssdm_op_SpecLoopName([19 x i8]* @p_str225) nounwind" [/root/fpgaconvnet-tutorial/fpgaconvnet-hls/fpgaconvnet/hls/hardware/squeeze.hpp:64]   --->   Operation 75 'specloopname' <Predicate = true> <Delay = 0.00>
ST_6 : Operation 76 [1/1] (0.00ns)   --->   "%tmp = call i32 (...)* @_ssdm_op_SpecRegionBegin([19 x i8]* @p_str225)" [/root/fpgaconvnet-tutorial/fpgaconvnet-hls/fpgaconvnet/hls/hardware/squeeze.hpp:64]   --->   Operation 76 'specregionbegin' 'tmp' <Predicate = true> <Delay = 0.00>
ST_6 : Operation 77 [1/1] (0.00ns)   --->   "call void (...)* @_ssdm_op_SpecPipeline(i32 1, i32 1, i32 1, i32 0, [1 x i8]* @p_str23) nounwind" [/root/fpgaconvnet-tutorial/fpgaconvnet-hls/fpgaconvnet/hls/hardware/squeeze.hpp:67]   --->   Operation 77 'specpipeline' <Predicate = true> <Delay = 0.00>
ST_6 : Operation 78 [1/1] (2.18ns)   --->   "call void @_ssdm_op_Write.ap_fifo.volatile.i16P(i16* %out_7_V_V, i16 %tmp_V_55)" [/root/fpgaconvnet-tutorial/fpgaconvnet-hls/fpgaconvnet/hls/hardware/squeeze.hpp:71]   --->   Operation 78 'write' <Predicate = (cache_index_01 == 4)> <Delay = 2.18> <Core = "FIFO_SRL">   --->   Core 36 'FIFO_SRL' <Latency = 0> <II = 1> <Delay = 3.63> <Storage> <Opcode : 'read' 'write' 'nbread' 'nbwrite'> <Ports = 0> <Width = 16> <Depth = 0> <FIFO>
ST_6 : Operation 79 [1/1] (0.00ns)   --->   "br label %pixel_channel_loop_end" [/root/fpgaconvnet-tutorial/fpgaconvnet-hls/fpgaconvnet/hls/hardware/squeeze.hpp:71]   --->   Operation 79 'br' <Predicate = (cache_index_01 == 4)> <Delay = 0.00>
ST_6 : Operation 80 [1/1] (2.18ns)   --->   "call void @_ssdm_op_Write.ap_fifo.volatile.i16P(i16* %out_11_V_V, i16 %tmp_V_55)" [/root/fpgaconvnet-tutorial/fpgaconvnet-hls/fpgaconvnet/hls/hardware/squeeze.hpp:71]   --->   Operation 80 'write' <Predicate = (cache_index_01 == 8)> <Delay = 2.18> <Core = "FIFO_SRL">   --->   Core 36 'FIFO_SRL' <Latency = 0> <II = 1> <Delay = 3.63> <Storage> <Opcode : 'read' 'write' 'nbread' 'nbwrite'> <Ports = 0> <Width = 16> <Depth = 0> <FIFO>
ST_6 : Operation 81 [1/1] (0.00ns)   --->   "br label %pixel_channel_loop_end" [/root/fpgaconvnet-tutorial/fpgaconvnet-hls/fpgaconvnet/hls/hardware/squeeze.hpp:71]   --->   Operation 81 'br' <Predicate = (cache_index_01 == 8)> <Delay = 0.00>
ST_6 : Operation 82 [1/1] (2.18ns)   --->   "call void @_ssdm_op_Write.ap_fifo.volatile.i16P(i16* %out_3_V_V, i16 %tmp_V_55)" [/root/fpgaconvnet-tutorial/fpgaconvnet-hls/fpgaconvnet/hls/hardware/squeeze.hpp:71]   --->   Operation 82 'write' <Predicate = (cache_index_01 == 0)> <Delay = 2.18> <Core = "FIFO_SRL">   --->   Core 36 'FIFO_SRL' <Latency = 0> <II = 1> <Delay = 3.63> <Storage> <Opcode : 'read' 'write' 'nbread' 'nbwrite'> <Ports = 0> <Width = 16> <Depth = 0> <FIFO>
ST_6 : Operation 83 [1/1] (0.00ns)   --->   "br label %pixel_channel_loop_end" [/root/fpgaconvnet-tutorial/fpgaconvnet-hls/fpgaconvnet/hls/hardware/squeeze.hpp:71]   --->   Operation 83 'br' <Predicate = (cache_index_01 == 0)> <Delay = 0.00>
ST_6 : Operation 84 [1/1] (2.18ns)   --->   "call void @_ssdm_op_Write.ap_fifo.volatile.i16P(i16* %out_15_V_V, i16 %tmp_V_55)" [/root/fpgaconvnet-tutorial/fpgaconvnet-hls/fpgaconvnet/hls/hardware/squeeze.hpp:71]   --->   Operation 84 'write' <Predicate = (cache_index_01 != 0 & cache_index_01 != 4 & cache_index_01 != 8)> <Delay = 2.18> <Core = "FIFO_SRL">   --->   Core 36 'FIFO_SRL' <Latency = 0> <II = 1> <Delay = 3.63> <Storage> <Opcode : 'read' 'write' 'nbread' 'nbwrite'> <Ports = 0> <Width = 16> <Depth = 0> <FIFO>
ST_6 : Operation 85 [1/1] (0.00ns)   --->   "br label %pixel_channel_loop_end" [/root/fpgaconvnet-tutorial/fpgaconvnet-hls/fpgaconvnet/hls/hardware/squeeze.hpp:71]   --->   Operation 85 'br' <Predicate = (cache_index_01 != 0 & cache_index_01 != 4 & cache_index_01 != 8)> <Delay = 0.00>
ST_6 : Operation 86 [1/1] (0.00ns)   --->   "%empty = call i32 (...)* @_ssdm_op_SpecRegionEnd([19 x i8]* @p_str225, i32 %tmp)" [/root/fpgaconvnet-tutorial/fpgaconvnet-hls/fpgaconvnet/hls/hardware/squeeze.hpp:77]   --->   Operation 86 'specregionend' 'empty' <Predicate = true> <Delay = 0.00>
ST_6 : Operation 87 [1/1] (0.00ns)   --->   "%empty_82 = call i32 (...)* @_ssdm_op_SpecLoopTripCount(i64 2304, i64 2304, i64 2304)"   --->   Operation 87 'speclooptripcount' 'empty_82' <Predicate = true> <Delay = 0.00>
ST_6 : Operation 88 [1/1] (0.00ns)   --->   "br i1 %icmp_ln64, label %4, label %rewind_header" [/root/fpgaconvnet-tutorial/fpgaconvnet-hls/fpgaconvnet/hls/hardware/squeeze.hpp:64]   --->   Operation 88 'br' <Predicate = true> <Delay = 0.00>
ST_6 : Operation 89 [1/1] (0.00ns)   --->   "call void (...)* @_ssdm_op_Return()" [/root/fpgaconvnet-tutorial/fpgaconvnet-hls/fpgaconvnet/hls/hardware/squeeze.hpp:79]   --->   Operation 89 'return' <Predicate = (icmp_ln64)> <Delay = 0.00>


============================================================
+ Verbose Summary: Timing violations
============================================================
Target clock period: 5ns, clock uncertainty: 0.625ns.

 <State 1>: 1.77ns
The critical path consists of the following:
	multiplexor before 'phi' operation ('do_init') [43]  (1.77 ns)

 <State 2>: 0ns
The critical path consists of the following:

 <State 3>: 4.38ns
The critical path consists of the following:
	fifo read on port 'in_0_V_V' (/root/fpgaconvnet-tutorial/fpgaconvnet-hls/fpgaconvnet/hls/hardware/squeeze.hpp:71) [53]  (2.19 ns)
	fifo write on port 'out_12_V_V' (/root/fpgaconvnet-tutorial/fpgaconvnet-hls/fpgaconvnet/hls/hardware/squeeze.hpp:71) [57]  (2.19 ns)

 <State 4>: 4.38ns
The critical path consists of the following:
	fifo read on port 'in_1_V_V' (/root/fpgaconvnet-tutorial/fpgaconvnet-hls/fpgaconvnet/hls/hardware/squeeze.hpp:71) [72]  (2.19 ns)
	fifo write on port 'out_9_V_V' (/root/fpgaconvnet-tutorial/fpgaconvnet-hls/fpgaconvnet/hls/hardware/squeeze.hpp:71) [75]  (2.19 ns)

 <State 5>: 4.38ns
The critical path consists of the following:
	fifo read on port 'in_2_V_V' (/root/fpgaconvnet-tutorial/fpgaconvnet-hls/fpgaconvnet/hls/hardware/squeeze.hpp:71) [90]  (2.19 ns)
	fifo write on port 'out_2_V_V' (/root/fpgaconvnet-tutorial/fpgaconvnet-hls/fpgaconvnet/hls/hardware/squeeze.hpp:71) [102]  (2.19 ns)

 <State 6>: 2.19ns
The critical path consists of the following:
	fifo write on port 'out_7_V_V' (/root/fpgaconvnet-tutorial/fpgaconvnet-hls/fpgaconvnet/hls/hardware/squeeze.hpp:71) [111]  (2.19 ns)


============================================================
+ Verbose Summary: Binding
============================================================
N/A
* FSMD analyzer results:
  - Output states:
 - Input state : 
  - Chain level:
	State 1
	State 2
	State 3
	State 4
	State 5
	State 6


============================================================
+ Verbose Summary: Datapath Resource usage 
============================================================
N/A
